<?xml version="1.0" encoding="UTF-8"?>
<testsuite name="com.example.BookPubApplicationTests" time="0.756" tests="3" errors="1" skipped="0" failures="0">
  <properties>
    <property name="idea.version" value="2016.1.1"/>
    <property name="java.runtime.name" value="Java(TM) SE Runtime Environment"/>
    <property name="sun.boot.library.path" value="/Library/Java/JavaVirtualMachines/jdk1.8.0_92.jdk/Contents/Home/jre/lib"/>
    <property name="java.vm.version" value="25.92-b14"/>
    <property name="gopherProxySet" value="false"/>
    <property name="java.vm.vendor" value="Oracle Corporation"/>
    <property name="java.vendor.url" value="http://java.oracle.com/"/>
    <property name="path.separator" value=":"/>
    <property name="guice.disable.misplaced.annotation.check" value="true"/>
    <property name="java.vm.name" value="Java HotSpot(TM) 64-Bit Server VM"/>
    <property name="file.encoding.pkg" value="sun.io"/>
    <property name="idea.launcher.port" value="7532"/>
    <property name="user.country" value="CN"/>
    <property name="sun.java.launcher" value="SUN_STANDARD"/>
    <property name="sun.os.patch.level" value="unknown"/>
    <property name="java.vm.specification.name" value="Java Virtual Machine Specification"/>
    <property name="user.dir" value="/Users/hongtao/Documents/develop/learning-spring-boot/bookpub"/>
    <property name="java.runtime.version" value="1.8.0_92-b14"/>
    <property name="java.awt.graphicsenv" value="sun.awt.CGraphicsEnvironment"/>
    <property name="java.endorsed.dirs" value="/Library/Java/JavaVirtualMachines/jdk1.8.0_92.jdk/Contents/Home/jre/lib/endorsed"/>
    <property name="os.arch" value="x86_64"/>
    <property name="java.io.tmpdir" value="/var/folders/72/byjy11cs0dj_z3rjtxnj_nn00000gn/T/"/>
    <property name="line.separator" value="&#10;"/>
    <property name="java.vm.specification.vendor" value="Oracle Corporation"/>
    <property name="os.name" value="Mac OS X"/>
    <property name="classworlds.conf" value="/opt/homebrew-cask/Caskroom/intellij-idea-ce/2016.1.1/IntelliJ IDEA CE.app/Contents/plugins/maven/lib/maven3/bin/m2.conf"/>
    <property name="sun.jnu.encoding" value="UTF-8"/>
    <property name="java.library.path" value="/Users/hongtao/Library/Java/Extensions:/Library/Java/Extensions:/Network/Library/Java/Extensions:/System/Library/Java/Extensions:/usr/lib/java:."/>
    <property name="java.specification.name" value="Java Platform API Specification"/>
    <property name="java.class.version" value="52.0"/>
    <property name="sun.management.compiler" value="HotSpot 64-Bit Tiered Compilers"/>
    <property name="os.version" value="10.11.4"/>
    <property name="user.home" value="/Users/hongtao"/>
    <property name="user.timezone" value="Asia/Shanghai"/>
    <property name="java.awt.printerjob" value="sun.lwawt.macosx.CPrinterJob"/>
    <property name="java.specification.version" value="1.8"/>
    <property name="idea.launcher.bin.path" value="/opt/homebrew-cask/Caskroom/intellij-idea-ce/2016.1.1/IntelliJ IDEA CE.app/Contents/bin"/>
    <property name="file.encoding" value="UTF-8"/>
    <property name="user.name" value="hongtao"/>
    <property name="java.class.path" value="/opt/homebrew-cask/Caskroom/intellij-idea-ce/2016.1.1/IntelliJ IDEA CE.app/Contents/plugins/maven/lib/maven3/boot/plexus-classworlds-2.4.jar:/opt/homebrew-cask/Caskroom/intellij-idea-ce/2016.1.1/IntelliJ IDEA CE.app/Contents/lib/idea_rt.jar"/>
    <property name="java.vm.specification.version" value="1.8"/>
    <property name="sun.arch.data.model" value="64"/>
    <property name="java.home" value="/Library/Java/JavaVirtualMachines/jdk1.8.0_92.jdk/Contents/Home/jre"/>
    <property name="sun.java.command" value="com.intellij.rt.execution.application.AppMain org.codehaus.classworlds.Launcher -Didea.version=2016.1.1 clean test"/>
    <property name="java.specification.vendor" value="Oracle Corporation"/>
    <property name="user.language" value="zh"/>
    <property name="awt.toolkit" value="sun.lwawt.macosx.LWCToolkit"/>
    <property name="java.vm.info" value="mixed mode"/>
    <property name="java.version" value="1.8.0_92"/>
    <property name="java.ext.dirs" value="/Users/hongtao/Library/Java/Extensions:/Library/Java/JavaVirtualMachines/jdk1.8.0_92.jdk/Contents/Home/jre/lib/ext:/Library/Java/Extensions:/Network/Library/Java/Extensions:/System/Library/Java/Extensions:/usr/lib/java"/>
    <property name="sun.boot.class.path" value="/Library/Java/JavaVirtualMachines/jdk1.8.0_92.jdk/Contents/Home/jre/lib/resources.jar:/Library/Java/JavaVirtualMachines/jdk1.8.0_92.jdk/Contents/Home/jre/lib/rt.jar:/Library/Java/JavaVirtualMachines/jdk1.8.0_92.jdk/Contents/Home/jre/lib/sunrsasign.jar:/Library/Java/JavaVirtualMachines/jdk1.8.0_92.jdk/Contents/Home/jre/lib/jsse.jar:/Library/Java/JavaVirtualMachines/jdk1.8.0_92.jdk/Contents/Home/jre/lib/jce.jar:/Library/Java/JavaVirtualMachines/jdk1.8.0_92.jdk/Contents/Home/jre/lib/charsets.jar:/Library/Java/JavaVirtualMachines/jdk1.8.0_92.jdk/Contents/Home/jre/lib/jfr.jar:/Library/Java/JavaVirtualMachines/jdk1.8.0_92.jdk/Contents/Home/jre/classes"/>
    <property name="java.vendor" value="Oracle Corporation"/>
    <property name="maven.home" value="/opt/homebrew-cask/Caskroom/intellij-idea-ce/2016.1.1/IntelliJ IDEA CE.app/Contents/plugins/maven/lib/maven3"/>
    <property name="file.separator" value="/"/>
    <property name="java.vendor.url.bug" value="http://bugreport.sun.com/bugreport/"/>
    <property name="sun.cpu.endian" value="little"/>
    <property name="sun.io.unicode.encoding" value="UnicodeBig"/>
    <property name="sun.cpu.isalist" value=""/>
  </properties>
  <testcase name="webappBookIsbnApi" classname="com.example.BookPubApplicationTests" time="0.568">
    <error type="java.lang.StackOverflowError:">java.lang.StackOverflowError: null
	at sun.reflect.GeneratedConstructorAccessor38.newInstance(Unknown Source)
	at sun.reflect.DelegatingConstructorAccessorImpl.newInstance(DelegatingConstructorAccessorImpl.java:45)
	at java.lang.reflect.Constructor.newInstance(Constructor.java:423)
	at com.fasterxml.jackson.databind.introspect.AnnotatedConstructor.call(AnnotatedConstructor.java:120)
	at com.fasterxml.jackson.databind.deser.std.StdValueInstantiator.createUsingDefault(StdValueInstantiator.java:212)
	at com.fasterxml.jackson.databind.deser.BeanDeserializer.deserializeFromObject(BeanDeserializer.java:314)
	at com.fasterxml.jackson.databind.deser.BeanDeserializer.deserialize(BeanDeserializer.java:133)
	at com.fasterxml.jackson.databind.deser.std.CollectionDeserializer.deserialize(CollectionDeserializer.java:245)
	at com.fasterxml.jackson.databind.deser.std.CollectionDeserializer.deserialize(CollectionDeserializer.java:217)
	at com.fasterxml.jackson.databind.deser.std.CollectionDeserializer.deserialize(CollectionDeserializer.java:25)
	at com.fasterxml.jackson.databind.deser.SettableBeanProperty.deserialize(SettableBeanProperty.java:520)
	at com.fasterxml.jackson.databind.deser.impl.MethodProperty.deserializeAndSet(MethodProperty.java:95)
	at com.fasterxml.jackson.databind.deser.BeanDeserializer.deserializeFromObject(BeanDeserializer.java:339)
	at com.fasterxml.jackson.databind.deser.BeanDeserializer.deserialize(BeanDeserializer.java:133)
	at com.fasterxml.jackson.databind.deser.SettableBeanProperty.deserialize(SettableBeanProperty.java:520)
	at com.fasterxml.jackson.databind.deser.impl.MethodProperty.deserializeAndSet(MethodProperty.java:95)
	at com.fasterxml.jackson.databind.deser.BeanDeserializer.deserializeFromObject(BeanDeserializer.java:339)
	at com.fasterxml.jackson.databind.deser.BeanDeserializer.deserialize(BeanDeserializer.java:133)
	at com.fasterxml.jackson.databind.deser.std.CollectionDeserializer.deserialize(CollectionDeserializer.java:245)
	at com.fasterxml.jackson.databind.deser.std.CollectionDeserializer.deserialize(CollectionDeserializer.java:217)
	at com.fasterxml.jackson.databind.deser.std.CollectionDeserializer.deserialize(CollectionDeserializer.java:25)
	at com.fasterxml.jackson.databind.deser.SettableBeanProperty.deserialize(SettableBeanProperty.java:520)
	at com.fasterxml.jackson.databind.deser.impl.MethodProperty.deserializeAndSet(MethodProperty.java:95)
	at com.fasterxml.jackson.databind.deser.BeanDeserializer.deserializeFromObject(BeanDeserializer.java:339)
	at com.fasterxml.jackson.databind.deser.BeanDeserializer.deserialize(BeanDeserializer.java:133)
	at com.fasterxml.jackson.databind.deser.SettableBeanProperty.deserialize(SettableBeanProperty.java:520)
	at com.fasterxml.jackson.databind.deser.impl.MethodProperty.deserializeAndSet(MethodProperty.java:95)
	at com.fasterxml.jackson.databind.deser.BeanDeserializer.deserializeFromObject(BeanDeserializer.java:339)
	at com.fasterxml.jackson.databind.deser.BeanDeserializer.deserialize(BeanDeserializer.java:133)
	at com.fasterxml.jackson.databind.deser.std.CollectionDeserializer.deserialize(CollectionDeserializer.java:245)
	at com.fasterxml.jackson.databind.deser.std.CollectionDeserializer.deserialize(CollectionDeserializer.java:217)
	at com.fasterxml.jackson.databind.deser.std.CollectionDeserializer.deserialize(CollectionDeserializer.java:25)
	at com.fasterxml.jackson.databind.deser.SettableBeanProperty.deserialize(SettableBeanProperty.java:520)
	at com.fasterxml.jackson.databind.deser.impl.MethodProperty.deserializeAndSet(MethodProperty.java:95)
	at com.fasterxml.jackson.databind.deser.BeanDeserializer.deserializeFromObject(BeanDeserializer.java:339)
	at com.fasterxml.jackson.databind.deser.BeanDeserializer.deserialize(BeanDeserializer.java:133)
	at com.fasterxml.jackson.databind.deser.SettableBeanProperty.deserialize(SettableBeanProperty.java:520)
	at com.fasterxml.jackson.databind.deser.impl.MethodProperty.deserializeAndSet(MethodProperty.java:95)
	at com.fasterxml.jackson.databind.deser.BeanDeserializer.deserializeFromObject(BeanDeserializer.java:339)
	at com.fasterxml.jackson.databind.deser.BeanDeserializer.deserialize(BeanDeserializer.java:133)
	at com.fasterxml.jackson.databind.deser.std.CollectionDeserializer.deserialize(CollectionDeserializer.java:245)
	at com.fasterxml.jackson.databind.deser.std.CollectionDeserializer.deserialize(CollectionDeserializer.java:217)
	at com.fasterxml.jackson.databind.deser.std.CollectionDeserializer.deserialize(CollectionDeserializer.java:25)
	at com.fasterxml.jackson.databind.deser.SettableBeanProperty.deserialize(SettableBeanProperty.java:520)
	at com.fasterxml.jackson.databind.deser.impl.MethodProperty.deserializeAndSet(MethodProperty.java:95)
	at com.fasterxml.jackson.databind.deser.BeanDeserializer.deserializeFromObject(BeanDeserializer.java:339)
	at com.fasterxml.jackson.databind.deser.BeanDeserializer.deserialize(BeanDeserializer.java:133)
	at com.fasterxml.jackson.databind.deser.SettableBeanProperty.deserialize(SettableBeanProperty.java:520)
	at com.fasterxml.jackson.databind.deser.impl.MethodProperty.deserializeAndSet(MethodProperty.java:95)
	at com.fasterxml.jackson.databind.deser.BeanDeserializer.deserializeFromObject(BeanDeserializer.java:339)
	at com.fasterxml.jackson.databind.deser.BeanDeserializer.deserialize(BeanDeserializer.java:133)
	at com.fasterxml.jackson.databind.deser.std.CollectionDeserializer.deserialize(CollectionDeserializer.java:245)
	at com.fasterxml.jackson.databind.deser.std.CollectionDeserializer.deserialize(CollectionDeserializer.java:217)
	at com.fasterxml.jackson.databind.deser.std.CollectionDeserializer.deserialize(CollectionDeserializer.java:25)
	at com.fasterxml.jackson.databind.deser.SettableBeanProperty.deserialize(SettableBeanProperty.java:520)
	at com.fasterxml.jackson.databind.deser.impl.MethodProperty.deserializeAndSet(MethodProperty.java:95)
	at com.fasterxml.jackson.databind.deser.BeanDeserializer.deserializeFromObject(BeanDeserializer.java:339)
	at com.fasterxml.jackson.databind.deser.BeanDeserializer.deserialize(BeanDeserializer.java:133)
	at com.fasterxml.jackson.databind.deser.SettableBeanProperty.deserialize(SettableBeanProperty.java:520)
	at com.fasterxml.jackson.databind.deser.impl.MethodProperty.deserializeAndSet(MethodProperty.java:95)
	at com.fasterxml.jackson.databind.deser.BeanDeserializer.deserializeFromObject(BeanDeserializer.java:339)
	at com.fasterxml.jackson.databind.deser.BeanDeserializer.deserialize(BeanDeserializer.java:133)
	at com.fasterxml.jackson.databind.deser.std.CollectionDeserializer.deserialize(CollectionDeserializer.java:245)
	at com.fasterxml.jackson.databind.deser.std.CollectionDeserializer.deserialize(CollectionDeserializer.java:217)
	at com.fasterxml.jackson.databind.deser.std.CollectionDeserializer.deserialize(CollectionDeserializer.java:25)
	at com.fasterxml.jackson.databind.deser.SettableBeanProperty.deserialize(SettableBeanProperty.java:520)
	at com.fasterxml.jackson.databind.deser.impl.MethodProperty.deserializeAndSet(MethodProperty.java:95)
	at com.fasterxml.jackson.databind.deser.BeanDeserializer.deserializeFromObject(BeanDeserializer.java:339)
	at com.fasterxml.jackson.databind.deser.BeanDeserializer.deserialize(BeanDeserializer.java:133)
	at com.fasterxml.jackson.databind.deser.SettableBeanProperty.deserialize(SettableBeanProperty.java:520)
	at com.fasterxml.jackson.databind.deser.impl.MethodProperty.deserializeAndSet(MethodProperty.java:95)
	at com.fasterxml.jackson.databind.deser.BeanDeserializer.deserializeFromObject(BeanDeserializer.java:339)
	at com.fasterxml.jackson.databind.deser.BeanDeserializer.deserialize(BeanDeserializer.java:133)
	at com.fasterxml.jackson.databind.deser.std.CollectionDeserializer.deserialize(CollectionDeserializer.java:245)
	at com.fasterxml.jackson.databind.deser.std.CollectionDeserializer.deserialize(CollectionDeserializer.java:217)
	at com.fasterxml.jackson.databind.deser.std.CollectionDeserializer.deserialize(CollectionDeserializer.java:25)
	at com.fasterxml.jackson.databind.deser.SettableBeanProperty.deserialize(SettableBeanProperty.java:520)
	at com.fasterxml.jackson.databind.deser.impl.MethodProperty.deserializeAndSet(MethodProperty.java:95)
	at com.fasterxml.jackson.databind.deser.BeanDeserializer.deserializeFromObject(BeanDeserializer.java:339)
	at com.fasterxml.jackson.databind.deser.BeanDeserializer.deserialize(BeanDeserializer.java:133)
	at com.fasterxml.jackson.databind.deser.SettableBeanProperty.deserialize(SettableBeanProperty.java:520)
	at com.fasterxml.jackson.databind.deser.impl.MethodProperty.deserializeAndSet(MethodProperty.java:95)
	at com.fasterxml.jackson.databind.deser.BeanDeserializer.deserializeFromObject(BeanDeserializer.java:339)
	at com.fasterxml.jackson.databind.deser.BeanDeserializer.deserialize(BeanDeserializer.java:133)
	at com.fasterxml.jackson.databind.deser.std.CollectionDeserializer.deserialize(CollectionDeserializer.java:245)
	at com.fasterxml.jackson.databind.deser.std.CollectionDeserializer.deserialize(CollectionDeserializer.java:217)
	at com.fasterxml.jackson.databind.deser.std.CollectionDeserializer.deserialize(CollectionDeserializer.java:25)
	at com.fasterxml.jackson.databind.deser.SettableBeanProperty.deserialize(SettableBeanProperty.java:520)
	at com.fasterxml.jackson.databind.deser.impl.MethodProperty.deserializeAndSet(MethodProperty.java:95)
	at com.fasterxml.jackson.databind.deser.BeanDeserializer.deserializeFromObject(BeanDeserializer.java:339)
	at com.fasterxml.jackson.databind.deser.BeanDeserializer.deserialize(BeanDeserializer.java:133)
	at com.fasterxml.jackson.databind.deser.SettableBeanProperty.deserialize(SettableBeanProperty.java:520)
	at com.fasterxml.jackson.databind.deser.impl.MethodProperty.deserializeAndSet(MethodProperty.java:95)
	at com.fasterxml.jackson.databind.deser.BeanDeserializer.deserializeFromObject(BeanDeserializer.java:339)
	at com.fasterxml.jackson.databind.deser.BeanDeserializer.deserialize(BeanDeserializer.java:133)
	at com.fasterxml.jackson.databind.deser.std.CollectionDeserializer.deserialize(CollectionDeserializer.java:245)
	at com.fasterxml.jackson.databind.deser.std.CollectionDeserializer.deserialize(CollectionDeserializer.java:217)
	at com.fasterxml.jackson.databind.deser.std.CollectionDeserializer.deserialize(CollectionDeserializer.java:25)
	at com.fasterxml.jackson.databind.deser.SettableBeanProperty.deserialize(SettableBeanProperty.java:520)
	at com.fasterxml.jackson.databind.deser.impl.MethodProperty.deserializeAndSet(MethodProperty.java:95)
	at com.fasterxml.jackson.databind.deser.BeanDeserializer.deserializeFromObject(BeanDeserializer.java:339)
	at com.fasterxml.jackson.databind.deser.BeanDeserializer.deserialize(BeanDeserializer.java:133)
	at com.fasterxml.jackson.databind.deser.SettableBeanProperty.deserialize(SettableBeanProperty.java:520)
	at com.fasterxml.jackson.databind.deser.impl.MethodProperty.deserializeAndSet(MethodProperty.java:95)
	at com.fasterxml.jackson.databind.deser.BeanDeserializer.deserializeFromObject(BeanDeserializer.java:339)
	at com.fasterxml.jackson.databind.deser.BeanDeserializer.deserialize(BeanDeserializer.java:133)
	at com.fasterxml.jackson.databind.deser.std.CollectionDeserializer.deserialize(CollectionDeserializer.java:245)
	at com.fasterxml.jackson.databind.deser.std.CollectionDeserializer.deserialize(CollectionDeserializer.java:217)
	at com.fasterxml.jackson.databind.deser.std.CollectionDeserializer.deserialize(CollectionDeserializer.java:25)
	at com.fasterxml.jackson.databind.deser.SettableBeanProperty.deserialize(SettableBeanProperty.java:520)
	at com.fasterxml.jackson.databind.deser.impl.MethodProperty.deserializeAndSet(MethodProperty.java:95)
	at com.fasterxml.jackson.databind.deser.BeanDeserializer.deserializeFromObject(BeanDeserializer.java:339)
	at com.fasterxml.jackson.databind.deser.BeanDeserializer.deserialize(BeanDeserializer.java:133)
	at com.fasterxml.jackson.databind.deser.SettableBeanProperty.deserialize(SettableBeanProperty.java:520)
	at com.fasterxml.jackson.databind.deser.impl.MethodProperty.deserializeAndSet(MethodProperty.java:95)
	at com.fasterxml.jackson.databind.deser.BeanDeserializer.deserializeFromObject(BeanDeserializer.java:339)
	at com.fasterxml.jackson.databind.deser.BeanDeserializer.deserialize(BeanDeserializer.java:133)
	at com.fasterxml.jackson.databind.deser.std.CollectionDeserializer.deserialize(CollectionDeserializer.java:245)
	at com.fasterxml.jackson.databind.deser.std.CollectionDeserializer.deserialize(CollectionDeserializer.java:217)
	at com.fasterxml.jackson.databind.deser.std.CollectionDeserializer.deserialize(CollectionDeserializer.java:25)
	at com.fasterxml.jackson.databind.deser.SettableBeanProperty.deserialize(SettableBeanProperty.java:520)
	at com.fasterxml.jackson.databind.deser.impl.MethodProperty.deserializeAndSet(MethodProperty.java:95)
	at com.fasterxml.jackson.databind.deser.BeanDeserializer.deserializeFromObject(BeanDeserializer.java:339)
	at com.fasterxml.jackson.databind.deser.BeanDeserializer.deserialize(BeanDeserializer.java:133)
	at com.fasterxml.jackson.databind.deser.SettableBeanProperty.deserialize(SettableBeanProperty.java:520)
	at com.fasterxml.jackson.databind.deser.impl.MethodProperty.deserializeAndSet(MethodProperty.java:95)
	at com.fasterxml.jackson.databind.deser.BeanDeserializer.deserializeFromObject(BeanDeserializer.java:339)
	at com.fasterxml.jackson.databind.deser.BeanDeserializer.deserialize(BeanDeserializer.java:133)
	at com.fasterxml.jackson.databind.deser.std.CollectionDeserializer.deserialize(CollectionDeserializer.java:245)
	at com.fasterxml.jackson.databind.deser.std.CollectionDeserializer.deserialize(CollectionDeserializer.java:217)
	at com.fasterxml.jackson.databind.deser.std.CollectionDeserializer.deserialize(CollectionDeserializer.java:25)
	at com.fasterxml.jackson.databind.deser.SettableBeanProperty.deserialize(SettableBeanProperty.java:520)
	at com.fasterxml.jackson.databind.deser.impl.MethodProperty.deserializeAndSet(MethodProperty.java:95)
	at com.fasterxml.jackson.databind.deser.BeanDeserializer.deserializeFromObject(BeanDeserializer.java:339)
	at com.fasterxml.jackson.databind.deser.BeanDeserializer.deserialize(BeanDeserializer.java:133)
	at com.fasterxml.jackson.databind.deser.SettableBeanProperty.deserialize(SettableBeanProperty.java:520)
	at com.fasterxml.jackson.databind.deser.impl.MethodProperty.deserializeAndSet(MethodProperty.java:95)
	at com.fasterxml.jackson.databind.deser.BeanDeserializer.deserializeFromObject(BeanDeserializer.java:339)
	at com.fasterxml.jackson.databind.deser.BeanDeserializer.deserialize(BeanDeserializer.java:133)
	at com.fasterxml.jackson.databind.deser.std.CollectionDeserializer.deserialize(CollectionDeserializer.java:245)
	at com.fasterxml.jackson.databind.deser.std.CollectionDeserializer.deserialize(CollectionDeserializer.java:217)
	at com.fasterxml.jackson.databind.deser.std.CollectionDeserializer.deserialize(CollectionDeserializer.java:25)
	at com.fasterxml.jackson.databind.deser.SettableBeanProperty.deserialize(SettableBeanProperty.java:520)
	at com.fasterxml.jackson.databind.deser.impl.MethodProperty.deserializeAndSet(MethodProperty.java:95)
	at com.fasterxml.jackson.databind.deser.BeanDeserializer.deserializeFromObject(BeanDeserializer.java:339)
	at com.fasterxml.jackson.databind.deser.BeanDeserializer.deserialize(BeanDeserializer.java:133)
	at com.fasterxml.jackson.databind.deser.SettableBeanProperty.deserialize(SettableBeanProperty.java:520)
	at com.fasterxml.jackson.databind.deser.impl.MethodProperty.deserializeAndSet(MethodProperty.java:95)
	at com.fasterxml.jackson.databind.deser.BeanDeserializer.deserializeFromObject(BeanDeserializer.java:339)
	at com.fasterxml.jackson.databind.deser.BeanDeserializer.deserialize(BeanDeserializer.java:133)
	at com.fasterxml.jackson.databind.deser.std.CollectionDeserializer.deserialize(CollectionDeserializer.java:245)
	at com.fasterxml.jackson.databind.deser.std.CollectionDeserializer.deserialize(CollectionDeserializer.java:217)
	at com.fasterxml.jackson.databind.deser.std.CollectionDeserializer.deserialize(CollectionDeserializer.java:25)
	at com.fasterxml.jackson.databind.deser.SettableBeanProperty.deserialize(SettableBeanProperty.java:520)
	at com.fasterxml.jackson.databind.deser.impl.MethodProperty.deserializeAndSet(MethodProperty.java:95)
	at com.fasterxml.jackson.databind.deser.BeanDeserializer.deserializeFromObject(BeanDeserializer.java:339)
	at com.fasterxml.jackson.databind.deser.BeanDeserializer.deserialize(BeanDeserializer.java:133)
	at com.fasterxml.jackson.databind.deser.SettableBeanProperty.deserialize(SettableBeanProperty.java:520)
	at com.fasterxml.jackson.databind.deser.impl.MethodProperty.deserializeAndSet(MethodProperty.java:95)
	at com.fasterxml.jackson.databind.deser.BeanDeserializer.deserializeFromObject(BeanDeserializer.java:339)
	at com.fasterxml.jackson.databind.deser.BeanDeserializer.deserialize(BeanDeserializer.java:133)
	at com.fasterxml.jackson.databind.deser.std.CollectionDeserializer.deserialize(CollectionDeserializer.java:245)
	at com.fasterxml.jackson.databind.deser.std.CollectionDeserializer.deserialize(CollectionDeserializer.java:217)
	at com.fasterxml.jackson.databind.deser.std.CollectionDeserializer.deserialize(CollectionDeserializer.java:25)
	at com.fasterxml.jackson.databind.deser.SettableBeanProperty.deserialize(SettableBeanProperty.java:520)
	at com.fasterxml.jackson.databind.deser.impl.MethodProperty.deserializeAndSet(MethodProperty.java:95)
	at com.fasterxml.jackson.databind.deser.BeanDeserializer.deserializeFromObject(BeanDeserializer.java:339)
	at com.fasterxml.jackson.databind.deser.BeanDeserializer.deserialize(BeanDeserializer.java:133)
	at com.fasterxml.jackson.databind.deser.SettableBeanProperty.deserialize(SettableBeanProperty.java:520)
	at com.fasterxml.jackson.databind.deser.impl.MethodProperty.deserializeAndSet(MethodProperty.java:95)
	at com.fasterxml.jackson.databind.deser.BeanDeserializer.deserializeFromObject(BeanDeserializer.java:339)
	at com.fasterxml.jackson.databind.deser.BeanDeserializer.deserialize(BeanDeserializer.java:133)
	at com.fasterxml.jackson.databind.deser.std.CollectionDeserializer.deserialize(CollectionDeserializer.java:245)
	at com.fasterxml.jackson.databind.deser.std.CollectionDeserializer.deserialize(CollectionDeserializer.java:217)
	at com.fasterxml.jackson.databind.deser.std.CollectionDeserializer.deserialize(CollectionDeserializer.java:25)
	at com.fasterxml.jackson.databind.deser.SettableBeanProperty.deserialize(SettableBeanProperty.java:520)
	at com.fasterxml.jackson.databind.deser.impl.MethodProperty.deserializeAndSet(MethodProperty.java:95)
	at com.fasterxml.jackson.databind.deser.BeanDeserializer.deserializeFromObject(BeanDeserializer.java:339)
	at com.fasterxml.jackson.databind.deser.BeanDeserializer.deserialize(BeanDeserializer.java:133)
	at com.fasterxml.jackson.databind.deser.SettableBeanProperty.deserialize(SettableBeanProperty.java:520)
	at com.fasterxml.jackson.databind.deser.impl.MethodProperty.deserializeAndSet(MethodProperty.java:95)
	at com.fasterxml.jackson.databind.deser.BeanDeserializer.deserializeFromObject(BeanDeserializer.java:339)
	at com.fasterxml.jackson.databind.deser.BeanDeserializer.deserialize(BeanDeserializer.java:133)
	at com.fasterxml.jackson.databind.deser.std.CollectionDeserializer.deserialize(CollectionDeserializer.java:245)
	at com.fasterxml.jackson.databind.deser.std.CollectionDeserializer.deserialize(CollectionDeserializer.java:217)
	at com.fasterxml.jackson.databind.deser.std.CollectionDeserializer.deserialize(CollectionDeserializer.java:25)
	at com.fasterxml.jackson.databind.deser.SettableBeanProperty.deserialize(SettableBeanProperty.java:520)
	at com.fasterxml.jackson.databind.deser.impl.MethodProperty.deserializeAndSet(MethodProperty.java:95)
	at com.fasterxml.jackson.databind.deser.BeanDeserializer.deserializeFromObject(BeanDeserializer.java:339)
	at com.fasterxml.jackson.databind.deser.BeanDeserializer.deserialize(BeanDeserializer.java:133)
	at com.fasterxml.jackson.databind.deser.SettableBeanProperty.deserialize(SettableBeanProperty.java:520)
	at com.fasterxml.jackson.databind.deser.impl.MethodProperty.deserializeAndSet(MethodProperty.java:95)
	at com.fasterxml.jackson.databind.deser.BeanDeserializer.deserializeFromObject(BeanDeserializer.java:339)
	at com.fasterxml.jackson.databind.deser.BeanDeserializer.deserialize(BeanDeserializer.java:133)
	at com.fasterxml.jackson.databind.deser.std.CollectionDeserializer.deserialize(CollectionDeserializer.java:245)
	at com.fasterxml.jackson.databind.deser.std.CollectionDeserializer.deserialize(CollectionDeserializer.java:217)
	at com.fasterxml.jackson.databind.deser.std.CollectionDeserializer.deserialize(CollectionDeserializer.java:25)
	at com.fasterxml.jackson.databind.deser.SettableBeanProperty.deserialize(SettableBeanProperty.java:520)
	at com.fasterxml.jackson.databind.deser.impl.MethodProperty.deserializeAndSet(MethodProperty.java:95)
	at com.fasterxml.jackson.databind.deser.BeanDeserializer.deserializeFromObject(BeanDeserializer.java:339)
	at com.fasterxml.jackson.databind.deser.BeanDeserializer.deserialize(BeanDeserializer.java:133)
	at com.fasterxml.jackson.databind.deser.SettableBeanProperty.deserialize(SettableBeanProperty.java:520)
	at com.fasterxml.jackson.databind.deser.impl.MethodProperty.deserializeAndSet(MethodProperty.java:95)
	at com.fasterxml.jackson.databind.deser.BeanDeserializer.deserializeFromObject(BeanDeserializer.java:339)
	at com.fasterxml.jackson.databind.deser.BeanDeserializer.deserialize(BeanDeserializer.java:133)
	at com.fasterxml.jackson.databind.deser.std.CollectionDeserializer.deserialize(CollectionDeserializer.java:245)
	at com.fasterxml.jackson.databind.deser.std.CollectionDeserializer.deserialize(CollectionDeserializer.java:217)
	at com.fasterxml.jackson.databind.deser.std.CollectionDeserializer.deserialize(CollectionDeserializer.java:25)
	at com.fasterxml.jackson.databind.deser.SettableBeanProperty.deserialize(SettableBeanProperty.java:520)
	at com.fasterxml.jackson.databind.deser.impl.MethodProperty.deserializeAndSet(MethodProperty.java:95)
	at com.fasterxml.jackson.databind.deser.BeanDeserializer.deserializeFromObject(BeanDeserializer.java:339)
	at com.fasterxml.jackson.databind.deser.BeanDeserializer.deserialize(BeanDeserializer.java:133)
	at com.fasterxml.jackson.databind.deser.SettableBeanProperty.deserialize(SettableBeanProperty.java:520)
	at com.fasterxml.jackson.databind.deser.impl.MethodProperty.deserializeAndSet(MethodProperty.java:95)
	at com.fasterxml.jackson.databind.deser.BeanDeserializer.deserializeFromObject(BeanDeserializer.java:339)
	at com.fasterxml.jackson.databind.deser.BeanDeserializer.deserialize(BeanDeserializer.java:133)
	at com.fasterxml.jackson.databind.deser.std.CollectionDeserializer.deserialize(CollectionDeserializer.java:245)
	at com.fasterxml.jackson.databind.deser.std.CollectionDeserializer.deserialize(CollectionDeserializer.java:217)
	at com.fasterxml.jackson.databind.deser.std.CollectionDeserializer.deserialize(CollectionDeserializer.java:25)
	at com.fasterxml.jackson.databind.deser.SettableBeanProperty.deserialize(SettableBeanProperty.java:520)
	at com.fasterxml.jackson.databind.deser.impl.MethodProperty.deserializeAndSet(MethodProperty.java:95)
	at com.fasterxml.jackson.databind.deser.BeanDeserializer.deserializeFromObject(BeanDeserializer.java:339)
	at com.fasterxml.jackson.databind.deser.BeanDeserializer.deserialize(BeanDeserializer.java:133)
	at com.fasterxml.jackson.databind.deser.SettableBeanProperty.deserialize(SettableBeanProperty.java:520)
	at com.fasterxml.jackson.databind.deser.impl.MethodProperty.deserializeAndSet(MethodProperty.java:95)
	at com.fasterxml.jackson.databind.deser.BeanDeserializer.deserializeFromObject(BeanDeserializer.java:339)
	at com.fasterxml.jackson.databind.deser.BeanDeserializer.deserialize(BeanDeserializer.java:133)
	at com.fasterxml.jackson.databind.deser.std.CollectionDeserializer.deserialize(CollectionDeserializer.java:245)
	at com.fasterxml.jackson.databind.deser.std.CollectionDeserializer.deserialize(CollectionDeserializer.java:217)
	at com.fasterxml.jackson.databind.deser.std.CollectionDeserializer.deserialize(CollectionDeserializer.java:25)
	at com.fasterxml.jackson.databind.deser.SettableBeanProperty.deserialize(SettableBeanProperty.java:520)
	at com.fasterxml.jackson.databind.deser.impl.MethodProperty.deserializeAndSet(MethodProperty.java:95)
	at com.fasterxml.jackson.databind.deser.BeanDeserializer.deserializeFromObject(BeanDeserializer.java:339)
	at com.fasterxml.jackson.databind.deser.BeanDeserializer.deserialize(BeanDeserializer.java:133)
	at com.fasterxml.jackson.databind.deser.SettableBeanProperty.deserialize(SettableBeanProperty.java:520)
	at com.fasterxml.jackson.databind.deser.impl.MethodProperty.deserializeAndSet(MethodProperty.java:95)
	at com.fasterxml.jackson.databind.deser.BeanDeserializer.deserializeFromObject(BeanDeserializer.java:339)
	at com.fasterxml.jackson.databind.deser.BeanDeserializer.deserialize(BeanDeserializer.java:133)
	at com.fasterxml.jackson.databind.deser.std.CollectionDeserializer.deserialize(CollectionDeserializer.java:245)
	at com.fasterxml.jackson.databind.deser.std.CollectionDeserializer.deserialize(CollectionDeserializer.java:217)
	at com.fasterxml.jackson.databind.deser.std.CollectionDeserializer.deserialize(CollectionDeserializer.java:25)
	at com.fasterxml.jackson.databind.deser.SettableBeanProperty.deserialize(SettableBeanProperty.java:520)
	at com.fasterxml.jackson.databind.deser.impl.MethodProperty.deserializeAndSet(MethodProperty.java:95)
	at com.fasterxml.jackson.databind.deser.BeanDeserializer.deserializeFromObject(BeanDeserializer.java:339)
	at com.fasterxml.jackson.databind.deser.BeanDeserializer.deserialize(BeanDeserializer.java:133)
	at com.fasterxml.jackson.databind.deser.SettableBeanProperty.deserialize(SettableBeanProperty.java:520)
	at com.fasterxml.jackson.databind.deser.impl.MethodProperty.deserializeAndSet(MethodProperty.java:95)
	at com.fasterxml.jackson.databind.deser.BeanDeserializer.deserializeFromObject(BeanDeserializer.java:339)
	at com.fasterxml.jackson.databind.deser.BeanDeserializer.deserialize(BeanDeserializer.java:133)
	at com.fasterxml.jackson.databind.deser.std.CollectionDeserializer.deserialize(CollectionDeserializer.java:245)
	at com.fasterxml.jackson.databind.deser.std.CollectionDeserializer.deserialize(CollectionDeserializer.java:217)
	at com.fasterxml.jackson.databind.deser.std.CollectionDeserializer.deserialize(CollectionDeserializer.java:25)
	at com.fasterxml.jackson.databind.deser.SettableBeanProperty.deserialize(SettableBeanProperty.java:520)
	at com.fasterxml.jackson.databind.deser.impl.MethodProperty.deserializeAndSet(MethodProperty.java:95)
	at com.fasterxml.jackson.databind.deser.BeanDeserializer.deserializeFromObject(BeanDeserializer.java:339)
	at com.fasterxml.jackson.databind.deser.BeanDeserializer.deserialize(BeanDeserializer.java:133)
	at com.fasterxml.jackson.databind.deser.SettableBeanProperty.deserialize(SettableBeanProperty.java:520)
	at com.fasterxml.jackson.databind.deser.impl.MethodProperty.deserializeAndSet(MethodProperty.java:95)
	at com.fasterxml.jackson.databind.deser.BeanDeserializer.deserializeFromObject(BeanDeserializer.java:339)
	at com.fasterxml.jackson.databind.deser.BeanDeserializer.deserialize(BeanDeserializer.java:133)
	at com.fasterxml.jackson.databind.deser.std.CollectionDeserializer.deserialize(CollectionDeserializer.java:245)
	at com.fasterxml.jackson.databind.deser.std.CollectionDeserializer.deserialize(CollectionDeserializer.java:217)
	at com.fasterxml.jackson.databind.deser.std.CollectionDeserializer.deserialize(CollectionDeserializer.java:25)
	at com.fasterxml.jackson.databind.deser.SettableBeanProperty.deserialize(SettableBeanProperty.java:520)
	at com.fasterxml.jackson.databind.deser.impl.MethodProperty.deserializeAndSet(MethodProperty.java:95)
	at com.fasterxml.jackson.databind.deser.BeanDeserializer.deserializeFromObject(BeanDeserializer.java:339)
	at com.fasterxml.jackson.databind.deser.BeanDeserializer.deserialize(BeanDeserializer.java:133)
	at com.fasterxml.jackson.databind.deser.SettableBeanProperty.deserialize(SettableBeanProperty.java:520)
	at com.fasterxml.jackson.databind.deser.impl.MethodProperty.deserializeAndSet(MethodProperty.java:95)
	at com.fasterxml.jackson.databind.deser.BeanDeserializer.deserializeFromObject(BeanDeserializer.java:339)
	at com.fasterxml.jackson.databind.deser.BeanDeserializer.deserialize(BeanDeserializer.java:133)
	at com.fasterxml.jackson.databind.deser.std.CollectionDeserializer.deserialize(CollectionDeserializer.java:245)
	at com.fasterxml.jackson.databind.deser.std.CollectionDeserializer.deserialize(CollectionDeserializer.java:217)
	at com.fasterxml.jackson.databind.deser.std.CollectionDeserializer.deserialize(CollectionDeserializer.java:25)
	at com.fasterxml.jackson.databind.deser.SettableBeanProperty.deserialize(SettableBeanProperty.java:520)
	at com.fasterxml.jackson.databind.deser.impl.MethodProperty.deserializeAndSet(MethodProperty.java:95)
	at com.fasterxml.jackson.databind.deser.BeanDeserializer.deserializeFromObject(BeanDeserializer.java:339)
	at com.fasterxml.jackson.databind.deser.BeanDeserializer.deserialize(BeanDeserializer.java:133)
	at com.fasterxml.jackson.databind.deser.SettableBeanProperty.deserialize(SettableBeanProperty.java:520)
	at com.fasterxml.jackson.databind.deser.impl.MethodProperty.deserializeAndSet(MethodProperty.java:95)
	at com.fasterxml.jackson.databind.deser.BeanDeserializer.deserializeFromObject(BeanDeserializer.java:339)
	at com.fasterxml.jackson.databind.deser.BeanDeserializer.deserialize(BeanDeserializer.java:133)
	at com.fasterxml.jackson.databind.deser.std.CollectionDeserializer.deserialize(CollectionDeserializer.java:245)
	at com.fasterxml.jackson.databind.deser.std.CollectionDeserializer.deserialize(CollectionDeserializer.java:217)
	at com.fasterxml.jackson.databind.deser.std.CollectionDeserializer.deserialize(CollectionDeserializer.java:25)
	at com.fasterxml.jackson.databind.deser.SettableBeanProperty.deserialize(SettableBeanProperty.java:520)
	at com.fasterxml.jackson.databind.deser.impl.MethodProperty.deserializeAndSet(MethodProperty.java:95)
	at com.fasterxml.jackson.databind.deser.BeanDeserializer.deserializeFromObject(BeanDeserializer.java:339)
	at com.fasterxml.jackson.databind.deser.BeanDeserializer.deserialize(BeanDeserializer.java:133)
	at com.fasterxml.jackson.databind.deser.SettableBeanProperty.deserialize(SettableBeanProperty.java:520)
	at com.fasterxml.jackson.databind.deser.impl.MethodProperty.deserializeAndSet(MethodProperty.java:95)
	at com.fasterxml.jackson.databind.deser.BeanDeserializer.deserializeFromObject(BeanDeserializer.java:339)
	at com.fasterxml.jackson.databind.deser.BeanDeserializer.deserialize(BeanDeserializer.java:133)
	at com.fasterxml.jackson.databind.deser.std.CollectionDeserializer.deserialize(CollectionDeserializer.java:245)
	at com.fasterxml.jackson.databind.deser.std.CollectionDeserializer.deserialize(CollectionDeserializer.java:217)
	at com.fasterxml.jackson.databind.deser.std.CollectionDeserializer.deserialize(CollectionDeserializer.java:25)
	at com.fasterxml.jackson.databind.deser.SettableBeanProperty.deserialize(SettableBeanProperty.java:520)
	at com.fasterxml.jackson.databind.deser.impl.MethodProperty.deserializeAndSet(MethodProperty.java:95)
	at com.fasterxml.jackson.databind.deser.BeanDeserializer.deserializeFromObject(BeanDeserializer.java:339)
	at com.fasterxml.jackson.databind.deser.BeanDeserializer.deserialize(BeanDeserializer.java:133)
	at com.fasterxml.jackson.databind.deser.SettableBeanProperty.deserialize(SettableBeanProperty.java:520)
	at com.fasterxml.jackson.databind.deser.impl.MethodProperty.deserializeAndSet(MethodProperty.java:95)
	at com.fasterxml.jackson.databind.deser.BeanDeserializer.deserializeFromObject(BeanDeserializer.java:339)
	at com.fasterxml.jackson.databind.deser.BeanDeserializer.deserialize(BeanDeserializer.java:133)
	at com.fasterxml.jackson.databind.deser.std.CollectionDeserializer.deserialize(CollectionDeserializer.java:245)
	at com.fasterxml.jackson.databind.deser.std.CollectionDeserializer.deserialize(CollectionDeserializer.java:217)
	at com.fasterxml.jackson.databind.deser.std.CollectionDeserializer.deserialize(CollectionDeserializer.java:25)
	at com.fasterxml.jackson.databind.deser.SettableBeanProperty.deserialize(SettableBeanProperty.java:520)
	at com.fasterxml.jackson.databind.deser.impl.MethodProperty.deserializeAndSet(MethodProperty.java:95)
	at com.fasterxml.jackson.databind.deser.BeanDeserializer.deserializeFromObject(BeanDeserializer.java:339)
	at com.fasterxml.jackson.databind.deser.BeanDeserializer.deserialize(BeanDeserializer.java:133)
	at com.fasterxml.jackson.databind.deser.SettableBeanProperty.deserialize(SettableBeanProperty.java:520)
	at com.fasterxml.jackson.databind.deser.impl.MethodProperty.deserializeAndSet(MethodProperty.java:95)
	at com.fasterxml.jackson.databind.deser.BeanDeserializer.deserializeFromObject(BeanDeserializer.java:339)
	at com.fasterxml.jackson.databind.deser.BeanDeserializer.deserialize(BeanDeserializer.java:133)
	at com.fasterxml.jackson.databind.deser.std.CollectionDeserializer.deserialize(CollectionDeserializer.java:245)
	at com.fasterxml.jackson.databind.deser.std.CollectionDeserializer.deserialize(CollectionDeserializer.java:217)
	at com.fasterxml.jackson.databind.deser.std.CollectionDeserializer.deserialize(CollectionDeserializer.java:25)
	at com.fasterxml.jackson.databind.deser.SettableBeanProperty.deserialize(SettableBeanProperty.java:520)
	at com.fasterxml.jackson.databind.deser.impl.MethodProperty.deserializeAndSet(MethodProperty.java:95)
	at com.fasterxml.jackson.databind.deser.BeanDeserializer.deserializeFromObject(BeanDeserializer.java:339)
	at com.fasterxml.jackson.databind.deser.BeanDeserializer.deserialize(BeanDeserializer.java:133)
	at com.fasterxml.jackson.databind.deser.SettableBeanProperty.deserialize(SettableBeanProperty.java:520)
	at com.fasterxml.jackson.databind.deser.impl.MethodProperty.deserializeAndSet(MethodProperty.java:95)
	at com.fasterxml.jackson.databind.deser.BeanDeserializer.deserializeFromObject(BeanDeserializer.java:339)
	at com.fasterxml.jackson.databind.deser.BeanDeserializer.deserialize(BeanDeserializer.java:133)
	at com.fasterxml.jackson.databind.deser.std.CollectionDeserializer.deserialize(CollectionDeserializer.java:245)
	at com.fasterxml.jackson.databind.deser.std.CollectionDeserializer.deserialize(CollectionDeserializer.java:217)
	at com.fasterxml.jackson.databind.deser.std.CollectionDeserializer.deserialize(CollectionDeserializer.java:25)
	at com.fasterxml.jackson.databind.deser.SettableBeanProperty.deserialize(SettableBeanProperty.java:520)
	at com.fasterxml.jackson.databind.deser.impl.MethodProperty.deserializeAndSet(MethodProperty.java:95)
	at com.fasterxml.jackson.databind.deser.BeanDeserializer.deserializeFromObject(BeanDeserializer.java:339)
	at com.fasterxml.jackson.databind.deser.BeanDeserializer.deserialize(BeanDeserializer.java:133)
	at com.fasterxml.jackson.databind.deser.SettableBeanProperty.deserialize(SettableBeanProperty.java:520)
	at com.fasterxml.jackson.databind.deser.impl.MethodProperty.deserializeAndSet(MethodProperty.java:95)
	at com.fasterxml.jackson.databind.deser.BeanDeserializer.deserializeFromObject(BeanDeserializer.java:339)
	at com.fasterxml.jackson.databind.deser.BeanDeserializer.deserialize(BeanDeserializer.java:133)
	at com.fasterxml.jackson.databind.deser.std.CollectionDeserializer.deserialize(CollectionDeserializer.java:245)
	at com.fasterxml.jackson.databind.deser.std.CollectionDeserializer.deserialize(CollectionDeserializer.java:217)
	at com.fasterxml.jackson.databind.deser.std.CollectionDeserializer.deserialize(CollectionDeserializer.java:25)
	at com.fasterxml.jackson.databind.deser.SettableBeanProperty.deserialize(SettableBeanProperty.java:520)
	at com.fasterxml.jackson.databind.deser.impl.MethodProperty.deserializeAndSet(MethodProperty.java:95)
	at com.fasterxml.jackson.databind.deser.BeanDeserializer.deserializeFromObject(BeanDeserializer.java:339)
	at com.fasterxml.jackson.databind.deser.BeanDeserializer.deserialize(BeanDeserializer.java:133)
	at com.fasterxml.jackson.databind.deser.SettableBeanProperty.deserialize(SettableBeanProperty.java:520)
	at com.fasterxml.jackson.databind.deser.impl.MethodProperty.deserializeAndSet(MethodProperty.java:95)
	at com.fasterxml.jackson.databind.deser.BeanDeserializer.deserializeFromObject(BeanDeserializer.java:339)
	at com.fasterxml.jackson.databind.deser.BeanDeserializer.deserialize(BeanDeserializer.java:133)
	at com.fasterxml.jackson.databind.deser.std.CollectionDeserializer.deserialize(CollectionDeserializer.java:245)
	at com.fasterxml.jackson.databind.deser.std.CollectionDeserializer.deserialize(CollectionDeserializer.java:217)
	at com.fasterxml.jackson.databind.deser.std.CollectionDeserializer.deserialize(CollectionDeserializer.java:25)
	at com.fasterxml.jackson.databind.deser.SettableBeanProperty.deserialize(SettableBeanProperty.java:520)
	at com.fasterxml.jackson.databind.deser.impl.MethodProperty.deserializeAndSet(MethodProperty.java:95)
	at com.fasterxml.jackson.databind.deser.BeanDeserializer.deserializeFromObject(BeanDeserializer.java:339)
	at com.fasterxml.jackson.databind.deser.BeanDeserializer.deserialize(BeanDeserializer.java:133)
	at com.fasterxml.jackson.databind.deser.SettableBeanProperty.deserialize(SettableBeanProperty.java:520)
	at com.fasterxml.jackson.databind.deser.impl.MethodProperty.deserializeAndSet(MethodProperty.java:95)
	at com.fasterxml.jackson.databind.deser.BeanDeserializer.deserializeFromObject(BeanDeserializer.java:339)
	at com.fasterxml.jackson.databind.deser.BeanDeserializer.deserialize(BeanDeserializer.java:133)
	at com.fasterxml.jackson.databind.deser.std.CollectionDeserializer.deserialize(CollectionDeserializer.java:245)
	at com.fasterxml.jackson.databind.deser.std.CollectionDeserializer.deserialize(CollectionDeserializer.java:217)
	at com.fasterxml.jackson.databind.deser.std.CollectionDeserializer.deserialize(CollectionDeserializer.java:25)
	at com.fasterxml.jackson.databind.deser.SettableBeanProperty.deserialize(SettableBeanProperty.java:520)
	at com.fasterxml.jackson.databind.deser.impl.MethodProperty.deserializeAndSet(MethodProperty.java:95)
	at com.fasterxml.jackson.databind.deser.BeanDeserializer.deserializeFromObject(BeanDeserializer.java:339)
	at com.fasterxml.jackson.databind.deser.BeanDeserializer.deserialize(BeanDeserializer.java:133)
	at com.fasterxml.jackson.databind.deser.SettableBeanProperty.deserialize(SettableBeanProperty.java:520)
	at com.fasterxml.jackson.databind.deser.impl.MethodProperty.deserializeAndSet(MethodProperty.java:95)
	at com.fasterxml.jackson.databind.deser.BeanDeserializer.deserializeFromObject(BeanDeserializer.java:339)
	at com.fasterxml.jackson.databind.deser.BeanDeserializer.deserialize(BeanDeserializer.java:133)
	at com.fasterxml.jackson.databind.deser.std.CollectionDeserializer.deserialize(CollectionDeserializer.java:245)
	at com.fasterxml.jackson.databind.deser.std.CollectionDeserializer.deserialize(CollectionDeserializer.java:217)
	at com.fasterxml.jackson.databind.deser.std.CollectionDeserializer.deserialize(CollectionDeserializer.java:25)
	at com.fasterxml.jackson.databind.deser.SettableBeanProperty.deserialize(SettableBeanProperty.java:520)
	at com.fasterxml.jackson.databind.deser.impl.MethodProperty.deserializeAndSet(MethodProperty.java:95)
	at com.fasterxml.jackson.databind.deser.BeanDeserializer.deserializeFromObject(BeanDeserializer.java:339)
	at com.fasterxml.jackson.databind.deser.BeanDeserializer.deserialize(BeanDeserializer.java:133)
	at com.fasterxml.jackson.databind.deser.SettableBeanProperty.deserialize(SettableBeanProperty.java:520)
	at com.fasterxml.jackson.databind.deser.impl.MethodProperty.deserializeAndSet(MethodProperty.java:95)
	at com.fasterxml.jackson.databind.deser.BeanDeserializer.deserializeFromObject(BeanDeserializer.java:339)
	at com.fasterxml.jackson.databind.deser.BeanDeserializer.deserialize(BeanDeserializer.java:133)
	at com.fasterxml.jackson.databind.deser.std.CollectionDeserializer.deserialize(CollectionDeserializer.java:245)
	at com.fasterxml.jackson.databind.deser.std.CollectionDeserializer.deserialize(CollectionDeserializer.java:217)
	at com.fasterxml.jackson.databind.deser.std.CollectionDeserializer.deserialize(CollectionDeserializer.java:25)
	at com.fasterxml.jackson.databind.deser.SettableBeanProperty.deserialize(SettableBeanProperty.java:520)
	at com.fasterxml.jackson.databind.deser.impl.MethodProperty.deserializeAndSet(MethodProperty.java:95)
	at com.fasterxml.jackson.databind.deser.BeanDeserializer.deserializeFromObject(BeanDeserializer.java:339)
	at com.fasterxml.jackson.databind.deser.BeanDeserializer.deserialize(BeanDeserializer.java:133)
	at com.fasterxml.jackson.databind.deser.SettableBeanProperty.deserialize(SettableBeanProperty.java:520)
	at com.fasterxml.jackson.databind.deser.impl.MethodProperty.deserializeAndSet(MethodProperty.java:95)
	at com.fasterxml.jackson.databind.deser.BeanDeserializer.deserializeFromObject(BeanDeserializer.java:339)
	at com.fasterxml.jackson.databind.deser.BeanDeserializer.deserialize(BeanDeserializer.java:133)
	at com.fasterxml.jackson.databind.deser.std.CollectionDeserializer.deserialize(CollectionDeserializer.java:245)
	at com.fasterxml.jackson.databind.deser.std.CollectionDeserializer.deserialize(CollectionDeserializer.java:217)
	at com.fasterxml.jackson.databind.deser.std.CollectionDeserializer.deserialize(CollectionDeserializer.java:25)
	at com.fasterxml.jackson.databind.deser.SettableBeanProperty.deserialize(SettableBeanProperty.java:520)
	at com.fasterxml.jackson.databind.deser.impl.MethodProperty.deserializeAndSet(MethodProperty.java:95)
	at com.fasterxml.jackson.databind.deser.BeanDeserializer.deserializeFromObject(BeanDeserializer.java:339)
	at com.fasterxml.jackson.databind.deser.BeanDeserializer.deserialize(BeanDeserializer.java:133)
	at com.fasterxml.jackson.databind.deser.SettableBeanProperty.deserialize(SettableBeanProperty.java:520)
	at com.fasterxml.jackson.databind.deser.impl.MethodProperty.deserializeAndSet(MethodProperty.java:95)
	at com.fasterxml.jackson.databind.deser.BeanDeserializer.deserializeFromObject(BeanDeserializer.java:339)
	at com.fasterxml.jackson.databind.deser.BeanDeserializer.deserialize(BeanDeserializer.java:133)
	at com.fasterxml.jackson.databind.deser.std.CollectionDeserializer.deserialize(CollectionDeserializer.java:245)
	at com.fasterxml.jackson.databind.deser.std.CollectionDeserializer.deserialize(CollectionDeserializer.java:217)
	at com.fasterxml.jackson.databind.deser.std.CollectionDeserializer.deserialize(CollectionDeserializer.java:25)
	at com.fasterxml.jackson.databind.deser.SettableBeanProperty.deserialize(SettableBeanProperty.java:520)
	at com.fasterxml.jackson.databind.deser.impl.MethodProperty.deserializeAndSet(MethodProperty.java:95)
	at com.fasterxml.jackson.databind.deser.BeanDeserializer.deserializeFromObject(BeanDeserializer.java:339)
	at com.fasterxml.jackson.databind.deser.BeanDeserializer.deserialize(BeanDeserializer.java:133)
	at com.fasterxml.jackson.databind.deser.SettableBeanProperty.deserialize(SettableBeanProperty.java:520)
	at com.fasterxml.jackson.databind.deser.impl.MethodProperty.deserializeAndSet(MethodProperty.java:95)
	at com.fasterxml.jackson.databind.deser.BeanDeserializer.deserializeFromObject(BeanDeserializer.java:339)
	at com.fasterxml.jackson.databind.deser.BeanDeserializer.deserialize(BeanDeserializer.java:133)
	at com.fasterxml.jackson.databind.deser.std.CollectionDeserializer.deserialize(CollectionDeserializer.java:245)
	at com.fasterxml.jackson.databind.deser.std.CollectionDeserializer.deserialize(CollectionDeserializer.java:217)
	at com.fasterxml.jackson.databind.deser.std.CollectionDeserializer.deserialize(CollectionDeserializer.java:25)
	at com.fasterxml.jackson.databind.deser.SettableBeanProperty.deserialize(SettableBeanProperty.java:520)
	at com.fasterxml.jackson.databind.deser.impl.MethodProperty.deserializeAndSet(MethodProperty.java:95)
	at com.fasterxml.jackson.databind.deser.BeanDeserializer.deserializeFromObject(BeanDeserializer.java:339)
	at com.fasterxml.jackson.databind.deser.BeanDeserializer.deserialize(BeanDeserializer.java:133)
	at com.fasterxml.jackson.databind.deser.SettableBeanProperty.deserialize(SettableBeanProperty.java:520)
	at com.fasterxml.jackson.databind.deser.impl.MethodProperty.deserializeAndSet(MethodProperty.java:95)
	at com.fasterxml.jackson.databind.deser.BeanDeserializer.deserializeFromObject(BeanDeserializer.java:339)
	at com.fasterxml.jackson.databind.deser.BeanDeserializer.deserialize(BeanDeserializer.java:133)
	at com.fasterxml.jackson.databind.deser.std.CollectionDeserializer.deserialize(CollectionDeserializer.java:245)
	at com.fasterxml.jackson.databind.deser.std.CollectionDeserializer.deserialize(CollectionDeserializer.java:217)
	at com.fasterxml.jackson.databind.deser.std.CollectionDeserializer.deserialize(CollectionDeserializer.java:25)
	at com.fasterxml.jackson.databind.deser.SettableBeanProperty.deserialize(SettableBeanProperty.java:520)
	at com.fasterxml.jackson.databind.deser.impl.MethodProperty.deserializeAndSet(MethodProperty.java:95)
	at com.fasterxml.jackson.databind.deser.BeanDeserializer.deserializeFromObject(BeanDeserializer.java:339)
	at com.fasterxml.jackson.databind.deser.BeanDeserializer.deserialize(BeanDeserializer.java:133)
	at com.fasterxml.jackson.databind.deser.SettableBeanProperty.deserialize(SettableBeanProperty.java:520)
	at com.fasterxml.jackson.databind.deser.impl.MethodProperty.deserializeAndSet(MethodProperty.java:95)
	at com.fasterxml.jackson.databind.deser.BeanDeserializer.deserializeFromObject(BeanDeserializer.java:339)
	at com.fasterxml.jackson.databind.deser.BeanDeserializer.deserialize(BeanDeserializer.java:133)
	at com.fasterxml.jackson.databind.deser.std.CollectionDeserializer.deserialize(CollectionDeserializer.java:245)
	at com.fasterxml.jackson.databind.deser.std.CollectionDeserializer.deserialize(CollectionDeserializer.java:217)
	at com.fasterxml.jackson.databind.deser.std.CollectionDeserializer.deserialize(CollectionDeserializer.java:25)
	at com.fasterxml.jackson.databind.deser.SettableBeanProperty.deserialize(SettableBeanProperty.java:520)
	at com.fasterxml.jackson.databind.deser.impl.MethodProperty.deserializeAndSet(MethodProperty.java:95)
	at com.fasterxml.jackson.databind.deser.BeanDeserializer.deserializeFromObject(BeanDeserializer.java:339)
	at com.fasterxml.jackson.databind.deser.BeanDeserializer.deserialize(BeanDeserializer.java:133)
	at com.fasterxml.jackson.databind.deser.SettableBeanProperty.deserialize(SettableBeanProperty.java:520)
	at com.fasterxml.jackson.databind.deser.impl.MethodProperty.deserializeAndSet(MethodProperty.java:95)
	at com.fasterxml.jackson.databind.deser.BeanDeserializer.deserializeFromObject(BeanDeserializer.java:339)
	at com.fasterxml.jackson.databind.deser.BeanDeserializer.deserialize(BeanDeserializer.java:133)
	at com.fasterxml.jackson.databind.deser.std.CollectionDeserializer.deserialize(CollectionDeserializer.java:245)
	at com.fasterxml.jackson.databind.deser.std.CollectionDeserializer.deserialize(CollectionDeserializer.java:217)
	at com.fasterxml.jackson.databind.deser.std.CollectionDeserializer.deserialize(CollectionDeserializer.java:25)
	at com.fasterxml.jackson.databind.deser.SettableBeanProperty.deserialize(SettableBeanProperty.java:520)
	at com.fasterxml.jackson.databind.deser.impl.MethodProperty.deserializeAndSet(MethodProperty.java:95)
	at com.fasterxml.jackson.databind.deser.BeanDeserializer.deserializeFromObject(BeanDeserializer.java:339)
	at com.fasterxml.jackson.databind.deser.BeanDeserializer.deserialize(BeanDeserializer.java:133)
	at com.fasterxml.jackson.databind.deser.SettableBeanProperty.deserialize(SettableBeanProperty.java:520)
	at com.fasterxml.jackson.databind.deser.impl.MethodProperty.deserializeAndSet(MethodProperty.java:95)
	at com.fasterxml.jackson.databind.deser.BeanDeserializer.deserializeFromObject(BeanDeserializer.java:339)
	at com.fasterxml.jackson.databind.deser.BeanDeserializer.deserialize(BeanDeserializer.java:133)
	at com.fasterxml.jackson.databind.deser.std.CollectionDeserializer.deserialize(CollectionDeserializer.java:245)
	at com.fasterxml.jackson.databind.deser.std.CollectionDeserializer.deserialize(CollectionDeserializer.java:217)
	at com.fasterxml.jackson.databind.deser.std.CollectionDeserializer.deserialize(CollectionDeserializer.java:25)
	at com.fasterxml.jackson.databind.deser.SettableBeanProperty.deserialize(SettableBeanProperty.java:520)
	at com.fasterxml.jackson.databind.deser.impl.MethodProperty.deserializeAndSet(MethodProperty.java:95)
	at com.fasterxml.jackson.databind.deser.BeanDeserializer.deserializeFromObject(BeanDeserializer.java:339)
	at com.fasterxml.jackson.databind.deser.BeanDeserializer.deserialize(BeanDeserializer.java:133)
	at com.fasterxml.jackson.databind.deser.SettableBeanProperty.deserialize(SettableBeanProperty.java:520)
	at com.fasterxml.jackson.databind.deser.impl.MethodProperty.deserializeAndSet(MethodProperty.java:95)
	at com.fasterxml.jackson.databind.deser.BeanDeserializer.deserializeFromObject(BeanDeserializer.java:339)
	at com.fasterxml.jackson.databind.deser.BeanDeserializer.deserialize(BeanDeserializer.java:133)
	at com.fasterxml.jackson.databind.deser.std.CollectionDeserializer.deserialize(CollectionDeserializer.java:245)
	at com.fasterxml.jackson.databind.deser.std.CollectionDeserializer.deserialize(CollectionDeserializer.java:217)
	at com.fasterxml.jackson.databind.deser.std.CollectionDeserializer.deserialize(CollectionDeserializer.java:25)
	at com.fasterxml.jackson.databind.deser.SettableBeanProperty.deserialize(SettableBeanProperty.java:520)
	at com.fasterxml.jackson.databind.deser.impl.MethodProperty.deserializeAndSet(MethodProperty.java:95)
	at com.fasterxml.jackson.databind.deser.BeanDeserializer.deserializeFromObject(BeanDeserializer.java:339)
	at com.fasterxml.jackson.databind.deser.BeanDeserializer.deserialize(BeanDeserializer.java:133)
	at com.fasterxml.jackson.databind.deser.SettableBeanProperty.deserialize(SettableBeanProperty.java:520)
	at com.fasterxml.jackson.databind.deser.impl.MethodProperty.deserializeAndSet(MethodProperty.java:95)
	at com.fasterxml.jackson.databind.deser.BeanDeserializer.deserializeFromObject(BeanDeserializer.java:339)
	at com.fasterxml.jackson.databind.deser.BeanDeserializer.deserialize(BeanDeserializer.java:133)
	at com.fasterxml.jackson.databind.deser.std.CollectionDeserializer.deserialize(CollectionDeserializer.java:245)
	at com.fasterxml.jackson.databind.deser.std.CollectionDeserializer.deserialize(CollectionDeserializer.java:217)
	at com.fasterxml.jackson.databind.deser.std.CollectionDeserializer.deserialize(CollectionDeserializer.java:25)
	at com.fasterxml.jackson.databind.deser.SettableBeanProperty.deserialize(SettableBeanProperty.java:520)
	at com.fasterxml.jackson.databind.deser.impl.MethodProperty.deserializeAndSet(MethodProperty.java:95)
	at com.fasterxml.jackson.databind.deser.BeanDeserializer.deserializeFromObject(BeanDeserializer.java:339)
	at com.fasterxml.jackson.databind.deser.BeanDeserializer.deserialize(BeanDeserializer.java:133)
	at com.fasterxml.jackson.databind.deser.SettableBeanProperty.deserialize(SettableBeanProperty.java:520)
	at com.fasterxml.jackson.databind.deser.impl.MethodProperty.deserializeAndSet(MethodProperty.java:95)
	at com.fasterxml.jackson.databind.deser.BeanDeserializer.deserializeFromObject(BeanDeserializer.java:339)
	at com.fasterxml.jackson.databind.deser.BeanDeserializer.deserialize(BeanDeserializer.java:133)
	at com.fasterxml.jackson.databind.deser.std.CollectionDeserializer.deserialize(CollectionDeserializer.java:245)
	at com.fasterxml.jackson.databind.deser.std.CollectionDeserializer.deserialize(CollectionDeserializer.java:217)
	at com.fasterxml.jackson.databind.deser.std.CollectionDeserializer.deserialize(CollectionDeserializer.java:25)
	at com.fasterxml.jackson.databind.deser.SettableBeanProperty.deserialize(SettableBeanProperty.java:520)
	at com.fasterxml.jackson.databind.deser.impl.MethodProperty.deserializeAndSet(MethodProperty.java:95)
	at com.fasterxml.jackson.databind.deser.BeanDeserializer.deserializeFromObject(BeanDeserializer.java:339)
	at com.fasterxml.jackson.databind.deser.BeanDeserializer.deserialize(BeanDeserializer.java:133)
	at com.fasterxml.jackson.databind.deser.SettableBeanProperty.deserialize(SettableBeanProperty.java:520)
	at com.fasterxml.jackson.databind.deser.impl.MethodProperty.deserializeAndSet(MethodProperty.java:95)
	at com.fasterxml.jackson.databind.deser.BeanDeserializer.deserializeFromObject(BeanDeserializer.java:339)
	at com.fasterxml.jackson.databind.deser.BeanDeserializer.deserialize(BeanDeserializer.java:133)
	at com.fasterxml.jackson.databind.deser.std.CollectionDeserializer.deserialize(CollectionDeserializer.java:245)
	at com.fasterxml.jackson.databind.deser.std.CollectionDeserializer.deserialize(CollectionDeserializer.java:217)
	at com.fasterxml.jackson.databind.deser.std.CollectionDeserializer.deserialize(CollectionDeserializer.java:25)
	at com.fasterxml.jackson.databind.deser.SettableBeanProperty.deserialize(SettableBeanProperty.java:520)
	at com.fasterxml.jackson.databind.deser.impl.MethodProperty.deserializeAndSet(MethodProperty.java:95)
	at com.fasterxml.jackson.databind.deser.BeanDeserializer.deserializeFromObject(BeanDeserializer.java:339)
	at com.fasterxml.jackson.databind.deser.BeanDeserializer.deserialize(BeanDeserializer.java:133)
	at com.fasterxml.jackson.databind.deser.SettableBeanProperty.deserialize(SettableBeanProperty.java:520)
	at com.fasterxml.jackson.databind.deser.impl.MethodProperty.deserializeAndSet(MethodProperty.java:95)
	at com.fasterxml.jackson.databind.deser.BeanDeserializer.deserializeFromObject(BeanDeserializer.java:339)
	at com.fasterxml.jackson.databind.deser.BeanDeserializer.deserialize(BeanDeserializer.java:133)
	at com.fasterxml.jackson.databind.deser.std.CollectionDeserializer.deserialize(CollectionDeserializer.java:245)
	at com.fasterxml.jackson.databind.deser.std.CollectionDeserializer.deserialize(CollectionDeserializer.java:217)
	at com.fasterxml.jackson.databind.deser.std.CollectionDeserializer.deserialize(CollectionDeserializer.java:25)
	at com.fasterxml.jackson.databind.deser.SettableBeanProperty.deserialize(SettableBeanProperty.java:520)
	at com.fasterxml.jackson.databind.deser.impl.MethodProperty.deserializeAndSet(MethodProperty.java:95)
	at com.fasterxml.jackson.databind.deser.BeanDeserializer.deserializeFromObject(BeanDeserializer.java:339)
	at com.fasterxml.jackson.databind.deser.BeanDeserializer.deserialize(BeanDeserializer.java:133)
	at com.fasterxml.jackson.databind.deser.SettableBeanProperty.deserialize(SettableBeanProperty.java:520)
	at com.fasterxml.jackson.databind.deser.impl.MethodProperty.deserializeAndSet(MethodProperty.java:95)
	at com.fasterxml.jackson.databind.deser.BeanDeserializer.deserializeFromObject(BeanDeserializer.java:339)
	at com.fasterxml.jackson.databind.deser.BeanDeserializer.deserialize(BeanDeserializer.java:133)
	at com.fasterxml.jackson.databind.deser.std.CollectionDeserializer.deserialize(CollectionDeserializer.java:245)
	at com.fasterxml.jackson.databind.deser.std.CollectionDeserializer.deserialize(CollectionDeserializer.java:217)
	at com.fasterxml.jackson.databind.deser.std.CollectionDeserializer.deserialize(CollectionDeserializer.java:25)
	at com.fasterxml.jackson.databind.deser.SettableBeanProperty.deserialize(SettableBeanProperty.java:520)
	at com.fasterxml.jackson.databind.deser.impl.MethodProperty.deserializeAndSet(MethodProperty.java:95)
	at com.fasterxml.jackson.databind.deser.BeanDeserializer.deserializeFromObject(BeanDeserializer.java:339)
	at com.fasterxml.jackson.databind.deser.BeanDeserializer.deserialize(BeanDeserializer.java:133)
	at com.fasterxml.jackson.databind.deser.SettableBeanProperty.deserialize(SettableBeanProperty.java:520)
	at com.fasterxml.jackson.databind.deser.impl.MethodProperty.deserializeAndSet(MethodProperty.java:95)
	at com.fasterxml.jackson.databind.deser.BeanDeserializer.deserializeFromObject(BeanDeserializer.java:339)
	at com.fasterxml.jackson.databind.deser.BeanDeserializer.deserialize(BeanDeserializer.java:133)
	at com.fasterxml.jackson.databind.deser.std.CollectionDeserializer.deserialize(CollectionDeserializer.java:245)
	at com.fasterxml.jackson.databind.deser.std.CollectionDeserializer.deserialize(CollectionDeserializer.java:217)
	at com.fasterxml.jackson.databind.deser.std.CollectionDeserializer.deserialize(CollectionDeserializer.java:25)
	at com.fasterxml.jackson.databind.deser.SettableBeanProperty.deserialize(SettableBeanProperty.java:520)
	at com.fasterxml.jackson.databind.deser.impl.MethodProperty.deserializeAndSet(MethodProperty.java:95)
	at com.fasterxml.jackson.databind.deser.BeanDeserializer.deserializeFromObject(BeanDeserializer.java:339)
	at com.fasterxml.jackson.databind.deser.BeanDeserializer.deserialize(BeanDeserializer.java:133)
	at com.fasterxml.jackson.databind.deser.SettableBeanProperty.deserialize(SettableBeanProperty.java:520)
	at com.fasterxml.jackson.databind.deser.impl.MethodProperty.deserializeAndSet(MethodProperty.java:95)
	at com.fasterxml.jackson.databind.deser.BeanDeserializer.deserializeFromObject(BeanDeserializer.java:339)
	at com.fasterxml.jackson.databind.deser.BeanDeserializer.deserialize(BeanDeserializer.java:133)
	at com.fasterxml.jackson.databind.deser.std.CollectionDeserializer.deserialize(CollectionDeserializer.java:245)
	at com.fasterxml.jackson.databind.deser.std.CollectionDeserializer.deserialize(CollectionDeserializer.java:217)
	at com.fasterxml.jackson.databind.deser.std.CollectionDeserializer.deserialize(CollectionDeserializer.java:25)
	at com.fasterxml.jackson.databind.deser.SettableBeanProperty.deserialize(SettableBeanProperty.java:520)
	at com.fasterxml.jackson.databind.deser.impl.MethodProperty.deserializeAndSet(MethodProperty.java:95)
	at com.fasterxml.jackson.databind.deser.BeanDeserializer.deserializeFromObject(BeanDeserializer.java:339)
	at com.fasterxml.jackson.databind.deser.BeanDeserializer.deserialize(BeanDeserializer.java:133)
	at com.fasterxml.jackson.databind.deser.SettableBeanProperty.deserialize(SettableBeanProperty.java:520)
	at com.fasterxml.jackson.databind.deser.impl.MethodProperty.deserializeAndSet(MethodProperty.java:95)
	at com.fasterxml.jackson.databind.deser.BeanDeserializer.deserializeFromObject(BeanDeserializer.java:339)
	at com.fasterxml.jackson.databind.deser.BeanDeserializer.deserialize(BeanDeserializer.java:133)
	at com.fasterxml.jackson.databind.deser.std.CollectionDeserializer.deserialize(CollectionDeserializer.java:245)
	at com.fasterxml.jackson.databind.deser.std.CollectionDeserializer.deserialize(CollectionDeserializer.java:217)
	at com.fasterxml.jackson.databind.deser.std.CollectionDeserializer.deserialize(CollectionDeserializer.java:25)
	at com.fasterxml.jackson.databind.deser.SettableBeanProperty.deserialize(SettableBeanProperty.java:520)
	at com.fasterxml.jackson.databind.deser.impl.MethodProperty.deserializeAndSet(MethodProperty.java:95)
	at com.fasterxml.jackson.databind.deser.BeanDeserializer.deserializeFromObject(BeanDeserializer.java:339)
	at com.fasterxml.jackson.databind.deser.BeanDeserializer.deserialize(BeanDeserializer.java:133)
	at com.fasterxml.jackson.databind.deser.SettableBeanProperty.deserialize(SettableBeanProperty.java:520)
	at com.fasterxml.jackson.databind.deser.impl.MethodProperty.deserializeAndSet(MethodProperty.java:95)
	at com.fasterxml.jackson.databind.deser.BeanDeserializer.deserializeFromObject(BeanDeserializer.java:339)
	at com.fasterxml.jackson.databind.deser.BeanDeserializer.deserialize(BeanDeserializer.java:133)
	at com.fasterxml.jackson.databind.deser.std.CollectionDeserializer.deserialize(CollectionDeserializer.java:245)
	at com.fasterxml.jackson.databind.deser.std.CollectionDeserializer.deserialize(CollectionDeserializer.java:217)
	at com.fasterxml.jackson.databind.deser.std.CollectionDeserializer.deserialize(CollectionDeserializer.java:25)
	at com.fasterxml.jackson.databind.deser.SettableBeanProperty.deserialize(SettableBeanProperty.java:520)
	at com.fasterxml.jackson.databind.deser.impl.MethodProperty.deserializeAndSet(MethodProperty.java:95)
	at com.fasterxml.jackson.databind.deser.BeanDeserializer.deserializeFromObject(BeanDeserializer.java:339)
	at com.fasterxml.jackson.databind.deser.BeanDeserializer.deserialize(BeanDeserializer.java:133)
	at com.fasterxml.jackson.databind.deser.SettableBeanProperty.deserialize(SettableBeanProperty.java:520)
	at com.fasterxml.jackson.databind.deser.impl.MethodProperty.deserializeAndSet(MethodProperty.java:95)
	at com.fasterxml.jackson.databind.deser.BeanDeserializer.deserializeFromObject(BeanDeserializer.java:339)
	at com.fasterxml.jackson.databind.deser.BeanDeserializer.deserialize(BeanDeserializer.java:133)
	at com.fasterxml.jackson.databind.deser.std.CollectionDeserializer.deserialize(CollectionDeserializer.java:245)
	at com.fasterxml.jackson.databind.deser.std.CollectionDeserializer.deserialize(CollectionDeserializer.java:217)
	at com.fasterxml.jackson.databind.deser.std.CollectionDeserializer.deserialize(CollectionDeserializer.java:25)
	at com.fasterxml.jackson.databind.deser.SettableBeanProperty.deserialize(SettableBeanProperty.java:520)
	at com.fasterxml.jackson.databind.deser.impl.MethodProperty.deserializeAndSet(MethodProperty.java:95)
	at com.fasterxml.jackson.databind.deser.BeanDeserializer.deserializeFromObject(BeanDeserializer.java:339)
	at com.fasterxml.jackson.databind.deser.BeanDeserializer.deserialize(BeanDeserializer.java:133)
	at com.fasterxml.jackson.databind.deser.SettableBeanProperty.deserialize(SettableBeanProperty.java:520)
	at com.fasterxml.jackson.databind.deser.impl.MethodProperty.deserializeAndSet(MethodProperty.java:95)
	at com.fasterxml.jackson.databind.deser.BeanDeserializer.deserializeFromObject(BeanDeserializer.java:339)
	at com.fasterxml.jackson.databind.deser.BeanDeserializer.deserialize(BeanDeserializer.java:133)
	at com.fasterxml.jackson.databind.deser.std.CollectionDeserializer.deserialize(CollectionDeserializer.java:245)
	at com.fasterxml.jackson.databind.deser.std.CollectionDeserializer.deserialize(CollectionDeserializer.java:217)
	at com.fasterxml.jackson.databind.deser.std.CollectionDeserializer.deserialize(CollectionDeserializer.java:25)
	at com.fasterxml.jackson.databind.deser.SettableBeanProperty.deserialize(SettableBeanProperty.java:520)
	at com.fasterxml.jackson.databind.deser.impl.MethodProperty.deserializeAndSet(MethodProperty.java:95)
	at com.fasterxml.jackson.databind.deser.BeanDeserializer.deserializeFromObject(BeanDeserializer.java:339)
	at com.fasterxml.jackson.databind.deser.BeanDeserializer.deserialize(BeanDeserializer.java:133)
	at com.fasterxml.jackson.databind.deser.SettableBeanProperty.deserialize(SettableBeanProperty.java:520)
	at com.fasterxml.jackson.databind.deser.impl.MethodProperty.deserializeAndSet(MethodProperty.java:95)
	at com.fasterxml.jackson.databind.deser.BeanDeserializer.deserializeFromObject(BeanDeserializer.java:339)
	at com.fasterxml.jackson.databind.deser.BeanDeserializer.deserialize(BeanDeserializer.java:133)
	at com.fasterxml.jackson.databind.deser.std.CollectionDeserializer.deserialize(CollectionDeserializer.java:245)
	at com.fasterxml.jackson.databind.deser.std.CollectionDeserializer.deserialize(CollectionDeserializer.java:217)
	at com.fasterxml.jackson.databind.deser.std.CollectionDeserializer.deserialize(CollectionDeserializer.java:25)
	at com.fasterxml.jackson.databind.deser.SettableBeanProperty.deserialize(SettableBeanProperty.java:520)
	at com.fasterxml.jackson.databind.deser.impl.MethodProperty.deserializeAndSet(MethodProperty.java:95)
	at com.fasterxml.jackson.databind.deser.BeanDeserializer.deserializeFromObject(BeanDeserializer.java:339)
	at com.fasterxml.jackson.databind.deser.BeanDeserializer.deserialize(BeanDeserializer.java:133)
	at com.fasterxml.jackson.databind.deser.SettableBeanProperty.deserialize(SettableBeanProperty.java:520)
	at com.fasterxml.jackson.databind.deser.impl.MethodProperty.deserializeAndSet(MethodProperty.java:95)
	at com.fasterxml.jackson.databind.deser.BeanDeserializer.deserializeFromObject(BeanDeserializer.java:339)
	at com.fasterxml.jackson.databind.deser.BeanDeserializer.deserialize(BeanDeserializer.java:133)
	at com.fasterxml.jackson.databind.deser.std.CollectionDeserializer.deserialize(CollectionDeserializer.java:245)
	at com.fasterxml.jackson.databind.deser.std.CollectionDeserializer.deserialize(CollectionDeserializer.java:217)
	at com.fasterxml.jackson.databind.deser.std.CollectionDeserializer.deserialize(CollectionDeserializer.java:25)
	at com.fasterxml.jackson.databind.deser.SettableBeanProperty.deserialize(SettableBeanProperty.java:520)
	at com.fasterxml.jackson.databind.deser.impl.MethodProperty.deserializeAndSet(MethodProperty.java:95)
	at com.fasterxml.jackson.databind.deser.BeanDeserializer.deserializeFromObject(BeanDeserializer.java:339)
	at com.fasterxml.jackson.databind.deser.BeanDeserializer.deserialize(BeanDeserializer.java:133)
	at com.fasterxml.jackson.databind.deser.SettableBeanProperty.deserialize(SettableBeanProperty.java:520)
	at com.fasterxml.jackson.databind.deser.impl.MethodProperty.deserializeAndSet(MethodProperty.java:95)
	at com.fasterxml.jackson.databind.deser.BeanDeserializer.deserializeFromObject(BeanDeserializer.java:339)
	at com.fasterxml.jackson.databind.deser.BeanDeserializer.deserialize(BeanDeserializer.java:133)
	at com.fasterxml.jackson.databind.deser.std.CollectionDeserializer.deserialize(CollectionDeserializer.java:245)
	at com.fasterxml.jackson.databind.deser.std.CollectionDeserializer.deserialize(CollectionDeserializer.java:217)
	at com.fasterxml.jackson.databind.deser.std.CollectionDeserializer.deserialize(CollectionDeserializer.java:25)
	at com.fasterxml.jackson.databind.deser.SettableBeanProperty.deserialize(SettableBeanProperty.java:520)
	at com.fasterxml.jackson.databind.deser.impl.MethodProperty.deserializeAndSet(MethodProperty.java:95)
	at com.fasterxml.jackson.databind.deser.BeanDeserializer.deserializeFromObject(BeanDeserializer.java:339)
	at com.fasterxml.jackson.databind.deser.BeanDeserializer.deserialize(BeanDeserializer.java:133)
	at com.fasterxml.jackson.databind.deser.SettableBeanProperty.deserialize(SettableBeanProperty.java:520)
	at com.fasterxml.jackson.databind.deser.impl.MethodProperty.deserializeAndSet(MethodProperty.java:95)
	at com.fasterxml.jackson.databind.deser.BeanDeserializer.deserializeFromObject(BeanDeserializer.java:339)
	at com.fasterxml.jackson.databind.deser.BeanDeserializer.deserialize(BeanDeserializer.java:133)
	at com.fasterxml.jackson.databind.deser.std.CollectionDeserializer.deserialize(CollectionDeserializer.java:245)
	at com.fasterxml.jackson.databind.deser.std.CollectionDeserializer.deserialize(CollectionDeserializer.java:217)
	at com.fasterxml.jackson.databind.deser.std.CollectionDeserializer.deserialize(CollectionDeserializer.java:25)
	at com.fasterxml.jackson.databind.deser.SettableBeanProperty.deserialize(SettableBeanProperty.java:520)
	at com.fasterxml.jackson.databind.deser.impl.MethodProperty.deserializeAndSet(MethodProperty.java:95)
	at com.fasterxml.jackson.databind.deser.BeanDeserializer.deserializeFromObject(BeanDeserializer.java:339)
	at com.fasterxml.jackson.databind.deser.BeanDeserializer.deserialize(BeanDeserializer.java:133)
	at com.fasterxml.jackson.databind.deser.SettableBeanProperty.deserialize(SettableBeanProperty.java:520)
	at com.fasterxml.jackson.databind.deser.impl.MethodProperty.deserializeAndSet(MethodProperty.java:95)
	at com.fasterxml.jackson.databind.deser.BeanDeserializer.deserializeFromObject(BeanDeserializer.java:339)
	at com.fasterxml.jackson.databind.deser.BeanDeserializer.deserialize(BeanDeserializer.java:133)
	at com.fasterxml.jackson.databind.deser.std.CollectionDeserializer.deserialize(CollectionDeserializer.java:245)
	at com.fasterxml.jackson.databind.deser.std.CollectionDeserializer.deserialize(CollectionDeserializer.java:217)
	at com.fasterxml.jackson.databind.deser.std.CollectionDeserializer.deserialize(CollectionDeserializer.java:25)
	at com.fasterxml.jackson.databind.deser.SettableBeanProperty.deserialize(SettableBeanProperty.java:520)
	at com.fasterxml.jackson.databind.deser.impl.MethodProperty.deserializeAndSet(MethodProperty.java:95)
	at com.fasterxml.jackson.databind.deser.BeanDeserializer.deserializeFromObject(BeanDeserializer.java:339)
	at com.fasterxml.jackson.databind.deser.BeanDeserializer.deserialize(BeanDeserializer.java:133)
	at com.fasterxml.jackson.databind.deser.SettableBeanProperty.deserialize(SettableBeanProperty.java:520)
	at com.fasterxml.jackson.databind.deser.impl.MethodProperty.deserializeAndSet(MethodProperty.java:95)
	at com.fasterxml.jackson.databind.deser.BeanDeserializer.deserializeFromObject(BeanDeserializer.java:339)
	at com.fasterxml.jackson.databind.deser.BeanDeserializer.deserialize(BeanDeserializer.java:133)
	at com.fasterxml.jackson.databind.deser.std.CollectionDeserializer.deserialize(CollectionDeserializer.java:245)
	at com.fasterxml.jackson.databind.deser.std.CollectionDeserializer.deserialize(CollectionDeserializer.java:217)
	at com.fasterxml.jackson.databind.deser.std.CollectionDeserializer.deserialize(CollectionDeserializer.java:25)
	at com.fasterxml.jackson.databind.deser.SettableBeanProperty.deserialize(SettableBeanProperty.java:520)
	at com.fasterxml.jackson.databind.deser.impl.MethodProperty.deserializeAndSet(MethodProperty.java:95)
	at com.fasterxml.jackson.databind.deser.BeanDeserializer.deserializeFromObject(BeanDeserializer.java:339)
	at com.fasterxml.jackson.databind.deser.BeanDeserializer.deserialize(BeanDeserializer.java:133)
	at com.fasterxml.jackson.databind.deser.SettableBeanProperty.deserialize(SettableBeanProperty.java:520)
	at com.fasterxml.jackson.databind.deser.impl.MethodProperty.deserializeAndSet(MethodProperty.java:95)
	at com.fasterxml.jackson.databind.deser.BeanDeserializer.deserializeFromObject(BeanDeserializer.java:339)
	at com.fasterxml.jackson.databind.deser.BeanDeserializer.deserialize(BeanDeserializer.java:133)
	at com.fasterxml.jackson.databind.deser.std.CollectionDeserializer.deserialize(CollectionDeserializer.java:245)
	at com.fasterxml.jackson.databind.deser.std.CollectionDeserializer.deserialize(CollectionDeserializer.java:217)
	at com.fasterxml.jackson.databind.deser.std.CollectionDeserializer.deserialize(CollectionDeserializer.java:25)
	at com.fasterxml.jackson.databind.deser.SettableBeanProperty.deserialize(SettableBeanProperty.java:520)
	at com.fasterxml.jackson.databind.deser.impl.MethodProperty.deserializeAndSet(MethodProperty.java:95)
	at com.fasterxml.jackson.databind.deser.BeanDeserializer.deserializeFromObject(BeanDeserializer.java:339)
	at com.fasterxml.jackson.databind.deser.BeanDeserializer.deserialize(BeanDeserializer.java:133)
	at com.fasterxml.jackson.databind.deser.SettableBeanProperty.deserialize(SettableBeanProperty.java:520)
	at com.fasterxml.jackson.databind.deser.impl.MethodProperty.deserializeAndSet(MethodProperty.java:95)
	at com.fasterxml.jackson.databind.deser.BeanDeserializer.deserializeFromObject(BeanDeserializer.java:339)
	at com.fasterxml.jackson.databind.deser.BeanDeserializer.deserialize(BeanDeserializer.java:133)
	at com.fasterxml.jackson.databind.deser.std.CollectionDeserializer.deserialize(CollectionDeserializer.java:245)
	at com.fasterxml.jackson.databind.deser.std.CollectionDeserializer.deserialize(CollectionDeserializer.java:217)
	at com.fasterxml.jackson.databind.deser.std.CollectionDeserializer.deserialize(CollectionDeserializer.java:25)
	at com.fasterxml.jackson.databind.deser.SettableBeanProperty.deserialize(SettableBeanProperty.java:520)
	at com.fasterxml.jackson.databind.deser.impl.MethodProperty.deserializeAndSet(MethodProperty.java:95)
	at com.fasterxml.jackson.databind.deser.BeanDeserializer.deserializeFromObject(BeanDeserializer.java:339)
	at com.fasterxml.jackson.databind.deser.BeanDeserializer.deserialize(BeanDeserializer.java:133)
	at com.fasterxml.jackson.databind.deser.SettableBeanProperty.deserialize(SettableBeanProperty.java:520)
	at com.fasterxml.jackson.databind.deser.impl.MethodProperty.deserializeAndSet(MethodProperty.java:95)
	at com.fasterxml.jackson.databind.deser.BeanDeserializer.deserializeFromObject(BeanDeserializer.java:339)
	at com.fasterxml.jackson.databind.deser.BeanDeserializer.deserialize(BeanDeserializer.java:133)
	at com.fasterxml.jackson.databind.deser.std.CollectionDeserializer.deserialize(CollectionDeserializer.java:245)
	at com.fasterxml.jackson.databind.deser.std.CollectionDeserializer.deserialize(CollectionDeserializer.java:217)
	at com.fasterxml.jackson.databind.deser.std.CollectionDeserializer.deserialize(CollectionDeserializer.java:25)
	at com.fasterxml.jackson.databind.deser.SettableBeanProperty.deserialize(SettableBeanProperty.java:520)
	at com.fasterxml.jackson.databind.deser.impl.MethodProperty.deserializeAndSet(MethodProperty.java:95)
	at com.fasterxml.jackson.databind.deser.BeanDeserializer.deserializeFromObject(BeanDeserializer.java:339)
	at com.fasterxml.jackson.databind.deser.BeanDeserializer.deserialize(BeanDeserializer.java:133)
	at com.fasterxml.jackson.databind.deser.SettableBeanProperty.deserialize(SettableBeanProperty.java:520)
	at com.fasterxml.jackson.databind.deser.impl.MethodProperty.deserializeAndSet(MethodProperty.java:95)
	at com.fasterxml.jackson.databind.deser.BeanDeserializer.deserializeFromObject(BeanDeserializer.java:339)
	at com.fasterxml.jackson.databind.deser.BeanDeserializer.deserialize(BeanDeserializer.java:133)
	at com.fasterxml.jackson.databind.deser.std.CollectionDeserializer.deserialize(CollectionDeserializer.java:245)
	at com.fasterxml.jackson.databind.deser.std.CollectionDeserializer.deserialize(CollectionDeserializer.java:217)
	at com.fasterxml.jackson.databind.deser.std.CollectionDeserializer.deserialize(CollectionDeserializer.java:25)
	at com.fasterxml.jackson.databind.deser.SettableBeanProperty.deserialize(SettableBeanProperty.java:520)
	at com.fasterxml.jackson.databind.deser.impl.MethodProperty.deserializeAndSet(MethodProperty.java:95)
	at com.fasterxml.jackson.databind.deser.BeanDeserializer.deserializeFromObject(BeanDeserializer.java:339)
	at com.fasterxml.jackson.databind.deser.BeanDeserializer.deserialize(BeanDeserializer.java:133)
	at com.fasterxml.jackson.databind.deser.SettableBeanProperty.deserialize(SettableBeanProperty.java:520)
	at com.fasterxml.jackson.databind.deser.impl.MethodProperty.deserializeAndSet(MethodProperty.java:95)
	at com.fasterxml.jackson.databind.deser.BeanDeserializer.deserializeFromObject(BeanDeserializer.java:339)
	at com.fasterxml.jackson.databind.deser.BeanDeserializer.deserialize(BeanDeserializer.java:133)
	at com.fasterxml.jackson.databind.deser.std.CollectionDeserializer.deserialize(CollectionDeserializer.java:245)
	at com.fasterxml.jackson.databind.deser.std.CollectionDeserializer.deserialize(CollectionDeserializer.java:217)
	at com.fasterxml.jackson.databind.deser.std.CollectionDeserializer.deserialize(CollectionDeserializer.java:25)
	at com.fasterxml.jackson.databind.deser.SettableBeanProperty.deserialize(SettableBeanProperty.java:520)
	at com.fasterxml.jackson.databind.deser.impl.MethodProperty.deserializeAndSet(MethodProperty.java:95)
	at com.fasterxml.jackson.databind.deser.BeanDeserializer.deserializeFromObject(BeanDeserializer.java:339)
	at com.fasterxml.jackson.databind.deser.BeanDeserializer.deserialize(BeanDeserializer.java:133)
	at com.fasterxml.jackson.databind.deser.SettableBeanProperty.deserialize(SettableBeanProperty.java:520)
	at com.fasterxml.jackson.databind.deser.impl.MethodProperty.deserializeAndSet(MethodProperty.java:95)
	at com.fasterxml.jackson.databind.deser.BeanDeserializer.deserializeFromObject(BeanDeserializer.java:339)
	at com.fasterxml.jackson.databind.deser.BeanDeserializer.deserialize(BeanDeserializer.java:133)
	at com.fasterxml.jackson.databind.deser.std.CollectionDeserializer.deserialize(CollectionDeserializer.java:245)
	at com.fasterxml.jackson.databind.deser.std.CollectionDeserializer.deserialize(CollectionDeserializer.java:217)
	at com.fasterxml.jackson.databind.deser.std.CollectionDeserializer.deserialize(CollectionDeserializer.java:25)
	at com.fasterxml.jackson.databind.deser.SettableBeanProperty.deserialize(SettableBeanProperty.java:520)
	at com.fasterxml.jackson.databind.deser.impl.MethodProperty.deserializeAndSet(MethodProperty.java:95)
	at com.fasterxml.jackson.databind.deser.BeanDeserializer.deserializeFromObject(BeanDeserializer.java:339)
	at com.fasterxml.jackson.databind.deser.BeanDeserializer.deserialize(BeanDeserializer.java:133)
	at com.fasterxml.jackson.databind.deser.SettableBeanProperty.deserialize(SettableBeanProperty.java:520)
	at com.fasterxml.jackson.databind.deser.impl.MethodProperty.deserializeAndSet(MethodProperty.java:95)
	at com.fasterxml.jackson.databind.deser.BeanDeserializer.deserializeFromObject(BeanDeserializer.java:339)
	at com.fasterxml.jackson.databind.deser.BeanDeserializer.deserialize(BeanDeserializer.java:133)
	at com.fasterxml.jackson.databind.deser.std.CollectionDeserializer.deserialize(CollectionDeserializer.java:245)
	at com.fasterxml.jackson.databind.deser.std.CollectionDeserializer.deserialize(CollectionDeserializer.java:217)
	at com.fasterxml.jackson.databind.deser.std.CollectionDeserializer.deserialize(CollectionDeserializer.java:25)
	at com.fasterxml.jackson.databind.deser.SettableBeanProperty.deserialize(SettableBeanProperty.java:520)
	at com.fasterxml.jackson.databind.deser.impl.MethodProperty.deserializeAndSet(MethodProperty.java:95)
	at com.fasterxml.jackson.databind.deser.BeanDeserializer.deserializeFromObject(BeanDeserializer.java:339)
	at com.fasterxml.jackson.databind.deser.BeanDeserializer.deserialize(BeanDeserializer.java:133)
	at com.fasterxml.jackson.databind.deser.SettableBeanProperty.deserialize(SettableBeanProperty.java:520)
	at com.fasterxml.jackson.databind.deser.impl.MethodProperty.deserializeAndSet(MethodProperty.java:95)
	at com.fasterxml.jackson.databind.deser.BeanDeserializer.deserializeFromObject(BeanDeserializer.java:339)
	at com.fasterxml.jackson.databind.deser.BeanDeserializer.deserialize(BeanDeserializer.java:133)
	at com.fasterxml.jackson.databind.deser.std.CollectionDeserializer.deserialize(CollectionDeserializer.java:245)
	at com.fasterxml.jackson.databind.deser.std.CollectionDeserializer.deserialize(CollectionDeserializer.java:217)
	at com.fasterxml.jackson.databind.deser.std.CollectionDeserializer.deserialize(CollectionDeserializer.java:25)
	at com.fasterxml.jackson.databind.deser.SettableBeanProperty.deserialize(SettableBeanProperty.java:520)
	at com.fasterxml.jackson.databind.deser.impl.MethodProperty.deserializeAndSet(MethodProperty.java:95)
	at com.fasterxml.jackson.databind.deser.BeanDeserializer.deserializeFromObject(BeanDeserializer.java:339)
	at com.fasterxml.jackson.databind.deser.BeanDeserializer.deserialize(BeanDeserializer.java:133)
	at com.fasterxml.jackson.databind.deser.SettableBeanProperty.deserialize(SettableBeanProperty.java:520)
	at com.fasterxml.jackson.databind.deser.impl.MethodProperty.deserializeAndSet(MethodProperty.java:95)
	at com.fasterxml.jackson.databind.deser.BeanDeserializer.deserializeFromObject(BeanDeserializer.java:339)
	at com.fasterxml.jackson.databind.deser.BeanDeserializer.deserialize(BeanDeserializer.java:133)
	at com.fasterxml.jackson.databind.deser.std.CollectionDeserializer.deserialize(CollectionDeserializer.java:245)
	at com.fasterxml.jackson.databind.deser.std.CollectionDeserializer.deserialize(CollectionDeserializer.java:217)
	at com.fasterxml.jackson.databind.deser.std.CollectionDeserializer.deserialize(CollectionDeserializer.java:25)
	at com.fasterxml.jackson.databind.deser.SettableBeanProperty.deserialize(SettableBeanProperty.java:520)
	at com.fasterxml.jackson.databind.deser.impl.MethodProperty.deserializeAndSet(MethodProperty.java:95)
	at com.fasterxml.jackson.databind.deser.BeanDeserializer.deserializeFromObject(BeanDeserializer.java:339)
	at com.fasterxml.jackson.databind.deser.BeanDeserializer.deserialize(BeanDeserializer.java:133)
	at com.fasterxml.jackson.databind.deser.SettableBeanProperty.deserialize(SettableBeanProperty.java:520)
	at com.fasterxml.jackson.databind.deser.impl.MethodProperty.deserializeAndSet(MethodProperty.java:95)
	at com.fasterxml.jackson.databind.deser.BeanDeserializer.deserializeFromObject(BeanDeserializer.java:339)
	at com.fasterxml.jackson.databind.deser.BeanDeserializer.deserialize(BeanDeserializer.java:133)
	at com.fasterxml.jackson.databind.deser.std.CollectionDeserializer.deserialize(CollectionDeserializer.java:245)
	at com.fasterxml.jackson.databind.deser.std.CollectionDeserializer.deserialize(CollectionDeserializer.java:217)
	at com.fasterxml.jackson.databind.deser.std.CollectionDeserializer.deserialize(CollectionDeserializer.java:25)
	at com.fasterxml.jackson.databind.deser.SettableBeanProperty.deserialize(SettableBeanProperty.java:520)
	at com.fasterxml.jackson.databind.deser.impl.MethodProperty.deserializeAndSet(MethodProperty.java:95)
	at com.fasterxml.jackson.databind.deser.BeanDeserializer.deserializeFromObject(BeanDeserializer.java:339)
	at com.fasterxml.jackson.databind.deser.BeanDeserializer.deserialize(BeanDeserializer.java:133)
	at com.fasterxml.jackson.databind.deser.SettableBeanProperty.deserialize(SettableBeanProperty.java:520)
	at com.fasterxml.jackson.databind.deser.impl.MethodProperty.deserializeAndSet(MethodProperty.java:95)
	at com.fasterxml.jackson.databind.deser.BeanDeserializer.deserializeFromObject(BeanDeserializer.java:339)
	at com.fasterxml.jackson.databind.deser.BeanDeserializer.deserialize(BeanDeserializer.java:133)
	at com.fasterxml.jackson.databind.deser.std.CollectionDeserializer.deserialize(CollectionDeserializer.java:245)
	at com.fasterxml.jackson.databind.deser.std.CollectionDeserializer.deserialize(CollectionDeserializer.java:217)
	at com.fasterxml.jackson.databind.deser.std.CollectionDeserializer.deserialize(CollectionDeserializer.java:25)
	at com.fasterxml.jackson.databind.deser.SettableBeanProperty.deserialize(SettableBeanProperty.java:520)
	at com.fasterxml.jackson.databind.deser.impl.MethodProperty.deserializeAndSet(MethodProperty.java:95)
	at com.fasterxml.jackson.databind.deser.BeanDeserializer.deserializeFromObject(BeanDeserializer.java:339)
	at com.fasterxml.jackson.databind.deser.BeanDeserializer.deserialize(BeanDeserializer.java:133)
	at com.fasterxml.jackson.databind.deser.SettableBeanProperty.deserialize(SettableBeanProperty.java:520)
	at com.fasterxml.jackson.databind.deser.impl.MethodProperty.deserializeAndSet(MethodProperty.java:95)
	at com.fasterxml.jackson.databind.deser.BeanDeserializer.deserializeFromObject(BeanDeserializer.java:339)
	at com.fasterxml.jackson.databind.deser.BeanDeserializer.deserialize(BeanDeserializer.java:133)
	at com.fasterxml.jackson.databind.deser.std.CollectionDeserializer.deserialize(CollectionDeserializer.java:245)
	at com.fasterxml.jackson.databind.deser.std.CollectionDeserializer.deserialize(CollectionDeserializer.java:217)
	at com.fasterxml.jackson.databind.deser.std.CollectionDeserializer.deserialize(CollectionDeserializer.java:25)
	at com.fasterxml.jackson.databind.deser.SettableBeanProperty.deserialize(SettableBeanProperty.java:520)
	at com.fasterxml.jackson.databind.deser.impl.MethodProperty.deserializeAndSet(MethodProperty.java:95)
	at com.fasterxml.jackson.databind.deser.BeanDeserializer.deserializeFromObject(BeanDeserializer.java:339)
	at com.fasterxml.jackson.databind.deser.BeanDeserializer.deserialize(BeanDeserializer.java:133)
	at com.fasterxml.jackson.databind.deser.SettableBeanProperty.deserialize(SettableBeanProperty.java:520)
	at com.fasterxml.jackson.databind.deser.impl.MethodProperty.deserializeAndSet(MethodProperty.java:95)
	at com.fasterxml.jackson.databind.deser.BeanDeserializer.deserializeFromObject(BeanDeserializer.java:339)
	at com.fasterxml.jackson.databind.deser.BeanDeserializer.deserialize(BeanDeserializer.java:133)
	at com.fasterxml.jackson.databind.deser.std.CollectionDeserializer.deserialize(CollectionDeserializer.java:245)
	at com.fasterxml.jackson.databind.deser.std.CollectionDeserializer.deserialize(CollectionDeserializer.java:217)
	at com.fasterxml.jackson.databind.deser.std.CollectionDeserializer.deserialize(CollectionDeserializer.java:25)
	at com.fasterxml.jackson.databind.deser.SettableBeanProperty.deserialize(SettableBeanProperty.java:520)
	at com.fasterxml.jackson.databind.deser.impl.MethodProperty.deserializeAndSet(MethodProperty.java:95)
	at com.fasterxml.jackson.databind.deser.BeanDeserializer.deserializeFromObject(BeanDeserializer.java:339)
	at com.fasterxml.jackson.databind.deser.BeanDeserializer.deserialize(BeanDeserializer.java:133)
	at com.fasterxml.jackson.databind.deser.SettableBeanProperty.deserialize(SettableBeanProperty.java:520)
	at com.fasterxml.jackson.databind.deser.impl.MethodProperty.deserializeAndSet(MethodProperty.java:95)
	at com.fasterxml.jackson.databind.deser.BeanDeserializer.deserializeFromObject(BeanDeserializer.java:339)
	at com.fasterxml.jackson.databind.deser.BeanDeserializer.deserialize(BeanDeserializer.java:133)
	at com.fasterxml.jackson.databind.deser.std.CollectionDeserializer.deserialize(CollectionDeserializer.java:245)
	at com.fasterxml.jackson.databind.deser.std.CollectionDeserializer.deserialize(CollectionDeserializer.java:217)
	at com.fasterxml.jackson.databind.deser.std.CollectionDeserializer.deserialize(CollectionDeserializer.java:25)
	at com.fasterxml.jackson.databind.deser.SettableBeanProperty.deserialize(SettableBeanProperty.java:520)
	at com.fasterxml.jackson.databind.deser.impl.MethodProperty.deserializeAndSet(MethodProperty.java:95)
	at com.fasterxml.jackson.databind.deser.BeanDeserializer.deserializeFromObject(BeanDeserializer.java:339)
	at com.fasterxml.jackson.databind.deser.BeanDeserializer.deserialize(BeanDeserializer.java:133)
	at com.fasterxml.jackson.databind.deser.SettableBeanProperty.deserialize(SettableBeanProperty.java:520)
	at com.fasterxml.jackson.databind.deser.impl.MethodProperty.deserializeAndSet(MethodProperty.java:95)
	at com.fasterxml.jackson.databind.deser.BeanDeserializer.deserializeFromObject(BeanDeserializer.java:339)
	at com.fasterxml.jackson.databind.deser.BeanDeserializer.deserialize(BeanDeserializer.java:133)
	at com.fasterxml.jackson.databind.deser.std.CollectionDeserializer.deserialize(CollectionDeserializer.java:245)
	at com.fasterxml.jackson.databind.deser.std.CollectionDeserializer.deserialize(CollectionDeserializer.java:217)
	at com.fasterxml.jackson.databind.deser.std.CollectionDeserializer.deserialize(CollectionDeserializer.java:25)
	at com.fasterxml.jackson.databind.deser.SettableBeanProperty.deserialize(SettableBeanProperty.java:520)
	at com.fasterxml.jackson.databind.deser.impl.MethodProperty.deserializeAndSet(MethodProperty.java:95)
	at com.fasterxml.jackson.databind.deser.BeanDeserializer.deserializeFromObject(BeanDeserializer.java:339)
	at com.fasterxml.jackson.databind.deser.BeanDeserializer.deserialize(BeanDeserializer.java:133)
	at com.fasterxml.jackson.databind.deser.SettableBeanProperty.deserialize(SettableBeanProperty.java:520)
	at com.fasterxml.jackson.databind.deser.impl.MethodProperty.deserializeAndSet(MethodProperty.java:95)
	at com.fasterxml.jackson.databind.deser.BeanDeserializer.deserializeFromObject(BeanDeserializer.java:339)
	at com.fasterxml.jackson.databind.deser.BeanDeserializer.deserialize(BeanDeserializer.java:133)
	at com.fasterxml.jackson.databind.deser.std.CollectionDeserializer.deserialize(CollectionDeserializer.java:245)
	at com.fasterxml.jackson.databind.deser.std.CollectionDeserializer.deserialize(CollectionDeserializer.java:217)
	at com.fasterxml.jackson.databind.deser.std.CollectionDeserializer.deserialize(CollectionDeserializer.java:25)
	at com.fasterxml.jackson.databind.deser.SettableBeanProperty.deserialize(SettableBeanProperty.java:520)
	at com.fasterxml.jackson.databind.deser.impl.MethodProperty.deserializeAndSet(MethodProperty.java:95)
	at com.fasterxml.jackson.databind.deser.BeanDeserializer.deserializeFromObject(BeanDeserializer.java:339)
	at com.fasterxml.jackson.databind.deser.BeanDeserializer.deserialize(BeanDeserializer.java:133)
	at com.fasterxml.jackson.databind.deser.SettableBeanProperty.deserialize(SettableBeanProperty.java:520)
	at com.fasterxml.jackson.databind.deser.impl.MethodProperty.deserializeAndSet(MethodProperty.java:95)
	at com.fasterxml.jackson.databind.deser.BeanDeserializer.deserializeFromObject(BeanDeserializer.java:339)
	at com.fasterxml.jackson.databind.deser.BeanDeserializer.deserialize(BeanDeserializer.java:133)
	at com.fasterxml.jackson.databind.deser.std.CollectionDeserializer.deserialize(CollectionDeserializer.java:245)
	at com.fasterxml.jackson.databind.deser.std.CollectionDeserializer.deserialize(CollectionDeserializer.java:217)
	at com.fasterxml.jackson.databind.deser.std.CollectionDeserializer.deserialize(CollectionDeserializer.java:25)
	at com.fasterxml.jackson.databind.deser.SettableBeanProperty.deserialize(SettableBeanProperty.java:520)
	at com.fasterxml.jackson.databind.deser.impl.MethodProperty.deserializeAndSet(MethodProperty.java:95)
	at com.fasterxml.jackson.databind.deser.BeanDeserializer.deserializeFromObject(BeanDeserializer.java:339)
	at com.fasterxml.jackson.databind.deser.BeanDeserializer.deserialize(BeanDeserializer.java:133)
	at com.fasterxml.jackson.databind.deser.SettableBeanProperty.deserialize(SettableBeanProperty.java:520)
	at com.fasterxml.jackson.databind.deser.impl.MethodProperty.deserializeAndSet(MethodProperty.java:95)
	at com.fasterxml.jackson.databind.deser.BeanDeserializer.deserializeFromObject(BeanDeserializer.java:339)
	at com.fasterxml.jackson.databind.deser.BeanDeserializer.deserialize(BeanDeserializer.java:133)
	at com.fasterxml.jackson.databind.deser.std.CollectionDeserializer.deserialize(CollectionDeserializer.java:245)
	at com.fasterxml.jackson.databind.deser.std.CollectionDeserializer.deserialize(CollectionDeserializer.java:217)
	at com.fasterxml.jackson.databind.deser.std.CollectionDeserializer.deserialize(CollectionDeserializer.java:25)
	at com.fasterxml.jackson.databind.deser.SettableBeanProperty.deserialize(SettableBeanProperty.java:520)
	at com.fasterxml.jackson.databind.deser.impl.MethodProperty.deserializeAndSet(MethodProperty.java:95)
	at com.fasterxml.jackson.databind.deser.BeanDeserializer.deserializeFromObject(BeanDeserializer.java:339)
	at com.fasterxml.jackson.databind.deser.BeanDeserializer.deserialize(BeanDeserializer.java:133)
	at com.fasterxml.jackson.databind.deser.SettableBeanProperty.deserialize(SettableBeanProperty.java:520)
	at com.fasterxml.jackson.databind.deser.impl.MethodProperty.deserializeAndSet(MethodProperty.java:95)
	at com.fasterxml.jackson.databind.deser.BeanDeserializer.deserializeFromObject(BeanDeserializer.java:339)
	at com.fasterxml.jackson.databind.deser.BeanDeserializer.deserialize(BeanDeserializer.java:133)
	at com.fasterxml.jackson.databind.deser.std.CollectionDeserializer.deserialize(CollectionDeserializer.java:245)
	at com.fasterxml.jackson.databind.deser.std.CollectionDeserializer.deserialize(CollectionDeserializer.java:217)
	at com.fasterxml.jackson.databind.deser.std.CollectionDeserializer.deserialize(CollectionDeserializer.java:25)
	at com.fasterxml.jackson.databind.deser.SettableBeanProperty.deserialize(SettableBeanProperty.java:520)
	at com.fasterxml.jackson.databind.deser.impl.MethodProperty.deserializeAndSet(MethodProperty.java:95)
	at com.fasterxml.jackson.databind.deser.BeanDeserializer.deserializeFromObject(BeanDeserializer.java:339)
	at com.fasterxml.jackson.databind.deser.BeanDeserializer.deserialize(BeanDeserializer.java:133)
	at com.fasterxml.jackson.databind.deser.SettableBeanProperty.deserialize(SettableBeanProperty.java:520)
	at com.fasterxml.jackson.databind.deser.impl.MethodProperty.deserializeAndSet(MethodProperty.java:95)
	at com.fasterxml.jackson.databind.deser.BeanDeserializer.deserializeFromObject(BeanDeserializer.java:339)
	at com.fasterxml.jackson.databind.deser.BeanDeserializer.deserialize(BeanDeserializer.java:133)
	at com.fasterxml.jackson.databind.deser.std.CollectionDeserializer.deserialize(CollectionDeserializer.java:245)
	at com.fasterxml.jackson.databind.deser.std.CollectionDeserializer.deserialize(CollectionDeserializer.java:217)
	at com.fasterxml.jackson.databind.deser.std.CollectionDeserializer.deserialize(CollectionDeserializer.java:25)
	at com.fasterxml.jackson.databind.deser.SettableBeanProperty.deserialize(SettableBeanProperty.java:520)
	at com.fasterxml.jackson.databind.deser.impl.MethodProperty.deserializeAndSet(MethodProperty.java:95)
	at com.fasterxml.jackson.databind.deser.BeanDeserializer.deserializeFromObject(BeanDeserializer.java:339)
	at com.fasterxml.jackson.databind.deser.BeanDeserializer.deserialize(BeanDeserializer.java:133)
	at com.fasterxml.jackson.databind.deser.SettableBeanProperty.deserialize(SettableBeanProperty.java:520)
	at com.fasterxml.jackson.databind.deser.impl.MethodProperty.deserializeAndSet(MethodProperty.java:95)
	at com.fasterxml.jackson.databind.deser.BeanDeserializer.deserializeFromObject(BeanDeserializer.java:339)
	at com.fasterxml.jackson.databind.deser.BeanDeserializer.deserialize(BeanDeserializer.java:133)
	at com.fasterxml.jackson.databind.deser.std.CollectionDeserializer.deserialize(CollectionDeserializer.java:245)
	at com.fasterxml.jackson.databind.deser.std.CollectionDeserializer.deserialize(CollectionDeserializer.java:217)
	at com.fasterxml.jackson.databind.deser.std.CollectionDeserializer.deserialize(CollectionDeserializer.java:25)
	at com.fasterxml.jackson.databind.deser.SettableBeanProperty.deserialize(SettableBeanProperty.java:520)
	at com.fasterxml.jackson.databind.deser.impl.MethodProperty.deserializeAndSet(MethodProperty.java:95)
	at com.fasterxml.jackson.databind.deser.BeanDeserializer.deserializeFromObject(BeanDeserializer.java:339)
	at com.fasterxml.jackson.databind.deser.BeanDeserializer.deserialize(BeanDeserializer.java:133)
	at com.fasterxml.jackson.databind.deser.SettableBeanProperty.deserialize(SettableBeanProperty.java:520)
	at com.fasterxml.jackson.databind.deser.impl.MethodProperty.deserializeAndSet(MethodProperty.java:95)
	at com.fasterxml.jackson.databind.deser.BeanDeserializer.deserializeFromObject(BeanDeserializer.java:339)
	at com.fasterxml.jackson.databind.deser.BeanDeserializer.deserialize(BeanDeserializer.java:133)
	at com.fasterxml.jackson.databind.deser.std.CollectionDeserializer.deserialize(CollectionDeserializer.java:245)
	at com.fasterxml.jackson.databind.deser.std.CollectionDeserializer.deserialize(CollectionDeserializer.java:217)
	at com.fasterxml.jackson.databind.deser.std.CollectionDeserializer.deserialize(CollectionDeserializer.java:25)
	at com.fasterxml.jackson.databind.deser.SettableBeanProperty.deserialize(SettableBeanProperty.java:520)
	at com.fasterxml.jackson.databind.deser.impl.MethodProperty.deserializeAndSet(MethodProperty.java:95)
	at com.fasterxml.jackson.databind.deser.BeanDeserializer.deserializeFromObject(BeanDeserializer.java:339)
	at com.fasterxml.jackson.databind.deser.BeanDeserializer.deserialize(BeanDeserializer.java:133)
	at com.fasterxml.jackson.databind.deser.SettableBeanProperty.deserialize(SettableBeanProperty.java:520)
	at com.fasterxml.jackson.databind.deser.impl.MethodProperty.deserializeAndSet(MethodProperty.java:95)
	at com.fasterxml.jackson.databind.deser.BeanDeserializer.deserializeFromObject(BeanDeserializer.java:339)
	at com.fasterxml.jackson.databind.deser.BeanDeserializer.deserialize(BeanDeserializer.java:133)
	at com.fasterxml.jackson.databind.deser.std.CollectionDeserializer.deserialize(CollectionDeserializer.java:245)
	at com.fasterxml.jackson.databind.deser.std.CollectionDeserializer.deserialize(CollectionDeserializer.java:217)
	at com.fasterxml.jackson.databind.deser.std.CollectionDeserializer.deserialize(CollectionDeserializer.java:25)
	at com.fasterxml.jackson.databind.deser.SettableBeanProperty.deserialize(SettableBeanProperty.java:520)
	at com.fasterxml.jackson.databind.deser.impl.MethodProperty.deserializeAndSet(MethodProperty.java:95)
	at com.fasterxml.jackson.databind.deser.BeanDeserializer.deserializeFromObject(BeanDeserializer.java:339)
	at com.fasterxml.jackson.databind.deser.BeanDeserializer.deserialize(BeanDeserializer.java:133)
	at com.fasterxml.jackson.databind.deser.SettableBeanProperty.deserialize(SettableBeanProperty.java:520)
	at com.fasterxml.jackson.databind.deser.impl.MethodProperty.deserializeAndSet(MethodProperty.java:95)
	at com.fasterxml.jackson.databind.deser.BeanDeserializer.deserializeFromObject(BeanDeserializer.java:339)
	at com.fasterxml.jackson.databind.deser.BeanDeserializer.deserialize(BeanDeserializer.java:133)
	at com.fasterxml.jackson.databind.deser.std.CollectionDeserializer.deserialize(CollectionDeserializer.java:245)
	at com.fasterxml.jackson.databind.deser.std.CollectionDeserializer.deserialize(CollectionDeserializer.java:217)
	at com.fasterxml.jackson.databind.deser.std.CollectionDeserializer.deserialize(CollectionDeserializer.java:25)
	at com.fasterxml.jackson.databind.deser.SettableBeanProperty.deserialize(SettableBeanProperty.java:520)
	at com.fasterxml.jackson.databind.deser.impl.MethodProperty.deserializeAndSet(MethodProperty.java:95)
	at com.fasterxml.jackson.databind.deser.BeanDeserializer.deserializeFromObject(BeanDeserializer.java:339)
	at com.fasterxml.jackson.databind.deser.BeanDeserializer.deserialize(BeanDeserializer.java:133)
	at com.fasterxml.jackson.databind.deser.SettableBeanProperty.deserialize(SettableBeanProperty.java:520)
	at com.fasterxml.jackson.databind.deser.impl.MethodProperty.deserializeAndSet(MethodProperty.java:95)
	at com.fasterxml.jackson.databind.deser.BeanDeserializer.deserializeFromObject(BeanDeserializer.java:339)
	at com.fasterxml.jackson.databind.deser.BeanDeserializer.deserialize(BeanDeserializer.java:133)
	at com.fasterxml.jackson.databind.deser.std.CollectionDeserializer.deserialize(CollectionDeserializer.java:245)
	at com.fasterxml.jackson.databind.deser.std.CollectionDeserializer.deserialize(CollectionDeserializer.java:217)
	at com.fasterxml.jackson.databind.deser.std.CollectionDeserializer.deserialize(CollectionDeserializer.java:25)
	at com.fasterxml.jackson.databind.deser.SettableBeanProperty.deserialize(SettableBeanProperty.java:520)
	at com.fasterxml.jackson.databind.deser.impl.MethodProperty.deserializeAndSet(MethodProperty.java:95)
	at com.fasterxml.jackson.databind.deser.BeanDeserializer.deserializeFromObject(BeanDeserializer.java:339)
	at com.fasterxml.jackson.databind.deser.BeanDeserializer.deserialize(BeanDeserializer.java:133)
	at com.fasterxml.jackson.databind.deser.SettableBeanProperty.deserialize(SettableBeanProperty.java:520)
	at com.fasterxml.jackson.databind.deser.impl.MethodProperty.deserializeAndSet(MethodProperty.java:95)
	at com.fasterxml.jackson.databind.deser.BeanDeserializer.deserializeFromObject(BeanDeserializer.java:339)
	at com.fasterxml.jackson.databind.deser.BeanDeserializer.deserialize(BeanDeserializer.java:133)
	at com.fasterxml.jackson.databind.deser.std.CollectionDeserializer.deserialize(CollectionDeserializer.java:245)
	at com.fasterxml.jackson.databind.deser.std.CollectionDeserializer.deserialize(CollectionDeserializer.java:217)
	at com.fasterxml.jackson.databind.deser.std.CollectionDeserializer.deserialize(CollectionDeserializer.java:25)
	at com.fasterxml.jackson.databind.deser.SettableBeanProperty.deserialize(SettableBeanProperty.java:520)
	at com.fasterxml.jackson.databind.deser.impl.MethodProperty.deserializeAndSet(MethodProperty.java:95)
	at com.fasterxml.jackson.databind.deser.BeanDeserializer.deserializeFromObject(BeanDeserializer.java:339)
	at com.fasterxml.jackson.databind.deser.BeanDeserializer.deserialize(BeanDeserializer.java:133)
	at com.fasterxml.jackson.databind.deser.SettableBeanProperty.deserialize(SettableBeanProperty.java:520)
	at com.fasterxml.jackson.databind.deser.impl.MethodProperty.deserializeAndSet(MethodProperty.java:95)
	at com.fasterxml.jackson.databind.deser.BeanDeserializer.deserializeFromObject(BeanDeserializer.java:339)
	at com.fasterxml.jackson.databind.deser.BeanDeserializer.deserialize(BeanDeserializer.java:133)
	at com.fasterxml.jackson.databind.deser.std.CollectionDeserializer.deserialize(CollectionDeserializer.java:245)
	at com.fasterxml.jackson.databind.deser.std.CollectionDeserializer.deserialize(CollectionDeserializer.java:217)
	at com.fasterxml.jackson.databind.deser.std.CollectionDeserializer.deserialize(CollectionDeserializer.java:25)
	at com.fasterxml.jackson.databind.deser.SettableBeanProperty.deserialize(SettableBeanProperty.java:520)
	at com.fasterxml.jackson.databind.deser.impl.MethodProperty.deserializeAndSet(MethodProperty.java:95)
	at com.fasterxml.jackson.databind.deser.BeanDeserializer.deserializeFromObject(BeanDeserializer.java:339)
	at com.fasterxml.jackson.databind.deser.BeanDeserializer.deserialize(BeanDeserializer.java:133)
	at com.fasterxml.jackson.databind.deser.SettableBeanProperty.deserialize(SettableBeanProperty.java:520)
	at com.fasterxml.jackson.databind.deser.impl.MethodProperty.deserializeAndSet(MethodProperty.java:95)
	at com.fasterxml.jackson.databind.deser.BeanDeserializer.deserializeFromObject(BeanDeserializer.java:339)
	at com.fasterxml.jackson.databind.deser.BeanDeserializer.deserialize(BeanDeserializer.java:133)
	at com.fasterxml.jackson.databind.deser.std.CollectionDeserializer.deserialize(CollectionDeserializer.java:245)
	at com.fasterxml.jackson.databind.deser.std.CollectionDeserializer.deserialize(CollectionDeserializer.java:217)
	at com.fasterxml.jackson.databind.deser.std.CollectionDeserializer.deserialize(CollectionDeserializer.java:25)
	at com.fasterxml.jackson.databind.deser.SettableBeanProperty.deserialize(SettableBeanProperty.java:520)
	at com.fasterxml.jackson.databind.deser.impl.MethodProperty.deserializeAndSet(MethodProperty.java:95)
	at com.fasterxml.jackson.databind.deser.BeanDeserializer.deserializeFromObject(BeanDeserializer.java:339)
	at com.fasterxml.jackson.databind.deser.BeanDeserializer.deserialize(BeanDeserializer.java:133)
	at com.fasterxml.jackson.databind.deser.SettableBeanProperty.deserialize(SettableBeanProperty.java:520)
	at com.fasterxml.jackson.databind.deser.impl.MethodProperty.deserializeAndSet(MethodProperty.java:95)
	at com.fasterxml.jackson.databind.deser.BeanDeserializer.deserializeFromObject(BeanDeserializer.java:339)
	at com.fasterxml.jackson.databind.deser.BeanDeserializer.deserialize(BeanDeserializer.java:133)
	at com.fasterxml.jackson.databind.deser.std.CollectionDeserializer.deserialize(CollectionDeserializer.java:245)
	at com.fasterxml.jackson.databind.deser.std.CollectionDeserializer.deserialize(CollectionDeserializer.java:217)
	at com.fasterxml.jackson.databind.deser.std.CollectionDeserializer.deserialize(CollectionDeserializer.java:25)
	at com.fasterxml.jackson.databind.deser.SettableBeanProperty.deserialize(SettableBeanProperty.java:520)
	at com.fasterxml.jackson.databind.deser.impl.MethodProperty.deserializeAndSet(MethodProperty.java:95)
	at com.fasterxml.jackson.databind.deser.BeanDeserializer.deserializeFromObject(BeanDeserializer.java:339)
	at com.fasterxml.jackson.databind.deser.BeanDeserializer.deserialize(BeanDeserializer.java:133)
	at com.fasterxml.jackson.databind.deser.SettableBeanProperty.deserialize(SettableBeanProperty.java:520)
	at com.fasterxml.jackson.databind.deser.impl.MethodProperty.deserializeAndSet(MethodProperty.java:95)
	at com.fasterxml.jackson.databind.deser.BeanDeserializer.deserializeFromObject(BeanDeserializer.java:339)
	at com.fasterxml.jackson.databind.deser.BeanDeserializer.deserialize(BeanDeserializer.java:133)
	at com.fasterxml.jackson.databind.deser.std.CollectionDeserializer.deserialize(CollectionDeserializer.java:245)
	at com.fasterxml.jackson.databind.deser.std.CollectionDeserializer.deserialize(CollectionDeserializer.java:217)
	at com.fasterxml.jackson.databind.deser.std.CollectionDeserializer.deserialize(CollectionDeserializer.java:25)
	at com.fasterxml.jackson.databind.deser.SettableBeanProperty.deserialize(SettableBeanProperty.java:520)
	at com.fasterxml.jackson.databind.deser.impl.MethodProperty.deserializeAndSet(MethodProperty.java:95)
	at com.fasterxml.jackson.databind.deser.BeanDeserializer.deserializeFromObject(BeanDeserializer.java:339)
	at com.fasterxml.jackson.databind.deser.BeanDeserializer.deserialize(BeanDeserializer.java:133)
	at com.fasterxml.jackson.databind.deser.SettableBeanProperty.deserialize(SettableBeanProperty.java:520)
	at com.fasterxml.jackson.databind.deser.impl.MethodProperty.deserializeAndSet(MethodProperty.java:95)
	at com.fasterxml.jackson.databind.deser.BeanDeserializer.deserializeFromObject(BeanDeserializer.java:339)
	at com.fasterxml.jackson.databind.deser.BeanDeserializer.deserialize(BeanDeserializer.java:133)
	at com.fasterxml.jackson.databind.deser.std.CollectionDeserializer.deserialize(CollectionDeserializer.java:245)
	at com.fasterxml.jackson.databind.deser.std.CollectionDeserializer.deserialize(CollectionDeserializer.java:217)
	at com.fasterxml.jackson.databind.deser.std.CollectionDeserializer.deserialize(CollectionDeserializer.java:25)
	at com.fasterxml.jackson.databind.deser.SettableBeanProperty.deserialize(SettableBeanProperty.java:520)
	at com.fasterxml.jackson.databind.deser.impl.MethodProperty.deserializeAndSet(MethodProperty.java:95)
	at com.fasterxml.jackson.databind.deser.BeanDeserializer.deserializeFromObject(BeanDeserializer.java:339)
	at com.fasterxml.jackson.databind.deser.BeanDeserializer.deserialize(BeanDeserializer.java:133)
	at com.fasterxml.jackson.databind.deser.SettableBeanProperty.deserialize(SettableBeanProperty.java:520)
	at com.fasterxml.jackson.databind.deser.impl.MethodProperty.deserializeAndSet(MethodProperty.java:95)
	at com.fasterxml.jackson.databind.deser.BeanDeserializer.deserializeFromObject(BeanDeserializer.java:339)
	at com.fasterxml.jackson.databind.deser.BeanDeserializer.deserialize(BeanDeserializer.java:133)
	at com.fasterxml.jackson.databind.deser.std.CollectionDeserializer.deserialize(CollectionDeserializer.java:245)
	at com.fasterxml.jackson.databind.deser.std.CollectionDeserializer.deserialize(CollectionDeserializer.java:217)
	at com.fasterxml.jackson.databind.deser.std.CollectionDeserializer.deserialize(CollectionDeserializer.java:25)
	at com.fasterxml.jackson.databind.deser.SettableBeanProperty.deserialize(SettableBeanProperty.java:520)
	at com.fasterxml.jackson.databind.deser.impl.MethodProperty.deserializeAndSet(MethodProperty.java:95)
	at com.fasterxml.jackson.databind.deser.BeanDeserializer.deserializeFromObject(BeanDeserializer.java:339)
	at com.fasterxml.jackson.databind.deser.BeanDeserializer.deserialize(BeanDeserializer.java:133)
	at com.fasterxml.jackson.databind.deser.SettableBeanProperty.deserialize(SettableBeanProperty.java:520)
	at com.fasterxml.jackson.databind.deser.impl.MethodProperty.deserializeAndSet(MethodProperty.java:95)
	at com.fasterxml.jackson.databind.deser.BeanDeserializer.deserializeFromObject(BeanDeserializer.java:339)
	at com.fasterxml.jackson.databind.deser.BeanDeserializer.deserialize(BeanDeserializer.java:133)
	at com.fasterxml.jackson.databind.deser.std.CollectionDeserializer.deserialize(CollectionDeserializer.java:245)
	at com.fasterxml.jackson.databind.deser.std.CollectionDeserializer.deserialize(CollectionDeserializer.java:217)
	at com.fasterxml.jackson.databind.deser.std.CollectionDeserializer.deserialize(CollectionDeserializer.java:25)
	at com.fasterxml.jackson.databind.deser.SettableBeanProperty.deserialize(SettableBeanProperty.java:520)
	at com.fasterxml.jackson.databind.deser.impl.MethodProperty.deserializeAndSet(MethodProperty.java:95)
</error>
    <system-out><![CDATA[20:06:30.351 [main] DEBUG o.s.t.c.j.SpringJUnit4ClassRunner - SpringJUnit4ClassRunner constructor called with [class com.example.BookPubApplicationTests]
20:06:30.359 [main] DEBUG o.s.test.context.BootstrapUtils - Instantiating CacheAwareContextLoaderDelegate from class [org.springframework.test.context.cache.DefaultCacheAwareContextLoaderDelegate]
20:06:30.366 [main] DEBUG o.s.test.context.BootstrapUtils - Instantiating BootstrapContext using constructor [public org.springframework.test.context.support.DefaultBootstrapContext(java.lang.Class,org.springframework.test.context.CacheAwareContextLoaderDelegate)]
20:06:30.385 [main] DEBUG o.s.test.context.BootstrapUtils - Instantiating TestContextBootstrapper for test class [com.example.BookPubApplicationTests] from class [org.springframework.boot.test.WebAppIntegrationTestContextBootstrapper]
20:06:30.416 [main] DEBUG o.s.b.t.WebAppIntegrationTestContextBootstrapper - Found explicit ContextLoader class [org.springframework.boot.test.SpringApplicationContextLoader] for context configuration attributes [ContextConfigurationAttributes@1e6d1014 declaringClass = 'com.example.BookPubApplicationTests', classes = '{class com.example.bookpub.BookPubApplication}', locations = '{}', inheritLocations = true, initializers = '{}', inheritInitializers = true, name = [null], contextLoaderClass = 'org.springframework.boot.test.SpringApplicationContextLoader']
20:06:30.422 [main] DEBUG o.s.t.c.s.AbstractContextLoader - Did not detect default resource location for test class [com.example.BookPubApplicationTests]: class path resource [com/example/BookPubApplicationTests-context.xml] does not exist
20:06:30.423 [main] DEBUG o.s.t.c.s.AbstractContextLoader - Did not detect default resource location for test class [com.example.BookPubApplicationTests]: class path resource [com/example/BookPubApplicationTestsContext.groovy] does not exist
20:06:30.423 [main] INFO  o.s.t.c.s.AbstractContextLoader - Could not detect default resource locations for test class [com.example.BookPubApplicationTests]: no resource found for suffixes {-context.xml, Context.groovy}.
20:06:30.426 [main] DEBUG o.s.t.c.support.ActiveProfilesUtils - Could not find an 'annotation declaring class' for annotation type [org.springframework.test.context.ActiveProfiles] and class [com.example.BookPubApplicationTests]
20:06:30.431 [main] DEBUG o.s.test.util.ReflectionTestUtils - Setting field 'propertySourceProperties' of type [null] on target object [[WebMergedContextConfiguration@6ee52dcd testClass = BookPubApplicationTests, locations = '{}', classes = '{class com.example.bookpub.BookPubApplication}', contextInitializerClasses = '[]', activeProfiles = '{}', propertySourceLocations = '{}', propertySourceProperties = '{}', resourceBasePath = '', contextLoader = 'org.springframework.boot.test.SpringApplicationContextLoader', parent = [null]]] or target class [class org.springframework.test.context.web.WebMergedContextConfiguration] to value [[Ljava.lang.String;@4493d195]
20:06:30.432 [main] DEBUG o.s.b.t.WebAppIntegrationTestContextBootstrapper - @TestExecutionListeners is not present for class [com.example.BookPubApplicationTests]: using defaults.
20:06:30.438 [main] INFO  o.s.b.t.WebAppIntegrationTestContextBootstrapper - Loaded default TestExecutionListener class names from location [META-INF/spring.factories]: [org.springframework.test.context.web.ServletTestExecutionListener, org.springframework.test.context.support.DirtiesContextBeforeModesTestExecutionListener, org.springframework.test.context.support.DependencyInjectionTestExecutionListener, org.springframework.test.context.support.DirtiesContextTestExecutionListener, org.springframework.test.context.transaction.TransactionalTestExecutionListener, org.springframework.test.context.jdbc.SqlScriptsTestExecutionListener]
20:06:30.455 [main] INFO  o.s.b.t.WebAppIntegrationTestContextBootstrapper - Using TestExecutionListeners: [org.springframework.test.context.web.ServletTestExecutionListener@74ad1f1f, org.springframework.test.context.support.DirtiesContextBeforeModesTestExecutionListener@6a1aab78, org.springframework.test.context.support.DependencyInjectionTestExecutionListener@462d5aee, org.springframework.test.context.support.DirtiesContextTestExecutionListener@69b0fd6f, org.springframework.test.context.transaction.TransactionalTestExecutionListener@757942a1, org.springframework.test.context.jdbc.SqlScriptsTestExecutionListener@4a87761d]
20:06:30.458 [main] DEBUG o.s.t.annotation.ProfileValueUtils - Retrieved @ProfileValueSourceConfiguration [null] for test class [com.example.BookPubApplicationTests]
20:06:30.459 [main] DEBUG o.s.t.annotation.ProfileValueUtils - Retrieved ProfileValueSource type [class org.springframework.test.annotation.SystemProfileValueSource] for class [com.example.BookPubApplicationTests]
20:06:30.461 [main] DEBUG o.s.t.c.j.SpringJUnit4ClassRunner - SpringJUnit4ClassRunner constructor called with [class com.example.BookPubApplicationTests]
20:06:30.462 [main] DEBUG o.s.test.context.BootstrapUtils - Instantiating CacheAwareContextLoaderDelegate from class [org.springframework.test.context.cache.DefaultCacheAwareContextLoaderDelegate]
20:06:30.462 [main] DEBUG o.s.test.context.BootstrapUtils - Instantiating BootstrapContext using constructor [public org.springframework.test.context.support.DefaultBootstrapContext(java.lang.Class,org.springframework.test.context.CacheAwareContextLoaderDelegate)]
20:06:30.462 [main] DEBUG o.s.test.context.BootstrapUtils - Instantiating TestContextBootstrapper for test class [com.example.BookPubApplicationTests] from class [org.springframework.boot.test.WebAppIntegrationTestContextBootstrapper]
20:06:30.464 [main] DEBUG o.s.b.t.WebAppIntegrationTestContextBootstrapper - Found explicit ContextLoader class [org.springframework.boot.test.SpringApplicationContextLoader] for context configuration attributes [ContextConfigurationAttributes@28ac3dc3 declaringClass = 'com.example.BookPubApplicationTests', classes = '{class com.example.bookpub.BookPubApplication}', locations = '{}', inheritLocations = true, initializers = '{}', inheritInitializers = true, name = [null], contextLoaderClass = 'org.springframework.boot.test.SpringApplicationContextLoader']
20:06:30.464 [main] DEBUG o.s.t.c.s.AbstractContextLoader - Did not detect default resource location for test class [com.example.BookPubApplicationTests]: class path resource [com/example/BookPubApplicationTests-context.xml] does not exist
20:06:30.465 [main] DEBUG o.s.t.c.s.AbstractContextLoader - Did not detect default resource location for test class [com.example.BookPubApplicationTests]: class path resource [com/example/BookPubApplicationTestsContext.groovy] does not exist
20:06:30.465 [main] INFO  o.s.t.c.s.AbstractContextLoader - Could not detect default resource locations for test class [com.example.BookPubApplicationTests]: no resource found for suffixes {-context.xml, Context.groovy}.
20:06:30.465 [main] DEBUG o.s.t.c.support.ActiveProfilesUtils - Could not find an 'annotation declaring class' for annotation type [org.springframework.test.context.ActiveProfiles] and class [com.example.BookPubApplicationTests]
20:06:30.466 [main] DEBUG o.s.test.util.ReflectionTestUtils - Setting field 'propertySourceProperties' of type [null] on target object [[WebMergedContextConfiguration@32eebfca testClass = BookPubApplicationTests, locations = '{}', classes = '{class com.example.bookpub.BookPubApplication}', contextInitializerClasses = '[]', activeProfiles = '{}', propertySourceLocations = '{}', propertySourceProperties = '{}', resourceBasePath = '', contextLoader = 'org.springframework.boot.test.SpringApplicationContextLoader', parent = [null]]] or target class [class org.springframework.test.context.web.WebMergedContextConfiguration] to value [[Ljava.lang.String;@4e718207]
20:06:30.466 [main] DEBUG o.s.b.t.WebAppIntegrationTestContextBootstrapper - @TestExecutionListeners is not present for class [com.example.BookPubApplicationTests]: using defaults.
20:06:30.468 [main] INFO  o.s.b.t.WebAppIntegrationTestContextBootstrapper - Loaded default TestExecutionListener class names from location [META-INF/spring.factories]: [org.springframework.test.context.web.ServletTestExecutionListener, org.springframework.test.context.support.DirtiesContextBeforeModesTestExecutionListener, org.springframework.test.context.support.DependencyInjectionTestExecutionListener, org.springframework.test.context.support.DirtiesContextTestExecutionListener, org.springframework.test.context.transaction.TransactionalTestExecutionListener, org.springframework.test.context.jdbc.SqlScriptsTestExecutionListener]
20:06:30.468 [main] INFO  o.s.b.t.WebAppIntegrationTestContextBootstrapper - Using TestExecutionListeners: [org.springframework.test.context.web.ServletTestExecutionListener@17d0685f, org.springframework.test.context.support.DirtiesContextBeforeModesTestExecutionListener@3891771e, org.springframework.test.context.support.DependencyInjectionTestExecutionListener@78ac1102, org.springframework.test.context.support.DirtiesContextTestExecutionListener@2de8284b, org.springframework.test.context.transaction.TransactionalTestExecutionListener@396e2f39, org.springframework.test.context.jdbc.SqlScriptsTestExecutionListener@a74868d]
20:06:30.469 [main] DEBUG o.s.t.annotation.ProfileValueUtils - Retrieved @ProfileValueSourceConfiguration [null] for test class [com.example.BookPubApplicationTests]
20:06:30.469 [main] DEBUG o.s.t.annotation.ProfileValueUtils - Retrieved ProfileValueSource type [class org.springframework.test.annotation.SystemProfileValueSource] for class [com.example.BookPubApplicationTests]
20:06:30.470 [main] DEBUG o.s.t.annotation.ProfileValueUtils - Retrieved @ProfileValueSourceConfiguration [null] for test class [com.example.BookPubApplicationTests]
20:06:30.470 [main] DEBUG o.s.t.annotation.ProfileValueUtils - Retrieved ProfileValueSource type [class org.springframework.test.annotation.SystemProfileValueSource] for class [com.example.BookPubApplicationTests]
20:06:30.472 [main] DEBUG o.s.t.c.s.AbstractDirtiesContextTestExecutionListener - Before test class: context [DefaultTestContext@64485a47 testClass = BookPubApplicationTests, testInstance = [null], testMethod = [null], testException = [null], mergedContextConfiguration = [WebMergedContextConfiguration@32eebfca testClass = BookPubApplicationTests, locations = '{}', classes = '{class com.example.bookpub.BookPubApplication}', contextInitializerClasses = '[]', activeProfiles = '{}', propertySourceLocations = '{}', propertySourceProperties = '{server.port:0, org.springframework.boot.test.IntegrationTest=true}', resourceBasePath = '', contextLoader = 'org.springframework.boot.test.SpringApplicationContextLoader', parent = [null]]], class annotated with @DirtiesContext [false] with mode [null].
20:06:30.473 [main] DEBUG o.s.t.annotation.ProfileValueUtils - Retrieved @ProfileValueSourceConfiguration [null] for test class [com.example.BookPubApplicationTests]
20:06:30.473 [main] DEBUG o.s.t.annotation.ProfileValueUtils - Retrieved ProfileValueSource type [class org.springframework.test.annotation.SystemProfileValueSource] for class [com.example.BookPubApplicationTests]
20:06:30.759 [main] DEBUG o.s.t.c.s.DependencyInjectionTestExecutionListener - Performing dependency injection for test context [[DefaultTestContext@64485a47 testClass = BookPubApplicationTests, testInstance = com.example.BookPubApplicationTests@35ef1869, testMethod = [null], testException = [null], mergedContextConfiguration = [WebMergedContextConfiguration@32eebfca testClass = BookPubApplicationTests, locations = '{}', classes = '{class com.example.bookpub.BookPubApplication}', contextInitializerClasses = '[]', activeProfiles = '{}', propertySourceLocations = '{}', propertySourceProperties = '{server.port:0, org.springframework.boot.test.IntegrationTest=true}', resourceBasePath = '', contextLoader = 'org.springframework.boot.test.SpringApplicationContextLoader', parent = [null]]]].
20:06:30.815 [main] DEBUG o.s.core.env.StandardEnvironment - Adding [systemProperties] PropertySource with lowest search precedence
20:06:30.817 [main] DEBUG o.s.core.env.StandardEnvironment - Adding [systemEnvironment] PropertySource with lowest search precedence
20:06:30.817 [main] DEBUG o.s.core.env.StandardEnvironment - Initialized StandardEnvironment with PropertySources [systemProperties,systemEnvironment]
20:06:30.818 [main] DEBUG o.s.core.env.StandardEnvironment - Adding [integrationTest] PropertySource with search precedence immediately lower than [systemEnvironment]

  .   ____          _            __ _ _
 /\\ / ___'_ __ _ _(_)_ __  __ _ \ \ \ \
( ( )\___ | '_ | '_| | '_ \/ _` | \ \ \ \
 \\/  ___)| |_)| | | | | || (_| |  ) ) ) )
  '  |____| .__|_| |_|_| |_\__, | / / / /
 =========|_|==============|___/=/_/_/_/
 :: Spring Boot ::        (v1.3.3.RELEASE)

2016-04-28 20:06:31.371  INFO 67382 --- [           main] com.example.BookPubApplicationTests      : Starting BookPubApplicationTests on hongtaoliu.local with PID 67382 (/Users/hongtao/Documents/develop/learning-spring-boot/bookpub/target/test-classes started by hongtao in /Users/hongtao/Documents/develop/learning-spring-boot/bookpub)
2016-04-28 20:06:31.372  INFO 67382 --- [           main] com.example.BookPubApplicationTests      : No active profile set, falling back to default profiles: default
2016-04-28 20:06:31.409  INFO 67382 --- [           main] ationConfigEmbeddedWebApplicationContext : Refreshing org.springframework.boot.context.embedded.AnnotationConfigEmbeddedWebApplicationContext@f0da945: startup date [Thu Apr 28 20:06:31 CST 2016]; root of context hierarchy
2016-04-28 20:06:32.387  INFO 67382 --- [           main] o.s.b.f.s.DefaultListableBeanFactory     : Overriding bean definition for bean 'beanNameViewResolver' with a different definition: replacing [Root bean: class [null]; scope=; abstract=false; lazyInit=false; autowireMode=3; dependencyCheck=0; autowireCandidate=true; primary=false; factoryBeanName=org.springframework.boot.autoconfigure.web.ErrorMvcAutoConfiguration$WhitelabelErrorViewConfiguration; factoryMethodName=beanNameViewResolver; initMethodName=null; destroyMethodName=(inferred); defined in class path resource [org/springframework/boot/autoconfigure/web/ErrorMvcAutoConfiguration$WhitelabelErrorViewConfiguration.class]] with [Root bean: class [null]; scope=; abstract=false; lazyInit=false; autowireMode=3; dependencyCheck=0; autowireCandidate=true; primary=false; factoryBeanName=org.springframework.boot.autoconfigure.web.WebMvcAutoConfiguration$WebMvcAutoConfigurationAdapter; factoryMethodName=beanNameViewResolver; initMethodName=null; destroyMethodName=(inferred); defined in class path resource [org/springframework/boot/autoconfigure/web/WebMvcAutoConfiguration$WebMvcAutoConfigurationAdapter.class]]
2016-04-28 20:06:33.165  INFO 67382 --- [           main] trationDelegate$BeanPostProcessorChecker : Bean 'org.springframework.transaction.annotation.ProxyTransactionManagementConfiguration' of type [class org.springframework.transaction.annotation.ProxyTransactionManagementConfiguration$$EnhancerBySpringCGLIB$$a487a93d] is not eligible for getting processed by all BeanPostProcessors (for example: not eligible for auto-proxying)
2016-04-28 20:06:33.832  INFO 67382 --- [           main] s.b.c.e.t.TomcatEmbeddedServletContainer : Tomcat initialized with port(s): 0 (http)
2016-04-28 20:06:33.852  INFO 67382 --- [           main] o.apache.catalina.core.StandardService   : Starting service Tomcat
2016-04-28 20:06:33.854  INFO 67382 --- [           main] org.apache.catalina.core.StandardEngine  : Starting Servlet Engine: Apache Tomcat/8.0.32
2016-04-28 20:06:33.999  INFO 67382 --- [ost-startStop-1] o.a.c.c.C.[Tomcat].[localhost].[/]       : Initializing Spring embedded WebApplicationContext
2016-04-28 20:06:33.999  INFO 67382 --- [ost-startStop-1] o.s.web.context.ContextLoader            : Root WebApplicationContext: initialization completed in 2593 ms
2016-04-28 20:06:35.024  INFO 67382 --- [ost-startStop-1] j.LocalContainerEntityManagerFactoryBean : Building JPA container EntityManagerFactory for persistence unit 'default'
2016-04-28 20:06:35.047  INFO 67382 --- [ost-startStop-1] o.hibernate.jpa.internal.util.LogHelper  : HHH000204: Processing PersistenceUnitInfo [
	name: default
	...]
2016-04-28 20:06:35.192  INFO 67382 --- [ost-startStop-1] org.hibernate.Version                    : HHH000412: Hibernate Core {4.3.11.Final}
2016-04-28 20:06:35.194  INFO 67382 --- [ost-startStop-1] org.hibernate.cfg.Environment            : HHH000206: hibernate.properties not found
2016-04-28 20:06:35.196  INFO 67382 --- [ost-startStop-1] org.hibernate.cfg.Environment            : HHH000021: Bytecode provider name : javassist
2016-04-28 20:06:35.634  INFO 67382 --- [ost-startStop-1] o.hibernate.annotations.common.Version   : HCANN000001: Hibernate Commons Annotations {4.0.5.Final}
2016-04-28 20:06:35.743  INFO 67382 --- [ost-startStop-1] org.hibernate.dialect.Dialect            : HHH000400: Using dialect: org.hibernate.dialect.H2Dialect
2016-04-28 20:06:35.939  INFO 67382 --- [ost-startStop-1] o.h.h.i.ast.ASTQueryTranslatorFactory    : HHH000397: Using ASTQueryTranslatorFactory
2016-04-28 20:06:36.309  INFO 67382 --- [ost-startStop-1] org.hibernate.tool.hbm2ddl.SchemaExport  : HHH000227: Running hbm2ddl schema export
2016-04-28 20:06:36.352  INFO 67382 --- [ost-startStop-1] org.hibernate.tool.hbm2ddl.SchemaExport  : HHH000230: Schema export complete
2016-04-28 20:06:36.728  INFO 67382 --- [ost-startStop-1] o.s.b.f.config.PropertiesFactoryBean     : Loading properties file from class path resource [rest-default-messages.properties]
2016-04-28 20:06:36.994  INFO 67382 --- [ost-startStop-1] o.s.b.c.e.ServletRegistrationBean        : Mapping servlet: 'dispatcherServlet' to [/]
2016-04-28 20:06:37.000  INFO 67382 --- [ost-startStop-1] o.s.b.c.embedded.FilterRegistrationBean  : Mapping filter: 'characterEncodingFilter' to: [/*]
2016-04-28 20:06:37.001  INFO 67382 --- [ost-startStop-1] o.s.b.c.embedded.FilterRegistrationBean  : Mapping filter: 'hiddenHttpMethodFilter' to: [/*]
2016-04-28 20:06:37.001  INFO 67382 --- [ost-startStop-1] o.s.b.c.embedded.FilterRegistrationBean  : Mapping filter: 'httpPutFormContentFilter' to: [/*]
2016-04-28 20:06:37.001  INFO 67382 --- [ost-startStop-1] o.s.b.c.embedded.FilterRegistrationBean  : Mapping filter: 'requestContextFilter' to: [/*]
2016-04-28 20:06:37.366  INFO 67382 --- [           main] s.w.s.m.m.a.RequestMappingHandlerAdapter : Looking for @ControllerAdvice: org.springframework.boot.context.embedded.AnnotationConfigEmbeddedWebApplicationContext@f0da945: startup date [Thu Apr 28 20:06:31 CST 2016]; root of context hierarchy
2016-04-28 20:06:37.463  INFO 67382 --- [           main] s.w.s.m.m.a.RequestMappingHandlerMapping : Mapped "{[/books/{isbn}],methods=[GET]}" onto public com.example.bookpub.entity.Book com.example.bookpub.controller.BookController.getBook(com.example.bookpub.formatter.Isbn)
2016-04-28 20:06:37.464  INFO 67382 --- [           main] s.w.s.m.m.a.RequestMappingHandlerMapping : Mapped "{[/books],methods=[GET]}" onto public java.lang.Iterable<com.example.bookpub.entity.Book> com.example.bookpub.controller.BookController.getAllBooks()
2016-04-28 20:06:37.464  INFO 67382 --- [           main] s.w.s.m.m.a.RequestMappingHandlerMapping : Mapped "{[/books/{isbn}/reviewers],methods=[GET]}" onto public java.util.List<com.example.bookpub.entity.Reviewer> com.example.bookpub.controller.BookController.getReviewers(com.example.bookpub.entity.Book)
2016-04-28 20:06:37.465  INFO 67382 --- [           main] s.w.s.m.m.a.RequestMappingHandlerMapping : Mapped "{[/books/session],methods=[GET]}" onto public java.lang.String com.example.bookpub.controller.BookController.getSessionId(javax.servlet.http.HttpServletRequest)
2016-04-28 20:06:37.467  INFO 67382 --- [           main] s.w.s.m.m.a.RequestMappingHandlerMapping : Mapped "{[/error]}" onto public org.springframework.http.ResponseEntity<java.util.Map<java.lang.String, java.lang.Object>> org.springframework.boot.autoconfigure.web.BasicErrorController.error(javax.servlet.http.HttpServletRequest)
2016-04-28 20:06:37.468  INFO 67382 --- [           main] s.w.s.m.m.a.RequestMappingHandlerMapping : Mapped "{[/error],produces=[text/html]}" onto public org.springframework.web.servlet.ModelAndView org.springframework.boot.autoconfigure.web.BasicErrorController.errorHtml(javax.servlet.http.HttpServletRequest,javax.servlet.http.HttpServletResponse)
2016-04-28 20:06:37.502  INFO 67382 --- [           main] o.s.w.s.handler.SimpleUrlHandlerMapping  : Mapped URL path [/webjars/**] onto handler of type [class org.springframework.web.servlet.resource.ResourceHttpRequestHandler]
2016-04-28 20:06:37.502  INFO 67382 --- [           main] o.s.w.s.handler.SimpleUrlHandlerMapping  : Mapped URL path [/**] onto handler of type [class org.springframework.web.servlet.resource.ResourceHttpRequestHandler]
2016-04-28 20:06:37.523  INFO 67382 --- [           main] .m.m.a.ExceptionHandlerExceptionResolver : Detected @ExceptionHandler methods in repositoryRestExceptionHandler
2016-04-28 20:06:37.549  INFO 67382 --- [           main] o.s.w.s.handler.SimpleUrlHandlerMapping  : Mapped URL path [/**/favicon.ico] onto handler of type [class org.springframework.web.servlet.resource.ResourceHttpRequestHandler]
2016-04-28 20:06:37.774  INFO 67382 --- [           main] o.s.d.r.w.RepositoryRestHandlerAdapter   : Looking for @ControllerAdvice: org.springframework.boot.context.embedded.AnnotationConfigEmbeddedWebApplicationContext@f0da945: startup date [Thu Apr 28 20:06:31 CST 2016]; root of context hierarchy
2016-04-28 20:06:37.792  INFO 67382 --- [           main] o.s.d.r.w.RepositoryRestHandlerMapping   : Mapped "{[/{repository}],methods=[OPTIONS],produces=[application/hal+json || application/json || application/*+json;charset=UTF-8]}" onto public org.springframework.http.ResponseEntity<?> org.springframework.data.rest.webmvc.RepositoryEntityController.optionsForCollectionResource(org.springframework.data.rest.webmvc.RootResourceInformation)
2016-04-28 20:06:37.792  INFO 67382 --- [           main] o.s.d.r.w.RepositoryRestHandlerMapping   : Mapped "{[/{repository}],methods=[HEAD],produces=[application/hal+json || application/json || application/*+json;charset=UTF-8]}" onto public org.springframework.http.ResponseEntity<?> org.springframework.data.rest.webmvc.RepositoryEntityController.headCollectionResource(org.springframework.data.rest.webmvc.RootResourceInformation,org.springframework.data.rest.webmvc.support.DefaultedPageable) throws org.springframework.web.HttpRequestMethodNotSupportedException
2016-04-28 20:06:37.793  INFO 67382 --- [           main] o.s.d.r.w.RepositoryRestHandlerMapping   : Mapped "{[/{repository}],methods=[GET],produces=[application/hal+json || application/json || application/*+json;charset=UTF-8]}" onto public org.springframework.hateoas.Resources<?> org.springframework.data.rest.webmvc.RepositoryEntityController.getCollectionResource(org.springframework.data.rest.webmvc.RootResourceInformation,org.springframework.data.rest.webmvc.support.DefaultedPageable,org.springframework.data.domain.Sort,org.springframework.data.rest.webmvc.PersistentEntityResourceAssembler) throws org.springframework.data.rest.webmvc.ResourceNotFoundException,org.springframework.web.HttpRequestMethodNotSupportedException
2016-04-28 20:06:37.793  INFO 67382 --- [           main] o.s.d.r.w.RepositoryRestHandlerMapping   : Mapped "{[/{repository}],methods=[GET],produces=[application/x-spring-data-compact+json || text/uri-list]}" onto public org.springframework.hateoas.Resources<?> org.springframework.data.rest.webmvc.RepositoryEntityController.getCollectionResourceCompact(org.springframework.data.rest.webmvc.RootResourceInformation,org.springframework.data.rest.webmvc.support.DefaultedPageable,org.springframework.data.domain.Sort,org.springframework.data.rest.webmvc.PersistentEntityResourceAssembler) throws org.springframework.data.rest.webmvc.ResourceNotFoundException,org.springframework.web.HttpRequestMethodNotSupportedException
2016-04-28 20:06:37.794  INFO 67382 --- [           main] o.s.d.r.w.RepositoryRestHandlerMapping   : Mapped "{[/{repository}],methods=[POST],produces=[application/hal+json || application/json || application/*+json;charset=UTF-8]}" onto public org.springframework.http.ResponseEntity<org.springframework.hateoas.ResourceSupport> org.springframework.data.rest.webmvc.RepositoryEntityController.postCollectionResource(org.springframework.data.rest.webmvc.RootResourceInformation,org.springframework.data.rest.webmvc.PersistentEntityResource,org.springframework.data.rest.webmvc.PersistentEntityResourceAssembler,java.lang.String) throws org.springframework.web.HttpRequestMethodNotSupportedException
2016-04-28 20:06:37.799  INFO 67382 --- [           main] o.s.d.r.w.RepositoryRestHandlerMapping   : Mapped "{[/{repository}/{id}],methods=[OPTIONS],produces=[application/hal+json || application/json || application/*+json;charset=UTF-8]}" onto public org.springframework.http.ResponseEntity<?> org.springframework.data.rest.webmvc.RepositoryEntityController.optionsForItemResource(org.springframework.data.rest.webmvc.RootResourceInformation)
2016-04-28 20:06:37.800  INFO 67382 --- [           main] o.s.d.r.w.RepositoryRestHandlerMapping   : Mapped "{[/{repository}/{id}],methods=[HEAD],produces=[application/hal+json || application/json || application/*+json;charset=UTF-8]}" onto public org.springframework.http.ResponseEntity<?> org.springframework.data.rest.webmvc.RepositoryEntityController.headForItemResource(org.springframework.data.rest.webmvc.RootResourceInformation,java.io.Serializable,org.springframework.data.rest.webmvc.PersistentEntityResourceAssembler) throws org.springframework.web.HttpRequestMethodNotSupportedException
2016-04-28 20:06:37.802  INFO 67382 --- [           main] o.s.d.r.w.RepositoryRestHandlerMapping   : Mapped "{[/{repository}/{id}],methods=[GET],produces=[application/hal+json || application/json || application/*+json;charset=UTF-8]}" onto public org.springframework.http.ResponseEntity<org.springframework.hateoas.Resource<?>> org.springframework.data.rest.webmvc.RepositoryEntityController.getItemResource(org.springframework.data.rest.webmvc.RootResourceInformation,java.io.Serializable,org.springframework.data.rest.webmvc.PersistentEntityResourceAssembler,org.springframework.util.MultiValueMap<java.lang.String, java.lang.String>) throws org.springframework.web.HttpRequestMethodNotSupportedException
2016-04-28 20:06:37.802  INFO 67382 --- [           main] o.s.d.r.w.RepositoryRestHandlerMapping   : Mapped "{[/{repository}/{id}],methods=[PUT],produces=[application/hal+json || application/json || application/*+json;charset=UTF-8]}" onto public org.springframework.http.ResponseEntity<? extends org.springframework.hateoas.ResourceSupport> org.springframework.data.rest.webmvc.RepositoryEntityController.putItemResource(org.springframework.data.rest.webmvc.RootResourceInformation,org.springframework.data.rest.webmvc.PersistentEntityResource,java.io.Serializable,org.springframework.data.rest.webmvc.PersistentEntityResourceAssembler,org.springframework.data.rest.webmvc.support.ETag,java.lang.String) throws org.springframework.web.HttpRequestMethodNotSupportedException
2016-04-28 20:06:37.803  INFO 67382 --- [           main] o.s.d.r.w.RepositoryRestHandlerMapping   : Mapped "{[/{repository}/{id}],methods=[PATCH],produces=[application/hal+json || application/json || application/*+json;charset=UTF-8]}" onto public org.springframework.http.ResponseEntity<org.springframework.hateoas.ResourceSupport> org.springframework.data.rest.webmvc.RepositoryEntityController.patchItemResource(org.springframework.data.rest.webmvc.RootResourceInformation,org.springframework.data.rest.webmvc.PersistentEntityResource,java.io.Serializable,org.springframework.data.rest.webmvc.PersistentEntityResourceAssembler,org.springframework.data.rest.webmvc.support.ETag,java.lang.String) throws org.springframework.web.HttpRequestMethodNotSupportedException,org.springframework.data.rest.webmvc.ResourceNotFoundException
2016-04-28 20:06:37.804  INFO 67382 --- [           main] o.s.d.r.w.RepositoryRestHandlerMapping   : Mapped "{[/{repository}/{id}],methods=[DELETE],produces=[application/hal+json || application/json || application/*+json;charset=UTF-8]}" onto public org.springframework.http.ResponseEntity<?> org.springframework.data.rest.webmvc.RepositoryEntityController.deleteItemResource(org.springframework.data.rest.webmvc.RootResourceInformation,java.io.Serializable,org.springframework.data.rest.webmvc.support.ETag) throws org.springframework.data.rest.webmvc.ResourceNotFoundException,org.springframework.web.HttpRequestMethodNotSupportedException
2016-04-28 20:06:37.806  INFO 67382 --- [           main] o.s.d.r.w.RepositoryRestHandlerMapping   : Mapped "{[/ || ],methods=[HEAD],produces=[application/hal+json || application/json || application/*+json;charset=UTF-8]}" onto public org.springframework.http.ResponseEntity<?> org.springframework.data.rest.webmvc.RepositoryController.headForRepositories()
2016-04-28 20:06:37.806  INFO 67382 --- [           main] o.s.d.r.w.RepositoryRestHandlerMapping   : Mapped "{[/ || ],methods=[GET],produces=[application/hal+json || application/json || application/*+json;charset=UTF-8]}" onto public org.springframework.http.HttpEntity<org.springframework.data.rest.webmvc.RepositoryLinksResource> org.springframework.data.rest.webmvc.RepositoryController.listRepositories()
2016-04-28 20:06:37.807  INFO 67382 --- [           main] o.s.d.r.w.RepositoryRestHandlerMapping   : Mapped "{[/ || ],methods=[OPTIONS],produces=[application/hal+json || application/json || application/*+json;charset=UTF-8]}" onto public org.springframework.http.HttpEntity<?> org.springframework.data.rest.webmvc.RepositoryController.optionsForRepositories()
2016-04-28 20:06:37.812  INFO 67382 --- [           main] o.s.d.r.w.RepositoryRestHandlerMapping   : Mapped "{[/{repository}/{id}/{property}],methods=[GET],produces=[application/hal+json || application/json || application/*+json;charset=UTF-8]}" onto public org.springframework.http.ResponseEntity<org.springframework.hateoas.ResourceSupport> org.springframework.data.rest.webmvc.RepositoryPropertyReferenceController.followPropertyReference(org.springframework.data.rest.webmvc.RootResourceInformation,java.io.Serializable,java.lang.String,org.springframework.data.rest.webmvc.PersistentEntityResourceAssembler) throws java.lang.Exception
2016-04-28 20:06:37.813  INFO 67382 --- [           main] o.s.d.r.w.RepositoryRestHandlerMapping   : Mapped "{[/{repository}/{id}/{property}/{propertyId}],methods=[GET],produces=[application/hal+json || application/json || application/*+json;charset=UTF-8]}" onto public org.springframework.http.ResponseEntity<org.springframework.hateoas.ResourceSupport> org.springframework.data.rest.webmvc.RepositoryPropertyReferenceController.followPropertyReference(org.springframework.data.rest.webmvc.RootResourceInformation,java.io.Serializable,java.lang.String,java.lang.String,org.springframework.data.rest.webmvc.PersistentEntityResourceAssembler) throws java.lang.Exception
2016-04-28 20:06:37.814  INFO 67382 --- [           main] o.s.d.r.w.RepositoryRestHandlerMapping   : Mapped "{[/{repository}/{id}/{property}],methods=[DELETE],produces=[application/hal+json || application/json || application/*+json;charset=UTF-8]}" onto public org.springframework.http.ResponseEntity<? extends org.springframework.hateoas.ResourceSupport> org.springframework.data.rest.webmvc.RepositoryPropertyReferenceController.deletePropertyReference(org.springframework.data.rest.webmvc.RootResourceInformation,java.io.Serializable,java.lang.String) throws java.lang.Exception
2016-04-28 20:06:37.817  INFO 67382 --- [           main] o.s.d.r.w.RepositoryRestHandlerMapping   : Mapped "{[/{repository}/{id}/{property}],methods=[GET],produces=[application/x-spring-data-compact+json || text/uri-list]}" onto public org.springframework.http.ResponseEntity<org.springframework.hateoas.ResourceSupport> org.springframework.data.rest.webmvc.RepositoryPropertyReferenceController.followPropertyReferenceCompact(org.springframework.data.rest.webmvc.RootResourceInformation,java.io.Serializable,java.lang.String,org.springframework.data.rest.webmvc.PersistentEntityResourceAssembler) throws java.lang.Exception
2016-04-28 20:06:37.818  INFO 67382 --- [           main] o.s.d.r.w.RepositoryRestHandlerMapping   : Mapped "{[/{repository}/{id}/{property}],methods=[PATCH || PUT || POST],consumes=[application/json || application/x-spring-data-compact+json || text/uri-list],produces=[application/hal+json || application/json || application/*+json;charset=UTF-8]}" onto public org.springframework.http.ResponseEntity<? extends org.springframework.hateoas.ResourceSupport> org.springframework.data.rest.webmvc.RepositoryPropertyReferenceController.createPropertyReference(org.springframework.data.rest.webmvc.RootResourceInformation,org.springframework.http.HttpMethod,org.springframework.hateoas.Resources<java.lang.Object>,java.io.Serializable,java.lang.String) throws java.lang.Exception
2016-04-28 20:06:37.819  INFO 67382 --- [           main] o.s.d.r.w.RepositoryRestHandlerMapping   : Mapped "{[/{repository}/{id}/{property}/{propertyId}],methods=[DELETE],produces=[application/hal+json || application/json || application/*+json;charset=UTF-8]}" onto public org.springframework.http.ResponseEntity<org.springframework.hateoas.ResourceSupport> org.springframework.data.rest.webmvc.RepositoryPropertyReferenceController.deletePropertyReferenceId(org.springframework.data.rest.webmvc.RootResourceInformation,java.io.Serializable,java.lang.String,java.lang.String) throws java.lang.Exception
2016-04-28 20:06:37.822  INFO 67382 --- [           main] o.s.d.r.w.RepositoryRestHandlerMapping   : Mapped "{[/{repository}/search],methods=[HEAD],produces=[application/hal+json || application/json || application/*+json;charset=UTF-8]}" onto public org.springframework.http.HttpEntity<?> org.springframework.data.rest.webmvc.RepositorySearchController.headForSearches(org.springframework.data.rest.webmvc.RootResourceInformation)
2016-04-28 20:06:37.823  INFO 67382 --- [           main] o.s.d.r.w.RepositoryRestHandlerMapping   : Mapped "{[/{repository}/search],methods=[OPTIONS],produces=[application/hal+json || application/json || application/*+json;charset=UTF-8]}" onto public org.springframework.http.HttpEntity<?> org.springframework.data.rest.webmvc.RepositorySearchController.optionsForSearches(org.springframework.data.rest.webmvc.RootResourceInformation)
2016-04-28 20:06:37.823  INFO 67382 --- [           main] o.s.d.r.w.RepositoryRestHandlerMapping   : Mapped "{[/{repository}/search],methods=[GET],produces=[application/hal+json || application/json || application/*+json;charset=UTF-8]}" onto public org.springframework.data.rest.webmvc.RepositorySearchesResource org.springframework.data.rest.webmvc.RepositorySearchController.listSearches(org.springframework.data.rest.webmvc.RootResourceInformation)
2016-04-28 20:06:37.824  INFO 67382 --- [           main] o.s.d.r.w.RepositoryRestHandlerMapping   : Mapped "{[/{repository}/search/{search}],methods=[GET],produces=[application/hal+json || application/json || application/*+json;charset=UTF-8]}" onto public org.springframework.http.ResponseEntity<java.lang.Object> org.springframework.data.rest.webmvc.RepositorySearchController.executeSearch(org.springframework.data.rest.webmvc.RootResourceInformation,org.springframework.util.MultiValueMap<java.lang.String, java.lang.Object>,java.lang.String,org.springframework.data.rest.webmvc.support.DefaultedPageable,org.springframework.data.domain.Sort,org.springframework.data.rest.webmvc.PersistentEntityResourceAssembler)
2016-04-28 20:06:37.824  INFO 67382 --- [           main] o.s.d.r.w.RepositoryRestHandlerMapping   : Mapped "{[/{repository}/search/{search}],methods=[GET],produces=[application/x-spring-data-compact+json]}" onto public org.springframework.hateoas.ResourceSupport org.springframework.data.rest.webmvc.RepositorySearchController.executeSearchCompact(org.springframework.data.rest.webmvc.RootResourceInformation,org.springframework.util.MultiValueMap<java.lang.String, java.lang.Object>,java.lang.String,java.lang.String,org.springframework.data.rest.webmvc.support.DefaultedPageable,org.springframework.data.domain.Sort,org.springframework.data.rest.webmvc.PersistentEntityResourceAssembler)
2016-04-28 20:06:37.825  INFO 67382 --- [           main] o.s.d.r.w.RepositoryRestHandlerMapping   : Mapped "{[/{repository}/search/{search}],methods=[OPTIONS],produces=[application/hal+json || application/json || application/*+json;charset=UTF-8]}" onto public org.springframework.http.ResponseEntity<java.lang.Object> org.springframework.data.rest.webmvc.RepositorySearchController.optionsForSearch(org.springframework.data.rest.webmvc.RootResourceInformation,java.lang.String)
2016-04-28 20:06:37.825  INFO 67382 --- [           main] o.s.d.r.w.RepositoryRestHandlerMapping   : Mapped "{[/{repository}/search/{search}],methods=[HEAD],produces=[application/hal+json || application/json || application/*+json;charset=UTF-8]}" onto public org.springframework.http.ResponseEntity<java.lang.Object> org.springframework.data.rest.webmvc.RepositorySearchController.headForSearch(org.springframework.data.rest.webmvc.RootResourceInformation,java.lang.String)
2016-04-28 20:06:37.829  INFO 67382 --- [           main] o.s.d.r.w.BasePathAwareHandlerMapping    : Mapped "{[/profile],methods=[OPTIONS]}" onto public org.springframework.http.HttpEntity<?> org.springframework.data.rest.webmvc.ProfileController.profileOptions()
2016-04-28 20:06:37.830  INFO 67382 --- [           main] o.s.d.r.w.BasePathAwareHandlerMapping    : Mapped "{[/profile],methods=[GET]}" onto org.springframework.http.HttpEntity<org.springframework.hateoas.ResourceSupport> org.springframework.data.rest.webmvc.ProfileController.listAllFormsOfMetadata()
2016-04-28 20:06:37.831  INFO 67382 --- [           main] o.s.d.r.w.BasePathAwareHandlerMapping    : Mapped "{[/profile/{repository}],methods=[GET],produces=[application/schema+json]}" onto public org.springframework.http.HttpEntity<org.springframework.data.rest.webmvc.json.JsonSchema> org.springframework.data.rest.webmvc.RepositorySchemaController.schema(org.springframework.data.rest.webmvc.RootResourceInformation)
2016-04-28 20:06:37.831  INFO 67382 --- [           main] o.s.d.r.w.BasePathAwareHandlerMapping    : Mapped "{[/profile/{repository}],methods=[GET],produces=[application/alps+json || */*]}" onto org.springframework.http.HttpEntity<org.springframework.data.rest.webmvc.RootResourceInformation> org.springframework.data.rest.webmvc.alps.AlpsController.descriptor(org.springframework.data.rest.webmvc.RootResourceInformation)
2016-04-28 20:06:37.831  INFO 67382 --- [           main] o.s.d.r.w.BasePathAwareHandlerMapping    : Mapped "{[/profile/{repository}],methods=[OPTIONS],produces=[application/alps+json]}" onto org.springframework.http.HttpEntity<?> org.springframework.data.rest.webmvc.alps.AlpsController.alpsOptions()
2016-04-28 20:06:37.848  INFO 67382 --- [           main] .m.m.a.ExceptionHandlerExceptionResolver : Detected @ExceptionHandler methods in repositoryRestExceptionHandler
2016-04-28 20:06:38.102  INFO 67382 --- [           main] s.b.c.e.t.TomcatEmbeddedServletContainer : Tomcat started on port(s): 60105 (http)
2016-04-28 20:06:38.195  INFO 67382 --- [           main] com.example.bookpub.StartupRunner        : hello
2016-04-28 20:06:38.198  INFO 67382 --- [           main] com.example.bookpub.StartupRunner        : Datasource: org.apache.tomcat.jdbc.pool.DataSource@54b2fc58{ConnectionPool[defaultAutoCommit=null; defaultReadOnly=null; defaultTransactionIsolation=-1; defaultCatalog=null; driverClassName=org.h2.Driver; maxActive=100; maxIdle=100; minIdle=10; initialSize=10; maxWait=30000; testOnBorrow=false; testOnReturn=false; timeBetweenEvictionRunsMillis=5000; numTestsPerEvictionRun=0; minEvictableIdleTimeMillis=60000; testWhileIdle=false; testOnConnect=false; password=********; url=jdbc:h2:~/test;DB_CLOSE_DELAY=-1;DB_CLOSE_ON_EXIT=FALSE; username=sa; validationQuery=null; validationQueryTimeout=-1; validatorClassName=null; validationInterval=30000; accessToUnderlyingConnectionAllowed=true; removeAbandoned=false; removeAbandonedTimeout=60; logAbandoned=false; connectionProperties=null; initSQL=null; jdbcInterceptors=null; jmxEnabled=true; fairQueue=true; useEquals=true; abandonWhenPercentageFull=0; maxAge=0; useLock=false; dataSource=null; dataSourceJNDI=null; suspectTimeout=0; alternateUsernameAllowed=false; commitOnReturn=false; rollbackOnReturn=false; useDisposableConnectionFacade=true; logValidationErrors=false; propagateInterruptState=false; ignoreExceptionOnPreLoad=false; }
2016-04-28 20:06:38.361  INFO 67382 --- [           main] com.example.bookpub.StartupRunner        : Number of books: 1
2016-04-28 20:06:38.363  INFO 67382 --- [           main] com.example.BookPubApplicationTests      : Started BookPubApplicationTests in 7.54 seconds (JVM running for 8.53)
2016-04-28 20:06:38.386  INFO 67382 --- [           main] o.a.c.c.C.[Tomcat].[localhost].[/]       : Initializing Spring FrameworkServlet ''
2016-04-28 20:06:38.386  INFO 67382 --- [           main] o.s.t.web.servlet.TestDispatcherServlet  : FrameworkServlet '': initialization started
2016-04-28 20:06:38.405  INFO 67382 --- [           main] o.s.t.web.servlet.TestDispatcherServlet  : FrameworkServlet '': initialization completed in 19 ms
2016-04-28 20:06:38.593  INFO 67382 --- [o-auto-1-exec-1] o.a.c.c.C.[Tomcat].[localhost].[/]       : Initializing Spring FrameworkServlet 'dispatcherServlet'
2016-04-28 20:06:38.593  INFO 67382 --- [o-auto-1-exec-1] o.s.web.servlet.DispatcherServlet        : FrameworkServlet 'dispatcherServlet': initialization started
2016-04-28 20:06:38.595  INFO 67382 --- [o-auto-1-exec-1] o.s.web.servlet.DispatcherServlet        : FrameworkServlet 'dispatcherServlet': initialization completed in 2 ms
2016-04-28 20:06:38.848  WARN 67382 --- [o-auto-1-exec-1] .w.s.m.s.DefaultHandlerExceptionResolver : Failed to write HTTP message: org.springframework.http.converter.HttpMessageNotWritableException: Could not write content: Infinite recursion (StackOverflowError) (through reference chain: com.example.bookpub.entity.Author["books"]->org.hibernate.collection.internal.PersistentBag[0]->com.example.bookpub.entity.Book["author"]->com.example.bookpub.entity.Author["books"]->org.hibernate.collection.internal.PersistentBag[0]->com.example.bookpub.entity.Book["author"]->com.example.bookpub.entity.Author["books"]->org.hibernate.collection.internal.PersistentBag[0]->com.example.bookpub.entity.Book["author"]->com.example.bookpub.entity.Author["books"]->org.hibernate.collection.internal.PersistentBag[0]->com.example.bookpub.entity.Book["author"]->com.example.bookpub.entity.Author["books"]->org.hibernate.collection.internal.PersistentBag[0]->com.example.bookpub.entity.Book["author"]->com.example.bookpub.entity.Author["books"]->org.hibernate.collection.internal.PersistentBag[0]->com.example.bookpub.entity.Book["author"]->com.example.bookpub.entity.Author["books"]->org.hibernate.collection.internal.PersistentBag[0]->com.example.bookpub.entity.Book["author"]->com.example.bookpub.entity.Author["books"]->org.hibernate.collection.internal.PersistentBag[0]->com.example.bookpub.entity.Book["author"]->com.example.bookpub.entity.Author["books"]->org.hibernate.collection.internal.PersistentBag[0]->com.example.bookpub.entity.Book["author"]->com.example.bookpub.entity.Author["books"]->org.hibernate.collection.internal.PersistentBag[0]->com.example.bookpub.entity.Book["author"]->com.example.bookpub.entity.Author["books"]->org.hibernate.collection.internal.PersistentBag[0]->com.example.bookpub.entity.Book["author"]->com.example.bookpub.entity.Author["books"]->org.hibernate.collection.internal.PersistentBag[0]->com.example.bookpub.entity.Book["author"]->com.example.bookpub.entity.Author["books"]->org.hibernate.collection.internal.PersistentBag[0]->com.example.bookpub.entity.Book["author"]->com.example.bookpub.entity.Author["books"]->org.hibernate.collection.internal.PersistentBag[0]->com.example.bookpub.entity.Book["author"]->com.example.bookpub.entity.Author["books"]->org.hibernate.collection.internal.PersistentBag[0]->com.example.bookpub.entity.Book["author"]->com.example.bookpub.entity.Author["books"]->org.hibernate.collection.internal.PersistentBag[0]->com.example.bookpub.entity.Book["author"]->com.example.bookpub.entity.Author["books"]->org.hibernate.collection.internal.PersistentBag[0]->com.example.bookpub.entity.Book["author"]->com.example.bookpub.entity.Author["books"]->org.hibernate.collection.internal.PersistentBag[0]->com.example.bookpub.entity.Book["author"]->com.example.bookpub.entity.Author["books"]->org.hibernate.collection.internal.PersistentBag[0]->com.example.bookpub.entity.Book["author"]->com.example.bookpub.entity.Author["books"]->org.hibernate.collection.internal.PersistentBag[0]->com.example.bookpub.entity.Book["author"]->com.example.bookpub.entity.Author["books"]->org.hibernate.collection.internal.PersistentBag[0]->com.example.bookpub.entity.Book["author"]->com.example.bookpub.entity.Author["books"]->org.hibernate.collection.internal.PersistentBag[0]->com.example.bookpub.entity.Book["author"]->com.example.bookpub.entity.Author["books"]->org.hibernate.collection.internal.PersistentBag[0]->com.example.bookpub.entity.Book["author"]->com.example.bookpub.entity.Author["books"]->org.hibernate.collection.internal.PersistentBag[0]->com.example.bookpub.entity.Book["author"]->com.example.bookpub.entity.Author["books"]->org.hibernate.collection.internal.PersistentBag[0]->com.example.bookpub.entity.Book["author"]->com.example.bookpub.entity.Author["books"]->org.hibernate.collection.internal.PersistentBag[0]->com.example.bookpub.entity.Book["author"]->com.example.bookpub.entity.Author["books"]->org.hibernate.collection.internal.PersistentBag[0]->com.example.bookpub.entity.Book["author"]->com.example.bookpub.entity.Author["books"]->org.hibernate.collection.internal.PersistentBag[0]->com.example.bookpub.entity.Book["author"]->com.example.bookpub.entity.Author["books"]->org.hibernate.collection.internal.PersistentBag[0]->com.example.bookpub.entity.Book["author"]->com.example.bookpub.entity.Author["books"]->org.hibernate.collection.internal.PersistentBag[0]->com.example.bookpub.entity.Book["author"]->com.example.bookpub.entity.Author["books"]->org.hibernate.collection.internal.PersistentBag[0]->com.example.bookpub.entity.Book["author"]->com.example.bookpub.entity.Author["books"]->org.hibernate.collection.internal.PersistentBag[0]->com.example.bookpub.entity.Book["author"]->com.example.bookpub.entity.Author["books"]->org.hibernate.collection.internal.PersistentBag[0]->com.example.bookpub.entity.Book["author"]->com.example.bookpub.entity.Author["books"]->org.hibernate.collection.internal.PersistentBag[0]->com.example.bookpub.entity.Book["author"]->com.example.bookpub.entity.Author["books"]->org.hibernate.collection.internal.PersistentBag[0]->com.example.bookpub.entity.Book["author"]->com.example.bookpub.entity.Author["books"]->org.hibernate.collection.internal.PersistentBag[0]->com.example.bookpub.entity.Book["author"]->com.example.bookpub.entity.Author["books"]->org.hibernate.collection.internal.PersistentBag[0]->com.example.bookpub.entity.Book["author"]->com.example.bookpub.entity.Author["books"]->org.hibernate.collection.internal.PersistentBag[0]->com.example.bookpub.entity.Book["author"]->com.example.bookpub.entity.Author["books"]->org.hibernate.collection.internal.PersistentBag[0]->com.example.bookpub.entity.Book["author"]->com.example.bookpub.entity.Author["books"]->org.hibernate.collection.internal.PersistentBag[0]->com.example.bookpub.entity.Book["author"]->com.example.bookpub.entity.Author["books"]->org.hibernate.collection.internal.PersistentBag[0]->com.example.bookpub.entity.Book["author"]->com.example.bookpub.entity.Author["books"]->org.hibernate.collection.internal.PersistentBag[0]->com.example.bookpub.entity.Book["author"]->com.example.bookpub.entity.Author["books"]->org.hibernate.collection.internal.PersistentBag[0]->com.example.bookpub.entity.Book["author"]->com.example.bookpub.entity.Author["books"]->org.hibernate.collection.internal.PersistentBag[0]->com.example.bookpub.entity.Book["author"]->com.example.bookpub.entity.Author["books"]->org.hibernate.collection.internal.PersistentBag[0]->com.example.bookpub.entity.Book["author"]->com.example.bookpub.entity.Author["books"]->org.hibernate.collection.internal.PersistentBag[0]->com.example.bookpub.entity.Book["author"]->com.example.bookpub.entity.Author["books"]->org.hibernate.collection.internal.PersistentBag[0]->com.example.bookpub.entity.Book["author"]->com.example.bookpub.entity.Author["books"]->org.hibernate.collection.internal.PersistentBag[0]->com.example.bookpub.entity.Book["author"]->com.example.bookpub.entity.Author["books"]->org.hibernate.collection.internal.PersistentBag[0]->com.example.bookpub.entity.Book["author"]->com.example.bookpub.entity.Author["books"]->org.hibernate.collection.internal.PersistentBag[0]->com.example.bookpub.entity.Book["author"]->com.example.bookpub.entity.Author["books"]->org.hibernate.collection.internal.PersistentBag[0]->com.example.bookpub.entity.Book["author"]->com.example.bookpub.entity.Author["books"]->org.hibernate.collection.internal.PersistentBag[0]->com.example.bookpub.entity.Book["author"]->com.example.bookpub.entity.Author["books"]->org.hibernate.collection.internal.PersistentBag[0]->com.example.bookpub.entity.Book["author"]->com.example.bookpub.entity.Author["books"]->org.hibernate.collection.internal.PersistentBag[0]->com.example.bookpub.entity.Book["author"]->com.example.bookpub.entity.Author["books"]->org.hibernate.collection.internal.PersistentBag[0]->com.example.bookpub.entity.Book["author"]->com.example.bookpub.entity.Author["books"]->org.hibernate.collection.internal.PersistentBag[0]->com.example.bookpub.entity.Book["author"]->com.example.bookpub.entity.Author["books"]->org.hibernate.collection.internal.PersistentBag[0]->com.example.bookpub.entity.Book["author"]->com.example.bookpub.entity.Author["books"]->org.hibernate.collection.internal.PersistentBag[0]->com.example.bookpub.entity.Book["author"]->com.example.bookpub.entity.Author["books"]->org.hibernate.collection.internal.PersistentBag[0]->com.example.bookpub.entity.Book["author"]->com.example.bookpub.entity.Author["books"]->org.hibernate.collection.internal.PersistentBag[0]->com.example.bookpub.entity.Book["author"]->com.example.bookpub.entity.Author["books"]->org.hibernate.collection.internal.PersistentBag[0]->com.example.bookpub.entity.Book["author"]->com.example.bookpub.entity.Author["books"]->org.hibernate.collection.internal.PersistentBag[0]->com.example.bookpub.entity.Book["author"]->com.example.bookpub.entity.Author["books"]->org.hibernate.collection.internal.PersistentBag[0]->com.example.bookpub.entity.Book["author"]->com.example.bookpub.entity.Author["books"]->org.hibernate.collection.internal.PersistentBag[0]->com.example.bookpub.entity.Book["author"]->com.example.bookpub.entity.Author["books"]->org.hibernate.collection.internal.PersistentBag[0]->com.example.bookpub.entity.Book["author"]->com.example.bookpub.entity.Author["books"]->org.hibernate.collection.internal.PersistentBag[0]->com.example.bookpub.entity.Book["author"]->com.example.bookpub.entity.Author["books"]->org.hibernate.collection.internal.PersistentBag[0]->com.example.bookpub.entity.Book["author"]->com.example.bookpub.entity.Author["books"]->org.hibernate.collection.internal.PersistentBag[0]->com.example.bookpub.entity.Book["author"]->com.example.bookpub.entity.Author["books"]->org.hibernate.collection.internal.PersistentBag[0]->com.example.bookpub.entity.Book["author"]->com.example.bookpub.entity.Author["books"]->org.hibernate.collection.internal.PersistentBag[0]->com.example.bookpub.entity.Book["author"]->com.example.bookpub.entity.Author["books"]->org.hibernate.collection.internal.PersistentBag[0]->com.example.bookpub.entity.Book["author"]->com.example.bookpub.entity.Author["books"]->org.hibernate.collection.internal.PersistentBag[0]->com.example.bookpub.entity.Book["author"]->com.example.bookpub.entity.Author["books"]->org.hibernate.collection.internal.PersistentBag[0]->com.example.bookpub.entity.Book["author"]->com.example.bookpub.entity.Author["books"]->org.hibernate.collection.internal.PersistentBag[0]->com.example.bookpub.entity.Book["author"]->com.example.bookpub.entity.Author["books"]->org.hibernate.collection.internal.PersistentBag[0]->com.example.bookpub.entity.Book["author"]->com.example.bookpub.entity.Author["books"]->org.hibernate.collection.internal.PersistentBag[0]->com.example.bookpub.entity.Book["author"]->com.example.bookpub.entity.Author["books"]->org.hibernate.collection.internal.PersistentBag[0]->com.example.bookpub.entity.Book["author"]->com.example.bookpub.entity.Author["books"]->org.hibernate.collection.internal.PersistentBag[0]->com.example.bookpub.entity.Book["author"]->com.example.bookpub.entity.Author["books"]->org.hibernate.collection.internal.PersistentBag[0]->com.example.bookpub.entity.Book["author"]->com.example.bookpub.entity.Author["books"]->org.hibernate.collection.internal.PersistentBag[0]->com.example.bookpub.entity.Book["author"]->com.example.bookpub.entity.Author["books"]->org.hibernate.collection.internal.PersistentBag[0]->com.example.bookpub.entity.Book["author"]->com.example.bookpub.entity.Author["books"]->org.hibernate.collection.internal.PersistentBag[0]->com.example.bookpub.entity.Book["author"]->com.example.bookpub.entity.Author["books"]->org.hibernate.collection.internal.PersistentBag[0]->com.example.bookpub.entity.Book["author"]->com.example.bookpub.entity.Author["books"]->org.hibernate.collection.internal.PersistentBag[0]->com.example.bookpub.entity.Book["author"]->com.example.bookpub.entity.Author["books"]->org.hibernate.collection.internal.PersistentBag[0]->com.example.bookpub.entity.Book["author"]->com.example.bookpub.entity.Author["books"]->org.hibernate.collection.internal.PersistentBag[0]->com.example.bookpub.entity.Book["author"]->com.example.bookpub.entity.Author["books"]->org.hibernate.collection.internal.PersistentBag[0]->com.example.bookpub.entity.Book["author"]->com.example.bookpub.entity.Author["books"]->org.hibernate.collection.internal.PersistentBag[0]->com.example.bookpub.entity.Book["author"]->com.example.bookpub.entity.Author["books"]->org.hibernate.collection.internal.PersistentBag[0]->com.example.bookpub.entity.Book["author"]->com.example.bookpub.entity.Author["books"]->org.hibernate.collection.internal.PersistentBag[0]->com.example.bookpub.entity.Book["author"]->com.example.bookpub.entity.Author["books"]->org.hibernate.collection.internal.PersistentBag[0]->com.example.bookpub.entity.Book["author"]->com.example.bookpub.entity.Author["books"]->org.hibernate.collection.internal.PersistentBag[0]->com.example.bookpub.entity.Book["author"]->com.example.bookpub.entity.Author["books"]->org.hibernate.collection.internal.PersistentBag[0]->com.example.bookpub.entity.Book["author"]->com.example.bookpub.entity.Author["books"]->org.hibernate.collection.internal.PersistentBag[0]->com.example.bookpub.entity.Book["author"]->com.example.bookpub.entity.Author["books"]->org.hibernate.collection.internal.PersistentBag[0]->com.example.bookpub.entity.Book["author"]->com.example.bookpub.entity.Author["books"]->org.hibernate.collection.internal.PersistentBag[0]->com.example.bookpub.entity.Book["author"]->com.example.bookpub.entity.Author["books"]->org.hibernate.collection.internal.PersistentBag[0]->com.example.bookpub.entity.Book["author"]->com.example.bookpub.entity.Author["books"]->org.hibernate.collection.internal.PersistentBag[0]->com.example.bookpub.entity.Book["author"]->com.example.bookpub.entity.Author["books"]->org.hibernate.collection.internal.PersistentBag[0]->com.example.bookpub.entity.Book["author"]->com.example.bookpub.entity.Author["books"]->org.hibernate.collection.internal.PersistentBag[0]->com.example.bookpub.entity.Book["author"]->com.example.bookpub.entity.Author["books"]->org.hibernate.collection.internal.PersistentBag[0]->com.example.bookpub.entity.Book["author"]->com.example.bookpub.entity.Author["books"]->org.hibernate.collection.internal.PersistentBag[0]->com.example.bookpub.entity.Book["author"]->com.example.bookpub.entity.Author["books"]->org.hibernate.collection.internal.PersistentBag[0]->com.example.bookpub.entity.Book["author"]->com.example.bookpub.entity.Author["books"]->org.hibernate.collection.internal.PersistentBag[0]->com.example.bookpub.entity.Book["author"]->com.example.bookpub.entity.Author["books"]->org.hibernate.collection.internal.PersistentBag[0]->com.example.bookpub.entity.Book["author"]->com.example.bookpub.entity.Author["books"]->org.hibernate.collection.internal.PersistentBag[0]->com.example.bookpub.entity.Book["author"]->com.example.bookpub.entity.Author["books"]->org.hibernate.collection.internal.PersistentBag[0]->com.example.bookpub.entity.Book["author"]->com.example.bookpub.entity.Author["books"]->org.hibernate.collection.internal.PersistentBag[0]->com.example.bookpub.entity.Book["author"]->com.example.bookpub.entity.Author["books"]->org.hibernate.collection.internal.PersistentBag[0]->com.example.bookpub.entity.Book["author"]->com.example.bookpub.entity.Author["books"]->org.hibernate.collection.internal.PersistentBag[0]->com.example.bookpub.entity.Book["author"]->com.example.bookpub.entity.Author["books"]->org.hibernate.collection.internal.PersistentBag[0]->com.example.bookpub.entity.Book["author"]->com.example.bookpub.entity.Author["books"]->org.hibernate.collection.internal.PersistentBag[0]->com.example.bookpub.entity.Book["author"]->com.example.bookpub.entity.Author["books"]->org.hibernate.collection.internal.PersistentBag[0]->com.example.bookpub.entity.Book["author"]->com.example.bookpub.entity.Author["books"]->org.hibernate.collection.internal.PersistentBag[0]->com.example.bookpub.entity.Book["author"]->com.example.bookpub.entity.Author["books"]->org.hibernate.collection.internal.PersistentBag[0]->com.example.bookpub.entity.Book["author"]->com.example.bookpub.entity.Author["books"]->org.hibernate.collection.internal.PersistentBag[0]->com.example.bookpub.entity.Book["author"]->com.example.bookpub.entity.Author["books"]->org.hibernate.collection.internal.PersistentBag[0]->com.example.bookpub.entity.Book["author"]->com.example.bookpub.entity.Author["books"]->org.hibernate.collection.internal.PersistentBag[0]->com.example.bookpub.entity.Book["author"]->com.example.bookpub.entity.Author["books"]->org.hibernate.collection.internal.PersistentBag[0]->com.example.bookpub.entity.Book["author"]->com.example.bookpub.entity.Author["books"]->org.hibernate.collection.internal.PersistentBag[0]->com.example.bookpub.entity.Book["author"]->com.example.bookpub.entity.Author["books"]->org.hibernate.collection.internal.PersistentBag[0]->com.example.bookpub.entity.Book["author"]->com.example.bookpub.entity.Author["books"]->org.hibernate.collection.internal.PersistentBag[0]->com.example.bookpub.entity.Book["author"]->com.example.bookpub.entity.Author["books"]->org.hibernate.collection.internal.PersistentBag[0]->com.example.bookpub.entity.Book["author"]->com.example.bookpub.entity.Author["books"]->org.hibernate.collection.internal.PersistentBag[0]->com.example.bookpub.entity.Book["author"]->com.example.bookpub.entity.Author["books"]->org.hibernate.collection.internal.PersistentBag[0]->com.example.bookpub.entity.Book["author"]->com.example.bookpub.entity.Author["books"]->org.hibernate.collection.internal.PersistentBag[0]->com.example.bookpub.entity.Book["author"]->com.example.bookpub.entity.Author["books"]->org.hibernate.collection.internal.PersistentBag[0]->com.example.bookpub.entity.Book["author"]->com.example.bookpub.entity.Author["books"]->org.hibernate.collection.internal.PersistentBag[0]->com.example.bookpub.entity.Book["author"]->com.example.bookpub.entity.Author["books"]->org.hibernate.collection.internal.PersistentBag[0]->com.example.bookpub.entity.Book["author"]->com.example.bookpub.entity.Author["books"]->org.hibernate.collection.internal.PersistentBag[0]->com.example.bookpub.entity.Book["author"]->com.example.bookpub.entity.Author["books"]->org.hibernate.collection.internal.PersistentBag[0]->com.example.bookpub.entity.Book["author"]->com.example.bookpub.entity.Author["books"]->org.hibernate.collection.internal.PersistentBag[0]->com.example.bookpub.entity.Book["author"]->com.example.bookpub.entity.Author["books"]->org.hibernate.collection.internal.PersistentBag[0]->com.example.bookpub.entity.Book["author"]->com.example.bookpub.entity.Author["books"]->org.hibernate.collection.internal.PersistentBag[0]->com.example.bookpub.entity.Book["author"]->com.example.bookpub.entity.Author["books"]->org.hibernate.collection.internal.PersistentBag[0]->com.example.bookpub.entity.Book["author"]->com.example.bookpub.entity.Author["books"]->org.hibernate.collection.internal.PersistentBag[0]->com.example.bookpub.entity.Book["author"]->com.example.bookpub.entity.Author["books"]->org.hibernate.collection.internal.PersistentBag[0]->com.example.bookpub.entity.Book["author"]->com.example.bookpub.entity.Author["books"]->org.hibernate.collection.internal.PersistentBag[0]->com.example.bookpub.entity.Book["author"]->com.example.bookpub.entity.Author["books"]->org.hibernate.collection.internal.PersistentBag[0]->com.example.bookpub.entity.Book["author"]->com.example.bookpub.entity.Author["books"]->org.hibernate.collection.internal.PersistentBag[0]->com.example.bookpub.entity.Book["author"]->com.example.bookpub.entity.Author["books"]->org.hibernate.collection.internal.PersistentBag[0]->com.example.bookpub.entity.Book["author"]->com.example.bookpub.entity.Author["books"]->org.hibernate.collection.internal.PersistentBag[0]->com.example.bookpub.entity.Book["author"]->com.example.bookpub.entity.Author["books"]->org.hibernate.collection.internal.PersistentBag[0]->com.example.bookpub.entity.Book["author"]->com.example.bookpub.entity.Author["books"]->org.hibernate.collection.internal.PersistentBag[0]->com.example.bookpub.entity.Book["author"]->com.example.bookpub.entity.Author["books"]->org.hibernate.collection.internal.PersistentBag[0]->com.example.bookpub.entity.Book["author"]->com.example.bookpub.entity.Author["books"]->org.hibernate.collection.internal.PersistentBag[0]->com.example.bookpub.entity.Book["author"]->com.example.bookpub.entity.Author["books"]->org.hibernate.collection.internal.PersistentBag[0]->com.example.bookpub.entity.Book["author"]->com.example.bookpub.entity.Author["books"]->org.hibernate.collection.internal.PersistentBag[0]->com.example.bookpub.entity.Book["author"]->com.example.bookpub.entity.Author["books"]->org.hibernate.collection.internal.PersistentBag[0]->com.example.bookpub.entity.Book["author"]->com.example.bookpub.entity.Author["books"]->org.hibernate.collection.internal.PersistentBag[0]->com.example.bookpub.entity.Book["author"]->com.example.bookpub.entity.Author["books"]->org.hibernate.collection.internal.PersistentBag[0]->com.example.bookpub.entity.Book["author"]->com.example.bookpub.entity.Author["books"]->org.hibernate.collection.internal.PersistentBag[0]->com.example.bookpub.entity.Book["author"]->com.example.bookpub.entity.Author["books"]->org.hibernate.collection.internal.PersistentBag[0]->com.example.bookpub.entity.Book["author"]->com.example.bookpub.entity.Author["books"]->org.hibernate.collection.internal.PersistentBag[0]->com.example.bookpub.entity.Book["author"]->com.example.bookpub.entity.Author["books"]->org.hibernate.collection.internal.PersistentBag[0]->com.example.bookpub.entity.Book["author"]->com.example.bookpub.entity.Author["books"]->org.hibernate.collection.internal.PersistentBag[0]->com.example.bookpub.entity.Book["author"]->com.example.bookpub.entity.Author["books"]->org.hibernate.collection.internal.PersistentBag[0]->com.example.bookpub.entity.Book["author"]->com.example.bookpub.entity.Author["books"]->org.hibernate.collection.internal.PersistentBag[0]->com.example.bookpub.entity.Book["author"]->com.example.bookpub.entity.Author["books"]->org.hibernate.collection.internal.PersistentBag[0]->com.example.bookpub.entity.Book["author"]->com.example.bookpub.entity.Author["books"]->org.hibernate.collection.internal.PersistentBag[0]->com.example.bookpub.entity.Book["author"]->com.example.bookpub.entity.Author["books"]->org.hibernate.collection.internal.PersistentBag[0]->com.example.bookpub.entity.Book["author"]->com.example.bookpub.entity.Author["books"]->org.hibernate.collection.internal.PersistentBag[0]->com.example.bookpub.entity.Book["author"]->com.example.bookpub.entity.Author["books"]->org.hibernate.collection.internal.PersistentBag[0]->com.example.bookpub.entity.Book["author"]->com.example.bookpub.entity.Author["books"]->org.hibernate.collection.internal.PersistentBag[0]->com.example.bookpub.entity.Book["author"]->com.example.bookpub.entity.Author["books"]->org.hibernate.collection.internal.PersistentBag[0]->com.example.bookpub.entity.Book["author"]->com.example.bookpub.entity.Author["books"]->org.hibernate.collection.internal.PersistentBag[0]->com.example.bookpub.entity.Book["author"]->com.example.bookpub.entity.Author["books"]->org.hibernate.collection.internal.PersistentBag[0]->com.example.bookpub.entity.Book["author"]->com.example.bookpub.entity.Author["books"]->org.hibernate.collection.internal.PersistentBag[0]->com.example.bookpub.entity.Book["author"]->com.example.bookpub.entity.Author["books"]->org.hibernate.collection.internal.PersistentBag[0]->com.example.bookpub.entity.Book["author"]->com.example.bookpub.entity.Author["books"]->org.hibernate.collection.internal.PersistentBag[0]->com.example.bookpub.entity.Book["author"]->com.example.bookpub.entity.Author["books"]->org.hibernate.collection.internal.PersistentBag[0]->com.example.bookpub.entity.Book["author"]->com.example.bookpub.entity.Author["books"]->org.hibernate.collection.internal.PersistentBag[0]->com.example.bookpub.entity.Book["author"]->com.example.bookpub.entity.Author["books"]->org.hibernate.collection.internal.PersistentBag[0]->com.example.bookpub.entity.Book["author"]->com.example.bookpub.entity.Author["books"]->org.hibernate.collection.internal.PersistentBag[0]->com.example.bookpub.entity.Book["author"]->com.example.bookpub.entity.Author["books"]->org.hibernate.collection.internal.PersistentBag[0]->com.example.bookpub.entity.Book["author"]->com.example.bookpub.entity.Author["books"]->org.hibernate.collection.internal.PersistentBag[0]->com.example.bookpub.entity.Book["author"]->com.example.bookpub.entity.Author["books"]->org.hibernate.collection.internal.PersistentBag[0]->com.example.bookpub.entity.Book["author"]->com.example.bookpub.entity.Author["books"]->org.hibernate.collection.internal.PersistentBag[0]->com.example.bookpub.entity.Book["author"]->com.example.bookpub.entity.Author["books"]->org.hibernate.collection.internal.PersistentBag[0]->com.example.bookpub.entity.Book["author"]->com.example.bookpub.entity.Author["books"]->org.hibernate.collection.internal.PersistentBag[0]->com.example.bookpub.entity.Book["author"]->com.example.bookpub.entity.Author["books"]->org.hibernate.collection.internal.PersistentBag[0]->com.example.bookpub.entity.Book["author"]->com.example.bookpub.entity.Author["books"]->org.hibernate.collection.internal.PersistentBag[0]->com.example.bookpub.entity.Book["author"]->com.example.bookpub.entity.Author["books"]->org.hibernate.collection.internal.PersistentBag[0]->com.example.bookpub.entity.Book["author"]->com.example.bookpub.entity.Author["books"]->org.hibernate.collection.internal.PersistentBag[0]->com.example.bookpub.entity.Book["author"]->com.example.bookpub.entity.Author["books"]->org.hibernate.collection.internal.PersistentBag[0]->com.example.bookpub.entity.Book["author"]->com.example.bookpub.entity.Author["books"]->org.hibernate.collection.internal.PersistentBag[0]->com.example.bookpub.entity.Book["author"]->com.example.bookpub.entity.Author["books"]->org.hibernate.collection.internal.PersistentBag[0]->com.example.bookpub.entity.Book["author"]->com.example.bookpub.entity.Author["books"]->org.hibernate.collection.internal.PersistentBag[0]->com.example.bookpub.entity.Book["author"]->com.example.bookpub.entity.Author["books"]->org.hibernate.collection.internal.PersistentBag[0]->com.example.bookpub.entity.Book["author"]->com.example.bookpub.entity.Author["books"]->org.hibernate.collection.internal.PersistentBag[0]->com.example.bookpub.entity.Book["author"]->com.example.bookpub.entity.Author["books"]->org.hibernate.collection.internal.PersistentBag[0]->com.example.bookpub.entity.Book["author"]->com.example.bookpub.entity.Author["books"]->org.hibernate.collection.internal.PersistentBag[0]->com.example.bookpub.entity.Book["author"]->com.example.bookpub.entity.Author["books"]->org.hibernate.collection.internal.PersistentBag[0]->com.example.bookpub.entity.Book["author"]->com.example.bookpub.entity.Author["books"]->org.hibernate.collection.internal.PersistentBag[0]->com.example.bookpub.entity.Book["author"]->com.example.bookpub.entity.Author["books"]->org.hibernate.collection.internal.PersistentBag[0]->com.example.bookpub.entity.Book["author"]->com.example.bookpub.entity.Author["books"]->org.hibernate.collection.internal.PersistentBag[0]->com.example.bookpub.entity.Book["author"]->com.example.bookpub.entity.Author["books"]->org.hibernate.collection.internal.PersistentBag[0]->com.example.bookpub.entity.Book["author"]->com.example.bookpub.entity.Author["books"]->org.hibernate.collection.internal.PersistentBag[0]->com.example.bookpub.entity.Book["author"]->com.example.bookpub.entity.Author["books"]->org.hibernate.collection.internal.PersistentBag[0]->com.example.bookpub.entity.Book["author"]->com.example.bookpub.entity.Author["books"]->org.hibernate.collection.internal.PersistentBag[0]->com.example.bookpub.entity.Book["author"]->com.example.bookpub.entity.Author["books"]->org.hibernate.collection.internal.PersistentBag[0]->com.example.bookpub.entity.Book["author"]->com.example.bookpub.entity.Author["books"]->org.hibernate.collection.internal.PersistentBag[0]->com.example.bookpub.entity.Book["author"]->com.example.bookpub.entity.Author["books"]->org.hibernate.collection.internal.PersistentBag[0]->com.example.bookpub.entity.Book["author"]->com.example.bookpub.entity.Author["books"]->org.hibernate.collection.internal.PersistentBag[0]->com.example.bookpub.entity.Book["author"]->com.example.bookpub.entity.Author["books"]->org.hibernate.collection.internal.PersistentBag[0]->com.example.bookpub.entity.Book["author"]->com.example.bookpub.entity.Author["books"]->org.hibernate.collection.internal.PersistentBag[0]->com.example.bookpub.entity.Book["author"]->com.example.bookpub.entity.Author["books"]->org.hibernate.collection.internal.PersistentBag[0]->com.example.bookpub.entity.Book["author"]->com.example.bookpub.entity.Author["books"]->org.hibernate.collection.internal.PersistentBag[0]->com.example.bookpub.entity.Book["author"]->com.example.bookpub.entity.Author["books"]->org.hibernate.collection.internal.PersistentBag[0]->com.example.bookpub.entity.Book["author"]->com.example.bookpub.entity.Author["books"]->org.hibernate.collection.internal.PersistentBag[0]->com.example.bookpub.entity.Book["author"]->com.example.bookpub.entity.Author["books"]->org.hibernate.collection.internal.PersistentBag[0]->com.example.bookpub.entity.Book["author"]->com.example.bookpub.entity.Author["books"]->org.hibernate.collection.internal.PersistentBag[0]->com.example.bookpub.entity.Book["author"]->com.example.bookpub.entity.Author["books"]->org.hibernate.collection.internal.PersistentBag[0]->com.example.bookpub.entity.Book["author"]->com.example.bookpub.entity.Author["books"]->org.hibernate.collection.internal.PersistentBag[0]->com.example.bookpub.entity.Book["author"]->com.example.bookpub.entity.Author["books"]->org.hibernate.collection.internal.PersistentBag[0]->com.example.bookpub.entity.Book["author"]->com.example.bookpub.entity.Author["books"]->org.hibernate.collection.internal.PersistentBag[0]->com.example.bookpub.entity.Book["author"]->com.example.bookpub.entity.Author["books"]->org.hibernate.collection.internal.PersistentBag[0]->com.example.bookpub.entity.Book["author"]->com.example.bookpub.entity.Author["books"]->org.hibernate.collection.internal.PersistentBag[0]->com.example.bookpub.entity.Book["author"]->com.example.bookpub.entity.Author["books"]->org.hibernate.collection.internal.PersistentBag[0]->com.example.bookpub.entity.Book["author"]->com.example.bookpub.entity.Author["books"]->org.hibernate.collection.internal.PersistentBag[0]->com.example.bookpub.entity.Book["author"]->com.example.bookpub.entity.Author["books"]->org.hibernate.collection.internal.PersistentBag[0]->com.example.bookpub.entity.Book["author"]->com.example.bookpub.entity.Author["books"]->org.hibernate.collection.internal.PersistentBag[0]->com.example.bookpub.entity.Book["author"]->com.example.bookpub.entity.Author["books"]->org.hibernate.collection.internal.PersistentBag[0]->com.example.bookpub.entity.Book["author"]->com.example.bookpub.entity.Author["books"]->org.hibernate.collection.internal.PersistentBag[0]->com.example.bookpub.entity.Book["author"]->com.example.bookpub.entity.Author["books"]->org.hibernate.collection.internal.PersistentBag[0]->com.example.bookpub.entity.Book["author"]->com.example.bookpub.entity.Author["books"]->org.hibernate.collection.internal.PersistentBag[0]->com.example.bookpub.entity.Book["author"]->com.example.bookpub.entity.Author["books"]->org.hibernate.collection.internal.PersistentBag[0]->com.example.bookpub.entity.Book["author"]->com.example.bookpub.entity.Author["books"]->org.hibernate.collection.internal.PersistentBag[0]->com.example.bookpub.entity.Book["author"]->com.example.bookpub.entity.Author["books"]->org.hibernate.collection.internal.PersistentBag[0]->com.example.bookpub.entity.Book["author"]->com.example.bookpub.entity.Author["books"]->org.hibernate.collection.internal.PersistentBag[0]->com.example.bookpub.entity.Book["author"]->com.example.bookpub.entity.Author["books"]->org.hibernate.collection.internal.PersistentBag[0]->com.example.bookpub.entity.Book["author"]->com.example.bookpub.entity.Author["books"]->org.hibernate.collection.internal.PersistentBag[0]->com.example.bookpub.entity.Book["author"]->com.example.bookpub.entity.Author["books"]->org.hibernate.collection.internal.PersistentBag[0]->com.example.bookpub.entity.Book["author"]->com.example.bookpub.entity.Author["books"]->org.hibernate.collection.internal.PersistentBag[0]->com.example.bookpub.entity.Book["author"]->com.example.bookpub.entity.Author["books"]->org.hibernate.collection.internal.PersistentBag[0]->com.example.bookpub.entity.Book["author"]->com.example.bookpub.entity.Author["books"]->org.hibernate.collection.internal.PersistentBag[0]->com.example.bookpub.entity.Book["author"]->com.example.bookpub.entity.Author["books"]->org.hibernate.collection.internal.PersistentBag[0]->com.example.bookpub.entity.Book["author"]->com.example.bookpub.entity.Author["books"]->org.hibernate.collection.internal.PersistentBag[0]->com.example.bookpub.entity.Book["author"]->com.example.bookpub.entity.Author["books"]->org.hibernate.collection.internal.PersistentBag[0]->com.example.bookpub.entity.Book["author"]->com.example.bookpub.entity.Author["books"]->org.hibernate.collection.internal.PersistentBag[0]->com.example.bookpub.entity.Book["author"]->com.example.bookpub.entity.Author["books"]->org.hibernate.collection.internal.PersistentBag[0]->com.example.bookpub.entity.Book["author"]->com.example.bookpub.entity.Author["books"]->org.hibernate.collection.internal.PersistentBag[0]->com.example.bookpub.entity.Book["author"]->com.example.bookpub.entity.Author["books"]->org.hibernate.collection.internal.PersistentBag[0]->com.example.bookpub.entity.Book["author"]->com.example.bookpub.entity.Author["books"]->org.hibernate.collection.internal.PersistentBag[0]->com.example.bookpub.entity.Book["author"]->com.example.bookpub.entity.Author["books"]->org.hibernate.collection.internal.PersistentBag[0]->com.example.bookpub.entity.Book["author"]->com.example.bookpub.entity.Author["books"]->org.hibernate.collection.internal.PersistentBag[0]->com.example.bookpub.entity.Book["author"]->com.example.bookpub.entity.Author["books"]->org.hibernate.collection.internal.PersistentBag[0]->com.example.bookpub.entity.Book["author"]->com.example.bookpub.entity.Author["books"]->org.hibernate.collection.internal.PersistentBag[0]->com.example.bookpub.entity.Book["author"]->com.example.bookpub.entity.Author["books"]->org.hibernate.collection.internal.PersistentBag[0]->com.example.bookpub.entity.Book["author"]->com.example.bookpub.entity.Author["books"]->org.hibernate.collection.internal.PersistentBag[0]->com.example.bookpub.entity.Book["author"]->com.example.bookpub.entity.Author["books"]->org.hibernate.collection.internal.PersistentBag[0]->com.example.bookpub.entity.Book["author"]->com.example.bookpub.entity.Author["books"]->org.hibernate.collection.internal.PersistentBag[0]->com.example.bookpub.entity.Book["author"]->com.example.bookpub.entity.Author["books"]->org.hibernate.collection.internal.PersistentBag[0]->com.example.bookpub.entity.Book["author"]->com.example.bookpub.entity.Author["books"]->org.hibernate.collection.internal.PersistentBag[0]->com.example.bookpub.entity.Book["author"]->com.example.bookpub.entity.Author["books"]->org.hibernate.collection.internal.PersistentBag[0]->com.example.bookpub.entity.Book["author"]->com.example.bookpub.entity.Author["books"]->org.hibernate.collection.internal.PersistentBag[0]->com.example.bookpub.entity.Book["author"]->com.example.bookpub.entity.Author["books"]->org.hibernate.collection.internal.PersistentBag[0]->com.example.bookpub.entity.Book["author"]->com.example.bookpub.entity.Author["books"]->org.hibernate.collection.internal.PersistentBag[0]->com.example.bookpub.entity.Book["author"]->com.example.bookpub.entity.Author["books"]->org.hibernate.collection.internal.PersistentBag[0]->com.example.bookpub.entity.Book["author"]->com.example.bookpub.entity.Author["books"]->org.hibernate.collection.internal.PersistentBag[0]->com.example.bookpub.entity.Book["author"]->com.example.bookpub.entity.Author["books"]->org.hibernate.collection.internal.PersistentBag[0]->com.example.bookpub.entity.Book["author"]->com.example.bookpub.entity.Author["books"]->org.hibernate.collection.internal.PersistentBag[0]->com.example.bookpub.entity.Book["author"]->com.example.bookpub.entity.Author["books"]->org.hibernate.collection.internal.PersistentBag[0]->com.example.bookpub.entity.Book["author"]->com.example.bookpub.entity.Author["books"]->org.hibernate.collection.internal.PersistentBag[0]->com.example.bookpub.entity.Book["author"]->com.example.bookpub.entity.Author["books"]->org.hibernate.collection.internal.PersistentBag[0]->com.example.bookpub.entity.Book["author"]->com.example.bookpub.entity.Author["books"]->org.hibernate.collection.internal.PersistentBag[0]->com.example.bookpub.entity.Book["author"]->com.example.bookpub.entity.Author["books"]->org.hibernate.collection.internal.PersistentBag[0]->com.example.bookpub.entity.Book["author"]->com.example.bookpub.entity.Author["books"]->org.hibernate.collection.internal.PersistentBag[0]->com.example.bookpub.entity.Book["author"]->com.example.bookpub.entity.Author["books"]->org.hibernate.collection.internal.PersistentBag[0]->com.example.bookpub.entity.Book["author"]->com.example.bookpub.entity.Author["books"]->org.hibernate.collection.internal.PersistentBag[0]->com.example.bookpub.entity.Book["author"]->com.example.bookpub.entity.Author["books"]->org.hibernate.collection.internal.PersistentBag[0]->com.example.bookpub.entity.Book["author"]->com.example.bookpub.entity.Author["books"]->org.hibernate.collection.internal.PersistentBag[0]->com.example.bookpub.entity.Book["author"]->com.example.bookpub.entity.Author["books"]->org.hibernate.collection.internal.PersistentBag[0]->com.example.bookpub.entity.Book["author"]->com.example.bookpub.entity.Author["books"]->org.hibernate.collection.internal.PersistentBag[0]->com.example.bookpub.entity.Book["author"]->com.example.bookpub.entity.Author["books"]->org.hibernate.collection.internal.PersistentBag[0]->com.example.bookpub.entity.Book["author"]->com.example.bookpub.entity.Author["books"]->org.hibernate.collection.internal.PersistentBag[0]->com.example.bookpub.entity.Book["author"]->com.example.bookpub.entity.Author["books"]->org.hibernate.collection.internal.PersistentBag[0]->com.example.bookpub.entity.Book["author"]->com.example.bookpub.entity.Author["books"]->org.hibernate.collection.internal.PersistentBag[0]->com.example.bookpub.entity.Book["author"]->com.example.bookpub.entity.Author["books"]->org.hibernate.collection.internal.PersistentBag[0]->com.example.bookpub.entity.Book["author"]->com.example.bookpub.entity.Author["books"]->org.hibernate.collection.internal.PersistentBag[0]->com.example.bookpub.entity.Book["author"]->com.example.bookpub.entity.Author["books"]->org.hibernate.collection.internal.PersistentBag[0]->com.example.bookpub.entity.Book["author"]->com.example.bookpub.entity.Author["books"]->org.hibernate.collection.internal.PersistentBag[0]->com.example.bookpub.entity.Book["author"]->com.example.bookpub.entity.Author["books"]->org.hibernate.collection.internal.PersistentBag[0]->com.example.bookpub.entity.Book["author"]->com.example.bookpub.entity.Author["books"]->org.hibernate.collection.internal.PersistentBag[0]->com.example.bookpub.entity.Book["author"]->com.example.bookpub.entity.Author["books"]->org.hibernate.collection.internal.PersistentBag[0]->com.example.bookpub.entity.Book["author"]->com.example.bookpub.entity.Author["books"]->org.hibernate.collection.internal.PersistentBag[0]->com.example.bookpub.entity.Book["author"]->com.example.bookpub.entity.Author["books"]->org.hibernate.collection.internal.PersistentBag[0]->com.example.bookpub.entity.Book["author"]->com.example.bookpub.entity.Author["books"]->org.hibernate.collection.internal.PersistentBag[0]->com.example.bookpub.entity.Book["author"]->com.example.bookpub.entity.Author["books"]->org.hibernate.collection.internal.PersistentBag[0]->com.example.bookpub.entity.Book["author"]->com.example.bookpub.entity.Author["books"]->org.hibernate.collection.internal.PersistentBag[0]->com.example.bookpub.entity.Book["author"]->com.example.bookpub.entity.Author["books"]->org.hibernate.collection.internal.PersistentBag[0]->com.example.bookpub.entity.Book["author"]->com.example.bookpub.entity.Author["books"]->org.hibernate.collection.internal.PersistentBag[0]->com.example.bookpub.entity.Book["author"]->com.example.bookpub.entity.Author["books"]->org.hibernate.collection.internal.PersistentBag[0]->com.example.bookpub.entity.Book["author"]->com.example.bookpub.entity.Author["books"]->org.hibernate.collection.internal.PersistentBag[0]->com.example.bookpub.entity.Book["author"]->com.example.bookpub.entity.Author["books"]->org.hibernate.collection.internal.PersistentBag[0]->com.example.bookpub.entity.Book["author"]->com.example.bookpub.entity.Author["books"]->org.hibernate.collection.internal.PersistentBag[0]->com.example.bookpub.entity.Book["author"]->com.example.bookpub.entity.Author["books"]->org.hibernate.collection.internal.PersistentBag[0]->com.example.bookpub.entity.Book["author"]->com.example.bookpub.entity.Author["books"]->org.hibernate.collection.internal.PersistentBag[0]->com.example.bookpub.entity.Book["author"]->com.example.bookpub.entity.Author["books"]->org.hibernate.collection.internal.PersistentBag[0]->com.example.bookpub.entity.Book["author"]->com.example.bookpub.entity.Author["books"]->org.hibernate.collection.internal.PersistentBag[0]->com.example.bookpub.entity.Book["author"]->com.example.bookpub.entity.Author["books"]->org.hibernate.collection.internal.PersistentBag[0]->com.example.bookpub.entity.Book["author"]->com.example.bookpub.entity.Author["books"]->org.hibernate.collection.internal.PersistentBag[0]->com.example.bookpub.entity.Book["author"]->com.example.bookpub.entity.Author["books"]->org.hibernate.collection.internal.PersistentBag[0]->com.example.bookpub.entity.Book["author"]->com.example.bookpub.entity.Author["books"]->org.hibernate.collection.internal.PersistentBag[0]->com.example.bookpub.entity.Book["author"]->com.example.bookpub.entity.Author["books"]->org.hibernate.collection.internal.PersistentBag[0]->com.example.bookpub.entity.Book["author"]->com.example.bookpub.entity.Author["books"]->org.hibernate.collection.internal.PersistentBag[0]->com.example.bookpub.entity.Book["author"]->com.example.bookpub.entity.Author["books"]->org.hibernate.collection.internal.PersistentBag[0]->com.example.bookpub.entity.Book["author"]->com.example.bookpub.entity.Author["books"]->org.hibernate.collection.internal.PersistentBag[0]->com.example.bookpub.entity.Book["author"]->com.example.bookpub.entity.Author["books"]->org.hibernate.collection.internal.PersistentBag[0]->com.example.bookpub.entity.Book["author"]->com.example.bookpub.entity.Author["books"]->org.hibernate.collection.internal.PersistentBag[0]->com.example.bookpub.entity.Book["author"]->com.example.bookpub.entity.Author["books"]->org.hibernate.collection.internal.PersistentBag[0]->com.example.bookpub.entity.Book["author"]->com.example.bookpub.entity.Author["books"]->org.hibernate.collection.internal.PersistentBag[0]->com.example.bookpub.entity.Book["author"]->com.example.bookpub.entity.Author["books"]->org.hibernate.collection.internal.PersistentBag[0]->com.example.bookpub.entity.Book["author"]->com.example.bookpub.entity.Author["books"]->org.hibernate.collection.internal.PersistentBag[0]->com.example.bookpub.entity.Book["author"]->com.example.bookpub.entity.Author["books"]->org.hibernate.collection.internal.PersistentBag[0]->com.example.bookpub.entity.Book["author"]->com.example.bookpub.entity.Author["books"]->org.hibernate.collection.internal.PersistentBag[0]->com.example.bookpub.entity.Book["author"]->com.example.bookpub.entity.Author["books"]->org.hibernate.collection.internal.PersistentBag[0]->com.example.bookpub.entity.Book["author"]->com.example.bookpub.entity.Author["books"]->org.hibernate.collection.internal.PersistentBag[0]->com.example.bookpub.entity.Book["author"]->com.example.bookpub.entity.Author["books"]->org.hibernate.collection.internal.PersistentBag[0]->com.example.bookpub.entity.Book["author"]->com.example.bookpub.entity.Author["books"]->org.hibernate.collection.internal.PersistentBag[0]->com.example.bookpub.entity.Book["author"]->com.example.bookpub.entity.Author["books"]->org.hibernate.collection.internal.PersistentBag[0]->com.example.bookpub.entity.Book["author"]->com.example.bookpub.entity.Author["books"]->org.hibernate.collection.internal.PersistentBag[0]->com.example.bookpub.entity.Book["author"]->com.example.bookpub.entity.Author["books"]->org.hibernate.collection.internal.PersistentBag[0]->com.example.bookpub.entity.Book["author"]->com.example.bookpub.entity.Author["books"]->org.hibernate.collection.internal.PersistentBag[0]->com.example.bookpub.entity.Book["author"]->com.example.bookpub.entity.Author["books"]->org.hibernate.collection.internal.PersistentBag[0]->com.example.bookpub.entity.Book["author"]->com.example.bookpub.entity.Author["books"]->org.hibernate.collection.internal.PersistentBag[0]->com.example.bookpub.entity.Book["author"]->com.example.bookpub.entity.Author["books"]->org.hibernate.collection.internal.PersistentBag[0]->com.example.bookpub.entity.Book["author"]->com.example.bookpub.entity.Author["books"]->org.hibernate.collection.internal.PersistentBag[0]->com.example.bookpub.entity.Book["author"]->com.example.bookpub.entity.Author["books"]->org.hibernate.collection.internal.PersistentBag[0]->com.example.bookpub.entity.Book["author"]->com.example.bookpub.entity.Author["books"]->org.hibernate.collection.internal.PersistentBag[0]->com.example.bookpub.entity.Book["author"]->com.example.bookpub.entity.Author["books"]->org.hibernate.collection.internal.PersistentBag[0]->com.example.bookpub.entity.Book["author"]->com.example.bookpub.entity.Author["books"]->org.hibernate.collection.internal.PersistentBag[0]->com.example.bookpub.entity.Book["author"]->com.example.bookpub.entity.Author["books"]->org.hibernate.collection.internal.PersistentBag[0]->com.example.bookpub.entity.Book["author"]->com.example.bookpub.entity.Author["books"]); nested exception is com.fasterxml.jackson.databind.JsonMappingException: Infinite recursion (StackOverflowError) (through reference chain: com.example.bookpub.entity.Author["books"]->org.hibernate.collection.internal.PersistentBag[0]->com.example.bookpub.entity.Book["author"]->com.example.bookpub.entity.Author["books"]->org.hibernate.collection.internal.PersistentBag[0]->com.example.bookpub.entity.Book["author"]->com.example.bookpub.entity.Author["books"]->org.hibernate.collection.internal.PersistentBag[0]->com.example.bookpub.entity.Book["author"]->com.example.bookpub.entity.Author["books"]->org.hibernate.collection.internal.PersistentBag[0]->com.example.bookpub.entity.Book["author"]->com.example.bookpub.entity.Author["books"]->org.hibernate.collection.internal.PersistentBag[0]->com.example.bookpub.entity.Book["author"]->com.example.bookpub.entity.Author["books"]->org.hibernate.collection.internal.PersistentBag[0]->com.example.bookpub.entity.Book["author"]->com.example.bookpub.entity.Author["books"]->org.hibernate.collection.internal.PersistentBag[0]->com.example.bookpub.entity.Book["author"]->com.example.bookpub.entity.Author["books"]->org.hibernate.collection.internal.PersistentBag[0]->com.example.bookpub.entity.Book["author"]->com.example.bookpub.entity.Author["books"]->org.hibernate.collection.internal.PersistentBag[0]->com.example.bookpub.entity.Book["author"]->com.example.bookpub.entity.Author["books"]->org.hibernate.collection.internal.PersistentBag[0]->com.example.bookpub.entity.Book["author"]->com.example.bookpub.entity.Author["books"]->org.hibernate.collection.internal.PersistentBag[0]->com.example.bookpub.entity.Book["author"]->com.example.bookpub.entity.Author["books"]->org.hibernate.collection.internal.PersistentBag[0]->com.example.bookpub.entity.Book["author"]->com.example.bookpub.entity.Author["books"]->org.hibernate.collection.internal.PersistentBag[0]->com.example.bookpub.entity.Book["author"]->com.example.bookpub.entity.Author["books"]->org.hibernate.collection.internal.PersistentBag[0]->com.example.bookpub.entity.Book["author"]->com.example.bookpub.entity.Author["books"]->org.hibernate.collection.internal.PersistentBag[0]->com.example.bookpub.entity.Book["author"]->com.example.bookpub.entity.Author["books"]->org.hibernate.collection.internal.PersistentBag[0]->com.example.bookpub.entity.Book["author"]->com.example.bookpub.entity.Author["books"]->org.hibernate.collection.internal.PersistentBag[0]->com.example.bookpub.entity.Book["author"]->com.example.bookpub.entity.Author["books"]->org.hibernate.collection.internal.PersistentBag[0]->com.example.bookpub.entity.Book["author"]->com.example.bookpub.entity.Author["books"]->org.hibernate.collection.internal.PersistentBag[0]->com.example.bookpub.entity.Book["author"]->com.example.bookpub.entity.Author["books"]->org.hibernate.collection.internal.PersistentBag[0]->com.example.bookpub.entity.Book["author"]->com.example.bookpub.entity.Author["books"]->org.hibernate.collection.internal.PersistentBag[0]->com.example.bookpub.entity.Book["author"]->com.example.bookpub.entity.Author["books"]->org.hibernate.collection.internal.PersistentBag[0]->com.example.bookpub.entity.Book["author"]->com.example.bookpub.entity.Author["books"]->org.hibernate.collection.internal.PersistentBag[0]->com.example.bookpub.entity.Book["author"]->com.example.bookpub.entity.Author["books"]->org.hibernate.collection.internal.PersistentBag[0]->com.example.bookpub.entity.Book["author"]->com.example.bookpub.entity.Author["books"]->org.hibernate.collection.internal.PersistentBag[0]->com.example.bookpub.entity.Book["author"]->com.example.bookpub.entity.Author["books"]->org.hibernate.collection.internal.PersistentBag[0]->com.example.bookpub.entity.Book["author"]->com.example.bookpub.entity.Author["books"]->org.hibernate.collection.internal.PersistentBag[0]->com.example.bookpub.entity.Book["author"]->com.example.bookpub.entity.Author["books"]->org.hibernate.collection.internal.PersistentBag[0]->com.example.bookpub.entity.Book["author"]->com.example.bookpub.entity.Author["books"]->org.hibernate.collection.internal.PersistentBag[0]->com.example.bookpub.entity.Book["author"]->com.example.bookpub.entity.Author["books"]->org.hibernate.collection.internal.PersistentBag[0]->com.example.bookpub.entity.Book["author"]->com.example.bookpub.entity.Author["books"]->org.hibernate.collection.internal.PersistentBag[0]->com.example.bookpub.entity.Book["author"]->com.example.bookpub.entity.Author["books"]->org.hibernate.collection.internal.PersistentBag[0]->com.example.bookpub.entity.Book["author"]->com.example.bookpub.entity.Author["books"]->org.hibernate.collection.internal.PersistentBag[0]->com.example.bookpub.entity.Book["author"]->com.example.bookpub.entity.Author["books"]->org.hibernate.collection.internal.PersistentBag[0]->com.example.bookpub.entity.Book["author"]->com.example.bookpub.entity.Author["books"]->org.hibernate.collection.internal.PersistentBag[0]->com.example.bookpub.entity.Book["author"]->com.example.bookpub.entity.Author["books"]->org.hibernate.collection.internal.PersistentBag[0]->com.example.bookpub.entity.Book["author"]->com.example.bookpub.entity.Author["books"]->org.hibernate.collection.internal.PersistentBag[0]->com.example.bookpub.entity.Book["author"]->com.example.bookpub.entity.Author["books"]->org.hibernate.collection.internal.PersistentBag[0]->com.example.bookpub.entity.Book["author"]->com.example.bookpub.entity.Author["books"]->org.hibernate.collection.internal.PersistentBag[0]->com.example.bookpub.entity.Book["author"]->com.example.bookpub.entity.Author["books"]->org.hibernate.collection.internal.PersistentBag[0]->com.example.bookpub.entity.Book["author"]->com.example.bookpub.entity.Author["books"]->org.hibernate.collection.internal.PersistentBag[0]->com.example.bookpub.entity.Book["author"]->com.example.bookpub.entity.Author["books"]->org.hibernate.collection.internal.PersistentBag[0]->com.example.bookpub.entity.Book["author"]->com.example.bookpub.entity.Author["books"]->org.hibernate.collection.internal.PersistentBag[0]->com.example.bookpub.entity.Book["author"]->com.example.bookpub.entity.Author["books"]->org.hibernate.collection.internal.PersistentBag[0]->com.example.bookpub.entity.Book["author"]->com.example.bookpub.entity.Author["books"]->org.hibernate.collection.internal.PersistentBag[0]->com.example.bookpub.entity.Book["author"]->com.example.bookpub.entity.Author["books"]->org.hibernate.collection.internal.PersistentBag[0]->com.example.bookpub.entity.Book["author"]->com.example.bookpub.entity.Author["books"]->org.hibernate.collection.internal.PersistentBag[0]->com.example.bookpub.entity.Book["author"]->com.example.bookpub.entity.Author["books"]->org.hibernate.collection.internal.PersistentBag[0]->com.example.bookpub.entity.Book["author"]->com.example.bookpub.entity.Author["books"]->org.hibernate.collection.internal.PersistentBag[0]->com.example.bookpub.entity.Book["author"]->com.example.bookpub.entity.Author["books"]->org.hibernate.collection.internal.PersistentBag[0]->com.example.bookpub.entity.Book["author"]->com.example.bookpub.entity.Author["books"]->org.hibernate.collection.internal.PersistentBag[0]->com.example.bookpub.entity.Book["author"]->com.example.bookpub.entity.Author["books"]->org.hibernate.collection.internal.PersistentBag[0]->com.example.bookpub.entity.Book["author"]->com.example.bookpub.entity.Author["books"]->org.hibernate.collection.internal.PersistentBag[0]->com.example.bookpub.entity.Book["author"]->com.example.bookpub.entity.Author["books"]->org.hibernate.collection.internal.PersistentBag[0]->com.example.bookpub.entity.Book["author"]->com.example.bookpub.entity.Author["books"]->org.hibernate.collection.internal.PersistentBag[0]->com.example.bookpub.entity.Book["author"]->com.example.bookpub.entity.Author["books"]->org.hibernate.collection.internal.PersistentBag[0]->com.example.bookpub.entity.Book["author"]->com.example.bookpub.entity.Author["books"]->org.hibernate.collection.internal.PersistentBag[0]->com.example.bookpub.entity.Book["author"]->com.example.bookpub.entity.Author["books"]->org.hibernate.collection.internal.PersistentBag[0]->com.example.bookpub.entity.Book["author"]->com.example.bookpub.entity.Author["books"]->org.hibernate.collection.internal.PersistentBag[0]->com.example.bookpub.entity.Book["author"]->com.example.bookpub.entity.Author["books"]->org.hibernate.collection.internal.PersistentBag[0]->com.example.bookpub.entity.Book["author"]->com.example.bookpub.entity.Author["books"]->org.hibernate.collection.internal.PersistentBag[0]->com.example.bookpub.entity.Book["author"]->com.example.bookpub.entity.Author["books"]->org.hibernate.collection.internal.PersistentBag[0]->com.example.bookpub.entity.Book["author"]->com.example.bookpub.entity.Author["books"]->org.hibernate.collection.internal.PersistentBag[0]->com.example.bookpub.entity.Book["author"]->com.example.bookpub.entity.Author["books"]->org.hibernate.collection.internal.PersistentBag[0]->com.example.bookpub.entity.Book["author"]->com.example.bookpub.entity.Author["books"]->org.hibernate.collection.internal.PersistentBag[0]->com.example.bookpub.entity.Book["author"]->com.example.bookpub.entity.Author["books"]->org.hibernate.collection.internal.PersistentBag[0]->com.example.bookpub.entity.Book["author"]->com.example.bookpub.entity.Author["books"]->org.hibernate.collection.internal.PersistentBag[0]->com.example.bookpub.entity.Book["author"]->com.example.bookpub.entity.Author["books"]->org.hibernate.collection.internal.PersistentBag[0]->com.example.bookpub.entity.Book["author"]->com.example.bookpub.entity.Author["books"]->org.hibernate.collection.internal.PersistentBag[0]->com.example.bookpub.entity.Book["author"]->com.example.bookpub.entity.Author["books"]->org.hibernate.collection.internal.PersistentBag[0]->com.example.bookpub.entity.Book["author"]->com.example.bookpub.entity.Author["books"]->org.hibernate.collection.internal.PersistentBag[0]->com.example.bookpub.entity.Book["author"]->com.example.bookpub.entity.Author["books"]->org.hibernate.collection.internal.PersistentBag[0]->com.example.bookpub.entity.Book["author"]->com.example.bookpub.entity.Author["books"]->org.hibernate.collection.internal.PersistentBag[0]->com.example.bookpub.entity.Book["author"]->com.example.bookpub.entity.Author["books"]->org.hibernate.collection.internal.PersistentBag[0]->com.example.bookpub.entity.Book["author"]->com.example.bookpub.entity.Author["books"]->org.hibernate.collection.internal.PersistentBag[0]->com.example.bookpub.entity.Book["author"]->com.example.bookpub.entity.Author["books"]->org.hibernate.collection.internal.PersistentBag[0]->com.example.bookpub.entity.Book["author"]->com.example.bookpub.entity.Author["books"]->org.hibernate.collection.internal.PersistentBag[0]->com.example.bookpub.entity.Book["author"]->com.example.bookpub.entity.Author["books"]->org.hibernate.collection.internal.PersistentBag[0]->com.example.bookpub.entity.Book["author"]->com.example.bookpub.entity.Author["books"]->org.hibernate.collection.internal.PersistentBag[0]->com.example.bookpub.entity.Book["author"]->com.example.bookpub.entity.Author["books"]->org.hibernate.collection.internal.PersistentBag[0]->com.example.bookpub.entity.Book["author"]->com.example.bookpub.entity.Author["books"]->org.hibernate.collection.internal.PersistentBag[0]->com.example.bookpub.entity.Book["author"]->com.example.bookpub.entity.Author["books"]->org.hibernate.collection.internal.PersistentBag[0]->com.example.bookpub.entity.Book["author"]->com.example.bookpub.entity.Author["books"]->org.hibernate.collection.internal.PersistentBag[0]->com.example.bookpub.entity.Book["author"]->com.example.bookpub.entity.Author["books"]->org.hibernate.collection.internal.PersistentBag[0]->com.example.bookpub.entity.Book["author"]->com.example.bookpub.entity.Author["books"]->org.hibernate.collection.internal.PersistentBag[0]->com.example.bookpub.entity.Book["author"]->com.example.bookpub.entity.Author["books"]->org.hibernate.collection.internal.PersistentBag[0]->com.example.bookpub.entity.Book["author"]->com.example.bookpub.entity.Author["books"]->org.hibernate.collection.internal.PersistentBag[0]->com.example.bookpub.entity.Book["author"]->com.example.bookpub.entity.Author["books"]->org.hibernate.collection.internal.PersistentBag[0]->com.example.bookpub.entity.Book["author"]->com.example.bookpub.entity.Author["books"]->org.hibernate.collection.internal.PersistentBag[0]->com.example.bookpub.entity.Book["author"]->com.example.bookpub.entity.Author["books"]->org.hibernate.collection.internal.PersistentBag[0]->com.example.bookpub.entity.Book["author"]->com.example.bookpub.entity.Author["books"]->org.hibernate.collection.internal.PersistentBag[0]->com.example.bookpub.entity.Book["author"]->com.example.bookpub.entity.Author["books"]->org.hibernate.collection.internal.PersistentBag[0]->com.example.bookpub.entity.Book["author"]->com.example.bookpub.entity.Author["books"]->org.hibernate.collection.internal.PersistentBag[0]->com.example.bookpub.entity.Book["author"]->com.example.bookpub.entity.Author["books"]->org.hibernate.collection.internal.PersistentBag[0]->com.example.bookpub.entity.Book["author"]->com.example.bookpub.entity.Author["books"]->org.hibernate.collection.internal.PersistentBag[0]->com.example.bookpub.entity.Book["author"]->com.example.bookpub.entity.Author["books"]->org.hibernate.collection.internal.PersistentBag[0]->com.example.bookpub.entity.Book["author"]->com.example.bookpub.entity.Author["books"]->org.hibernate.collection.internal.PersistentBag[0]->com.example.bookpub.entity.Book["author"]->com.example.bookpub.entity.Author["books"]->org.hibernate.collection.internal.PersistentBag[0]->com.example.bookpub.entity.Book["author"]->com.example.bookpub.entity.Author["books"]->org.hibernate.collection.internal.PersistentBag[0]->com.example.bookpub.entity.Book["author"]->com.example.bookpub.entity.Author["books"]->org.hibernate.collection.internal.PersistentBag[0]->com.example.bookpub.entity.Book["author"]->com.example.bookpub.entity.Author["books"]->org.hibernate.collection.internal.PersistentBag[0]->com.example.bookpub.entity.Book["author"]->com.example.bookpub.entity.Author["books"]->org.hibernate.collection.internal.PersistentBag[0]->com.example.bookpub.entity.Book["author"]->com.example.bookpub.entity.Author["books"]->org.hibernate.collection.internal.PersistentBag[0]->com.example.bookpub.entity.Book["author"]->com.example.bookpub.entity.Author["books"]->org.hibernate.collection.internal.PersistentBag[0]->com.example.bookpub.entity.Book["author"]->com.example.bookpub.entity.Author["books"]->org.hibernate.collection.internal.PersistentBag[0]->com.example.bookpub.entity.Book["author"]->com.example.bookpub.entity.Author["books"]->org.hibernate.collection.internal.PersistentBag[0]->com.example.bookpub.entity.Book["author"]->com.example.bookpub.entity.Author["books"]->org.hibernate.collection.internal.PersistentBag[0]->com.example.bookpub.entity.Book["author"]->com.example.bookpub.entity.Author["books"]->org.hibernate.collection.internal.PersistentBag[0]->com.example.bookpub.entity.Book["author"]->com.example.bookpub.entity.Author["books"]->org.hibernate.collection.internal.PersistentBag[0]->com.example.bookpub.entity.Book["author"]->com.example.bookpub.entity.Author["books"]->org.hibernate.collection.internal.PersistentBag[0]->com.example.bookpub.entity.Book["author"]->com.example.bookpub.entity.Author["books"]->org.hibernate.collection.internal.PersistentBag[0]->com.example.bookpub.entity.Book["author"]->com.example.bookpub.entity.Author["books"]->org.hibernate.collection.internal.PersistentBag[0]->com.example.bookpub.entity.Book["author"]->com.example.bookpub.entity.Author["books"]->org.hibernate.collection.internal.PersistentBag[0]->com.example.bookpub.entity.Book["author"]->com.example.bookpub.entity.Author["books"]->org.hibernate.collection.internal.PersistentBag[0]->com.example.bookpub.entity.Book["author"]->com.example.bookpub.entity.Author["books"]->org.hibernate.collection.internal.PersistentBag[0]->com.example.bookpub.entity.Book["author"]->com.example.bookpub.entity.Author["books"]->org.hibernate.collection.internal.PersistentBag[0]->com.example.bookpub.entity.Book["author"]->com.example.bookpub.entity.Author["books"]->org.hibernate.collection.internal.PersistentBag[0]->com.example.bookpub.entity.Book["author"]->com.example.bookpub.entity.Author["books"]->org.hibernate.collection.internal.PersistentBag[0]->com.example.bookpub.entity.Book["author"]->com.example.bookpub.entity.Author["books"]->org.hibernate.collection.internal.PersistentBag[0]->com.example.bookpub.entity.Book["author"]->com.example.bookpub.entity.Author["books"]->org.hibernate.collection.internal.PersistentBag[0]->com.example.bookpub.entity.Book["author"]->com.example.bookpub.entity.Author["books"]->org.hibernate.collection.internal.PersistentBag[0]->com.example.bookpub.entity.Book["author"]->com.example.bookpub.entity.Author["books"]->org.hibernate.collection.internal.PersistentBag[0]->com.example.bookpub.entity.Book["author"]->com.example.bookpub.entity.Author["books"]->org.hibernate.collection.internal.PersistentBag[0]->com.example.bookpub.entity.Book["author"]->com.example.bookpub.entity.Author["books"]->org.hibernate.collection.internal.PersistentBag[0]->com.example.bookpub.entity.Book["author"]->com.example.bookpub.entity.Author["books"]->org.hibernate.collection.internal.PersistentBag[0]->com.example.bookpub.entity.Book["author"]->com.example.bookpub.entity.Author["books"]->org.hibernate.collection.internal.PersistentBag[0]->com.example.bookpub.entity.Book["author"]->com.example.bookpub.entity.Author["books"]->org.hibernate.collection.internal.PersistentBag[0]->com.example.bookpub.entity.Book["author"]->com.example.bookpub.entity.Author["books"]->org.hibernate.collection.internal.PersistentBag[0]->com.example.bookpub.entity.Book["author"]->com.example.bookpub.entity.Author["books"]->org.hibernate.collection.internal.PersistentBag[0]->com.example.bookpub.entity.Book["author"]->com.example.bookpub.entity.Author["books"]->org.hibernate.collection.internal.PersistentBag[0]->com.example.bookpub.entity.Book["author"]->com.example.bookpub.entity.Author["books"]->org.hibernate.collection.internal.PersistentBag[0]->com.example.bookpub.entity.Book["author"]->com.example.bookpub.entity.Author["books"]->org.hibernate.collection.internal.PersistentBag[0]->com.example.bookpub.entity.Book["author"]->com.example.bookpub.entity.Author["books"]->org.hibernate.collection.internal.PersistentBag[0]->com.example.bookpub.entity.Book["author"]->com.example.bookpub.entity.Author["books"]->org.hibernate.collection.internal.PersistentBag[0]->com.example.bookpub.entity.Book["author"]->com.example.bookpub.entity.Author["books"]->org.hibernate.collection.internal.PersistentBag[0]->com.example.bookpub.entity.Book["author"]->com.example.bookpub.entity.Author["books"]->org.hibernate.collection.internal.PersistentBag[0]->com.example.bookpub.entity.Book["author"]->com.example.bookpub.entity.Author["books"]->org.hibernate.collection.internal.PersistentBag[0]->com.example.bookpub.entity.Book["author"]->com.example.bookpub.entity.Author["books"]->org.hibernate.collection.internal.PersistentBag[0]->com.example.bookpub.entity.Book["author"]->com.example.bookpub.entity.Author["books"]->org.hibernate.collection.internal.PersistentBag[0]->com.example.bookpub.entity.Book["author"]->com.example.bookpub.entity.Author["books"]->org.hibernate.collection.internal.PersistentBag[0]->com.example.bookpub.entity.Book["author"]->com.example.bookpub.entity.Author["books"]->org.hibernate.collection.internal.PersistentBag[0]->com.example.bookpub.entity.Book["author"]->com.example.bookpub.entity.Author["books"]->org.hibernate.collection.internal.PersistentBag[0]->com.example.bookpub.entity.Book["author"]->com.example.bookpub.entity.Author["books"]->org.hibernate.collection.internal.PersistentBag[0]->com.example.bookpub.entity.Book["author"]->com.example.bookpub.entity.Author["books"]->org.hibernate.collection.internal.PersistentBag[0]->com.example.bookpub.entity.Book["author"]->com.example.bookpub.entity.Author["books"]->org.hibernate.collection.internal.PersistentBag[0]->com.example.bookpub.entity.Book["author"]->com.example.bookpub.entity.Author["books"]->org.hibernate.collection.internal.PersistentBag[0]->com.example.bookpub.entity.Book["author"]->com.example.bookpub.entity.Author["books"]->org.hibernate.collection.internal.PersistentBag[0]->com.example.bookpub.entity.Book["author"]->com.example.bookpub.entity.Author["books"]->org.hibernate.collection.internal.PersistentBag[0]->com.example.bookpub.entity.Book["author"]->com.example.bookpub.entity.Author["books"]->org.hibernate.collection.internal.PersistentBag[0]->com.example.bookpub.entity.Book["author"]->com.example.bookpub.entity.Author["books"]->org.hibernate.collection.internal.PersistentBag[0]->com.example.bookpub.entity.Book["author"]->com.example.bookpub.entity.Author["books"]->org.hibernate.collection.internal.PersistentBag[0]->com.example.bookpub.entity.Book["author"]->com.example.bookpub.entity.Author["books"]->org.hibernate.collection.internal.PersistentBag[0]->com.example.bookpub.entity.Book["author"]->com.example.bookpub.entity.Author["books"]->org.hibernate.collection.internal.PersistentBag[0]->com.example.bookpub.entity.Book["author"]->com.example.bookpub.entity.Author["books"]->org.hibernate.collection.internal.PersistentBag[0]->com.example.bookpub.entity.Book["author"]->com.example.bookpub.entity.Author["books"]->org.hibernate.collection.internal.PersistentBag[0]->com.example.bookpub.entity.Book["author"]->com.example.bookpub.entity.Author["books"]->org.hibernate.collection.internal.PersistentBag[0]->com.example.bookpub.entity.Book["author"]->com.example.bookpub.entity.Author["books"]->org.hibernate.collection.internal.PersistentBag[0]->com.example.bookpub.entity.Book["author"]->com.example.bookpub.entity.Author["books"]->org.hibernate.collection.internal.PersistentBag[0]->com.example.bookpub.entity.Book["author"]->com.example.bookpub.entity.Author["books"]->org.hibernate.collection.internal.PersistentBag[0]->com.example.bookpub.entity.Book["author"]->com.example.bookpub.entity.Author["books"]->org.hibernate.collection.internal.PersistentBag[0]->com.example.bookpub.entity.Book["author"]->com.example.bookpub.entity.Author["books"]->org.hibernate.collection.internal.PersistentBag[0]->com.example.bookpub.entity.Book["author"]->com.example.bookpub.entity.Author["books"]->org.hibernate.collection.internal.PersistentBag[0]->com.example.bookpub.entity.Book["author"]->com.example.bookpub.entity.Author["books"]->org.hibernate.collection.internal.PersistentBag[0]->com.example.bookpub.entity.Book["author"]->com.example.bookpub.entity.Author["books"]->org.hibernate.collection.internal.PersistentBag[0]->com.example.bookpub.entity.Book["author"]->com.example.bookpub.entity.Author["books"]->org.hibernate.collection.internal.PersistentBag[0]->com.example.bookpub.entity.Book["author"]->com.example.bookpub.entity.Author["books"]->org.hibernate.collection.internal.PersistentBag[0]->com.example.bookpub.entity.Book["author"]->com.example.bookpub.entity.Author["books"]->org.hibernate.collection.internal.PersistentBag[0]->com.example.bookpub.entity.Book["author"]->com.example.bookpub.entity.Author["books"]->org.hibernate.collection.internal.PersistentBag[0]->com.example.bookpub.entity.Book["author"]->com.example.bookpub.entity.Author["books"]->org.hibernate.collection.internal.PersistentBag[0]->com.example.bookpub.entity.Book["author"]->com.example.bookpub.entity.Author["books"]->org.hibernate.collection.internal.PersistentBag[0]->com.example.bookpub.entity.Book["author"]->com.example.bookpub.entity.Author["books"]->org.hibernate.collection.internal.PersistentBag[0]->com.example.bookpub.entity.Book["author"]->com.example.bookpub.entity.Author["books"]->org.hibernate.collection.internal.PersistentBag[0]->com.example.bookpub.entity.Book["author"]->com.example.bookpub.entity.Author["books"]->org.hibernate.collection.internal.PersistentBag[0]->com.example.bookpub.entity.Book["author"]->com.example.bookpub.entity.Author["books"]->org.hibernate.collection.internal.PersistentBag[0]->com.example.bookpub.entity.Book["author"]->com.example.bookpub.entity.Author["books"]->org.hibernate.collection.internal.PersistentBag[0]->com.example.bookpub.entity.Book["author"]->com.example.bookpub.entity.Author["books"]->org.hibernate.collection.internal.PersistentBag[0]->com.example.bookpub.entity.Book["author"]->com.example.bookpub.entity.Author["books"]->org.hibernate.collection.internal.PersistentBag[0]->com.example.bookpub.entity.Book["author"]->com.example.bookpub.entity.Author["books"]->org.hibernate.collection.internal.PersistentBag[0]->com.example.bookpub.entity.Book["author"]->com.example.bookpub.entity.Author["books"]->org.hibernate.collection.internal.PersistentBag[0]->com.example.bookpub.entity.Book["author"]->com.example.bookpub.entity.Author["books"]->org.hibernate.collection.internal.PersistentBag[0]->com.example.bookpub.entity.Book["author"]->com.example.bookpub.entity.Author["books"]->org.hibernate.collection.internal.PersistentBag[0]->com.example.bookpub.entity.Book["author"]->com.example.bookpub.entity.Author["books"]->org.hibernate.collection.internal.PersistentBag[0]->com.example.bookpub.entity.Book["author"]->com.example.bookpub.entity.Author["books"]->org.hibernate.collection.internal.PersistentBag[0]->com.example.bookpub.entity.Book["author"]->com.example.bookpub.entity.Author["books"]->org.hibernate.collection.internal.PersistentBag[0]->com.example.bookpub.entity.Book["author"]->com.example.bookpub.entity.Author["books"]->org.hibernate.collection.internal.PersistentBag[0]->com.example.bookpub.entity.Book["author"]->com.example.bookpub.entity.Author["books"]->org.hibernate.collection.internal.PersistentBag[0]->com.example.bookpub.entity.Book["author"]->com.example.bookpub.entity.Author["books"]->org.hibernate.collection.internal.PersistentBag[0]->com.example.bookpub.entity.Book["author"]->com.example.bookpub.entity.Author["books"]->org.hibernate.collection.internal.PersistentBag[0]->com.example.bookpub.entity.Book["author"]->com.example.bookpub.entity.Author["books"]->org.hibernate.collection.internal.PersistentBag[0]->com.example.bookpub.entity.Book["author"]->com.example.bookpub.entity.Author["books"]->org.hibernate.collection.internal.PersistentBag[0]->com.example.bookpub.entity.Book["author"]->com.example.bookpub.entity.Author["books"]->org.hibernate.collection.internal.PersistentBag[0]->com.example.bookpub.entity.Book["author"]->com.example.bookpub.entity.Author["books"]->org.hibernate.collection.internal.PersistentBag[0]->com.example.bookpub.entity.Book["author"]->com.example.bookpub.entity.Author["books"]->org.hibernate.collection.internal.PersistentBag[0]->com.example.bookpub.entity.Book["author"]->com.example.bookpub.entity.Author["books"]->org.hibernate.collection.internal.PersistentBag[0]->com.example.bookpub.entity.Book["author"]->com.example.bookpub.entity.Author["books"]->org.hibernate.collection.internal.PersistentBag[0]->com.example.bookpub.entity.Book["author"]->com.example.bookpub.entity.Author["books"]->org.hibernate.collection.internal.PersistentBag[0]->com.example.bookpub.entity.Book["author"]->com.example.bookpub.entity.Author["books"]->org.hibernate.collection.internal.PersistentBag[0]->com.example.bookpub.entity.Book["author"]->com.example.bookpub.entity.Author["books"]->org.hibernate.collection.internal.PersistentBag[0]->com.example.bookpub.entity.Book["author"]->com.example.bookpub.entity.Author["books"]->org.hibernate.collection.internal.PersistentBag[0]->com.example.bookpub.entity.Book["author"]->com.example.bookpub.entity.Author["books"]->org.hibernate.collection.internal.PersistentBag[0]->com.example.bookpub.entity.Book["author"]->com.example.bookpub.entity.Author["books"]->org.hibernate.collection.internal.PersistentBag[0]->com.example.bookpub.entity.Book["author"]->com.example.bookpub.entity.Author["books"]->org.hibernate.collection.internal.PersistentBag[0]->com.example.bookpub.entity.Book["author"]->com.example.bookpub.entity.Author["books"]->org.hibernate.collection.internal.PersistentBag[0]->com.example.bookpub.entity.Book["author"]->com.example.bookpub.entity.Author["books"]->org.hibernate.collection.internal.PersistentBag[0]->com.example.bookpub.entity.Book["author"]->com.example.bookpub.entity.Author["books"]->org.hibernate.collection.internal.PersistentBag[0]->com.example.bookpub.entity.Book["author"]->com.example.bookpub.entity.Author["books"]->org.hibernate.collection.internal.PersistentBag[0]->com.example.bookpub.entity.Book["author"]->com.example.bookpub.entity.Author["books"]->org.hibernate.collection.internal.PersistentBag[0]->com.example.bookpub.entity.Book["author"]->com.example.bookpub.entity.Author["books"]->org.hibernate.collection.internal.PersistentBag[0]->com.example.bookpub.entity.Book["author"]->com.example.bookpub.entity.Author["books"]->org.hibernate.collection.internal.PersistentBag[0]->com.example.bookpub.entity.Book["author"]->com.example.bookpub.entity.Author["books"]->org.hibernate.collection.internal.PersistentBag[0]->com.example.bookpub.entity.Book["author"]->com.example.bookpub.entity.Author["books"]->org.hibernate.collection.internal.PersistentBag[0]->com.example.bookpub.entity.Book["author"]->com.example.bookpub.entity.Author["books"]->org.hibernate.collection.internal.PersistentBag[0]->com.example.bookpub.entity.Book["author"]->com.example.bookpub.entity.Author["books"]->org.hibernate.collection.internal.PersistentBag[0]->com.example.bookpub.entity.Book["author"]->com.example.bookpub.entity.Author["books"]->org.hibernate.collection.internal.PersistentBag[0]->com.example.bookpub.entity.Book["author"]->com.example.bookpub.entity.Author["books"]->org.hibernate.collection.internal.PersistentBag[0]->com.example.bookpub.entity.Book["author"]->com.example.bookpub.entity.Author["books"]->org.hibernate.collection.internal.PersistentBag[0]->com.example.bookpub.entity.Book["author"]->com.example.bookpub.entity.Author["books"]->org.hibernate.collection.internal.PersistentBag[0]->com.example.bookpub.entity.Book["author"]->com.example.bookpub.entity.Author["books"]->org.hibernate.collection.internal.PersistentBag[0]->com.example.bookpub.entity.Book["author"]->com.example.bookpub.entity.Author["books"]->org.hibernate.collection.internal.PersistentBag[0]->com.example.bookpub.entity.Book["author"]->com.example.bookpub.entity.Author["books"]->org.hibernate.collection.internal.PersistentBag[0]->com.example.bookpub.entity.Book["author"]->com.example.bookpub.entity.Author["books"]->org.hibernate.collection.internal.PersistentBag[0]->com.example.bookpub.entity.Book["author"]->com.example.bookpub.entity.Author["books"]->org.hibernate.collection.internal.PersistentBag[0]->com.example.bookpub.entity.Book["author"]->com.example.bookpub.entity.Author["books"]->org.hibernate.collection.internal.PersistentBag[0]->com.example.bookpub.entity.Book["author"]->com.example.bookpub.entity.Author["books"]->org.hibernate.collection.internal.PersistentBag[0]->com.example.bookpub.entity.Book["author"]->com.example.bookpub.entity.Author["books"]->org.hibernate.collection.internal.PersistentBag[0]->com.example.bookpub.entity.Book["author"]->com.example.bookpub.entity.Author["books"]->org.hibernate.collection.internal.PersistentBag[0]->com.example.bookpub.entity.Book["author"]->com.example.bookpub.entity.Author["books"]->org.hibernate.collection.internal.PersistentBag[0]->com.example.bookpub.entity.Book["author"]->com.example.bookpub.entity.Author["books"]->org.hibernate.collection.internal.PersistentBag[0]->com.example.bookpub.entity.Book["author"]->com.example.bookpub.entity.Author["books"]->org.hibernate.collection.internal.PersistentBag[0]->com.example.bookpub.entity.Book["author"]->com.example.bookpub.entity.Author["books"]->org.hibernate.collection.internal.PersistentBag[0]->com.example.bookpub.entity.Book["author"]->com.example.bookpub.entity.Author["books"]->org.hibernate.collection.internal.PersistentBag[0]->com.example.bookpub.entity.Book["author"]->com.example.bookpub.entity.Author["books"]->org.hibernate.collection.internal.PersistentBag[0]->com.example.bookpub.entity.Book["author"]->com.example.bookpub.entity.Author["books"]->org.hibernate.collection.internal.PersistentBag[0]->com.example.bookpub.entity.Book["author"]->com.example.bookpub.entity.Author["books"]->org.hibernate.collection.internal.PersistentBag[0]->com.example.bookpub.entity.Book["author"]->com.example.bookpub.entity.Author["books"]->org.hibernate.collection.internal.PersistentBag[0]->com.example.bookpub.entity.Book["author"]->com.example.bookpub.entity.Author["books"]->org.hibernate.collection.internal.PersistentBag[0]->com.example.bookpub.entity.Book["author"]->com.example.bookpub.entity.Author["books"]->org.hibernate.collection.internal.PersistentBag[0]->com.example.bookpub.entity.Book["author"]->com.example.bookpub.entity.Author["books"]->org.hibernate.collection.internal.PersistentBag[0]->com.example.bookpub.entity.Book["author"]->com.example.bookpub.entity.Author["books"]->org.hibernate.collection.internal.PersistentBag[0]->com.example.bookpub.entity.Book["author"]->com.example.bookpub.entity.Author["books"]->org.hibernate.collection.internal.PersistentBag[0]->com.example.bookpub.entity.Book["author"]->com.example.bookpub.entity.Author["books"]->org.hibernate.collection.internal.PersistentBag[0]->com.example.bookpub.entity.Book["author"]->com.example.bookpub.entity.Author["books"]->org.hibernate.collection.internal.PersistentBag[0]->com.example.bookpub.entity.Book["author"]->com.example.bookpub.entity.Author["books"]->org.hibernate.collection.internal.PersistentBag[0]->com.example.bookpub.entity.Book["author"]->com.example.bookpub.entity.Author["books"]->org.hibernate.collection.internal.PersistentBag[0]->com.example.bookpub.entity.Book["author"]->com.example.bookpub.entity.Author["books"]->org.hibernate.collection.internal.PersistentBag[0]->com.example.bookpub.entity.Book["author"]->com.example.bookpub.entity.Author["books"]->org.hibernate.collection.internal.PersistentBag[0]->com.example.bookpub.entity.Book["author"]->com.example.bookpub.entity.Author["books"]->org.hibernate.collection.internal.PersistentBag[0]->com.example.bookpub.entity.Book["author"]->com.example.bookpub.entity.Author["books"]->org.hibernate.collection.internal.PersistentBag[0]->com.example.bookpub.entity.Book["author"]->com.example.bookpub.entity.Author["books"]->org.hibernate.collection.internal.PersistentBag[0]->com.example.bookpub.entity.Book["author"]->com.example.bookpub.entity.Author["books"]->org.hibernate.collection.internal.PersistentBag[0]->com.example.bookpub.entity.Book["author"]->com.example.bookpub.entity.Author["books"]->org.hibernate.collection.internal.PersistentBag[0]->com.example.bookpub.entity.Book["author"]->com.example.bookpub.entity.Author["books"]->org.hibernate.collection.internal.PersistentBag[0]->com.example.bookpub.entity.Book["author"]->com.example.bookpub.entity.Author["books"]->org.hibernate.collection.internal.PersistentBag[0]->com.example.bookpub.entity.Book["author"]->com.example.bookpub.entity.Author["books"]->org.hibernate.collection.internal.PersistentBag[0]->com.example.bookpub.entity.Book["author"]->com.example.bookpub.entity.Author["books"]->org.hibernate.collection.internal.PersistentBag[0]->com.example.bookpub.entity.Book["author"]->com.example.bookpub.entity.Author["books"]->org.hibernate.collection.internal.PersistentBag[0]->com.example.bookpub.entity.Book["author"]->com.example.bookpub.entity.Author["books"]->org.hibernate.collection.internal.PersistentBag[0]->com.example.bookpub.entity.Book["author"]->com.example.bookpub.entity.Author["books"]->org.hibernate.collection.internal.PersistentBag[0]->com.example.bookpub.entity.Book["author"]->com.example.bookpub.entity.Author["books"]->org.hibernate.collection.internal.PersistentBag[0]->com.example.bookpub.entity.Book["author"]->com.example.bookpub.entity.Author["books"]->org.hibernate.collection.internal.PersistentBag[0]->com.example.bookpub.entity.Book["author"]->com.example.bookpub.entity.Author["books"]->org.hibernate.collection.internal.PersistentBag[0]->com.example.bookpub.entity.Book["author"]->com.example.bookpub.entity.Author["books"]->org.hibernate.collection.internal.PersistentBag[0]->com.example.bookpub.entity.Book["author"]->com.example.bookpub.entity.Author["books"]->org.hibernate.collection.internal.PersistentBag[0]->com.example.bookpub.entity.Book["author"]->com.example.bookpub.entity.Author["books"]->org.hibernate.collection.internal.PersistentBag[0]->com.example.bookpub.entity.Book["author"]->com.example.bookpub.entity.Author["books"]->org.hibernate.collection.internal.PersistentBag[0]->com.example.bookpub.entity.Book["author"]->com.example.bookpub.entity.Author["books"]->org.hibernate.collection.internal.PersistentBag[0]->com.example.bookpub.entity.Book["author"]->com.example.bookpub.entity.Author["books"]->org.hibernate.collection.internal.PersistentBag[0]->com.example.bookpub.entity.Book["author"]->com.example.bookpub.entity.Author["books"]->org.hibernate.collection.internal.PersistentBag[0]->com.example.bookpub.entity.Book["author"]->com.example.bookpub.entity.Author["books"]->org.hibernate.collection.internal.PersistentBag[0]->com.example.bookpub.entity.Book["author"]->com.example.bookpub.entity.Author["books"]->org.hibernate.collection.internal.PersistentBag[0]->com.example.bookpub.entity.Book["author"]->com.example.bookpub.entity.Author["books"]->org.hibernate.collection.internal.PersistentBag[0]->com.example.bookpub.entity.Book["author"]->com.example.bookpub.entity.Author["books"]->org.hibernate.collection.internal.PersistentBag[0]->com.example.bookpub.entity.Book["author"]->com.example.bookpub.entity.Author["books"]->org.hibernate.collection.internal.PersistentBag[0]->com.example.bookpub.entity.Book["author"]->com.example.bookpub.entity.Author["books"]->org.hibernate.collection.internal.PersistentBag[0]->com.example.bookpub.entity.Book["author"]->com.example.bookpub.entity.Author["books"]->org.hibernate.collection.internal.PersistentBag[0]->com.example.bookpub.entity.Book["author"]->com.example.bookpub.entity.Author["books"]->org.hibernate.collection.internal.PersistentBag[0]->com.example.bookpub.entity.Book["author"]->com.example.bookpub.entity.Author["books"]->org.hibernate.collection.internal.PersistentBag[0]->com.example.bookpub.entity.Book["author"]->com.example.bookpub.entity.Author["books"]->org.hibernate.collection.internal.PersistentBag[0]->com.example.bookpub.entity.Book["author"]->com.example.bookpub.entity.Author["books"]->org.hibernate.collection.internal.PersistentBag[0]->com.example.bookpub.entity.Book["author"]->com.example.bookpub.entity.Author["books"]->org.hibernate.collection.internal.PersistentBag[0]->com.example.bookpub.entity.Book["author"]->com.example.bookpub.entity.Author["books"]->org.hibernate.collection.internal.PersistentBag[0]->com.example.bookpub.entity.Book["author"]->com.example.bookpub.entity.Author["books"]->org.hibernate.collection.internal.PersistentBag[0]->com.example.bookpub.entity.Book["author"]->com.example.bookpub.entity.Author["books"]->org.hibernate.collection.internal.PersistentBag[0]->com.example.bookpub.entity.Book["author"]->com.example.bookpub.entity.Author["books"]->org.hibernate.collection.internal.PersistentBag[0]->com.example.bookpub.entity.Book["author"]->com.example.bookpub.entity.Author["books"]->org.hibernate.collection.internal.PersistentBag[0]->com.example.bookpub.entity.Book["author"]->com.example.bookpub.entity.Author["books"]->org.hibernate.collection.internal.PersistentBag[0]->com.example.bookpub.entity.Book["author"]->com.example.bookpub.entity.Author["books"]->org.hibernate.collection.internal.PersistentBag[0]->com.example.bookpub.entity.Book["author"]->com.example.bookpub.entity.Author["books"]->org.hibernate.collection.internal.PersistentBag[0]->com.example.bookpub.entity.Book["author"]->com.example.bookpub.entity.Author["books"]->org.hibernate.collection.internal.PersistentBag[0]->com.example.bookpub.entity.Book["author"]->com.example.bookpub.entity.Author["books"]->org.hibernate.collection.internal.PersistentBag[0]->com.example.bookpub.entity.Book["author"]->com.example.bookpub.entity.Author["books"]->org.hibernate.collection.internal.PersistentBag[0]->com.example.bookpub.entity.Book["author"]->com.example.bookpub.entity.Author["books"]->org.hibernate.collection.internal.PersistentBag[0]->com.example.bookpub.entity.Book["author"]->com.example.bookpub.entity.Author["books"]->org.hibernate.collection.internal.PersistentBag[0]->com.example.bookpub.entity.Book["author"]->com.example.bookpub.entity.Author["books"]->org.hibernate.collection.internal.PersistentBag[0]->com.example.bookpub.entity.Book["author"]->com.example.bookpub.entity.Author["books"]->org.hibernate.collection.internal.PersistentBag[0]->com.example.bookpub.entity.Book["author"]->com.example.bookpub.entity.Author["books"]->org.hibernate.collection.internal.PersistentBag[0]->com.example.bookpub.entity.Book["author"]->com.example.bookpub.entity.Author["books"]->org.hibernate.collection.internal.PersistentBag[0]->com.example.bookpub.entity.Book["author"]->com.example.bookpub.entity.Author["books"]->org.hibernate.collection.internal.PersistentBag[0]->com.example.bookpub.entity.Book["author"]->com.example.bookpub.entity.Author["books"]->org.hibernate.collection.internal.PersistentBag[0]->com.example.bookpub.entity.Book["author"]->com.example.bookpub.entity.Author["books"]->org.hibernate.collection.internal.PersistentBag[0]->com.example.bookpub.entity.Book["author"]->com.example.bookpub.entity.Author["books"]->org.hibernate.collection.internal.PersistentBag[0]->com.example.bookpub.entity.Book["author"]->com.example.bookpub.entity.Author["books"]->org.hibernate.collection.internal.PersistentBag[0]->com.example.bookpub.entity.Book["author"]->com.example.bookpub.entity.Author["books"]->org.hibernate.collection.internal.PersistentBag[0]->com.example.bookpub.entity.Book["author"]->com.example.bookpub.entity.Author["books"]->org.hibernate.collection.internal.PersistentBag[0]->com.example.bookpub.entity.Book["author"]->com.example.bookpub.entity.Author["books"]->org.hibernate.collection.internal.PersistentBag[0]->com.example.bookpub.entity.Book["author"]->com.example.bookpub.entity.Author["books"]->org.hibernate.collection.internal.PersistentBag[0]->com.example.bookpub.entity.Book["author"]->com.example.bookpub.entity.Author["books"]->org.hibernate.collection.internal.PersistentBag[0]->com.example.bookpub.entity.Book["author"]->com.example.bookpub.entity.Author["books"]->org.hibernate.collection.internal.PersistentBag[0]->com.example.bookpub.entity.Book["author"]->com.example.bookpub.entity.Author["books"]->org.hibernate.collection.internal.PersistentBag[0]->com.example.bookpub.entity.Book["author"]->com.example.bookpub.entity.Author["books"]->org.hibernate.collection.internal.PersistentBag[0]->com.example.bookpub.entity.Book["author"]->com.example.bookpub.entity.Author["books"]->org.hibernate.collection.internal.PersistentBag[0]->com.example.bookpub.entity.Book["author"]->com.example.bookpub.entity.Author["books"]->org.hibernate.collection.internal.PersistentBag[0]->com.example.bookpub.entity.Book["author"]->com.example.bookpub.entity.Author["books"]->org.hibernate.collection.internal.PersistentBag[0]->com.example.bookpub.entity.Book["author"]->com.example.bookpub.entity.Author["books"]->org.hibernate.collection.internal.PersistentBag[0]->com.example.bookpub.entity.Book["author"]->com.example.bookpub.entity.Author["books"]->org.hibernate.collection.internal.PersistentBag[0]->com.example.bookpub.entity.Book["author"]->com.example.bookpub.entity.Author["books"]->org.hibernate.collection.internal.PersistentBag[0]->com.example.bookpub.entity.Book["author"]->com.example.bookpub.entity.Author["books"]->org.hibernate.collection.internal.PersistentBag[0]->com.example.bookpub.entity.Book["author"]->com.example.bookpub.entity.Author["books"]->org.hibernate.collection.internal.PersistentBag[0]->com.example.bookpub.entity.Book["author"]->com.example.bookpub.entity.Author["books"]->org.hibernate.collection.internal.PersistentBag[0]->com.example.bookpub.entity.Book["author"]->com.example.bookpub.entity.Author["books"]->org.hibernate.collection.internal.PersistentBag[0]->com.example.bookpub.entity.Book["author"]->com.example.bookpub.entity.Author["books"]->org.hibernate.collection.internal.PersistentBag[0]->com.example.bookpub.entity.Book["author"]->com.example.bookpub.entity.Author["books"]->org.hibernate.collection.internal.PersistentBag[0]->com.example.bookpub.entity.Book["author"]->com.example.bookpub.entity.Author["books"]->org.hibernate.collection.internal.PersistentBag[0]->com.example.bookpub.entity.Book["author"]->com.example.bookpub.entity.Author["books"]->org.hibernate.collection.internal.PersistentBag[0]->com.example.bookpub.entity.Book["author"]->com.example.bookpub.entity.Author["books"]->org.hibernate.collection.internal.PersistentBag[0]->com.example.bookpub.entity.Book["author"]->com.example.bookpub.entity.Author["books"]->org.hibernate.collection.internal.PersistentBag[0]->com.example.bookpub.entity.Book["author"]->com.example.bookpub.entity.Author["books"]->org.hibernate.collection.internal.PersistentBag[0]->com.example.bookpub.entity.Book["author"]->com.example.bookpub.entity.Author["books"]->org.hibernate.collection.internal.PersistentBag[0]->com.example.bookpub.entity.Book["author"]->com.example.bookpub.entity.Author["books"]->org.hibernate.collection.internal.PersistentBag[0]->com.example.bookpub.entity.Book["author"]->com.example.bookpub.entity.Author["books"]->org.hibernate.collection.internal.PersistentBag[0]->com.example.bookpub.entity.Book["author"]->com.example.bookpub.entity.Author["books"]->org.hibernate.collection.internal.PersistentBag[0]->com.example.bookpub.entity.Book["author"]->com.example.bookpub.entity.Author["books"]->org.hibernate.collection.internal.PersistentBag[0]->com.example.bookpub.entity.Book["author"]->com.example.bookpub.entity.Author["books"]->org.hibernate.collection.internal.PersistentBag[0]->com.example.bookpub.entity.Book["author"]->com.example.bookpub.entity.Author["books"])
2016-04-28 20:06:38.862  WARN 67382 --- [o-auto-1-exec-1] .w.s.m.s.DefaultHandlerExceptionResolver : Handling of [org.springframework.http.converter.HttpMessageNotWritableException] resulted in Exception

java.lang.IllegalStateException: Cannot call sendError() after the response has been committed
	at org.apache.catalina.connector.ResponseFacade.sendError(ResponseFacade.java:478) ~[tomcat-embed-core-8.0.32.jar:8.0.32]
	at org.springframework.web.servlet.mvc.support.DefaultHandlerExceptionResolver.sendServerError(DefaultHandlerExceptionResolver.java:488) ~[spring-webmvc-4.2.5.RELEASE.jar:4.2.5.RELEASE]
	at org.springframework.web.servlet.mvc.support.DefaultHandlerExceptionResolver.handleHttpMessageNotWritable(DefaultHandlerExceptionResolver.java:402) ~[spring-webmvc-4.2.5.RELEASE.jar:4.2.5.RELEASE]
	at org.springframework.web.servlet.mvc.support.DefaultHandlerExceptionResolver.doResolveException(DefaultHandlerExceptionResolver.java:146) ~[spring-webmvc-4.2.5.RELEASE.jar:4.2.5.RELEASE]
	at org.springframework.web.servlet.handler.AbstractHandlerExceptionResolver.resolveException(AbstractHandlerExceptionResolver.java:137) [spring-webmvc-4.2.5.RELEASE.jar:4.2.5.RELEASE]
	at org.springframework.web.servlet.handler.HandlerExceptionResolverComposite.resolveException(HandlerExceptionResolverComposite.java:74) [spring-webmvc-4.2.5.RELEASE.jar:4.2.5.RELEASE]
	at org.springframework.web.servlet.DispatcherServlet.processHandlerException(DispatcherServlet.java:1182) [spring-webmvc-4.2.5.RELEASE.jar:4.2.5.RELEASE]
	at org.springframework.web.servlet.DispatcherServlet.processDispatchResult(DispatcherServlet.java:1020) [spring-webmvc-4.2.5.RELEASE.jar:4.2.5.RELEASE]
	at org.springframework.web.servlet.DispatcherServlet.doDispatch(DispatcherServlet.java:971) [spring-webmvc-4.2.5.RELEASE.jar:4.2.5.RELEASE]
	at org.springframework.web.servlet.DispatcherServlet.doService(DispatcherServlet.java:893) [spring-webmvc-4.2.5.RELEASE.jar:4.2.5.RELEASE]
	at org.springframework.web.servlet.FrameworkServlet.processRequest(FrameworkServlet.java:968) [spring-webmvc-4.2.5.RELEASE.jar:4.2.5.RELEASE]
	at org.springframework.web.servlet.FrameworkServlet.doGet(FrameworkServlet.java:859) [spring-webmvc-4.2.5.RELEASE.jar:4.2.5.RELEASE]
	at javax.servlet.http.HttpServlet.service(HttpServlet.java:622) [tomcat-embed-core-8.0.32.jar:8.0.32]
	at org.springframework.web.servlet.FrameworkServlet.service(FrameworkServlet.java:844) [spring-webmvc-4.2.5.RELEASE.jar:4.2.5.RELEASE]
	at javax.servlet.http.HttpServlet.service(HttpServlet.java:729) [tomcat-embed-core-8.0.32.jar:8.0.32]
	at org.apache.catalina.core.ApplicationFilterChain.internalDoFilter(ApplicationFilterChain.java:292) [tomcat-embed-core-8.0.32.jar:8.0.32]
	at org.apache.catalina.core.ApplicationFilterChain.doFilter(ApplicationFilterChain.java:207) [tomcat-embed-core-8.0.32.jar:8.0.32]
	at org.apache.tomcat.websocket.server.WsFilter.doFilter(WsFilter.java:52) [tomcat-embed-websocket-8.0.32.jar:8.0.32]
	at org.apache.catalina.core.ApplicationFilterChain.internalDoFilter(ApplicationFilterChain.java:240) [tomcat-embed-core-8.0.32.jar:8.0.32]
	at org.apache.catalina.core.ApplicationFilterChain.doFilter(ApplicationFilterChain.java:207) [tomcat-embed-core-8.0.32.jar:8.0.32]
	at org.springframework.web.filter.RequestContextFilter.doFilterInternal(RequestContextFilter.java:99) [spring-web-4.2.5.RELEASE.jar:4.2.5.RELEASE]
	at org.springframework.web.filter.OncePerRequestFilter.doFilter(OncePerRequestFilter.java:107) [spring-web-4.2.5.RELEASE.jar:4.2.5.RELEASE]
	at org.apache.catalina.core.ApplicationFilterChain.internalDoFilter(ApplicationFilterChain.java:240) [tomcat-embed-core-8.0.32.jar:8.0.32]
	at org.apache.catalina.core.ApplicationFilterChain.doFilter(ApplicationFilterChain.java:207) [tomcat-embed-core-8.0.32.jar:8.0.32]
	at org.springframework.web.filter.HttpPutFormContentFilter.doFilterInternal(HttpPutFormContentFilter.java:87) [spring-web-4.2.5.RELEASE.jar:4.2.5.RELEASE]
	at org.springframework.web.filter.OncePerRequestFilter.doFilter(OncePerRequestFilter.java:107) [spring-web-4.2.5.RELEASE.jar:4.2.5.RELEASE]
	at org.apache.catalina.core.ApplicationFilterChain.internalDoFilter(ApplicationFilterChain.java:240) [tomcat-embed-core-8.0.32.jar:8.0.32]
	at org.apache.catalina.core.ApplicationFilterChain.doFilter(ApplicationFilterChain.java:207) [tomcat-embed-core-8.0.32.jar:8.0.32]
	at org.springframework.web.filter.HiddenHttpMethodFilter.doFilterInternal(HiddenHttpMethodFilter.java:77) [spring-web-4.2.5.RELEASE.jar:4.2.5.RELEASE]
	at org.springframework.web.filter.OncePerRequestFilter.doFilter(OncePerRequestFilter.java:107) [spring-web-4.2.5.RELEASE.jar:4.2.5.RELEASE]
	at org.apache.catalina.core.ApplicationFilterChain.internalDoFilter(ApplicationFilterChain.java:240) [tomcat-embed-core-8.0.32.jar:8.0.32]
	at org.apache.catalina.core.ApplicationFilterChain.doFilter(ApplicationFilterChain.java:207) [tomcat-embed-core-8.0.32.jar:8.0.32]
	at org.springframework.web.filter.CharacterEncodingFilter.doFilterInternal(CharacterEncodingFilter.java:121) [spring-web-4.2.5.RELEASE.jar:4.2.5.RELEASE]
	at org.springframework.web.filter.OncePerRequestFilter.doFilter(OncePerRequestFilter.java:107) [spring-web-4.2.5.RELEASE.jar:4.2.5.RELEASE]
	at org.apache.catalina.core.ApplicationFilterChain.internalDoFilter(ApplicationFilterChain.java:240) [tomcat-embed-core-8.0.32.jar:8.0.32]
	at org.apache.catalina.core.ApplicationFilterChain.doFilter(ApplicationFilterChain.java:207) [tomcat-embed-core-8.0.32.jar:8.0.32]
	at org.apache.catalina.core.StandardWrapperValve.invoke(StandardWrapperValve.java:212) [tomcat-embed-core-8.0.32.jar:8.0.32]
	at org.apache.catalina.core.StandardContextValve.invoke(StandardContextValve.java:106) [tomcat-embed-core-8.0.32.jar:8.0.32]
	at org.apache.catalina.authenticator.AuthenticatorBase.invoke(AuthenticatorBase.java:502) [tomcat-embed-core-8.0.32.jar:8.0.32]
	at org.apache.catalina.core.StandardHostValve.invoke(StandardHostValve.java:141) [tomcat-embed-core-8.0.32.jar:8.0.32]
	at org.apache.catalina.valves.ErrorReportValve.invoke(ErrorReportValve.java:79) [tomcat-embed-core-8.0.32.jar:8.0.32]
	at org.apache.catalina.core.StandardEngineValve.invoke(StandardEngineValve.java:88) [tomcat-embed-core-8.0.32.jar:8.0.32]
	at org.apache.catalina.connector.CoyoteAdapter.service(CoyoteAdapter.java:522) [tomcat-embed-core-8.0.32.jar:8.0.32]
	at org.apache.coyote.http11.AbstractHttp11Processor.process(AbstractHttp11Processor.java:1095) [tomcat-embed-core-8.0.32.jar:8.0.32]
	at org.apache.coyote.AbstractProtocol$AbstractConnectionHandler.process(AbstractProtocol.java:672) [tomcat-embed-core-8.0.32.jar:8.0.32]
	at org.apache.tomcat.util.net.NioEndpoint$SocketProcessor.doRun(NioEndpoint.java:1500) [tomcat-embed-core-8.0.32.jar:8.0.32]
	at org.apache.tomcat.util.net.NioEndpoint$SocketProcessor.run(NioEndpoint.java:1456) [tomcat-embed-core-8.0.32.jar:8.0.32]
	at java.util.concurrent.ThreadPoolExecutor.runWorker(ThreadPoolExecutor.java:1142) [na:1.8.0_92]
	at java.util.concurrent.ThreadPoolExecutor$Worker.run(ThreadPoolExecutor.java:617) [na:1.8.0_92]
	at org.apache.tomcat.util.threads.TaskThread$WrappingRunnable.run(TaskThread.java:61) [tomcat-embed-core-8.0.32.jar:8.0.32]
	at java.lang.Thread.run(Thread.java:745) [na:1.8.0_92]

2016-04-28 20:06:38.873 ERROR 67382 --- [o-auto-1-exec-1] o.a.c.c.C.[.[.[/].[dispatcherServlet]    : Servlet.service() for servlet [dispatcherServlet] in context with path [] threw exception [Request processing failed; nested exception is org.springframework.http.converter.HttpMessageNotWritableException: Could not write content: Infinite recursion (StackOverflowError) (through reference chain: com.example.bookpub.entity.Author["books"]->org.hibernate.collection.internal.PersistentBag[0]->com.example.bookpub.entity.Book["author"]->com.example.bookpub.entity.Author["books"]->org.hibernate.collection.internal.PersistentBag[0]->com.example.bookpub.entity.Book["author"]->com.example.bookpub.entity.Author["books"]->org.hibernate.collection.internal.PersistentBag[0]->com.example.bookpub.entity.Book["author"]->com.example.bookpub.entity.Author["books"]->org.hibernate.collection.internal.PersistentBag[0]->com.example.bookpub.entity.Book["author"]->com.example.bookpub.entity.Author["books"]->org.hibernate.collection.internal.PersistentBag[0]->com.example.bookpub.entity.Book["author"]->com.example.bookpub.entity.Author["books"]->org.hibernate.collection.internal.PersistentBag[0]->com.example.bookpub.entity.Book["author"]->com.example.bookpub.entity.Author["books"]->org.hibernate.collection.internal.PersistentBag[0]->com.example.bookpub.entity.Book["author"]->com.example.bookpub.entity.Author["books"]->org.hibernate.collection.internal.PersistentBag[0]->com.example.bookpub.entity.Book["author"]->com.example.bookpub.entity.Author["books"]->org.hibernate.collection.internal.PersistentBag[0]->com.example.bookpub.entity.Book["author"]->com.example.bookpub.entity.Author["books"]->org.hibernate.collection.internal.PersistentBag[0]->com.example.bookpub.entity.Book["author"]->com.example.bookpub.entity.Author["books"]->org.hibernate.collection.internal.PersistentBag[0]->com.example.bookpub.entity.Book["author"]->com.example.bookpub.entity.Author["books"]->org.hibernate.collection.internal.PersistentBag[0]->com.example.bookpub.entity.Book["author"]->com.example.bookpub.entity.Author["books"]->org.hibernate.collection.internal.PersistentBag[0]->com.example.bookpub.entity.Book["author"]->com.example.bookpub.entity.Author["books"]->org.hibernate.collection.internal.PersistentBag[0]->com.example.bookpub.entity.Book["author"]->com.example.bookpub.entity.Author["books"]->org.hibernate.collection.internal.PersistentBag[0]->com.example.bookpub.entity.Book["author"]->com.example.bookpub.entity.Author["books"]->org.hibernate.collection.internal.PersistentBag[0]->com.example.bookpub.entity.Book["author"]->com.example.bookpub.entity.Author["books"]->org.hibernate.collection.internal.PersistentBag[0]->com.example.bookpub.entity.Book["author"]->com.example.bookpub.entity.Author["books"]->org.hibernate.collection.internal.PersistentBag[0]->com.example.bookpub.entity.Book["author"]->com.example.bookpub.entity.Author["books"]->org.hibernate.collection.internal.PersistentBag[0]->com.example.bookpub.entity.Book["author"]->com.example.bookpub.entity.Author["books"]->org.hibernate.collection.internal.PersistentBag[0]->com.example.bookpub.entity.Book["author"]->com.example.bookpub.entity.Author["books"]->org.hibernate.collection.internal.PersistentBag[0]->com.example.bookpub.entity.Book["author"]->com.example.bookpub.entity.Author["books"]->org.hibernate.collection.internal.PersistentBag[0]->com.example.bookpub.entity.Book["author"]->com.example.bookpub.entity.Author["books"]->org.hibernate.collection.internal.PersistentBag[0]->com.example.bookpub.entity.Book["author"]->com.example.bookpub.entity.Author["books"]->org.hibernate.collection.internal.PersistentBag[0]->com.example.bookpub.entity.Book["author"]->com.example.bookpub.entity.Author["books"]->org.hibernate.collection.internal.PersistentBag[0]->com.example.bookpub.entity.Book["author"]->com.example.bookpub.entity.Author["books"]->org.hibernate.collection.internal.PersistentBag[0]->com.example.bookpub.entity.Book["author"]->com.example.bookpub.entity.Author["books"]->org.hibernate.collection.internal.PersistentBag[0]->com.example.bookpub.entity.Book["author"]->com.example.bookpub.entity.Author["books"]->org.hibernate.collection.internal.PersistentBag[0]->com.example.bookpub.entity.Book["author"]->com.example.bookpub.entity.Author["books"]->org.hibernate.collection.internal.PersistentBag[0]->com.example.bookpub.entity.Book["author"]->com.example.bookpub.entity.Author["books"]->org.hibernate.collection.internal.PersistentBag[0]->com.example.bookpub.entity.Book["author"]->com.example.bookpub.entity.Author["books"]->org.hibernate.collection.internal.PersistentBag[0]->com.example.bookpub.entity.Book["author"]->com.example.bookpub.entity.Author["books"]->org.hibernate.collection.internal.PersistentBag[0]->com.example.bookpub.entity.Book["author"]->com.example.bookpub.entity.Author["books"]->org.hibernate.collection.internal.PersistentBag[0]->com.example.bookpub.entity.Book["author"]->com.example.bookpub.entity.Author["books"]->org.hibernate.collection.internal.PersistentBag[0]->com.example.bookpub.entity.Book["author"]->com.example.bookpub.entity.Author["books"]->org.hibernate.collection.internal.PersistentBag[0]->com.example.bookpub.entity.Book["author"]->com.example.bookpub.entity.Author["books"]->org.hibernate.collection.internal.PersistentBag[0]->com.example.bookpub.entity.Book["author"]->com.example.bookpub.entity.Author["books"]->org.hibernate.collection.internal.PersistentBag[0]->com.example.bookpub.entity.Book["author"]->com.example.bookpub.entity.Author["books"]->org.hibernate.collection.internal.PersistentBag[0]->com.example.bookpub.entity.Book["author"]->com.example.bookpub.entity.Author["books"]->org.hibernate.collection.internal.PersistentBag[0]->com.example.bookpub.entity.Book["author"]->com.example.bookpub.entity.Author["books"]->org.hibernate.collection.internal.PersistentBag[0]->com.example.bookpub.entity.Book["author"]->com.example.bookpub.entity.Author["books"]->org.hibernate.collection.internal.PersistentBag[0]->com.example.bookpub.entity.Book["author"]->com.example.bookpub.entity.Author["books"]->org.hibernate.collection.internal.PersistentBag[0]->com.example.bookpub.entity.Book["author"]->com.example.bookpub.entity.Author["books"]->org.hibernate.collection.internal.PersistentBag[0]->com.example.bookpub.entity.Book["author"]->com.example.bookpub.entity.Author["books"]->org.hibernate.collection.internal.PersistentBag[0]->com.example.bookpub.entity.Book["author"]->com.example.bookpub.entity.Author["books"]->org.hibernate.collection.internal.PersistentBag[0]->com.example.bookpub.entity.Book["author"]->com.example.bookpub.entity.Author["books"]->org.hibernate.collection.internal.PersistentBag[0]->com.example.bookpub.entity.Book["author"]->com.example.bookpub.entity.Author["books"]->org.hibernate.collection.internal.PersistentBag[0]->com.example.bookpub.entity.Book["author"]->com.example.bookpub.entity.Author["books"]->org.hibernate.collection.internal.PersistentBag[0]->com.example.bookpub.entity.Book["author"]->com.example.bookpub.entity.Author["books"]->org.hibernate.collection.internal.PersistentBag[0]->com.example.bookpub.entity.Book["author"]->com.example.bookpub.entity.Author["books"]->org.hibernate.collection.internal.PersistentBag[0]->com.example.bookpub.entity.Book["author"]->com.example.bookpub.entity.Author["books"]->org.hibernate.collection.internal.PersistentBag[0]->com.example.bookpub.entity.Book["author"]->com.example.bookpub.entity.Author["books"]->org.hibernate.collection.internal.PersistentBag[0]->com.example.bookpub.entity.Book["author"]->com.example.bookpub.entity.Author["books"]->org.hibernate.collection.internal.PersistentBag[0]->com.example.bookpub.entity.Book["author"]->com.example.bookpub.entity.Author["books"]->org.hibernate.collection.internal.PersistentBag[0]->com.example.bookpub.entity.Book["author"]->com.example.bookpub.entity.Author["books"]->org.hibernate.collection.internal.PersistentBag[0]->com.example.bookpub.entity.Book["author"]->com.example.bookpub.entity.Author["books"]->org.hibernate.collection.internal.PersistentBag[0]->com.example.bookpub.entity.Book["author"]->com.example.bookpub.entity.Author["books"]->org.hibernate.collection.internal.PersistentBag[0]->com.example.bookpub.entity.Book["author"]->com.example.bookpub.entity.Author["books"]->org.hibernate.collection.internal.PersistentBag[0]->com.example.bookpub.entity.Book["author"]->com.example.bookpub.entity.Author["books"]->org.hibernate.collection.internal.PersistentBag[0]->com.example.bookpub.entity.Book["author"]->com.example.bookpub.entity.Author["books"]->org.hibernate.collection.internal.PersistentBag[0]->com.example.bookpub.entity.Book["author"]->com.example.bookpub.entity.Author["books"]->org.hibernate.collection.internal.PersistentBag[0]->com.example.bookpub.entity.Book["author"]->com.example.bookpub.entity.Author["books"]->org.hibernate.collection.internal.PersistentBag[0]->com.example.bookpub.entity.Book["author"]->com.example.bookpub.entity.Author["books"]->org.hibernate.collection.internal.PersistentBag[0]->com.example.bookpub.entity.Book["author"]->com.example.bookpub.entity.Author["books"]->org.hibernate.collection.internal.PersistentBag[0]->com.example.bookpub.entity.Book["author"]->com.example.bookpub.entity.Author["books"]->org.hibernate.collection.internal.PersistentBag[0]->com.example.bookpub.entity.Book["author"]->com.example.bookpub.entity.Author["books"]->org.hibernate.collection.internal.PersistentBag[0]->com.example.bookpub.entity.Book["author"]->com.example.bookpub.entity.Author["books"]->org.hibernate.collection.internal.PersistentBag[0]->com.example.bookpub.entity.Book["author"]->com.example.bookpub.entity.Author["books"]->org.hibernate.collection.internal.PersistentBag[0]->com.example.bookpub.entity.Book["author"]->com.example.bookpub.entity.Author["books"]->org.hibernate.collection.internal.PersistentBag[0]->com.example.bookpub.entity.Book["author"]->com.example.bookpub.entity.Author["books"]->org.hibernate.collection.internal.PersistentBag[0]->com.example.bookpub.entity.Book["author"]->com.example.bookpub.entity.Author["books"]->org.hibernate.collection.internal.PersistentBag[0]->com.example.bookpub.entity.Book["author"]->com.example.bookpub.entity.Author["books"]->org.hibernate.collection.internal.PersistentBag[0]->com.example.bookpub.entity.Book["author"]->com.example.bookpub.entity.Author["books"]->org.hibernate.collection.internal.PersistentBag[0]->com.example.bookpub.entity.Book["author"]->com.example.bookpub.entity.Author["books"]->org.hibernate.collection.internal.PersistentBag[0]->com.example.bookpub.entity.Book["author"]->com.example.bookpub.entity.Author["books"]->org.hibernate.collection.internal.PersistentBag[0]->com.example.bookpub.entity.Book["author"]->com.example.bookpub.entity.Author["books"]->org.hibernate.collection.internal.PersistentBag[0]->com.example.bookpub.entity.Book["author"]->com.example.bookpub.entity.Author["books"]->org.hibernate.collection.internal.PersistentBag[0]->com.example.bookpub.entity.Book["author"]->com.example.bookpub.entity.Author["books"]->org.hibernate.collection.internal.PersistentBag[0]->com.example.bookpub.entity.Book["author"]->com.example.bookpub.entity.Author["books"]->org.hibernate.collection.internal.PersistentBag[0]->com.example.bookpub.entity.Book["author"]->com.example.bookpub.entity.Author["books"]->org.hibernate.collection.internal.PersistentBag[0]->com.example.bookpub.entity.Book["author"]->com.example.bookpub.entity.Author["books"]->org.hibernate.collection.internal.PersistentBag[0]->com.example.bookpub.entity.Book["author"]->com.example.bookpub.entity.Author["books"]->org.hibernate.collection.internal.PersistentBag[0]->com.example.bookpub.entity.Book["author"]->com.example.bookpub.entity.Author["books"]->org.hibernate.collection.internal.PersistentBag[0]->com.example.bookpub.entity.Book["author"]->com.example.bookpub.entity.Author["books"]->org.hibernate.collection.internal.PersistentBag[0]->com.example.bookpub.entity.Book["author"]->com.example.bookpub.entity.Author["books"]->org.hibernate.collection.internal.PersistentBag[0]->com.example.bookpub.entity.Book["author"]->com.example.bookpub.entity.Author["books"]->org.hibernate.collection.internal.PersistentBag[0]->com.example.bookpub.entity.Book["author"]->com.example.bookpub.entity.Author["books"]->org.hibernate.collection.internal.PersistentBag[0]->com.example.bookpub.entity.Book["author"]->com.example.bookpub.entity.Author["books"]->org.hibernate.collection.internal.PersistentBag[0]->com.example.bookpub.entity.Book["author"]->com.example.bookpub.entity.Author["books"]->org.hibernate.collection.internal.PersistentBag[0]->com.example.bookpub.entity.Book["author"]->com.example.bookpub.entity.Author["books"]->org.hibernate.collection.internal.PersistentBag[0]->com.example.bookpub.entity.Book["author"]->com.example.bookpub.entity.Author["books"]->org.hibernate.collection.internal.PersistentBag[0]->com.example.bookpub.entity.Book["author"]->com.example.bookpub.entity.Author["books"]->org.hibernate.collection.internal.PersistentBag[0]->com.example.bookpub.entity.Book["author"]->com.example.bookpub.entity.Author["books"]->org.hibernate.collection.internal.PersistentBag[0]->com.example.bookpub.entity.Book["author"]->com.example.bookpub.entity.Author["books"]->org.hibernate.collection.internal.PersistentBag[0]->com.example.bookpub.entity.Book["author"]->com.example.bookpub.entity.Author["books"]->org.hibernate.collection.internal.PersistentBag[0]->com.example.bookpub.entity.Book["author"]->com.example.bookpub.entity.Author["books"]->org.hibernate.collection.internal.PersistentBag[0]->com.example.bookpub.entity.Book["author"]->com.example.bookpub.entity.Author["books"]->org.hibernate.collection.internal.PersistentBag[0]->com.example.bookpub.entity.Book["author"]->com.example.bookpub.entity.Author["books"]->org.hibernate.collection.internal.PersistentBag[0]->com.example.bookpub.entity.Book["author"]->com.example.bookpub.entity.Author["books"]->org.hibernate.collection.internal.PersistentBag[0]->com.example.bookpub.entity.Book["author"]->com.example.bookpub.entity.Author["books"]->org.hibernate.collection.internal.PersistentBag[0]->com.example.bookpub.entity.Book["author"]->com.example.bookpub.entity.Author["books"]->org.hibernate.collection.internal.PersistentBag[0]->com.example.bookpub.entity.Book["author"]->com.example.bookpub.entity.Author["books"]->org.hibernate.collection.internal.PersistentBag[0]->com.example.bookpub.entity.Book["author"]->com.example.bookpub.entity.Author["books"]->org.hibernate.collection.internal.PersistentBag[0]->com.example.bookpub.entity.Book["author"]->com.example.bookpub.entity.Author["books"]->org.hibernate.collection.internal.PersistentBag[0]->com.example.bookpub.entity.Book["author"]->com.example.bookpub.entity.Author["books"]->org.hibernate.collection.internal.PersistentBag[0]->com.example.bookpub.entity.Book["author"]->com.example.bookpub.entity.Author["books"]->org.hibernate.collection.internal.PersistentBag[0]->com.example.bookpub.entity.Book["author"]->com.example.bookpub.entity.Author["books"]->org.hibernate.collection.internal.PersistentBag[0]->com.example.bookpub.entity.Book["author"]->com.example.bookpub.entity.Author["books"]->org.hibernate.collection.internal.PersistentBag[0]->com.example.bookpub.entity.Book["author"]->com.example.bookpub.entity.Author["books"]->org.hibernate.collection.internal.PersistentBag[0]->com.example.bookpub.entity.Book["author"]->com.example.bookpub.entity.Author["books"]->org.hibernate.collection.internal.PersistentBag[0]->com.example.bookpub.entity.Book["author"]->com.example.bookpub.entity.Author["books"]->org.hibernate.collection.internal.PersistentBag[0]->com.example.bookpub.entity.Book["author"]->com.example.bookpub.entity.Author["books"]->org.hibernate.collection.internal.PersistentBag[0]->com.example.bookpub.entity.Book["author"]->com.example.bookpub.entity.Author["books"]->org.hibernate.collection.internal.PersistentBag[0]->com.example.bookpub.entity.Book["author"]->com.example.bookpub.entity.Author["books"]->org.hibernate.collection.internal.PersistentBag[0]->com.example.bookpub.entity.Book["author"]->com.example.bookpub.entity.Author["books"]->org.hibernate.collection.internal.PersistentBag[0]->com.example.bookpub.entity.Book["author"]->com.example.bookpub.entity.Author["books"]->org.hibernate.collection.internal.PersistentBag[0]->com.example.bookpub.entity.Book["author"]->com.example.bookpub.entity.Author["books"]->org.hibernate.collection.internal.PersistentBag[0]->com.example.bookpub.entity.Book["author"]->com.example.bookpub.entity.Author["books"]->org.hibernate.collection.internal.PersistentBag[0]->com.example.bookpub.entity.Book["author"]->com.example.bookpub.entity.Author["books"]->org.hibernate.collection.internal.PersistentBag[0]->com.example.bookpub.entity.Book["author"]->com.example.bookpub.entity.Author["books"]->org.hibernate.collection.internal.PersistentBag[0]->com.example.bookpub.entity.Book["author"]->com.example.bookpub.entity.Author["books"]->org.hibernate.collection.internal.PersistentBag[0]->com.example.bookpub.entity.Book["author"]->com.example.bookpub.entity.Author["books"]->org.hibernate.collection.internal.PersistentBag[0]->com.example.bookpub.entity.Book["author"]->com.example.bookpub.entity.Author["books"]->org.hibernate.collection.internal.PersistentBag[0]->com.example.bookpub.entity.Book["author"]->com.example.bookpub.entity.Author["books"]->org.hibernate.collection.internal.PersistentBag[0]->com.example.bookpub.entity.Book["author"]->com.example.bookpub.entity.Author["books"]->org.hibernate.collection.internal.PersistentBag[0]->com.example.bookpub.entity.Book["author"]->com.example.bookpub.entity.Author["books"]->org.hibernate.collection.internal.PersistentBag[0]->com.example.bookpub.entity.Book["author"]->com.example.bookpub.entity.Author["books"]->org.hibernate.collection.internal.PersistentBag[0]->com.example.bookpub.entity.Book["author"]->com.example.bookpub.entity.Author["books"]->org.hibernate.collection.internal.PersistentBag[0]->com.example.bookpub.entity.Book["author"]->com.example.bookpub.entity.Author["books"]->org.hibernate.collection.internal.PersistentBag[0]->com.example.bookpub.entity.Book["author"]->com.example.bookpub.entity.Author["books"]->org.hibernate.collection.internal.PersistentBag[0]->com.example.bookpub.entity.Book["author"]->com.example.bookpub.entity.Author["books"]->org.hibernate.collection.internal.PersistentBag[0]->com.example.bookpub.entity.Book["author"]->com.example.bookpub.entity.Author["books"]->org.hibernate.collection.internal.PersistentBag[0]->com.example.bookpub.entity.Book["author"]->com.example.bookpub.entity.Author["books"]->org.hibernate.collection.internal.PersistentBag[0]->com.example.bookpub.entity.Book["author"]->com.example.bookpub.entity.Author["books"]->org.hibernate.collection.internal.PersistentBag[0]->com.example.bookpub.entity.Book["author"]->com.example.bookpub.entity.Author["books"]->org.hibernate.collection.internal.PersistentBag[0]->com.example.bookpub.entity.Book["author"]->com.example.bookpub.entity.Author["books"]->org.hibernate.collection.internal.PersistentBag[0]->com.example.bookpub.entity.Book["author"]->com.example.bookpub.entity.Author["books"]->org.hibernate.collection.internal.PersistentBag[0]->com.example.bookpub.entity.Book["author"]->com.example.bookpub.entity.Author["books"]->org.hibernate.collection.internal.PersistentBag[0]->com.example.bookpub.entity.Book["author"]->com.example.bookpub.entity.Author["books"]->org.hibernate.collection.internal.PersistentBag[0]->com.example.bookpub.entity.Book["author"]->com.example.bookpub.entity.Author["books"]->org.hibernate.collection.internal.PersistentBag[0]->com.example.bookpub.entity.Book["author"]->com.example.bookpub.entity.Author["books"]->org.hibernate.collection.internal.PersistentBag[0]->com.example.bookpub.entity.Book["author"]->com.example.bookpub.entity.Author["books"]->org.hibernate.collection.internal.PersistentBag[0]->com.example.bookpub.entity.Book["author"]->com.example.bookpub.entity.Author["books"]->org.hibernate.collection.internal.PersistentBag[0]->com.example.bookpub.entity.Book["author"]->com.example.bookpub.entity.Author["books"]->org.hibernate.collection.internal.PersistentBag[0]->com.example.bookpub.entity.Book["author"]->com.example.bookpub.entity.Author["books"]->org.hibernate.collection.internal.PersistentBag[0]->com.example.bookpub.entity.Book["author"]->com.example.bookpub.entity.Author["books"]->org.hibernate.collection.internal.PersistentBag[0]->com.example.bookpub.entity.Book["author"]->com.example.bookpub.entity.Author["books"]->org.hibernate.collection.internal.PersistentBag[0]->com.example.bookpub.entity.Book["author"]->com.example.bookpub.entity.Author["books"]->org.hibernate.collection.internal.PersistentBag[0]->com.example.bookpub.entity.Book["author"]->com.example.bookpub.entity.Author["books"]->org.hibernate.collection.internal.PersistentBag[0]->com.example.bookpub.entity.Book["author"]->com.example.bookpub.entity.Author["books"]->org.hibernate.collection.internal.PersistentBag[0]->com.example.bookpub.entity.Book["author"]->com.example.bookpub.entity.Author["books"]->org.hibernate.collection.internal.PersistentBag[0]->com.example.bookpub.entity.Book["author"]->com.example.bookpub.entity.Author["books"]->org.hibernate.collection.internal.PersistentBag[0]->com.example.bookpub.entity.Book["author"]->com.example.bookpub.entity.Author["books"]->org.hibernate.collection.internal.PersistentBag[0]->com.example.bookpub.entity.Book["author"]->com.example.bookpub.entity.Author["books"]->org.hibernate.collection.internal.PersistentBag[0]->com.example.bookpub.entity.Book["author"]->com.example.bookpub.entity.Author["books"]->org.hibernate.collection.internal.PersistentBag[0]->com.example.bookpub.entity.Book["author"]->com.example.bookpub.entity.Author["books"]->org.hibernate.collection.internal.PersistentBag[0]->com.example.bookpub.entity.Book["author"]->com.example.bookpub.entity.Author["books"]->org.hibernate.collection.internal.PersistentBag[0]->com.example.bookpub.entity.Book["author"]->com.example.bookpub.entity.Author["books"]->org.hibernate.collection.internal.PersistentBag[0]->com.example.bookpub.entity.Book["author"]->com.example.bookpub.entity.Author["books"]->org.hibernate.collection.internal.PersistentBag[0]->com.example.bookpub.entity.Book["author"]->com.example.bookpub.entity.Author["books"]->org.hibernate.collection.internal.PersistentBag[0]->com.example.bookpub.entity.Book["author"]->com.example.bookpub.entity.Author["books"]->org.hibernate.collection.internal.PersistentBag[0]->com.example.bookpub.entity.Book["author"]->com.example.bookpub.entity.Author["books"]->org.hibernate.collection.internal.PersistentBag[0]->com.example.bookpub.entity.Book["author"]->com.example.bookpub.entity.Author["books"]->org.hibernate.collection.internal.PersistentBag[0]->com.example.bookpub.entity.Book["author"]->com.example.bookpub.entity.Author["books"]->org.hibernate.collection.internal.PersistentBag[0]->com.example.bookpub.entity.Book["author"]->com.example.bookpub.entity.Author["books"]->org.hibernate.collection.internal.PersistentBag[0]->com.example.bookpub.entity.Book["author"]->com.example.bookpub.entity.Author["books"]->org.hibernate.collection.internal.PersistentBag[0]->com.example.bookpub.entity.Book["author"]->com.example.bookpub.entity.Author["books"]->org.hibernate.collection.internal.PersistentBag[0]->com.example.bookpub.entity.Book["author"]->com.example.bookpub.entity.Author["books"]->org.hibernate.collection.internal.PersistentBag[0]->com.example.bookpub.entity.Book["author"]->com.example.bookpub.entity.Author["books"]->org.hibernate.collection.internal.PersistentBag[0]->com.example.bookpub.entity.Book["author"]->com.example.bookpub.entity.Author["books"]->org.hibernate.collection.internal.PersistentBag[0]->com.example.bookpub.entity.Book["author"]->com.example.bookpub.entity.Author["books"]->org.hibernate.collection.internal.PersistentBag[0]->com.example.bookpub.entity.Book["author"]->com.example.bookpub.entity.Author["books"]->org.hibernate.collection.internal.PersistentBag[0]->com.example.bookpub.entity.Book["author"]->com.example.bookpub.entity.Author["books"]->org.hibernate.collection.internal.PersistentBag[0]->com.example.bookpub.entity.Book["author"]->com.example.bookpub.entity.Author["books"]->org.hibernate.collection.internal.PersistentBag[0]->com.example.bookpub.entity.Book["author"]->com.example.bookpub.entity.Author["books"]->org.hibernate.collection.internal.PersistentBag[0]->com.example.bookpub.entity.Book["author"]->com.example.bookpub.entity.Author["books"]->org.hibernate.collection.internal.PersistentBag[0]->com.example.bookpub.entity.Book["author"]->com.example.bookpub.entity.Author["books"]->org.hibernate.collection.internal.PersistentBag[0]->com.example.bookpub.entity.Book["author"]->com.example.bookpub.entity.Author["books"]->org.hibernate.collection.internal.PersistentBag[0]->com.example.bookpub.entity.Book["author"]->com.example.bookpub.entity.Author["books"]->org.hibernate.collection.internal.PersistentBag[0]->com.example.bookpub.entity.Book["author"]->com.example.bookpub.entity.Author["books"]->org.hibernate.collection.internal.PersistentBag[0]->com.example.bookpub.entity.Book["author"]->com.example.bookpub.entity.Author["books"]->org.hibernate.collection.internal.PersistentBag[0]->com.example.bookpub.entity.Book["author"]->com.example.bookpub.entity.Author["books"]->org.hibernate.collection.internal.PersistentBag[0]->com.example.bookpub.entity.Book["author"]->com.example.bookpub.entity.Author["books"]->org.hibernate.collection.internal.PersistentBag[0]->com.example.bookpub.entity.Book["author"]->com.example.bookpub.entity.Author["books"]->org.hibernate.collection.internal.PersistentBag[0]->com.example.bookpub.entity.Book["author"]->com.example.bookpub.entity.Author["books"]->org.hibernate.collection.internal.PersistentBag[0]->com.example.bookpub.entity.Book["author"]->com.example.bookpub.entity.Author["books"]->org.hibernate.collection.internal.PersistentBag[0]->com.example.bookpub.entity.Book["author"]->com.example.bookpub.entity.Author["books"]->org.hibernate.collection.internal.PersistentBag[0]->com.example.bookpub.entity.Book["author"]->com.example.bookpub.entity.Author["books"]->org.hibernate.collection.internal.PersistentBag[0]->com.example.bookpub.entity.Book["author"]->com.example.bookpub.entity.Author["books"]->org.hibernate.collection.internal.PersistentBag[0]->com.example.bookpub.entity.Book["author"]->com.example.bookpub.entity.Author["books"]->org.hibernate.collection.internal.PersistentBag[0]->com.example.bookpub.entity.Book["author"]->com.example.bookpub.entity.Author["books"]->org.hibernate.collection.internal.PersistentBag[0]->com.example.bookpub.entity.Book["author"]->com.example.bookpub.entity.Author["books"]->org.hibernate.collection.internal.PersistentBag[0]->com.example.bookpub.entity.Book["author"]->com.example.bookpub.entity.Author["books"]->org.hibernate.collection.internal.PersistentBag[0]->com.example.bookpub.entity.Book["author"]->com.example.bookpub.entity.Author["books"]->org.hibernate.collection.internal.PersistentBag[0]->com.example.bookpub.entity.Book["author"]->com.example.bookpub.entity.Author["books"]->org.hibernate.collection.internal.PersistentBag[0]->com.example.bookpub.entity.Book["author"]->com.example.bookpub.entity.Author["books"]->org.hibernate.collection.internal.PersistentBag[0]->com.example.bookpub.entity.Book["author"]->com.example.bookpub.entity.Author["books"]->org.hibernate.collection.internal.PersistentBag[0]->com.example.bookpub.entity.Book["author"]->com.example.bookpub.entity.Author["books"]->org.hibernate.collection.internal.PersistentBag[0]->com.example.bookpub.entity.Book["author"]->com.example.bookpub.entity.Author["books"]->org.hibernate.collection.internal.PersistentBag[0]->com.example.bookpub.entity.Book["author"]->com.example.bookpub.entity.Author["books"]->org.hibernate.collection.internal.PersistentBag[0]->com.example.bookpub.entity.Book["author"]->com.example.bookpub.entity.Author["books"]->org.hibernate.collection.internal.PersistentBag[0]->com.example.bookpub.entity.Book["author"]->com.example.bookpub.entity.Author["books"]->org.hibernate.collection.internal.PersistentBag[0]->com.example.bookpub.entity.Book["author"]->com.example.bookpub.entity.Author["books"]->org.hibernate.collection.internal.PersistentBag[0]->com.example.bookpub.entity.Book["author"]->com.example.bookpub.entity.Author["books"]->org.hibernate.collection.internal.PersistentBag[0]->com.example.bookpub.entity.Book["author"]->com.example.bookpub.entity.Author["books"]->org.hibernate.collection.internal.PersistentBag[0]->com.example.bookpub.entity.Book["author"]->com.example.bookpub.entity.Author["books"]->org.hibernate.collection.internal.PersistentBag[0]->com.example.bookpub.entity.Book["author"]->com.example.bookpub.entity.Author["books"]->org.hibernate.collection.internal.PersistentBag[0]->com.example.bookpub.entity.Book["author"]->com.example.bookpub.entity.Author["books"]->org.hibernate.collection.internal.PersistentBag[0]->com.example.bookpub.entity.Book["author"]->com.example.bookpub.entity.Author["books"]->org.hibernate.collection.internal.PersistentBag[0]->com.example.bookpub.entity.Book["author"]->com.example.bookpub.entity.Author["books"]->org.hibernate.collection.internal.PersistentBag[0]->com.example.bookpub.entity.Book["author"]->com.example.bookpub.entity.Author["books"]->org.hibernate.collection.internal.PersistentBag[0]->com.example.bookpub.entity.Book["author"]->com.example.bookpub.entity.Author["books"]->org.hibernate.collection.internal.PersistentBag[0]->com.example.bookpub.entity.Book["author"]->com.example.bookpub.entity.Author["books"]->org.hibernate.collection.internal.PersistentBag[0]->com.example.bookpub.entity.Book["author"]->com.example.bookpub.entity.Author["books"]->org.hibernate.collection.internal.PersistentBag[0]->com.example.bookpub.entity.Book["author"]->com.example.bookpub.entity.Author["books"]->org.hibernate.collection.internal.PersistentBag[0]->com.example.bookpub.entity.Book["author"]->com.example.bookpub.entity.Author["books"]->org.hibernate.collection.internal.PersistentBag[0]->com.example.bookpub.entity.Book["author"]->com.example.bookpub.entity.Author["books"]->org.hibernate.collection.internal.PersistentBag[0]->com.example.bookpub.entity.Book["author"]->com.example.bookpub.entity.Author["books"]->org.hibernate.collection.internal.PersistentBag[0]->com.example.bookpub.entity.Book["author"]->com.example.bookpub.entity.Author["books"]->org.hibernate.collection.internal.PersistentBag[0]->com.example.bookpub.entity.Book["author"]->com.example.bookpub.entity.Author["books"]->org.hibernate.collection.internal.PersistentBag[0]->com.example.bookpub.entity.Book["author"]->com.example.bookpub.entity.Author["books"]->org.hibernate.collection.internal.PersistentBag[0]->com.example.bookpub.entity.Book["author"]->com.example.bookpub.entity.Author["books"]->org.hibernate.collection.internal.PersistentBag[0]->com.example.bookpub.entity.Book["author"]->com.example.bookpub.entity.Author["books"]->org.hibernate.collection.internal.PersistentBag[0]->com.example.bookpub.entity.Book["author"]->com.example.bookpub.entity.Author["books"]->org.hibernate.collection.internal.PersistentBag[0]->com.example.bookpub.entity.Book["author"]->com.example.bookpub.entity.Author["books"]->org.hibernate.collection.internal.PersistentBag[0]->com.example.bookpub.entity.Book["author"]->com.example.bookpub.entity.Author["books"]->org.hibernate.collection.internal.PersistentBag[0]->com.example.bookpub.entity.Book["author"]->com.example.bookpub.entity.Author["books"]->org.hibernate.collection.internal.PersistentBag[0]->com.example.bookpub.entity.Book["author"]->com.example.bookpub.entity.Author["books"]->org.hibernate.collection.internal.PersistentBag[0]->com.example.bookpub.entity.Book["author"]->com.example.bookpub.entity.Author["books"]->org.hibernate.collection.internal.PersistentBag[0]->com.example.bookpub.entity.Book["author"]->com.example.bookpub.entity.Author["books"]->org.hibernate.collection.internal.PersistentBag[0]->com.example.bookpub.entity.Book["author"]->com.example.bookpub.entity.Author["books"]->org.hibernate.collection.internal.PersistentBag[0]->com.example.bookpub.entity.Book["author"]->com.example.bookpub.entity.Author["books"]->org.hibernate.collection.internal.PersistentBag[0]->com.example.bookpub.entity.Book["author"]->com.example.bookpub.entity.Author["books"]->org.hibernate.collection.internal.PersistentBag[0]->com.example.bookpub.entity.Book["author"]->com.example.bookpub.entity.Author["books"]->org.hibernate.collection.internal.PersistentBag[0]->com.example.bookpub.entity.Book["author"]->com.example.bookpub.entity.Author["books"]->org.hibernate.collection.internal.PersistentBag[0]->com.example.bookpub.entity.Book["author"]->com.example.bookpub.entity.Author["books"]->org.hibernate.collection.internal.PersistentBag[0]->com.example.bookpub.entity.Book["author"]->com.example.bookpub.entity.Author["books"]->org.hibernate.collection.internal.PersistentBag[0]->com.example.bookpub.entity.Book["author"]->com.example.bookpub.entity.Author["books"]->org.hibernate.collection.internal.PersistentBag[0]->com.example.bookpub.entity.Book["author"]->com.example.bookpub.entity.Author["books"]->org.hibernate.collection.internal.PersistentBag[0]->com.example.bookpub.entity.Book["author"]->com.example.bookpub.entity.Author["books"]->org.hibernate.collection.internal.PersistentBag[0]->com.example.bookpub.entity.Book["author"]->com.example.bookpub.entity.Author["books"]->org.hibernate.collection.internal.PersistentBag[0]->com.example.bookpub.entity.Book["author"]->com.example.bookpub.entity.Author["books"]->org.hibernate.collection.internal.PersistentBag[0]->com.example.bookpub.entity.Book["author"]->com.example.bookpub.entity.Author["books"]->org.hibernate.collection.internal.PersistentBag[0]->com.example.bookpub.entity.Book["author"]->com.example.bookpub.entity.Author["books"]->org.hibernate.collection.internal.PersistentBag[0]->com.example.bookpub.entity.Book["author"]->com.example.bookpub.entity.Author["books"]->org.hibernate.collection.internal.PersistentBag[0]->com.example.bookpub.entity.Book["author"]->com.example.bookpub.entity.Author["books"]->org.hibernate.collection.internal.PersistentBag[0]->com.example.bookpub.entity.Book["author"]->com.example.bookpub.entity.Author["books"]->org.hibernate.collection.internal.PersistentBag[0]->com.example.bookpub.entity.Book["author"]->com.example.bookpub.entity.Author["books"]->org.hibernate.collection.internal.PersistentBag[0]->com.example.bookpub.entity.Book["author"]->com.example.bookpub.entity.Author["books"]->org.hibernate.collection.internal.PersistentBag[0]->com.example.bookpub.entity.Book["author"]->com.example.bookpub.entity.Author["books"]->org.hibernate.collection.internal.PersistentBag[0]->com.example.bookpub.entity.Book["author"]->com.example.bookpub.entity.Author["books"]->org.hibernate.collection.internal.PersistentBag[0]->com.example.bookpub.entity.Book["author"]->com.example.bookpub.entity.Author["books"]->org.hibernate.collection.internal.PersistentBag[0]->com.example.bookpub.entity.Book["author"]->com.example.bookpub.entity.Author["books"]->org.hibernate.collection.internal.PersistentBag[0]->com.example.bookpub.entity.Book["author"]->com.example.bookpub.entity.Author["books"]->org.hibernate.collection.internal.PersistentBag[0]->com.example.bookpub.entity.Book["author"]->com.example.bookpub.entity.Author["books"]->org.hibernate.collection.internal.PersistentBag[0]->com.example.bookpub.entity.Book["author"]->com.example.bookpub.entity.Author["books"]->org.hibernate.collection.internal.PersistentBag[0]->com.example.bookpub.entity.Book["author"]->com.example.bookpub.entity.Author["books"]->org.hibernate.collection.internal.PersistentBag[0]->com.example.bookpub.entity.Book["author"]->com.example.bookpub.entity.Author["books"]->org.hibernate.collection.internal.PersistentBag[0]->com.example.bookpub.entity.Book["author"]->com.example.bookpub.entity.Author["books"]->org.hibernate.collection.internal.PersistentBag[0]->com.example.bookpub.entity.Book["author"]->com.example.bookpub.entity.Author["books"]->org.hibernate.collection.internal.PersistentBag[0]->com.example.bookpub.entity.Book["author"]->com.example.bookpub.entity.Author["books"]->org.hibernate.collection.internal.PersistentBag[0]->com.example.bookpub.entity.Book["author"]->com.example.bookpub.entity.Author["books"]->org.hibernate.collection.internal.PersistentBag[0]->com.example.bookpub.entity.Book["author"]->com.example.bookpub.entity.Author["books"]->org.hibernate.collection.internal.PersistentBag[0]->com.example.bookpub.entity.Book["author"]->com.example.bookpub.entity.Author["books"]->org.hibernate.collection.internal.PersistentBag[0]->com.example.bookpub.entity.Book["author"]->com.example.bookpub.entity.Author["books"]->org.hibernate.collection.internal.PersistentBag[0]->com.example.bookpub.entity.Book["author"]->com.example.bookpub.entity.Author["books"]->org.hibernate.collection.internal.PersistentBag[0]->com.example.bookpub.entity.Book["author"]->com.example.bookpub.entity.Author["books"]->org.hibernate.collection.internal.PersistentBag[0]->com.example.bookpub.entity.Book["author"]->com.example.bookpub.entity.Author["books"]->org.hibernate.collection.internal.PersistentBag[0]->com.example.bookpub.entity.Book["author"]->com.example.bookpub.entity.Author["books"]->org.hibernate.collection.internal.PersistentBag[0]->com.example.bookpub.entity.Book["author"]->com.example.bookpub.entity.Author["books"]->org.hibernate.collection.internal.PersistentBag[0]->com.example.bookpub.entity.Book["author"]->com.example.bookpub.entity.Author["books"]->org.hibernate.collection.internal.PersistentBag[0]->com.example.bookpub.entity.Book["author"]->com.example.bookpub.entity.Author["books"]->org.hibernate.collection.internal.PersistentBag[0]->com.example.bookpub.entity.Book["author"]->com.example.bookpub.entity.Author["books"]->org.hibernate.collection.internal.PersistentBag[0]->com.example.bookpub.entity.Book["author"]->com.example.bookpub.entity.Author["books"]->org.hibernate.collection.internal.PersistentBag[0]->com.example.bookpub.entity.Book["author"]->com.example.bookpub.entity.Author["books"]->org.hibernate.collection.internal.PersistentBag[0]->com.example.bookpub.entity.Book["author"]->com.example.bookpub.entity.Author["books"]->org.hibernate.collection.internal.PersistentBag[0]->com.example.bookpub.entity.Book["author"]->com.example.bookpub.entity.Author["books"]->org.hibernate.collection.internal.PersistentBag[0]->com.example.bookpub.entity.Book["author"]->com.example.bookpub.entity.Author["books"]->org.hibernate.collection.internal.PersistentBag[0]->com.example.bookpub.entity.Book["author"]->com.example.bookpub.entity.Author["books"]->org.hibernate.collection.internal.PersistentBag[0]->com.example.bookpub.entity.Book["author"]->com.example.bookpub.entity.Author["books"]->org.hibernate.collection.internal.PersistentBag[0]->com.example.bookpub.entity.Book["author"]->com.example.bookpub.entity.Author["books"]->org.hibernate.collection.internal.PersistentBag[0]->com.example.bookpub.entity.Book["author"]->com.example.bookpub.entity.Author["books"]->org.hibernate.collection.internal.PersistentBag[0]->com.example.bookpub.entity.Book["author"]->com.example.bookpub.entity.Author["books"]->org.hibernate.collection.internal.PersistentBag[0]->com.example.bookpub.entity.Book["author"]->com.example.bookpub.entity.Author["books"]->org.hibernate.collection.internal.PersistentBag[0]->com.example.bookpub.entity.Book["author"]->com.example.bookpub.entity.Author["books"]->org.hibernate.collection.internal.PersistentBag[0]->com.example.bookpub.entity.Book["author"]->com.example.bookpub.entity.Author["books"]->org.hibernate.collection.internal.PersistentBag[0]->com.example.bookpub.entity.Book["author"]->com.example.bookpub.entity.Author["books"]->org.hibernate.collection.internal.PersistentBag[0]->com.example.bookpub.entity.Book["author"]->com.example.bookpub.entity.Author["books"]->org.hibernate.collection.internal.PersistentBag[0]->com.example.bookpub.entity.Book["author"]->com.example.bookpub.entity.Author["books"]->org.hibernate.collection.internal.PersistentBag[0]->com.example.bookpub.entity.Book["author"]->com.example.bookpub.entity.Author["books"]->org.hibernate.collection.internal.PersistentBag[0]->com.example.bookpub.entity.Book["author"]->com.example.bookpub.entity.Author["books"]->org.hibernate.collection.internal.PersistentBag[0]->com.example.bookpub.entity.Book["author"]->com.example.bookpub.entity.Author["books"]->org.hibernate.collection.internal.PersistentBag[0]->com.example.bookpub.entity.Book["author"]->com.example.bookpub.entity.Author["books"]->org.hibernate.collection.internal.PersistentBag[0]->com.example.bookpub.entity.Book["author"]->com.example.bookpub.entity.Author["books"]->org.hibernate.collection.internal.PersistentBag[0]->com.example.bookpub.entity.Book["author"]->com.example.bookpub.entity.Author["books"]->org.hibernate.collection.internal.PersistentBag[0]->com.example.bookpub.entity.Book["author"]->com.example.bookpub.entity.Author["books"]->org.hibernate.collection.internal.PersistentBag[0]->com.example.bookpub.entity.Book["author"]->com.example.bookpub.entity.Author["books"]->org.hibernate.collection.internal.PersistentBag[0]->com.example.bookpub.entity.Book["author"]->com.example.bookpub.entity.Author["books"]->org.hibernate.collection.internal.PersistentBag[0]->com.example.bookpub.entity.Book["author"]->com.example.bookpub.entity.Author["books"]->org.hibernate.collection.internal.PersistentBag[0]->com.example.bookpub.entity.Book["author"]->com.example.bookpub.entity.Author["books"]->org.hibernate.collection.internal.PersistentBag[0]->com.example.bookpub.entity.Book["author"]->com.example.bookpub.entity.Author["books"]->org.hibernate.collection.internal.PersistentBag[0]->com.example.bookpub.entity.Book["author"]->com.example.bookpub.entity.Author["books"]->org.hibernate.collection.internal.PersistentBag[0]->com.example.bookpub.entity.Book["author"]->com.example.bookpub.entity.Author["books"]->org.hibernate.collection.internal.PersistentBag[0]->com.example.bookpub.entity.Book["author"]->com.example.bookpub.entity.Author["books"]->org.hibernate.collection.internal.PersistentBag[0]->com.example.bookpub.entity.Book["author"]->com.example.bookpub.entity.Author["books"]->org.hibernate.collection.internal.PersistentBag[0]->com.example.bookpub.entity.Book["author"]->com.example.bookpub.entity.Author["books"]->org.hibernate.collection.internal.PersistentBag[0]->com.example.bookpub.entity.Book["author"]->com.example.bookpub.entity.Author["books"]->org.hibernate.collection.internal.PersistentBag[0]->com.example.bookpub.entity.Book["author"]->com.example.bookpub.entity.Author["books"]->org.hibernate.collection.internal.PersistentBag[0]->com.example.bookpub.entity.Book["author"]->com.example.bookpub.entity.Author["books"]->org.hibernate.collection.internal.PersistentBag[0]->com.example.bookpub.entity.Book["author"]->com.example.bookpub.entity.Author["books"]->org.hibernate.collection.internal.PersistentBag[0]->com.example.bookpub.entity.Book["author"]->com.example.bookpub.entity.Author["books"]->org.hibernate.collection.internal.PersistentBag[0]->com.example.bookpub.entity.Book["author"]->com.example.bookpub.entity.Author["books"]->org.hibernate.collection.internal.PersistentBag[0]->com.example.bookpub.entity.Book["author"]->com.example.bookpub.entity.Author["books"]->org.hibernate.collection.internal.PersistentBag[0]->com.example.bookpub.entity.Book["author"]->com.example.bookpub.entity.Author["books"]->org.hibernate.collection.internal.PersistentBag[0]->com.example.bookpub.entity.Book["author"]->com.example.bookpub.entity.Author["books"]->org.hibernate.collection.internal.PersistentBag[0]->com.example.bookpub.entity.Book["author"]->com.example.bookpub.entity.Author["books"]->org.hibernate.collection.internal.PersistentBag[0]->com.example.bookpub.entity.Book["author"]->com.example.bookpub.entity.Author["books"]->org.hibernate.collection.internal.PersistentBag[0]->com.example.bookpub.entity.Book["author"]->com.example.bookpub.entity.Author["books"]->org.hibernate.collection.internal.PersistentBag[0]->com.example.bookpub.entity.Book["author"]->com.example.bookpub.entity.Author["books"]->org.hibernate.collection.internal.PersistentBag[0]->com.example.bookpub.entity.Book["author"]->com.example.bookpub.entity.Author["books"]->org.hibernate.collection.internal.PersistentBag[0]->com.example.bookpub.entity.Book["author"]->com.example.bookpub.entity.Author["books"]->org.hibernate.collection.internal.PersistentBag[0]->com.example.bookpub.entity.Book["author"]->com.example.bookpub.entity.Author["books"]->org.hibernate.collection.internal.PersistentBag[0]->com.example.bookpub.entity.Book["author"]->com.example.bookpub.entity.Author["books"]->org.hibernate.collection.internal.PersistentBag[0]->com.example.bookpub.entity.Book["author"]->com.example.bookpub.entity.Author["books"]->org.hibernate.collection.internal.PersistentBag[0]->com.example.bookpub.entity.Book["author"]->com.example.bookpub.entity.Author["books"]->org.hibernate.collection.internal.PersistentBag[0]->com.example.bookpub.entity.Book["author"]->com.example.bookpub.entity.Author["books"]->org.hibernate.collection.internal.PersistentBag[0]->com.example.bookpub.entity.Book["author"]->com.example.bookpub.entity.Author["books"]->org.hibernate.collection.internal.PersistentBag[0]->com.example.bookpub.entity.Book["author"]->com.example.bookpub.entity.Author["books"]->org.hibernate.collection.internal.PersistentBag[0]->com.example.bookpub.entity.Book["author"]->com.example.bookpub.entity.Author["books"]->org.hibernate.collection.internal.PersistentBag[0]->com.example.bookpub.entity.Book["author"]->com.example.bookpub.entity.Author["books"]->org.hibernate.collection.internal.PersistentBag[0]->com.example.bookpub.entity.Book["author"]->com.example.bookpub.entity.Author["books"]->org.hibernate.collection.internal.PersistentBag[0]->com.example.bookpub.entity.Book["author"]->com.example.bookpub.entity.Author["books"]->org.hibernate.collection.internal.PersistentBag[0]->com.example.bookpub.entity.Book["author"]->com.example.bookpub.entity.Author["books"]->org.hibernate.collection.internal.PersistentBag[0]->com.example.bookpub.entity.Book["author"]->com.example.bookpub.entity.Author["books"]); nested exception is com.fasterxml.jackson.databind.JsonMappingException: Infinite recursion (StackOverflowError) (through reference chain: com.example.bookpub.entity.Author["books"]->org.hibernate.collection.internal.PersistentBag[0]->com.example.bookpub.entity.Book["author"]->com.example.bookpub.entity.Author["books"]->org.hibernate.collection.internal.PersistentBag[0]->com.example.bookpub.entity.Book["author"]->com.example.bookpub.entity.Author["books"]->org.hibernate.collection.internal.PersistentBag[0]->com.example.bookpub.entity.Book["author"]->com.example.bookpub.entity.Author["books"]->org.hibernate.collection.internal.PersistentBag[0]->com.example.bookpub.entity.Book["author"]->com.example.bookpub.entity.Author["books"]->org.hibernate.collection.internal.PersistentBag[0]->com.example.bookpub.entity.Book["author"]->com.example.bookpub.entity.Author["books"]->org.hibernate.collection.internal.PersistentBag[0]->com.example.bookpub.entity.Book["author"]->com.example.bookpub.entity.Author["books"]->org.hibernate.collection.internal.PersistentBag[0]->com.example.bookpub.entity.Book["author"]->com.example.bookpub.entity.Author["books"]->org.hibernate.collection.internal.PersistentBag[0]->com.example.bookpub.entity.Book["author"]->com.example.bookpub.entity.Author["books"]->org.hibernate.collection.internal.PersistentBag[0]->com.example.bookpub.entity.Book["author"]->com.example.bookpub.entity.Author["books"]->org.hibernate.collection.internal.PersistentBag[0]->com.example.bookpub.entity.Book["author"]->com.example.bookpub.entity.Author["books"]->org.hibernate.collection.internal.PersistentBag[0]->com.example.bookpub.entity.Book["author"]->com.example.bookpub.entity.Author["books"]->org.hibernate.collection.internal.PersistentBag[0]->com.example.bookpub.entity.Book["author"]->com.example.bookpub.entity.Author["books"]->org.hibernate.collection.internal.PersistentBag[0]->com.example.bookpub.entity.Book["author"]->com.example.bookpub.entity.Author["books"]->org.hibernate.collection.internal.PersistentBag[0]->com.example.bookpub.entity.Book["author"]->com.example.bookpub.entity.Author["books"]->org.hibernate.collection.internal.PersistentBag[0]->com.example.bookpub.entity.Book["author"]->com.example.bookpub.entity.Author["books"]->org.hibernate.collection.internal.PersistentBag[0]->com.example.bookpub.entity.Book["author"]->com.example.bookpub.entity.Author["books"]->org.hibernate.collection.internal.PersistentBag[0]->com.example.bookpub.entity.Book["author"]->com.example.bookpub.entity.Author["books"]->org.hibernate.collection.internal.PersistentBag[0]->com.example.bookpub.entity.Book["author"]->com.example.bookpub.entity.Author["books"]->org.hibernate.collection.internal.PersistentBag[0]->com.example.bookpub.entity.Book["author"]->com.example.bookpub.entity.Author["books"]->org.hibernate.collection.internal.PersistentBag[0]->com.example.bookpub.entity.Book["author"]->com.example.bookpub.entity.Author["books"]->org.hibernate.collection.internal.PersistentBag[0]->com.example.bookpub.entity.Book["author"]->com.example.bookpub.entity.Author["books"]->org.hibernate.collection.internal.PersistentBag[0]->com.example.bookpub.entity.Book["author"]->com.example.bookpub.entity.Author["books"]->org.hibernate.collection.internal.PersistentBag[0]->com.example.bookpub.entity.Book["author"]->com.example.bookpub.entity.Author["books"]->org.hibernate.collection.internal.PersistentBag[0]->com.example.bookpub.entity.Book["author"]->com.example.bookpub.entity.Author["books"]->org.hibernate.collection.internal.PersistentBag[0]->com.example.bookpub.entity.Book["author"]->com.example.bookpub.entity.Author["books"]->org.hibernate.collection.internal.PersistentBag[0]->com.example.bookpub.entity.Book["author"]->com.example.bookpub.entity.Author["books"]->org.hibernate.collection.internal.PersistentBag[0]->com.example.bookpub.entity.Book["author"]->com.example.bookpub.entity.Author["books"]->org.hibernate.collection.internal.PersistentBag[0]->com.example.bookpub.entity.Book["author"]->com.example.bookpub.entity.Author["books"]->org.hibernate.collection.internal.PersistentBag[0]->com.example.bookpub.entity.Book["author"]->com.example.bookpub.entity.Author["books"]->org.hibernate.collection.internal.PersistentBag[0]->com.example.bookpub.entity.Book["author"]->com.example.bookpub.entity.Author["books"]->org.hibernate.collection.internal.PersistentBag[0]->com.example.bookpub.entity.Book["author"]->com.example.bookpub.entity.Author["books"]->org.hibernate.collection.internal.PersistentBag[0]->com.example.bookpub.entity.Book["author"]->com.example.bookpub.entity.Author["books"]->org.hibernate.collection.internal.PersistentBag[0]->com.example.bookpub.entity.Book["author"]->com.example.bookpub.entity.Author["books"]->org.hibernate.collection.internal.PersistentBag[0]->com.example.bookpub.entity.Book["author"]->com.example.bookpub.entity.Author["books"]->org.hibernate.collection.internal.PersistentBag[0]->com.example.bookpub.entity.Book["author"]->com.example.bookpub.entity.Author["books"]->org.hibernate.collection.internal.PersistentBag[0]->com.example.bookpub.entity.Book["author"]->com.example.bookpub.entity.Author["books"]->org.hibernate.collection.internal.PersistentBag[0]->com.example.bookpub.entity.Book["author"]->com.example.bookpub.entity.Author["books"]->org.hibernate.collection.internal.PersistentBag[0]->com.example.bookpub.entity.Book["author"]->com.example.bookpub.entity.Author["books"]->org.hibernate.collection.internal.PersistentBag[0]->com.example.bookpub.entity.Book["author"]->com.example.bookpub.entity.Author["books"]->org.hibernate.collection.internal.PersistentBag[0]->com.example.bookpub.entity.Book["author"]->com.example.bookpub.entity.Author["books"]->org.hibernate.collection.internal.PersistentBag[0]->com.example.bookpub.entity.Book["author"]->com.example.bookpub.entity.Author["books"]->org.hibernate.collection.internal.PersistentBag[0]->com.example.bookpub.entity.Book["author"]->com.example.bookpub.entity.Author["books"]->org.hibernate.collection.internal.PersistentBag[0]->com.example.bookpub.entity.Book["author"]->com.example.bookpub.entity.Author["books"]->org.hibernate.collection.internal.PersistentBag[0]->com.example.bookpub.entity.Book["author"]->com.example.bookpub.entity.Author["books"]->org.hibernate.collection.internal.PersistentBag[0]->com.example.bookpub.entity.Book["author"]->com.example.bookpub.entity.Author["books"]->org.hibernate.collection.internal.PersistentBag[0]->com.example.bookpub.entity.Book["author"]->com.example.bookpub.entity.Author["books"]->org.hibernate.collection.internal.PersistentBag[0]->com.example.bookpub.entity.Book["author"]->com.example.bookpub.entity.Author["books"]->org.hibernate.collection.internal.PersistentBag[0]->com.example.bookpub.entity.Book["author"]->com.example.bookpub.entity.Author["books"]->org.hibernate.collection.internal.PersistentBag[0]->com.example.bookpub.entity.Book["author"]->com.example.bookpub.entity.Author["books"]->org.hibernate.collection.internal.PersistentBag[0]->com.example.bookpub.entity.Book["author"]->com.example.bookpub.entity.Author["books"]->org.hibernate.collection.internal.PersistentBag[0]->com.example.bookpub.entity.Book["author"]->com.example.bookpub.entity.Author["books"]->org.hibernate.collection.internal.PersistentBag[0]->com.example.bookpub.entity.Book["author"]->com.example.bookpub.entity.Author["books"]->org.hibernate.collection.internal.PersistentBag[0]->com.example.bookpub.entity.Book["author"]->com.example.bookpub.entity.Author["books"]->org.hibernate.collection.internal.PersistentBag[0]->com.example.bookpub.entity.Book["author"]->com.example.bookpub.entity.Author["books"]->org.hibernate.collection.internal.PersistentBag[0]->com.example.bookpub.entity.Book["author"]->com.example.bookpub.entity.Author["books"]->org.hibernate.collection.internal.PersistentBag[0]->com.example.bookpub.entity.Book["author"]->com.example.bookpub.entity.Author["books"]->org.hibernate.collection.internal.PersistentBag[0]->com.example.bookpub.entity.Book["author"]->com.example.bookpub.entity.Author["books"]->org.hibernate.collection.internal.PersistentBag[0]->com.example.bookpub.entity.Book["author"]->com.example.bookpub.entity.Author["books"]->org.hibernate.collection.internal.PersistentBag[0]->com.example.bookpub.entity.Book["author"]->com.example.bookpub.entity.Author["books"]->org.hibernate.collection.internal.PersistentBag[0]->com.example.bookpub.entity.Book["author"]->com.example.bookpub.entity.Author["books"]->org.hibernate.collection.internal.PersistentBag[0]->com.example.bookpub.entity.Book["author"]->com.example.bookpub.entity.Author["books"]->org.hibernate.collection.internal.PersistentBag[0]->com.example.bookpub.entity.Book["author"]->com.example.bookpub.entity.Author["books"]->org.hibernate.collection.internal.PersistentBag[0]->com.example.bookpub.entity.Book["author"]->com.example.bookpub.entity.Author["books"]->org.hibernate.collection.internal.PersistentBag[0]->com.example.bookpub.entity.Book["author"]->com.example.bookpub.entity.Author["books"]->org.hibernate.collection.internal.PersistentBag[0]->com.example.bookpub.entity.Book["author"]->com.example.bookpub.entity.Author["books"]->org.hibernate.collection.internal.PersistentBag[0]->com.example.bookpub.entity.Book["author"]->com.example.bookpub.entity.Author["books"]->org.hibernate.collection.internal.PersistentBag[0]->com.example.bookpub.entity.Book["author"]->com.example.bookpub.entity.Author["books"]->org.hibernate.collection.internal.PersistentBag[0]->com.example.bookpub.entity.Book["author"]->com.example.bookpub.entity.Author["books"]->org.hibernate.collection.internal.PersistentBag[0]->com.example.bookpub.entity.Book["author"]->com.example.bookpub.entity.Author["books"]->org.hibernate.collection.internal.PersistentBag[0]->com.example.bookpub.entity.Book["author"]->com.example.bookpub.entity.Author["books"]->org.hibernate.collection.internal.PersistentBag[0]->com.example.bookpub.entity.Book["author"]->com.example.bookpub.entity.Author["books"]->org.hibernate.collection.internal.PersistentBag[0]->com.example.bookpub.entity.Book["author"]->com.example.bookpub.entity.Author["books"]->org.hibernate.collection.internal.PersistentBag[0]->com.example.bookpub.entity.Book["author"]->com.example.bookpub.entity.Author["books"]->org.hibernate.collection.internal.PersistentBag[0]->com.example.bookpub.entity.Book["author"]->com.example.bookpub.entity.Author["books"]->org.hibernate.collection.internal.PersistentBag[0]->com.example.bookpub.entity.Book["author"]->com.example.bookpub.entity.Author["books"]->org.hibernate.collection.internal.PersistentBag[0]->com.example.bookpub.entity.Book["author"]->com.example.bookpub.entity.Author["books"]->org.hibernate.collection.internal.PersistentBag[0]->com.example.bookpub.entity.Book["author"]->com.example.bookpub.entity.Author["books"]->org.hibernate.collection.internal.PersistentBag[0]->com.example.bookpub.entity.Book["author"]->com.example.bookpub.entity.Author["books"]->org.hibernate.collection.internal.PersistentBag[0]->com.example.bookpub.entity.Book["author"]->com.example.bookpub.entity.Author["books"]->org.hibernate.collection.internal.PersistentBag[0]->com.example.bookpub.entity.Book["author"]->com.example.bookpub.entity.Author["books"]->org.hibernate.collection.internal.PersistentBag[0]->com.example.bookpub.entity.Book["author"]->com.example.bookpub.entity.Author["books"]->org.hibernate.collection.internal.PersistentBag[0]->com.example.bookpub.entity.Book["author"]->com.example.bookpub.entity.Author["books"]->org.hibernate.collection.internal.PersistentBag[0]->com.example.bookpub.entity.Book["author"]->com.example.bookpub.entity.Author["books"]->org.hibernate.collection.internal.PersistentBag[0]->com.example.bookpub.entity.Book["author"]->com.example.bookpub.entity.Author["books"]->org.hibernate.collection.internal.PersistentBag[0]->com.example.bookpub.entity.Book["author"]->com.example.bookpub.entity.Author["books"]->org.hibernate.collection.internal.PersistentBag[0]->com.example.bookpub.entity.Book["author"]->com.example.bookpub.entity.Author["books"]->org.hibernate.collection.internal.PersistentBag[0]->com.example.bookpub.entity.Book["author"]->com.example.bookpub.entity.Author["books"]->org.hibernate.collection.internal.PersistentBag[0]->com.example.bookpub.entity.Book["author"]->com.example.bookpub.entity.Author["books"]->org.hibernate.collection.internal.PersistentBag[0]->com.example.bookpub.entity.Book["author"]->com.example.bookpub.entity.Author["books"]->org.hibernate.collection.internal.PersistentBag[0]->com.example.bookpub.entity.Book["author"]->com.example.bookpub.entity.Author["books"]->org.hibernate.collection.internal.PersistentBag[0]->com.example.bookpub.entity.Book["author"]->com.example.bookpub.entity.Author["books"]->org.hibernate.collection.internal.PersistentBag[0]->com.example.bookpub.entity.Book["author"]->com.example.bookpub.entity.Author["books"]->org.hibernate.collection.internal.PersistentBag[0]->com.example.bookpub.entity.Book["author"]->com.example.bookpub.entity.Author["books"]->org.hibernate.collection.internal.PersistentBag[0]->com.example.bookpub.entity.Book["author"]->com.example.bookpub.entity.Author["books"]->org.hibernate.collection.internal.PersistentBag[0]->com.example.bookpub.entity.Book["author"]->com.example.bookpub.entity.Author["books"]->org.hibernate.collection.internal.PersistentBag[0]->com.example.bookpub.entity.Book["author"]->com.example.bookpub.entity.Author["books"]->org.hibernate.collection.internal.PersistentBag[0]->com.example.bookpub.entity.Book["author"]->com.example.bookpub.entity.Author["books"]->org.hibernate.collection.internal.PersistentBag[0]->com.example.bookpub.entity.Book["author"]->com.example.bookpub.entity.Author["books"]->org.hibernate.collection.internal.PersistentBag[0]->com.example.bookpub.entity.Book["author"]->com.example.bookpub.entity.Author["books"]->org.hibernate.collection.internal.PersistentBag[0]->com.example.bookpub.entity.Book["author"]->com.example.bookpub.entity.Author["books"]->org.hibernate.collection.internal.PersistentBag[0]->com.example.bookpub.entity.Book["author"]->com.example.bookpub.entity.Author["books"]->org.hibernate.collection.internal.PersistentBag[0]->com.example.bookpub.entity.Book["author"]->com.example.bookpub.entity.Author["books"]->org.hibernate.collection.internal.PersistentBag[0]->com.example.bookpub.entity.Book["author"]->com.example.bookpub.entity.Author["books"]->org.hibernate.collection.internal.PersistentBag[0]->com.example.bookpub.entity.Book["author"]->com.example.bookpub.entity.Author["books"]->org.hibernate.collection.internal.PersistentBag[0]->com.example.bookpub.entity.Book["author"]->com.example.bookpub.entity.Author["books"]->org.hibernate.collection.internal.PersistentBag[0]->com.example.bookpub.entity.Book["author"]->com.example.bookpub.entity.Author["books"]->org.hibernate.collection.internal.PersistentBag[0]->com.example.bookpub.entity.Book["author"]->com.example.bookpub.entity.Author["books"]->org.hibernate.collection.internal.PersistentBag[0]->com.example.bookpub.entity.Book["author"]->com.example.bookpub.entity.Author["books"]->org.hibernate.collection.internal.PersistentBag[0]->com.example.bookpub.entity.Book["author"]->com.example.bookpub.entity.Author["books"]->org.hibernate.collection.internal.PersistentBag[0]->com.example.bookpub.entity.Book["author"]->com.example.bookpub.entity.Author["books"]->org.hibernate.collection.internal.PersistentBag[0]->com.example.bookpub.entity.Book["author"]->com.example.bookpub.entity.Author["books"]->org.hibernate.collection.internal.PersistentBag[0]->com.example.bookpub.entity.Book["author"]->com.example.bookpub.entity.Author["books"]->org.hibernate.collection.internal.PersistentBag[0]->com.example.bookpub.entity.Book["author"]->com.example.bookpub.entity.Author["books"]->org.hibernate.collection.internal.PersistentBag[0]->com.example.bookpub.entity.Book["author"]->com.example.bookpub.entity.Author["books"]->org.hibernate.collection.internal.PersistentBag[0]->com.example.bookpub.entity.Book["author"]->com.example.bookpub.entity.Author["books"]->org.hibernate.collection.internal.PersistentBag[0]->com.example.bookpub.entity.Book["author"]->com.example.bookpub.entity.Author["books"]->org.hibernate.collection.internal.PersistentBag[0]->com.example.bookpub.entity.Book["author"]->com.example.bookpub.entity.Author["books"]->org.hibernate.collection.internal.PersistentBag[0]->com.example.bookpub.entity.Book["author"]->com.example.bookpub.entity.Author["books"]->org.hibernate.collection.internal.PersistentBag[0]->com.example.bookpub.entity.Book["author"]->com.example.bookpub.entity.Author["books"]->org.hibernate.collection.internal.PersistentBag[0]->com.example.bookpub.entity.Book["author"]->com.example.bookpub.entity.Author["books"]->org.hibernate.collection.internal.PersistentBag[0]->com.example.bookpub.entity.Book["author"]->com.example.bookpub.entity.Author["books"]->org.hibernate.collection.internal.PersistentBag[0]->com.example.bookpub.entity.Book["author"]->com.example.bookpub.entity.Author["books"]->org.hibernate.collection.internal.PersistentBag[0]->com.example.bookpub.entity.Book["author"]->com.example.bookpub.entity.Author["books"]->org.hibernate.collection.internal.PersistentBag[0]->com.example.bookpub.entity.Book["author"]->com.example.bookpub.entity.Author["books"]->org.hibernate.collection.internal.PersistentBag[0]->com.example.bookpub.entity.Book["author"]->com.example.bookpub.entity.Author["books"]->org.hibernate.collection.internal.PersistentBag[0]->com.example.bookpub.entity.Book["author"]->com.example.bookpub.entity.Author["books"]->org.hibernate.collection.internal.PersistentBag[0]->com.example.bookpub.entity.Book["author"]->com.example.bookpub.entity.Author["books"]->org.hibernate.collection.internal.PersistentBag[0]->com.example.bookpub.entity.Book["author"]->com.example.bookpub.entity.Author["books"]->org.hibernate.collection.internal.PersistentBag[0]->com.example.bookpub.entity.Book["author"]->com.example.bookpub.entity.Author["books"]->org.hibernate.collection.internal.PersistentBag[0]->com.example.bookpub.entity.Book["author"]->com.example.bookpub.entity.Author["books"]->org.hibernate.collection.internal.PersistentBag[0]->com.example.bookpub.entity.Book["author"]->com.example.bookpub.entity.Author["books"]->org.hibernate.collection.internal.PersistentBag[0]->com.example.bookpub.entity.Book["author"]->com.example.bookpub.entity.Author["books"]->org.hibernate.collection.internal.PersistentBag[0]->com.example.bookpub.entity.Book["author"]->com.example.bookpub.entity.Author["books"]->org.hibernate.collection.internal.PersistentBag[0]->com.example.bookpub.entity.Book["author"]->com.example.bookpub.entity.Author["books"]->org.hibernate.collection.internal.PersistentBag[0]->com.example.bookpub.entity.Book["author"]->com.example.bookpub.entity.Author["books"]->org.hibernate.collection.internal.PersistentBag[0]->com.example.bookpub.entity.Book["author"]->com.example.bookpub.entity.Author["books"]->org.hibernate.collection.internal.PersistentBag[0]->com.example.bookpub.entity.Book["author"]->com.example.bookpub.entity.Author["books"]->org.hibernate.collection.internal.PersistentBag[0]->com.example.bookpub.entity.Book["author"]->com.example.bookpub.entity.Author["books"]->org.hibernate.collection.internal.PersistentBag[0]->com.example.bookpub.entity.Book["author"]->com.example.bookpub.entity.Author["books"]->org.hibernate.collection.internal.PersistentBag[0]->com.example.bookpub.entity.Book["author"]->com.example.bookpub.entity.Author["books"]->org.hibernate.collection.internal.PersistentBag[0]->com.example.bookpub.entity.Book["author"]->com.example.bookpub.entity.Author["books"]->org.hibernate.collection.internal.PersistentBag[0]->com.example.bookpub.entity.Book["author"]->com.example.bookpub.entity.Author["books"]->org.hibernate.collection.internal.PersistentBag[0]->com.example.bookpub.entity.Book["author"]->com.example.bookpub.entity.Author["books"]->org.hibernate.collection.internal.PersistentBag[0]->com.example.bookpub.entity.Book["author"]->com.example.bookpub.entity.Author["books"]->org.hibernate.collection.internal.PersistentBag[0]->com.example.bookpub.entity.Book["author"]->com.example.bookpub.entity.Author["books"]->org.hibernate.collection.internal.PersistentBag[0]->com.example.bookpub.entity.Book["author"]->com.example.bookpub.entity.Author["books"]->org.hibernate.collection.internal.PersistentBag[0]->com.example.bookpub.entity.Book["author"]->com.example.bookpub.entity.Author["books"]->org.hibernate.collection.internal.PersistentBag[0]->com.example.bookpub.entity.Book["author"]->com.example.bookpub.entity.Author["books"]->org.hibernate.collection.internal.PersistentBag[0]->com.example.bookpub.entity.Book["author"]->com.example.bookpub.entity.Author["books"]->org.hibernate.collection.internal.PersistentBag[0]->com.example.bookpub.entity.Book["author"]->com.example.bookpub.entity.Author["books"]->org.hibernate.collection.internal.PersistentBag[0]->com.example.bookpub.entity.Book["author"]->com.example.bookpub.entity.Author["books"]->org.hibernate.collection.internal.PersistentBag[0]->com.example.bookpub.entity.Book["author"]->com.example.bookpub.entity.Author["books"]->org.hibernate.collection.internal.PersistentBag[0]->com.example.bookpub.entity.Book["author"]->com.example.bookpub.entity.Author["books"]->org.hibernate.collection.internal.PersistentBag[0]->com.example.bookpub.entity.Book["author"]->com.example.bookpub.entity.Author["books"]->org.hibernate.collection.internal.PersistentBag[0]->com.example.bookpub.entity.Book["author"]->com.example.bookpub.entity.Author["books"]->org.hibernate.collection.internal.PersistentBag[0]->com.example.bookpub.entity.Book["author"]->com.example.bookpub.entity.Author["books"]->org.hibernate.collection.internal.PersistentBag[0]->com.example.bookpub.entity.Book["author"]->com.example.bookpub.entity.Author["books"]->org.hibernate.collection.internal.PersistentBag[0]->com.example.bookpub.entity.Book["author"]->com.example.bookpub.entity.Author["books"]->org.hibernate.collection.internal.PersistentBag[0]->com.example.bookpub.entity.Book["author"]->com.example.bookpub.entity.Author["books"]->org.hibernate.collection.internal.PersistentBag[0]->com.example.bookpub.entity.Book["author"]->com.example.bookpub.entity.Author["books"]->org.hibernate.collection.internal.PersistentBag[0]->com.example.bookpub.entity.Book["author"]->com.example.bookpub.entity.Author["books"]->org.hibernate.collection.internal.PersistentBag[0]->com.example.bookpub.entity.Book["author"]->com.example.bookpub.entity.Author["books"]->org.hibernate.collection.internal.PersistentBag[0]->com.example.bookpub.entity.Book["author"]->com.example.bookpub.entity.Author["books"]->org.hibernate.collection.internal.PersistentBag[0]->com.example.bookpub.entity.Book["author"]->com.example.bookpub.entity.Author["books"]->org.hibernate.collection.internal.PersistentBag[0]->com.example.bookpub.entity.Book["author"]->com.example.bookpub.entity.Author["books"]->org.hibernate.collection.internal.PersistentBag[0]->com.example.bookpub.entity.Book["author"]->com.example.bookpub.entity.Author["books"]->org.hibernate.collection.internal.PersistentBag[0]->com.example.bookpub.entity.Book["author"]->com.example.bookpub.entity.Author["books"]->org.hibernate.collection.internal.PersistentBag[0]->com.example.bookpub.entity.Book["author"]->com.example.bookpub.entity.Author["books"]->org.hibernate.collection.internal.PersistentBag[0]->com.example.bookpub.entity.Book["author"]->com.example.bookpub.entity.Author["books"]->org.hibernate.collection.internal.PersistentBag[0]->com.example.bookpub.entity.Book["author"]->com.example.bookpub.entity.Author["books"]->org.hibernate.collection.internal.PersistentBag[0]->com.example.bookpub.entity.Book["author"]->com.example.bookpub.entity.Author["books"]->org.hibernate.collection.internal.PersistentBag[0]->com.example.bookpub.entity.Book["author"]->com.example.bookpub.entity.Author["books"]->org.hibernate.collection.internal.PersistentBag[0]->com.example.bookpub.entity.Book["author"]->com.example.bookpub.entity.Author["books"]->org.hibernate.collection.internal.PersistentBag[0]->com.example.bookpub.entity.Book["author"]->com.example.bookpub.entity.Author["books"]->org.hibernate.collection.internal.PersistentBag[0]->com.example.bookpub.entity.Book["author"]->com.example.bookpub.entity.Author["books"]->org.hibernate.collection.internal.PersistentBag[0]->com.example.bookpub.entity.Book["author"]->com.example.bookpub.entity.Author["books"]->org.hibernate.collection.internal.PersistentBag[0]->com.example.bookpub.entity.Book["author"]->com.example.bookpub.entity.Author["books"]->org.hibernate.collection.internal.PersistentBag[0]->com.example.bookpub.entity.Book["author"]->com.example.bookpub.entity.Author["books"]->org.hibernate.collection.internal.PersistentBag[0]->com.example.bookpub.entity.Book["author"]->com.example.bookpub.entity.Author["books"]->org.hibernate.collection.internal.PersistentBag[0]->com.example.bookpub.entity.Book["author"]->com.example.bookpub.entity.Author["books"]->org.hibernate.collection.internal.PersistentBag[0]->com.example.bookpub.entity.Book["author"]->com.example.bookpub.entity.Author["books"]->org.hibernate.collection.internal.PersistentBag[0]->com.example.bookpub.entity.Book["author"]->com.example.bookpub.entity.Author["books"]->org.hibernate.collection.internal.PersistentBag[0]->com.example.bookpub.entity.Book["author"]->com.example.bookpub.entity.Author["books"]->org.hibernate.collection.internal.PersistentBag[0]->com.example.bookpub.entity.Book["author"]->com.example.bookpub.entity.Author["books"]->org.hibernate.collection.internal.PersistentBag[0]->com.example.bookpub.entity.Book["author"]->com.example.bookpub.entity.Author["books"]->org.hibernate.collection.internal.PersistentBag[0]->com.example.bookpub.entity.Book["author"]->com.example.bookpub.entity.Author["books"]->org.hibernate.collection.internal.PersistentBag[0]->com.example.bookpub.entity.Book["author"]->com.example.bookpub.entity.Author["books"]->org.hibernate.collection.internal.PersistentBag[0]->com.example.bookpub.entity.Book["author"]->com.example.bookpub.entity.Author["books"]->org.hibernate.collection.internal.PersistentBag[0]->com.example.bookpub.entity.Book["author"]->com.example.bookpub.entity.Author["books"]->org.hibernate.collection.internal.PersistentBag[0]->com.example.bookpub.entity.Book["author"]->com.example.bookpub.entity.Author["books"]->org.hibernate.collection.internal.PersistentBag[0]->com.example.bookpub.entity.Book["author"]->com.example.bookpub.entity.Author["books"]->org.hibernate.collection.internal.PersistentBag[0]->com.example.bookpub.entity.Book["author"]->com.example.bookpub.entity.Author["books"]->org.hibernate.collection.internal.PersistentBag[0]->com.example.bookpub.entity.Book["author"]->com.example.bookpub.entity.Author["books"]->org.hibernate.collection.internal.PersistentBag[0]->com.example.bookpub.entity.Book["author"]->com.example.bookpub.entity.Author["books"]->org.hibernate.collection.internal.PersistentBag[0]->com.example.bookpub.entity.Book["author"]->com.example.bookpub.entity.Author["books"]->org.hibernate.collection.internal.PersistentBag[0]->com.example.bookpub.entity.Book["author"]->com.example.bookpub.entity.Author["books"]->org.hibernate.collection.internal.PersistentBag[0]->com.example.bookpub.entity.Book["author"]->com.example.bookpub.entity.Author["books"]->org.hibernate.collection.internal.PersistentBag[0]->com.example.bookpub.entity.Book["author"]->com.example.bookpub.entity.Author["books"]->org.hibernate.collection.internal.PersistentBag[0]->com.example.bookpub.entity.Book["author"]->com.example.bookpub.entity.Author["books"]->org.hibernate.collection.internal.PersistentBag[0]->com.example.bookpub.entity.Book["author"]->com.example.bookpub.entity.Author["books"]->org.hibernate.collection.internal.PersistentBag[0]->com.example.bookpub.entity.Book["author"]->com.example.bookpub.entity.Author["books"]->org.hibernate.collection.internal.PersistentBag[0]->com.example.bookpub.entity.Book["author"]->com.example.bookpub.entity.Author["books"]->org.hibernate.collection.internal.PersistentBag[0]->com.example.bookpub.entity.Book["author"]->com.example.bookpub.entity.Author["books"]->org.hibernate.collection.internal.PersistentBag[0]->com.example.bookpub.entity.Book["author"]->com.example.bookpub.entity.Author["books"]->org.hibernate.collection.internal.PersistentBag[0]->com.example.bookpub.entity.Book["author"]->com.example.bookpub.entity.Author["books"]->org.hibernate.collection.internal.PersistentBag[0]->com.example.bookpub.entity.Book["author"]->com.example.bookpub.entity.Author["books"]->org.hibernate.collection.internal.PersistentBag[0]->com.example.bookpub.entity.Book["author"]->com.example.bookpub.entity.Author["books"]->org.hibernate.collection.internal.PersistentBag[0]->com.example.bookpub.entity.Book["author"]->com.example.bookpub.entity.Author["books"]->org.hibernate.collection.internal.PersistentBag[0]->com.example.bookpub.entity.Book["author"]->com.example.bookpub.entity.Author["books"]->org.hibernate.collection.internal.PersistentBag[0]->com.example.bookpub.entity.Book["author"]->com.example.bookpub.entity.Author["books"]->org.hibernate.collection.internal.PersistentBag[0]->com.example.bookpub.entity.Book["author"]->com.example.bookpub.entity.Author["books"]->org.hibernate.collection.internal.PersistentBag[0]->com.example.bookpub.entity.Book["author"]->com.example.bookpub.entity.Author["books"]->org.hibernate.collection.internal.PersistentBag[0]->com.example.bookpub.entity.Book["author"]->com.example.bookpub.entity.Author["books"]->org.hibernate.collection.internal.PersistentBag[0]->com.example.bookpub.entity.Book["author"]->com.example.bookpub.entity.Author["books"]->org.hibernate.collection.internal.PersistentBag[0]->com.example.bookpub.entity.Book["author"]->com.example.bookpub.entity.Author["books"]->org.hibernate.collection.internal.PersistentBag[0]->com.example.bookpub.entity.Book["author"]->com.example.bookpub.entity.Author["books"]->org.hibernate.collection.internal.PersistentBag[0]->com.example.bookpub.entity.Book["author"]->com.example.bookpub.entity.Author["books"]->org.hibernate.collection.internal.PersistentBag[0]->com.example.bookpub.entity.Book["author"]->com.example.bookpub.entity.Author["books"]->org.hibernate.collection.internal.PersistentBag[0]->com.example.bookpub.entity.Book["author"]->com.example.bookpub.entity.Author["books"]->org.hibernate.collection.internal.PersistentBag[0]->com.example.bookpub.entity.Book["author"]->com.example.bookpub.entity.Author["books"]->org.hibernate.collection.internal.PersistentBag[0]->com.example.bookpub.entity.Book["author"]->com.example.bookpub.entity.Author["books"]->org.hibernate.collection.internal.PersistentBag[0]->com.example.bookpub.entity.Book["author"]->com.example.bookpub.entity.Author["books"]->org.hibernate.collection.internal.PersistentBag[0]->com.example.bookpub.entity.Book["author"]->com.example.bookpub.entity.Author["books"]->org.hibernate.collection.internal.PersistentBag[0]->com.example.bookpub.entity.Book["author"]->com.example.bookpub.entity.Author["books"]->org.hibernate.collection.internal.PersistentBag[0]->com.example.bookpub.entity.Book["author"]->com.example.bookpub.entity.Author["books"]->org.hibernate.collection.internal.PersistentBag[0]->com.example.bookpub.entity.Book["author"]->com.example.bookpub.entity.Author["books"]->org.hibernate.collection.internal.PersistentBag[0]->com.example.bookpub.entity.Book["author"]->com.example.bookpub.entity.Author["books"]->org.hibernate.collection.internal.PersistentBag[0]->com.example.bookpub.entity.Book["author"]->com.example.bookpub.entity.Author["books"]->org.hibernate.collection.internal.PersistentBag[0]->com.example.bookpub.entity.Book["author"]->com.example.bookpub.entity.Author["books"]->org.hibernate.collection.internal.PersistentBag[0]->com.example.bookpub.entity.Book["author"]->com.example.bookpub.entity.Author["books"]->org.hibernate.collection.internal.PersistentBag[0]->com.example.bookpub.entity.Book["author"]->com.example.bookpub.entity.Author["books"]->org.hibernate.collection.internal.PersistentBag[0]->com.example.bookpub.entity.Book["author"]->com.example.bookpub.entity.Author["books"]->org.hibernate.collection.internal.PersistentBag[0]->com.example.bookpub.entity.Book["author"]->com.example.bookpub.entity.Author["books"]->org.hibernate.collection.internal.PersistentBag[0]->com.example.bookpub.entity.Book["author"]->com.example.bookpub.entity.Author["books"]->org.hibernate.collection.internal.PersistentBag[0]->com.example.bookpub.entity.Book["author"]->com.example.bookpub.entity.Author["books"]->org.hibernate.collection.internal.PersistentBag[0]->com.example.bookpub.entity.Book["author"]->com.example.bookpub.entity.Author["books"]->org.hibernate.collection.internal.PersistentBag[0]->com.example.bookpub.entity.Book["author"]->com.example.bookpub.entity.Author["books"]->org.hibernate.collection.internal.PersistentBag[0]->com.example.bookpub.entity.Book["author"]->com.example.bookpub.entity.Author["books"]->org.hibernate.collection.internal.PersistentBag[0]->com.example.bookpub.entity.Book["author"]->com.example.bookpub.entity.Author["books"]->org.hibernate.collection.internal.PersistentBag[0]->com.example.bookpub.entity.Book["author"]->com.example.bookpub.entity.Author["books"]->org.hibernate.collection.internal.PersistentBag[0]->com.example.bookpub.entity.Book["author"]->com.example.bookpub.entity.Author["books"]->org.hibernate.collection.internal.PersistentBag[0]->com.example.bookpub.entity.Book["author"]->com.example.bookpub.entity.Author["books"]->org.hibernate.collection.internal.PersistentBag[0]->com.example.bookpub.entity.Book["author"]->com.example.bookpub.entity.Author["books"]->org.hibernate.collection.internal.PersistentBag[0]->com.example.bookpub.entity.Book["author"]->com.example.bookpub.entity.Author["books"]->org.hibernate.collection.internal.PersistentBag[0]->com.example.bookpub.entity.Book["author"]->com.example.bookpub.entity.Author["books"]->org.hibernate.collection.internal.PersistentBag[0]->com.example.bookpub.entity.Book["author"]->com.example.bookpub.entity.Author["books"]->org.hibernate.collection.internal.PersistentBag[0]->com.example.bookpub.entity.Book["author"]->com.example.bookpub.entity.Author["books"]->org.hibernate.collection.internal.PersistentBag[0]->com.example.bookpub.entity.Book["author"]->com.example.bookpub.entity.Author["books"]->org.hibernate.collection.internal.PersistentBag[0]->com.example.bookpub.entity.Book["author"]->com.example.bookpub.entity.Author["books"]->org.hibernate.collection.internal.PersistentBag[0]->com.example.bookpub.entity.Book["author"]->com.example.bookpub.entity.Author["books"]->org.hibernate.collection.internal.PersistentBag[0]->com.example.bookpub.entity.Book["author"]->com.example.bookpub.entity.Author["books"]->org.hibernate.collection.internal.PersistentBag[0]->com.example.bookpub.entity.Book["author"]->com.example.bookpub.entity.Author["books"]->org.hibernate.collection.internal.PersistentBag[0]->com.example.bookpub.entity.Book["author"]->com.example.bookpub.entity.Author["books"]->org.hibernate.collection.internal.PersistentBag[0]->com.example.bookpub.entity.Book["author"]->com.example.bookpub.entity.Author["books"]->org.hibernate.collection.internal.PersistentBag[0]->com.example.bookpub.entity.Book["author"]->com.example.bookpub.entity.Author["books"]->org.hibernate.collection.internal.PersistentBag[0]->com.example.bookpub.entity.Book["author"]->com.example.bookpub.entity.Author["books"]->org.hibernate.collection.internal.PersistentBag[0]->com.example.bookpub.entity.Book["author"]->com.example.bookpub.entity.Author["books"]->org.hibernate.collection.internal.PersistentBag[0]->com.example.bookpub.entity.Book["author"]->com.example.bookpub.entity.Author["books"]->org.hibernate.collection.internal.PersistentBag[0]->com.example.bookpub.entity.Book["author"]->com.example.bookpub.entity.Author["books"]->org.hibernate.collection.internal.PersistentBag[0]->com.example.bookpub.entity.Book["author"]->com.example.bookpub.entity.Author["books"]->org.hibernate.collection.internal.PersistentBag[0]->com.example.bookpub.entity.Book["author"]->com.example.bookpub.entity.Author["books"]->org.hibernate.collection.internal.PersistentBag[0]->com.example.bookpub.entity.Book["author"]->com.example.bookpub.entity.Author["books"]->org.hibernate.collection.internal.PersistentBag[0]->com.example.bookpub.entity.Book["author"]->com.example.bookpub.entity.Author["books"]->org.hibernate.collection.internal.PersistentBag[0]->com.example.bookpub.entity.Book["author"]->com.example.bookpub.entity.Author["books"]->org.hibernate.collection.internal.PersistentBag[0]->com.example.bookpub.entity.Book["author"]->com.example.bookpub.entity.Author["books"]->org.hibernate.collection.internal.PersistentBag[0]->com.example.bookpub.entity.Book["author"]->com.example.bookpub.entity.Author["books"]->org.hibernate.collection.internal.PersistentBag[0]->com.example.bookpub.entity.Book["author"]->com.example.bookpub.entity.Author["books"]->org.hibernate.collection.internal.PersistentBag[0]->com.example.bookpub.entity.Book["author"]->com.example.bookpub.entity.Author["books"]->org.hibernate.collection.internal.PersistentBag[0]->com.example.bookpub.entity.Book["author"]->com.example.bookpub.entity.Author["books"]->org.hibernate.collection.internal.PersistentBag[0]->com.example.bookpub.entity.Book["author"]->com.example.bookpub.entity.Author["books"]->org.hibernate.collection.internal.PersistentBag[0]->com.example.bookpub.entity.Book["author"]->com.example.bookpub.entity.Author["books"]->org.hibernate.collection.internal.PersistentBag[0]->com.example.bookpub.entity.Book["author"]->com.example.bookpub.entity.Author["books"]->org.hibernate.collection.internal.PersistentBag[0]->com.example.bookpub.entity.Book["author"]->com.example.bookpub.entity.Author["books"]->org.hibernate.collection.internal.PersistentBag[0]->com.example.bookpub.entity.Book["author"]->com.example.bookpub.entity.Author["books"]->org.hibernate.collection.internal.PersistentBag[0]->com.example.bookpub.entity.Book["author"]->com.example.bookpub.entity.Author["books"]->org.hibernate.collection.internal.PersistentBag[0]->com.example.bookpub.entity.Book["author"]->com.example.bookpub.entity.Author["books"]->org.hibernate.collection.internal.PersistentBag[0]->com.example.bookpub.entity.Book["author"]->com.example.bookpub.entity.Author["books"]->org.hibernate.collection.internal.PersistentBag[0]->com.example.bookpub.entity.Book["author"]->com.example.bookpub.entity.Author["books"]->org.hibernate.collection.internal.PersistentBag[0]->com.example.bookpub.entity.Book["author"]->com.example.bookpub.entity.Author["books"]->org.hibernate.collection.internal.PersistentBag[0]->com.example.bookpub.entity.Book["author"]->com.example.bookpub.entity.Author["books"]->org.hibernate.collection.internal.PersistentBag[0]->com.example.bookpub.entity.Book["author"]->com.example.bookpub.entity.Author["books"]->org.hibernate.collection.internal.PersistentBag[0]->com.example.bookpub.entity.Book["author"]->com.example.bookpub.entity.Author["books"]->org.hibernate.collection.internal.PersistentBag[0]->com.example.bookpub.entity.Book["author"]->com.example.bookpub.entity.Author["books"]->org.hibernate.collection.internal.PersistentBag[0]->com.example.bookpub.entity.Book["author"]->com.example.bookpub.entity.Author["books"]->org.hibernate.collection.internal.PersistentBag[0]->com.example.bookpub.entity.Book["author"]->com.example.bookpub.entity.Author["books"]->org.hibernate.collection.internal.PersistentBag[0]->com.example.bookpub.entity.Book["author"]->com.example.bookpub.entity.Author["books"]->org.hibernate.collection.internal.PersistentBag[0]->com.example.bookpub.entity.Book["author"]->com.example.bookpub.entity.Author["books"]->org.hibernate.collection.internal.PersistentBag[0]->com.example.bookpub.entity.Book["author"]->com.example.bookpub.entity.Author["books"]->org.hibernate.collection.internal.PersistentBag[0]->com.example.bookpub.entity.Book["author"]->com.example.bookpub.entity.Author["books"]->org.hibernate.collection.internal.PersistentBag[0]->com.example.bookpub.entity.Book["author"]->com.example.bookpub.entity.Author["books"]->org.hibernate.collection.internal.PersistentBag[0]->com.example.bookpub.entity.Book["author"]->com.example.bookpub.entity.Author["books"]->org.hibernate.collection.internal.PersistentBag[0]->com.example.bookpub.entity.Book["author"]->com.example.bookpub.entity.Author["books"]->org.hibernate.collection.internal.PersistentBag[0]->com.example.bookpub.entity.Book["author"]->com.example.bookpub.entity.Author["books"]->org.hibernate.collection.internal.PersistentBag[0]->com.example.bookpub.entity.Book["author"]->com.example.bookpub.entity.Author["books"]->org.hibernate.collection.internal.PersistentBag[0]->com.example.bookpub.entity.Book["author"]->com.example.bookpub.entity.Author["books"]->org.hibernate.collection.internal.PersistentBag[0]->com.example.bookpub.entity.Book["author"]->com.example.bookpub.entity.Author["books"]->org.hibernate.collection.internal.PersistentBag[0]->com.example.bookpub.entity.Book["author"]->com.example.bookpub.entity.Author["books"]->org.hibernate.collection.internal.PersistentBag[0]->com.example.bookpub.entity.Book["author"]->com.example.bookpub.entity.Author["books"]->org.hibernate.collection.internal.PersistentBag[0]->com.example.bookpub.entity.Book["author"]->com.example.bookpub.entity.Author["books"]->org.hibernate.collection.internal.PersistentBag[0]->com.example.bookpub.entity.Book["author"]->com.example.bookpub.entity.Author["books"]->org.hibernate.collection.internal.PersistentBag[0]->com.example.bookpub.entity.Book["author"]->com.example.bookpub.entity.Author["books"]->org.hibernate.collection.internal.PersistentBag[0]->com.example.bookpub.entity.Book["author"]->com.example.bookpub.entity.Author["books"]->org.hibernate.collection.internal.PersistentBag[0]->com.example.bookpub.entity.Book["author"]->com.example.bookpub.entity.Author["books"]->org.hibernate.collection.internal.PersistentBag[0]->com.example.bookpub.entity.Book["author"]->com.example.bookpub.entity.Author["books"]->org.hibernate.collection.internal.PersistentBag[0]->com.example.bookpub.entity.Book["author"]->com.example.bookpub.entity.Author["books"]->org.hibernate.collection.internal.PersistentBag[0]->com.example.bookpub.entity.Book["author"]->com.example.bookpub.entity.Author["books"]->org.hibernate.collection.internal.PersistentBag[0]->com.example.bookpub.entity.Book["author"]->com.example.bookpub.entity.Author["books"]->org.hibernate.collection.internal.PersistentBag[0]->com.example.bookpub.entity.Book["author"]->com.example.bookpub.entity.Author["books"]->org.hibernate.collection.internal.PersistentBag[0]->com.example.bookpub.entity.Book["author"]->com.example.bookpub.entity.Author["books"]->org.hibernate.collection.internal.PersistentBag[0]->com.example.bookpub.entity.Book["author"]->com.example.bookpub.entity.Author["books"]->org.hibernate.collection.internal.PersistentBag[0]->com.example.bookpub.entity.Book["author"]->com.example.bookpub.entity.Author["books"]->org.hibernate.collection.internal.PersistentBag[0]->com.example.bookpub.entity.Book["author"]->com.example.bookpub.entity.Author["books"]->org.hibernate.collection.internal.PersistentBag[0]->com.example.bookpub.entity.Book["author"]->com.example.bookpub.entity.Author["books"]->org.hibernate.collection.internal.PersistentBag[0]->com.example.bookpub.entity.Book["author"]->com.example.bookpub.entity.Author["books"]->org.hibernate.collection.internal.PersistentBag[0]->com.example.bookpub.entity.Book["author"]->com.example.bookpub.entity.Author["books"]->org.hibernate.collection.internal.PersistentBag[0]->com.example.bookpub.entity.Book["author"]->com.example.bookpub.entity.Author["books"]->org.hibernate.collection.internal.PersistentBag[0]->com.example.bookpub.entity.Book["author"]->com.example.bookpub.entity.Author["books"]->org.hibernate.collection.internal.PersistentBag[0]->com.example.bookpub.entity.Book["author"]->com.example.bookpub.entity.Author["books"]->org.hibernate.collection.internal.PersistentBag[0]->com.example.bookpub.entity.Book["author"]->com.example.bookpub.entity.Author["books"]->org.hibernate.collection.internal.PersistentBag[0]->com.example.bookpub.entity.Book["author"]->com.example.bookpub.entity.Author["books"]->org.hibernate.collection.internal.PersistentBag[0]->com.example.bookpub.entity.Book["author"]->com.example.bookpub.entity.Author["books"]->org.hibernate.collection.internal.PersistentBag[0]->com.example.bookpub.entity.Book["author"]->com.example.bookpub.entity.Author["books"]->org.hibernate.collection.internal.PersistentBag[0]->com.example.bookpub.entity.Book["author"]->com.example.bookpub.entity.Author["books"]->org.hibernate.collection.internal.PersistentBag[0]->com.example.bookpub.entity.Book["author"]->com.example.bookpub.entity.Author["books"]->org.hibernate.collection.internal.PersistentBag[0]->com.example.bookpub.entity.Book["author"]->com.example.bookpub.entity.Author["books"]->org.hibernate.collection.internal.PersistentBag[0]->com.example.bookpub.entity.Book["author"]->com.example.bookpub.entity.Author["books"]->org.hibernate.collection.internal.PersistentBag[0]->com.example.bookpub.entity.Book["author"]->com.example.bookpub.entity.Author["books"]->org.hibernate.collection.internal.PersistentBag[0]->com.example.bookpub.entity.Book["author"]->com.example.bookpub.entity.Author["books"]->org.hibernate.collection.internal.PersistentBag[0]->com.example.bookpub.entity.Book["author"]->com.example.bookpub.entity.Author["books"]->org.hibernate.collection.internal.PersistentBag[0]->com.example.bookpub.entity.Book["author"]->com.example.bookpub.entity.Author["books"]->org.hibernate.collection.internal.PersistentBag[0]->com.example.bookpub.entity.Book["author"]->com.example.bookpub.entity.Author["books"]->org.hibernate.collection.internal.PersistentBag[0]->com.example.bookpub.entity.Book["author"]->com.example.bookpub.entity.Author["books"]->org.hibernate.collection.internal.PersistentBag[0]->com.example.bookpub.entity.Book["author"]->com.example.bookpub.entity.Author["books"])] with root cause

java.lang.StackOverflowError: null
	at java.lang.ClassLoader.defineClass1(Native Method) ~[na:1.8.0_92]
	at java.lang.ClassLoader.defineClass(ClassLoader.java:763) ~[na:1.8.0_92]
	at java.security.SecureClassLoader.defineClass(SecureClassLoader.java:142) ~[na:1.8.0_92]
	at java.net.URLClassLoader.defineClass(URLClassLoader.java:467) ~[na:1.8.0_92]
	at java.net.URLClassLoader.access$100(URLClassLoader.java:73) ~[na:1.8.0_92]
	at java.net.URLClassLoader$1.run(URLClassLoader.java:368) ~[na:1.8.0_92]
	at java.net.URLClassLoader$1.run(URLClassLoader.java:362) ~[na:1.8.0_92]
	at java.security.AccessController.doPrivileged(Native Method) ~[na:1.8.0_92]
	at java.net.URLClassLoader.findClass(URLClassLoader.java:361) ~[na:1.8.0_92]
	at java.lang.ClassLoader.loadClass(ClassLoader.java:424) ~[na:1.8.0_92]
	at sun.misc.Launcher$AppClassLoader.loadClass(Launcher.java:331) ~[na:1.8.0_92]
	at java.lang.ClassLoader.loadClass(ClassLoader.java:357) ~[na:1.8.0_92]
	at com.fasterxml.jackson.databind.ser.std.BeanSerializerBase.serializeFields(BeanSerializerBase.java:691) ~[jackson-databind-2.6.5.jar:2.6.5]
	at com.fasterxml.jackson.databind.ser.BeanSerializer.serialize(BeanSerializer.java:157) ~[jackson-databind-2.6.5.jar:2.6.5]
	at com.fasterxml.jackson.databind.ser.std.CollectionSerializer.serializeContents(CollectionSerializer.java:149) ~[jackson-databind-2.6.5.jar:2.6.5]
	at com.fasterxml.jackson.databind.ser.std.CollectionSerializer.serialize(CollectionSerializer.java:111) ~[jackson-databind-2.6.5.jar:2.6.5]
	at com.fasterxml.jackson.databind.ser.std.CollectionSerializer.serialize(CollectionSerializer.java:24) ~[jackson-databind-2.6.5.jar:2.6.5]
	at com.fasterxml.jackson.databind.ser.BeanPropertyWriter.serializeAsField(BeanPropertyWriter.java:693) ~[jackson-databind-2.6.5.jar:2.6.5]
	at com.fasterxml.jackson.databind.ser.std.BeanSerializerBase.serializeFields(BeanSerializerBase.java:675) ~[jackson-databind-2.6.5.jar:2.6.5]
	at com.fasterxml.jackson.databind.ser.BeanSerializer.serialize(BeanSerializer.java:157) ~[jackson-databind-2.6.5.jar:2.6.5]
	at com.fasterxml.jackson.databind.ser.BeanPropertyWriter.serializeAsField(BeanPropertyWriter.java:693) ~[jackson-databind-2.6.5.jar:2.6.5]
	at com.fasterxml.jackson.databind.ser.std.BeanSerializerBase.serializeFields(BeanSerializerBase.java:675) ~[jackson-databind-2.6.5.jar:2.6.5]
	at com.fasterxml.jackson.databind.ser.BeanSerializer.serialize(BeanSerializer.java:157) ~[jackson-databind-2.6.5.jar:2.6.5]
	at com.fasterxml.jackson.databind.ser.std.CollectionSerializer.serializeContents(CollectionSerializer.java:149) ~[jackson-databind-2.6.5.jar:2.6.5]
	at com.fasterxml.jackson.databind.ser.std.CollectionSerializer.serialize(CollectionSerializer.java:111) ~[jackson-databind-2.6.5.jar:2.6.5]
	at com.fasterxml.jackson.databind.ser.std.CollectionSerializer.serialize(CollectionSerializer.java:24) ~[jackson-databind-2.6.5.jar:2.6.5]
	at com.fasterxml.jackson.databind.ser.BeanPropertyWriter.serializeAsField(BeanPropertyWriter.java:693) ~[jackson-databind-2.6.5.jar:2.6.5]
	at com.fasterxml.jackson.databind.ser.std.BeanSerializerBase.serializeFields(BeanSerializerBase.java:675) ~[jackson-databind-2.6.5.jar:2.6.5]
	at com.fasterxml.jackson.databind.ser.BeanSerializer.serialize(BeanSerializer.java:157) ~[jackson-databind-2.6.5.jar:2.6.5]
	at com.fasterxml.jackson.databind.ser.BeanPropertyWriter.serializeAsField(BeanPropertyWriter.java:693) ~[jackson-databind-2.6.5.jar:2.6.5]
	at com.fasterxml.jackson.databind.ser.std.BeanSerializerBase.serializeFields(BeanSerializerBase.java:675) ~[jackson-databind-2.6.5.jar:2.6.5]
	at com.fasterxml.jackson.databind.ser.BeanSerializer.serialize(BeanSerializer.java:157) ~[jackson-databind-2.6.5.jar:2.6.5]
	at com.fasterxml.jackson.databind.ser.std.CollectionSerializer.serializeContents(CollectionSerializer.java:149) ~[jackson-databind-2.6.5.jar:2.6.5]
	at com.fasterxml.jackson.databind.ser.std.CollectionSerializer.serialize(CollectionSerializer.java:111) ~[jackson-databind-2.6.5.jar:2.6.5]
	at com.fasterxml.jackson.databind.ser.std.CollectionSerializer.serialize(CollectionSerializer.java:24) ~[jackson-databind-2.6.5.jar:2.6.5]
	at com.fasterxml.jackson.databind.ser.BeanPropertyWriter.serializeAsField(BeanPropertyWriter.java:693) ~[jackson-databind-2.6.5.jar:2.6.5]
	at com.fasterxml.jackson.databind.ser.std.BeanSerializerBase.serializeFields(BeanSerializerBase.java:675) ~[jackson-databind-2.6.5.jar:2.6.5]
	at com.fasterxml.jackson.databind.ser.BeanSerializer.serialize(BeanSerializer.java:157) ~[jackson-databind-2.6.5.jar:2.6.5]
	at com.fasterxml.jackson.databind.ser.BeanPropertyWriter.serializeAsField(BeanPropertyWriter.java:693) ~[jackson-databind-2.6.5.jar:2.6.5]
	at com.fasterxml.jackson.databind.ser.std.BeanSerializerBase.serializeFields(BeanSerializerBase.java:675) ~[jackson-databind-2.6.5.jar:2.6.5]
	at com.fasterxml.jackson.databind.ser.BeanSerializer.serialize(BeanSerializer.java:157) ~[jackson-databind-2.6.5.jar:2.6.5]
	at com.fasterxml.jackson.databind.ser.std.CollectionSerializer.serializeContents(CollectionSerializer.java:149) ~[jackson-databind-2.6.5.jar:2.6.5]
	at com.fasterxml.jackson.databind.ser.std.CollectionSerializer.serialize(CollectionSerializer.java:111) ~[jackson-databind-2.6.5.jar:2.6.5]
	at com.fasterxml.jackson.databind.ser.std.CollectionSerializer.serialize(CollectionSerializer.java:24) ~[jackson-databind-2.6.5.jar:2.6.5]
	at com.fasterxml.jackson.databind.ser.BeanPropertyWriter.serializeAsField(BeanPropertyWriter.java:693) ~[jackson-databind-2.6.5.jar:2.6.5]
	at com.fasterxml.jackson.databind.ser.std.BeanSerializerBase.serializeFields(BeanSerializerBase.java:675) ~[jackson-databind-2.6.5.jar:2.6.5]
	at com.fasterxml.jackson.databind.ser.BeanSerializer.serialize(BeanSerializer.java:157) ~[jackson-databind-2.6.5.jar:2.6.5]
	at com.fasterxml.jackson.databind.ser.BeanPropertyWriter.serializeAsField(BeanPropertyWriter.java:693) ~[jackson-databind-2.6.5.jar:2.6.5]
	at com.fasterxml.jackson.databind.ser.std.BeanSerializerBase.serializeFields(BeanSerializerBase.java:675) ~[jackson-databind-2.6.5.jar:2.6.5]
	at com.fasterxml.jackson.databind.ser.BeanSerializer.serialize(BeanSerializer.java:157) ~[jackson-databind-2.6.5.jar:2.6.5]
	at com.fasterxml.jackson.databind.ser.std.CollectionSerializer.serializeContents(CollectionSerializer.java:149) ~[jackson-databind-2.6.5.jar:2.6.5]
	at com.fasterxml.jackson.databind.ser.std.CollectionSerializer.serialize(CollectionSerializer.java:111) ~[jackson-databind-2.6.5.jar:2.6.5]
	at com.fasterxml.jackson.databind.ser.std.CollectionSerializer.serialize(CollectionSerializer.java:24) ~[jackson-databind-2.6.5.jar:2.6.5]
	at com.fasterxml.jackson.databind.ser.BeanPropertyWriter.serializeAsField(BeanPropertyWriter.java:693) ~[jackson-databind-2.6.5.jar:2.6.5]
	at com.fasterxml.jackson.databind.ser.std.BeanSerializerBase.serializeFields(BeanSerializerBase.java:675) ~[jackson-databind-2.6.5.jar:2.6.5]
	at com.fasterxml.jackson.databind.ser.BeanSerializer.serialize(BeanSerializer.java:157) ~[jackson-databind-2.6.5.jar:2.6.5]
	at com.fasterxml.jackson.databind.ser.BeanPropertyWriter.serializeAsField(BeanPropertyWriter.java:693) ~[jackson-databind-2.6.5.jar:2.6.5]
	at com.fasterxml.jackson.databind.ser.std.BeanSerializerBase.serializeFields(BeanSerializerBase.java:675) ~[jackson-databind-2.6.5.jar:2.6.5]
	at com.fasterxml.jackson.databind.ser.BeanSerializer.serialize(BeanSerializer.java:157) ~[jackson-databind-2.6.5.jar:2.6.5]
	at com.fasterxml.jackson.databind.ser.std.CollectionSerializer.serializeContents(CollectionSerializer.java:149) ~[jackson-databind-2.6.5.jar:2.6.5]
	at com.fasterxml.jackson.databind.ser.std.CollectionSerializer.serialize(CollectionSerializer.java:111) ~[jackson-databind-2.6.5.jar:2.6.5]
	at com.fasterxml.jackson.databind.ser.std.CollectionSerializer.serialize(CollectionSerializer.java:24) ~[jackson-databind-2.6.5.jar:2.6.5]
	at com.fasterxml.jackson.databind.ser.BeanPropertyWriter.serializeAsField(BeanPropertyWriter.java:693) ~[jackson-databind-2.6.5.jar:2.6.5]
	at com.fasterxml.jackson.databind.ser.std.BeanSerializerBase.serializeFields(BeanSerializerBase.java:675) ~[jackson-databind-2.6.5.jar:2.6.5]
	at com.fasterxml.jackson.databind.ser.BeanSerializer.serialize(BeanSerializer.java:157) ~[jackson-databind-2.6.5.jar:2.6.5]
	at com.fasterxml.jackson.databind.ser.BeanPropertyWriter.serializeAsField(BeanPropertyWriter.java:693) ~[jackson-databind-2.6.5.jar:2.6.5]
	at com.fasterxml.jackson.databind.ser.std.BeanSerializerBase.serializeFields(BeanSerializerBase.java:675) ~[jackson-databind-2.6.5.jar:2.6.5]
	at com.fasterxml.jackson.databind.ser.BeanSerializer.serialize(BeanSerializer.java:157) ~[jackson-databind-2.6.5.jar:2.6.5]
	at com.fasterxml.jackson.databind.ser.std.CollectionSerializer.serializeContents(CollectionSerializer.java:149) ~[jackson-databind-2.6.5.jar:2.6.5]
	at com.fasterxml.jackson.databind.ser.std.CollectionSerializer.serialize(CollectionSerializer.java:111) ~[jackson-databind-2.6.5.jar:2.6.5]
	at com.fasterxml.jackson.databind.ser.std.CollectionSerializer.serialize(CollectionSerializer.java:24) ~[jackson-databind-2.6.5.jar:2.6.5]
	at com.fasterxml.jackson.databind.ser.BeanPropertyWriter.serializeAsField(BeanPropertyWriter.java:693) ~[jackson-databind-2.6.5.jar:2.6.5]
	at com.fasterxml.jackson.databind.ser.std.BeanSerializerBase.serializeFields(BeanSerializerBase.java:675) ~[jackson-databind-2.6.5.jar:2.6.5]
	at com.fasterxml.jackson.databind.ser.BeanSerializer.serialize(BeanSerializer.java:157) ~[jackson-databind-2.6.5.jar:2.6.5]
	at com.fasterxml.jackson.databind.ser.BeanPropertyWriter.serializeAsField(BeanPropertyWriter.java:693) ~[jackson-databind-2.6.5.jar:2.6.5]
	at com.fasterxml.jackson.databind.ser.std.BeanSerializerBase.serializeFields(BeanSerializerBase.java:675) ~[jackson-databind-2.6.5.jar:2.6.5]
	at com.fasterxml.jackson.databind.ser.BeanSerializer.serialize(BeanSerializer.java:157) ~[jackson-databind-2.6.5.jar:2.6.5]
	at com.fasterxml.jackson.databind.ser.std.CollectionSerializer.serializeContents(CollectionSerializer.java:149) ~[jackson-databind-2.6.5.jar:2.6.5]
	at com.fasterxml.jackson.databind.ser.std.CollectionSerializer.serialize(CollectionSerializer.java:111) ~[jackson-databind-2.6.5.jar:2.6.5]
	at com.fasterxml.jackson.databind.ser.std.CollectionSerializer.serialize(CollectionSerializer.java:24) ~[jackson-databind-2.6.5.jar:2.6.5]
	at com.fasterxml.jackson.databind.ser.BeanPropertyWriter.serializeAsField(BeanPropertyWriter.java:693) ~[jackson-databind-2.6.5.jar:2.6.5]
	at com.fasterxml.jackson.databind.ser.std.BeanSerializerBase.serializeFields(BeanSerializerBase.java:675) ~[jackson-databind-2.6.5.jar:2.6.5]
	at com.fasterxml.jackson.databind.ser.BeanSerializer.serialize(BeanSerializer.java:157) ~[jackson-databind-2.6.5.jar:2.6.5]
	at com.fasterxml.jackson.databind.ser.BeanPropertyWriter.serializeAsField(BeanPropertyWriter.java:693) ~[jackson-databind-2.6.5.jar:2.6.5]
	at com.fasterxml.jackson.databind.ser.std.BeanSerializerBase.serializeFields(BeanSerializerBase.java:675) ~[jackson-databind-2.6.5.jar:2.6.5]
	at com.fasterxml.jackson.databind.ser.BeanSerializer.serialize(BeanSerializer.java:157) ~[jackson-databind-2.6.5.jar:2.6.5]
	at com.fasterxml.jackson.databind.ser.std.CollectionSerializer.serializeContents(CollectionSerializer.java:149) ~[jackson-databind-2.6.5.jar:2.6.5]
	at com.fasterxml.jackson.databind.ser.std.CollectionSerializer.serialize(CollectionSerializer.java:111) ~[jackson-databind-2.6.5.jar:2.6.5]
	at com.fasterxml.jackson.databind.ser.std.CollectionSerializer.serialize(CollectionSerializer.java:24) ~[jackson-databind-2.6.5.jar:2.6.5]
	at com.fasterxml.jackson.databind.ser.BeanPropertyWriter.serializeAsField(BeanPropertyWriter.java:693) ~[jackson-databind-2.6.5.jar:2.6.5]
	at com.fasterxml.jackson.databind.ser.std.BeanSerializerBase.serializeFields(BeanSerializerBase.java:675) ~[jackson-databind-2.6.5.jar:2.6.5]
	at com.fasterxml.jackson.databind.ser.BeanSerializer.serialize(BeanSerializer.java:157) ~[jackson-databind-2.6.5.jar:2.6.5]
	at com.fasterxml.jackson.databind.ser.BeanPropertyWriter.serializeAsField(BeanPropertyWriter.java:693) ~[jackson-databind-2.6.5.jar:2.6.5]
	at com.fasterxml.jackson.databind.ser.std.BeanSerializerBase.serializeFields(BeanSerializerBase.java:675) ~[jackson-databind-2.6.5.jar:2.6.5]
	at com.fasterxml.jackson.databind.ser.BeanSerializer.serialize(BeanSerializer.java:157) ~[jackson-databind-2.6.5.jar:2.6.5]
	at com.fasterxml.jackson.databind.ser.std.CollectionSerializer.serializeContents(CollectionSerializer.java:149) ~[jackson-databind-2.6.5.jar:2.6.5]
	at com.fasterxml.jackson.databind.ser.std.CollectionSerializer.serialize(CollectionSerializer.java:111) ~[jackson-databind-2.6.5.jar:2.6.5]
	at com.fasterxml.jackson.databind.ser.std.CollectionSerializer.serialize(CollectionSerializer.java:24) ~[jackson-databind-2.6.5.jar:2.6.5]
	at com.fasterxml.jackson.databind.ser.BeanPropertyWriter.serializeAsField(BeanPropertyWriter.java:693) ~[jackson-databind-2.6.5.jar:2.6.5]
	at com.fasterxml.jackson.databind.ser.std.BeanSerializerBase.serializeFields(BeanSerializerBase.java:675) ~[jackson-databind-2.6.5.jar:2.6.5]
	at com.fasterxml.jackson.databind.ser.BeanSerializer.serialize(BeanSerializer.java:157) ~[jackson-databind-2.6.5.jar:2.6.5]
	at com.fasterxml.jackson.databind.ser.BeanPropertyWriter.serializeAsField(BeanPropertyWriter.java:693) ~[jackson-databind-2.6.5.jar:2.6.5]
	at com.fasterxml.jackson.databind.ser.std.BeanSerializerBase.serializeFields(BeanSerializerBase.java:675) ~[jackson-databind-2.6.5.jar:2.6.5]
	at com.fasterxml.jackson.databind.ser.BeanSerializer.serialize(BeanSerializer.java:157) ~[jackson-databind-2.6.5.jar:2.6.5]
	at com.fasterxml.jackson.databind.ser.std.CollectionSerializer.serializeContents(CollectionSerializer.java:149) ~[jackson-databind-2.6.5.jar:2.6.5]
	at com.fasterxml.jackson.databind.ser.std.CollectionSerializer.serialize(CollectionSerializer.java:111) ~[jackson-databind-2.6.5.jar:2.6.5]
	at com.fasterxml.jackson.databind.ser.std.CollectionSerializer.serialize(CollectionSerializer.java:24) ~[jackson-databind-2.6.5.jar:2.6.5]
	at com.fasterxml.jackson.databind.ser.BeanPropertyWriter.serializeAsField(BeanPropertyWriter.java:693) ~[jackson-databind-2.6.5.jar:2.6.5]
	at com.fasterxml.jackson.databind.ser.std.BeanSerializerBase.serializeFields(BeanSerializerBase.java:675) ~[jackson-databind-2.6.5.jar:2.6.5]
	at com.fasterxml.jackson.databind.ser.BeanSerializer.serialize(BeanSerializer.java:157) ~[jackson-databind-2.6.5.jar:2.6.5]
	at com.fasterxml.jackson.databind.ser.BeanPropertyWriter.serializeAsField(BeanPropertyWriter.java:693) ~[jackson-databind-2.6.5.jar:2.6.5]
	at com.fasterxml.jackson.databind.ser.std.BeanSerializerBase.serializeFields(BeanSerializerBase.java:675) ~[jackson-databind-2.6.5.jar:2.6.5]
	at com.fasterxml.jackson.databind.ser.BeanSerializer.serialize(BeanSerializer.java:157) ~[jackson-databind-2.6.5.jar:2.6.5]
	at com.fasterxml.jackson.databind.ser.std.CollectionSerializer.serializeContents(CollectionSerializer.java:149) ~[jackson-databind-2.6.5.jar:2.6.5]
	at com.fasterxml.jackson.databind.ser.std.CollectionSerializer.serialize(CollectionSerializer.java:111) ~[jackson-databind-2.6.5.jar:2.6.5]
	at com.fasterxml.jackson.databind.ser.std.CollectionSerializer.serialize(CollectionSerializer.java:24) ~[jackson-databind-2.6.5.jar:2.6.5]
	at com.fasterxml.jackson.databind.ser.BeanPropertyWriter.serializeAsField(BeanPropertyWriter.java:693) ~[jackson-databind-2.6.5.jar:2.6.5]
	at com.fasterxml.jackson.databind.ser.std.BeanSerializerBase.serializeFields(BeanSerializerBase.java:675) ~[jackson-databind-2.6.5.jar:2.6.5]
	at com.fasterxml.jackson.databind.ser.BeanSerializer.serialize(BeanSerializer.java:157) ~[jackson-databind-2.6.5.jar:2.6.5]
	at com.fasterxml.jackson.databind.ser.BeanPropertyWriter.serializeAsField(BeanPropertyWriter.java:693) ~[jackson-databind-2.6.5.jar:2.6.5]
	at com.fasterxml.jackson.databind.ser.std.BeanSerializerBase.serializeFields(BeanSerializerBase.java:675) ~[jackson-databind-2.6.5.jar:2.6.5]
	at com.fasterxml.jackson.databind.ser.BeanSerializer.serialize(BeanSerializer.java:157) ~[jackson-databind-2.6.5.jar:2.6.5]
	at com.fasterxml.jackson.databind.ser.std.CollectionSerializer.serializeContents(CollectionSerializer.java:149) ~[jackson-databind-2.6.5.jar:2.6.5]
	at com.fasterxml.jackson.databind.ser.std.CollectionSerializer.serialize(CollectionSerializer.java:111) ~[jackson-databind-2.6.5.jar:2.6.5]
	at com.fasterxml.jackson.databind.ser.std.CollectionSerializer.serialize(CollectionSerializer.java:24) ~[jackson-databind-2.6.5.jar:2.6.5]
	at com.fasterxml.jackson.databind.ser.BeanPropertyWriter.serializeAsField(BeanPropertyWriter.java:693) ~[jackson-databind-2.6.5.jar:2.6.5]
	at com.fasterxml.jackson.databind.ser.std.BeanSerializerBase.serializeFields(BeanSerializerBase.java:675) ~[jackson-databind-2.6.5.jar:2.6.5]
	at com.fasterxml.jackson.databind.ser.BeanSerializer.serialize(BeanSerializer.java:157) ~[jackson-databind-2.6.5.jar:2.6.5]
	at com.fasterxml.jackson.databind.ser.BeanPropertyWriter.serializeAsField(BeanPropertyWriter.java:693) ~[jackson-databind-2.6.5.jar:2.6.5]
	at com.fasterxml.jackson.databind.ser.std.BeanSerializerBase.serializeFields(BeanSerializerBase.java:675) ~[jackson-databind-2.6.5.jar:2.6.5]
	at com.fasterxml.jackson.databind.ser.BeanSerializer.serialize(BeanSerializer.java:157) ~[jackson-databind-2.6.5.jar:2.6.5]
	at com.fasterxml.jackson.databind.ser.std.CollectionSerializer.serializeContents(CollectionSerializer.java:149) ~[jackson-databind-2.6.5.jar:2.6.5]
	at com.fasterxml.jackson.databind.ser.std.CollectionSerializer.serialize(CollectionSerializer.java:111) ~[jackson-databind-2.6.5.jar:2.6.5]
	at com.fasterxml.jackson.databind.ser.std.CollectionSerializer.serialize(CollectionSerializer.java:24) ~[jackson-databind-2.6.5.jar:2.6.5]
	at com.fasterxml.jackson.databind.ser.BeanPropertyWriter.serializeAsField(BeanPropertyWriter.java:693) ~[jackson-databind-2.6.5.jar:2.6.5]
	at com.fasterxml.jackson.databind.ser.std.BeanSerializerBase.serializeFields(BeanSerializerBase.java:675) ~[jackson-databind-2.6.5.jar:2.6.5]
	at com.fasterxml.jackson.databind.ser.BeanSerializer.serialize(BeanSerializer.java:157) ~[jackson-databind-2.6.5.jar:2.6.5]
	at com.fasterxml.jackson.databind.ser.BeanPropertyWriter.serializeAsField(BeanPropertyWriter.java:693) ~[jackson-databind-2.6.5.jar:2.6.5]
	at com.fasterxml.jackson.databind.ser.std.BeanSerializerBase.serializeFields(BeanSerializerBase.java:675) ~[jackson-databind-2.6.5.jar:2.6.5]
	at com.fasterxml.jackson.databind.ser.BeanSerializer.serialize(BeanSerializer.java:157) ~[jackson-databind-2.6.5.jar:2.6.5]
	at com.fasterxml.jackson.databind.ser.std.CollectionSerializer.serializeContents(CollectionSerializer.java:149) ~[jackson-databind-2.6.5.jar:2.6.5]
	at com.fasterxml.jackson.databind.ser.std.CollectionSerializer.serialize(CollectionSerializer.java:111) ~[jackson-databind-2.6.5.jar:2.6.5]
	at com.fasterxml.jackson.databind.ser.std.CollectionSerializer.serialize(CollectionSerializer.java:24) ~[jackson-databind-2.6.5.jar:2.6.5]
	at com.fasterxml.jackson.databind.ser.BeanPropertyWriter.serializeAsField(BeanPropertyWriter.java:693) ~[jackson-databind-2.6.5.jar:2.6.5]
	at com.fasterxml.jackson.databind.ser.std.BeanSerializerBase.serializeFields(BeanSerializerBase.java:675) ~[jackson-databind-2.6.5.jar:2.6.5]
	at com.fasterxml.jackson.databind.ser.BeanSerializer.serialize(BeanSerializer.java:157) ~[jackson-databind-2.6.5.jar:2.6.5]
	at com.fasterxml.jackson.databind.ser.BeanPropertyWriter.serializeAsField(BeanPropertyWriter.java:693) ~[jackson-databind-2.6.5.jar:2.6.5]
	at com.fasterxml.jackson.databind.ser.std.BeanSerializerBase.serializeFields(BeanSerializerBase.java:675) ~[jackson-databind-2.6.5.jar:2.6.5]
	at com.fasterxml.jackson.databind.ser.BeanSerializer.serialize(BeanSerializer.java:157) ~[jackson-databind-2.6.5.jar:2.6.5]
	at com.fasterxml.jackson.databind.ser.std.CollectionSerializer.serializeContents(CollectionSerializer.java:149) ~[jackson-databind-2.6.5.jar:2.6.5]
	at com.fasterxml.jackson.databind.ser.std.CollectionSerializer.serialize(CollectionSerializer.java:111) ~[jackson-databind-2.6.5.jar:2.6.5]
	at com.fasterxml.jackson.databind.ser.std.CollectionSerializer.serialize(CollectionSerializer.java:24) ~[jackson-databind-2.6.5.jar:2.6.5]
	at com.fasterxml.jackson.databind.ser.BeanPropertyWriter.serializeAsField(BeanPropertyWriter.java:693) ~[jackson-databind-2.6.5.jar:2.6.5]
	at com.fasterxml.jackson.databind.ser.std.BeanSerializerBase.serializeFields(BeanSerializerBase.java:675) ~[jackson-databind-2.6.5.jar:2.6.5]
	at com.fasterxml.jackson.databind.ser.BeanSerializer.serialize(BeanSerializer.java:157) ~[jackson-databind-2.6.5.jar:2.6.5]
	at com.fasterxml.jackson.databind.ser.BeanPropertyWriter.serializeAsField(BeanPropertyWriter.java:693) ~[jackson-databind-2.6.5.jar:2.6.5]
	at com.fasterxml.jackson.databind.ser.std.BeanSerializerBase.serializeFields(BeanSerializerBase.java:675) ~[jackson-databind-2.6.5.jar:2.6.5]
	at com.fasterxml.jackson.databind.ser.BeanSerializer.serialize(BeanSerializer.java:157) ~[jackson-databind-2.6.5.jar:2.6.5]
	at com.fasterxml.jackson.databind.ser.std.CollectionSerializer.serializeContents(CollectionSerializer.java:149) ~[jackson-databind-2.6.5.jar:2.6.5]
	at com.fasterxml.jackson.databind.ser.std.CollectionSerializer.serialize(CollectionSerializer.java:111) ~[jackson-databind-2.6.5.jar:2.6.5]
	at com.fasterxml.jackson.databind.ser.std.CollectionSerializer.serialize(CollectionSerializer.java:24) ~[jackson-databind-2.6.5.jar:2.6.5]
	at com.fasterxml.jackson.databind.ser.BeanPropertyWriter.serializeAsField(BeanPropertyWriter.java:693) ~[jackson-databind-2.6.5.jar:2.6.5]
	at com.fasterxml.jackson.databind.ser.std.BeanSerializerBase.serializeFields(BeanSerializerBase.java:675) ~[jackson-databind-2.6.5.jar:2.6.5]
	at com.fasterxml.jackson.databind.ser.BeanSerializer.serialize(BeanSerializer.java:157) ~[jackson-databind-2.6.5.jar:2.6.5]
	at com.fasterxml.jackson.databind.ser.BeanPropertyWriter.serializeAsField(BeanPropertyWriter.java:693) ~[jackson-databind-2.6.5.jar:2.6.5]
	at com.fasterxml.jackson.databind.ser.std.BeanSerializerBase.serializeFields(BeanSerializerBase.java:675) ~[jackson-databind-2.6.5.jar:2.6.5]
	at com.fasterxml.jackson.databind.ser.BeanSerializer.serialize(BeanSerializer.java:157) ~[jackson-databind-2.6.5.jar:2.6.5]
	at com.fasterxml.jackson.databind.ser.std.CollectionSerializer.serializeContents(CollectionSerializer.java:149) ~[jackson-databind-2.6.5.jar:2.6.5]
	at com.fasterxml.jackson.databind.ser.std.CollectionSerializer.serialize(CollectionSerializer.java:111) ~[jackson-databind-2.6.5.jar:2.6.5]
	at com.fasterxml.jackson.databind.ser.std.CollectionSerializer.serialize(CollectionSerializer.java:24) ~[jackson-databind-2.6.5.jar:2.6.5]
	at com.fasterxml.jackson.databind.ser.BeanPropertyWriter.serializeAsField(BeanPropertyWriter.java:693) ~[jackson-databind-2.6.5.jar:2.6.5]
	at com.fasterxml.jackson.databind.ser.std.BeanSerializerBase.serializeFields(BeanSerializerBase.java:675) ~[jackson-databind-2.6.5.jar:2.6.5]
	at com.fasterxml.jackson.databind.ser.BeanSerializer.serialize(BeanSerializer.java:157) ~[jackson-databind-2.6.5.jar:2.6.5]
	at com.fasterxml.jackson.databind.ser.BeanPropertyWriter.serializeAsField(BeanPropertyWriter.java:693) ~[jackson-databind-2.6.5.jar:2.6.5]
	at com.fasterxml.jackson.databind.ser.std.BeanSerializerBase.serializeFields(BeanSerializerBase.java:675) ~[jackson-databind-2.6.5.jar:2.6.5]
	at com.fasterxml.jackson.databind.ser.BeanSerializer.serialize(BeanSerializer.java:157) ~[jackson-databind-2.6.5.jar:2.6.5]
	at com.fasterxml.jackson.databind.ser.std.CollectionSerializer.serializeContents(CollectionSerializer.java:149) ~[jackson-databind-2.6.5.jar:2.6.5]
	at com.fasterxml.jackson.databind.ser.std.CollectionSerializer.serialize(CollectionSerializer.java:111) ~[jackson-databind-2.6.5.jar:2.6.5]
	at com.fasterxml.jackson.databind.ser.std.CollectionSerializer.serialize(CollectionSerializer.java:24) ~[jackson-databind-2.6.5.jar:2.6.5]
	at com.fasterxml.jackson.databind.ser.BeanPropertyWriter.serializeAsField(BeanPropertyWriter.java:693) ~[jackson-databind-2.6.5.jar:2.6.5]
	at com.fasterxml.jackson.databind.ser.std.BeanSerializerBase.serializeFields(BeanSerializerBase.java:675) ~[jackson-databind-2.6.5.jar:2.6.5]
	at com.fasterxml.jackson.databind.ser.BeanSerializer.serialize(BeanSerializer.java:157) ~[jackson-databind-2.6.5.jar:2.6.5]
	at com.fasterxml.jackson.databind.ser.BeanPropertyWriter.serializeAsField(BeanPropertyWriter.java:693) ~[jackson-databind-2.6.5.jar:2.6.5]
	at com.fasterxml.jackson.databind.ser.std.BeanSerializerBase.serializeFields(BeanSerializerBase.java:675) ~[jackson-databind-2.6.5.jar:2.6.5]
	at com.fasterxml.jackson.databind.ser.BeanSerializer.serialize(BeanSerializer.java:157) ~[jackson-databind-2.6.5.jar:2.6.5]
	at com.fasterxml.jackson.databind.ser.std.CollectionSerializer.serializeContents(CollectionSerializer.java:149) ~[jackson-databind-2.6.5.jar:2.6.5]
	at com.fasterxml.jackson.databind.ser.std.CollectionSerializer.serialize(CollectionSerializer.java:111) ~[jackson-databind-2.6.5.jar:2.6.5]
	at com.fasterxml.jackson.databind.ser.std.CollectionSerializer.serialize(CollectionSerializer.java:24) ~[jackson-databind-2.6.5.jar:2.6.5]
	at com.fasterxml.jackson.databind.ser.BeanPropertyWriter.serializeAsField(BeanPropertyWriter.java:693) ~[jackson-databind-2.6.5.jar:2.6.5]
	at com.fasterxml.jackson.databind.ser.std.BeanSerializerBase.serializeFields(BeanSerializerBase.java:675) ~[jackson-databind-2.6.5.jar:2.6.5]
	at com.fasterxml.jackson.databind.ser.BeanSerializer.serialize(BeanSerializer.java:157) ~[jackson-databind-2.6.5.jar:2.6.5]
	at com.fasterxml.jackson.databind.ser.BeanPropertyWriter.serializeAsField(BeanPropertyWriter.java:693) ~[jackson-databind-2.6.5.jar:2.6.5]
	at com.fasterxml.jackson.databind.ser.std.BeanSerializerBase.serializeFields(BeanSerializerBase.java:675) ~[jackson-databind-2.6.5.jar:2.6.5]
	at com.fasterxml.jackson.databind.ser.BeanSerializer.serialize(BeanSerializer.java:157) ~[jackson-databind-2.6.5.jar:2.6.5]
	at com.fasterxml.jackson.databind.ser.std.CollectionSerializer.serializeContents(CollectionSerializer.java:149) ~[jackson-databind-2.6.5.jar:2.6.5]
	at com.fasterxml.jackson.databind.ser.std.CollectionSerializer.serialize(CollectionSerializer.java:111) ~[jackson-databind-2.6.5.jar:2.6.5]
	at com.fasterxml.jackson.databind.ser.std.CollectionSerializer.serialize(CollectionSerializer.java:24) ~[jackson-databind-2.6.5.jar:2.6.5]
	at com.fasterxml.jackson.databind.ser.BeanPropertyWriter.serializeAsField(BeanPropertyWriter.java:693) ~[jackson-databind-2.6.5.jar:2.6.5]
	at com.fasterxml.jackson.databind.ser.std.BeanSerializerBase.serializeFields(BeanSerializerBase.java:675) ~[jackson-databind-2.6.5.jar:2.6.5]
	at com.fasterxml.jackson.databind.ser.BeanSerializer.serialize(BeanSerializer.java:157) ~[jackson-databind-2.6.5.jar:2.6.5]
	at com.fasterxml.jackson.databind.ser.BeanPropertyWriter.serializeAsField(BeanPropertyWriter.java:693) ~[jackson-databind-2.6.5.jar:2.6.5]
	at com.fasterxml.jackson.databind.ser.std.BeanSerializerBase.serializeFields(BeanSerializerBase.java:675) ~[jackson-databind-2.6.5.jar:2.6.5]
	at com.fasterxml.jackson.databind.ser.BeanSerializer.serialize(BeanSerializer.java:157) ~[jackson-databind-2.6.5.jar:2.6.5]
	at com.fasterxml.jackson.databind.ser.std.CollectionSerializer.serializeContents(CollectionSerializer.java:149) ~[jackson-databind-2.6.5.jar:2.6.5]
	at com.fasterxml.jackson.databind.ser.std.CollectionSerializer.serialize(CollectionSerializer.java:111) ~[jackson-databind-2.6.5.jar:2.6.5]
	at com.fasterxml.jackson.databind.ser.std.CollectionSerializer.serialize(CollectionSerializer.java:24) ~[jackson-databind-2.6.5.jar:2.6.5]
	at com.fasterxml.jackson.databind.ser.BeanPropertyWriter.serializeAsField(BeanPropertyWriter.java:693) ~[jackson-databind-2.6.5.jar:2.6.5]
	at com.fasterxml.jackson.databind.ser.std.BeanSerializerBase.serializeFields(BeanSerializerBase.java:675) ~[jackson-databind-2.6.5.jar:2.6.5]
	at com.fasterxml.jackson.databind.ser.BeanSerializer.serialize(BeanSerializer.java:157) ~[jackson-databind-2.6.5.jar:2.6.5]
	at com.fasterxml.jackson.databind.ser.BeanPropertyWriter.serializeAsField(BeanPropertyWriter.java:693) ~[jackson-databind-2.6.5.jar:2.6.5]
	at com.fasterxml.jackson.databind.ser.std.BeanSerializerBase.serializeFields(BeanSerializerBase.java:675) ~[jackson-databind-2.6.5.jar:2.6.5]
	at com.fasterxml.jackson.databind.ser.BeanSerializer.serialize(BeanSerializer.java:157) ~[jackson-databind-2.6.5.jar:2.6.5]
	at com.fasterxml.jackson.databind.ser.std.CollectionSerializer.serializeContents(CollectionSerializer.java:149) ~[jackson-databind-2.6.5.jar:2.6.5]
	at com.fasterxml.jackson.databind.ser.std.CollectionSerializer.serialize(CollectionSerializer.java:111) ~[jackson-databind-2.6.5.jar:2.6.5]
	at com.fasterxml.jackson.databind.ser.std.CollectionSerializer.serialize(CollectionSerializer.java:24) ~[jackson-databind-2.6.5.jar:2.6.5]
	at com.fasterxml.jackson.databind.ser.BeanPropertyWriter.serializeAsField(BeanPropertyWriter.java:693) ~[jackson-databind-2.6.5.jar:2.6.5]
	at com.fasterxml.jackson.databind.ser.std.BeanSerializerBase.serializeFields(BeanSerializerBase.java:675) ~[jackson-databind-2.6.5.jar:2.6.5]
	at com.fasterxml.jackson.databind.ser.BeanSerializer.serialize(BeanSerializer.java:157) ~[jackson-databind-2.6.5.jar:2.6.5]
	at com.fasterxml.jackson.databind.ser.BeanPropertyWriter.serializeAsField(BeanPropertyWriter.java:693) ~[jackson-databind-2.6.5.jar:2.6.5]
	at com.fasterxml.jackson.databind.ser.std.BeanSerializerBase.serializeFields(BeanSerializerBase.java:675) ~[jackson-databind-2.6.5.jar:2.6.5]
	at com.fasterxml.jackson.databind.ser.BeanSerializer.serialize(BeanSerializer.java:157) ~[jackson-databind-2.6.5.jar:2.6.5]
	at com.fasterxml.jackson.databind.ser.std.CollectionSerializer.serializeContents(CollectionSerializer.java:149) ~[jackson-databind-2.6.5.jar:2.6.5]
	at com.fasterxml.jackson.databind.ser.std.CollectionSerializer.serialize(CollectionSerializer.java:111) ~[jackson-databind-2.6.5.jar:2.6.5]
	at com.fasterxml.jackson.databind.ser.std.CollectionSerializer.serialize(CollectionSerializer.java:24) ~[jackson-databind-2.6.5.jar:2.6.5]
	at com.fasterxml.jackson.databind.ser.BeanPropertyWriter.serializeAsField(BeanPropertyWriter.java:693) ~[jackson-databind-2.6.5.jar:2.6.5]
	at com.fasterxml.jackson.databind.ser.std.BeanSerializerBase.serializeFields(BeanSerializerBase.java:675) ~[jackson-databind-2.6.5.jar:2.6.5]
	at com.fasterxml.jackson.databind.ser.BeanSerializer.serialize(BeanSerializer.java:157) ~[jackson-databind-2.6.5.jar:2.6.5]
	at com.fasterxml.jackson.databind.ser.BeanPropertyWriter.serializeAsField(BeanPropertyWriter.java:693) ~[jackson-databind-2.6.5.jar:2.6.5]
	at com.fasterxml.jackson.databind.ser.std.BeanSerializerBase.serializeFields(BeanSerializerBase.java:675) ~[jackson-databind-2.6.5.jar:2.6.5]
	at com.fasterxml.jackson.databind.ser.BeanSerializer.serialize(BeanSerializer.java:157) ~[jackson-databind-2.6.5.jar:2.6.5]
	at com.fasterxml.jackson.databind.ser.std.CollectionSerializer.serializeContents(CollectionSerializer.java:149) ~[jackson-databind-2.6.5.jar:2.6.5]
	at com.fasterxml.jackson.databind.ser.std.CollectionSerializer.serialize(CollectionSerializer.java:111) ~[jackson-databind-2.6.5.jar:2.6.5]
	at com.fasterxml.jackson.databind.ser.std.CollectionSerializer.serialize(CollectionSerializer.java:24) ~[jackson-databind-2.6.5.jar:2.6.5]
	at com.fasterxml.jackson.databind.ser.BeanPropertyWriter.serializeAsField(BeanPropertyWriter.java:693) ~[jackson-databind-2.6.5.jar:2.6.5]
	at com.fasterxml.jackson.databind.ser.std.BeanSerializerBase.serializeFields(BeanSerializerBase.java:675) ~[jackson-databind-2.6.5.jar:2.6.5]
	at com.fasterxml.jackson.databind.ser.BeanSerializer.serialize(BeanSerializer.java:157) ~[jackson-databind-2.6.5.jar:2.6.5]
	at com.fasterxml.jackson.databind.ser.BeanPropertyWriter.serializeAsField(BeanPropertyWriter.java:693) ~[jackson-databind-2.6.5.jar:2.6.5]
	at com.fasterxml.jackson.databind.ser.std.BeanSerializerBase.serializeFields(BeanSerializerBase.java:675) ~[jackson-databind-2.6.5.jar:2.6.5]
	at com.fasterxml.jackson.databind.ser.BeanSerializer.serialize(BeanSerializer.java:157) ~[jackson-databind-2.6.5.jar:2.6.5]
	at com.fasterxml.jackson.databind.ser.std.CollectionSerializer.serializeContents(CollectionSerializer.java:149) ~[jackson-databind-2.6.5.jar:2.6.5]
	at com.fasterxml.jackson.databind.ser.std.CollectionSerializer.serialize(CollectionSerializer.java:111) ~[jackson-databind-2.6.5.jar:2.6.5]
	at com.fasterxml.jackson.databind.ser.std.CollectionSerializer.serialize(CollectionSerializer.java:24) ~[jackson-databind-2.6.5.jar:2.6.5]
	at com.fasterxml.jackson.databind.ser.BeanPropertyWriter.serializeAsField(BeanPropertyWriter.java:693) ~[jackson-databind-2.6.5.jar:2.6.5]
	at com.fasterxml.jackson.databind.ser.std.BeanSerializerBase.serializeFields(BeanSerializerBase.java:675) ~[jackson-databind-2.6.5.jar:2.6.5]
	at com.fasterxml.jackson.databind.ser.BeanSerializer.serialize(BeanSerializer.java:157) ~[jackson-databind-2.6.5.jar:2.6.5]
	at com.fasterxml.jackson.databind.ser.BeanPropertyWriter.serializeAsField(BeanPropertyWriter.java:693) ~[jackson-databind-2.6.5.jar:2.6.5]
	at com.fasterxml.jackson.databind.ser.std.BeanSerializerBase.serializeFields(BeanSerializerBase.java:675) ~[jackson-databind-2.6.5.jar:2.6.5]
	at com.fasterxml.jackson.databind.ser.BeanSerializer.serialize(BeanSerializer.java:157) ~[jackson-databind-2.6.5.jar:2.6.5]
	at com.fasterxml.jackson.databind.ser.std.CollectionSerializer.serializeContents(CollectionSerializer.java:149) ~[jackson-databind-2.6.5.jar:2.6.5]
	at com.fasterxml.jackson.databind.ser.std.CollectionSerializer.serialize(CollectionSerializer.java:111) ~[jackson-databind-2.6.5.jar:2.6.5]
	at com.fasterxml.jackson.databind.ser.std.CollectionSerializer.serialize(CollectionSerializer.java:24) ~[jackson-databind-2.6.5.jar:2.6.5]
	at com.fasterxml.jackson.databind.ser.BeanPropertyWriter.serializeAsField(BeanPropertyWriter.java:693) ~[jackson-databind-2.6.5.jar:2.6.5]
	at com.fasterxml.jackson.databind.ser.std.BeanSerializerBase.serializeFields(BeanSerializerBase.java:675) ~[jackson-databind-2.6.5.jar:2.6.5]
	at com.fasterxml.jackson.databind.ser.BeanSerializer.serialize(BeanSerializer.java:157) ~[jackson-databind-2.6.5.jar:2.6.5]
	at com.fasterxml.jackson.databind.ser.BeanPropertyWriter.serializeAsField(BeanPropertyWriter.java:693) ~[jackson-databind-2.6.5.jar:2.6.5]
	at com.fasterxml.jackson.databind.ser.std.BeanSerializerBase.serializeFields(BeanSerializerBase.java:675) ~[jackson-databind-2.6.5.jar:2.6.5]
	at com.fasterxml.jackson.databind.ser.BeanSerializer.serialize(BeanSerializer.java:157) ~[jackson-databind-2.6.5.jar:2.6.5]
	at com.fasterxml.jackson.databind.ser.std.CollectionSerializer.serializeContents(CollectionSerializer.java:149) ~[jackson-databind-2.6.5.jar:2.6.5]
	at com.fasterxml.jackson.databind.ser.std.CollectionSerializer.serialize(CollectionSerializer.java:111) ~[jackson-databind-2.6.5.jar:2.6.5]
	at com.fasterxml.jackson.databind.ser.std.CollectionSerializer.serialize(CollectionSerializer.java:24) ~[jackson-databind-2.6.5.jar:2.6.5]
	at com.fasterxml.jackson.databind.ser.BeanPropertyWriter.serializeAsField(BeanPropertyWriter.java:693) ~[jackson-databind-2.6.5.jar:2.6.5]
	at com.fasterxml.jackson.databind.ser.std.BeanSerializerBase.serializeFields(BeanSerializerBase.java:675) ~[jackson-databind-2.6.5.jar:2.6.5]
	at com.fasterxml.jackson.databind.ser.BeanSerializer.serialize(BeanSerializer.java:157) ~[jackson-databind-2.6.5.jar:2.6.5]
	at com.fasterxml.jackson.databind.ser.BeanPropertyWriter.serializeAsField(BeanPropertyWriter.java:693) ~[jackson-databind-2.6.5.jar:2.6.5]
	at com.fasterxml.jackson.databind.ser.std.BeanSerializerBase.serializeFields(BeanSerializerBase.java:675) ~[jackson-databind-2.6.5.jar:2.6.5]
	at com.fasterxml.jackson.databind.ser.BeanSerializer.serialize(BeanSerializer.java:157) ~[jackson-databind-2.6.5.jar:2.6.5]
	at com.fasterxml.jackson.databind.ser.std.CollectionSerializer.serializeContents(CollectionSerializer.java:149) ~[jackson-databind-2.6.5.jar:2.6.5]
	at com.fasterxml.jackson.databind.ser.std.CollectionSerializer.serialize(CollectionSerializer.java:111) ~[jackson-databind-2.6.5.jar:2.6.5]
	at com.fasterxml.jackson.databind.ser.std.CollectionSerializer.serialize(CollectionSerializer.java:24) ~[jackson-databind-2.6.5.jar:2.6.5]
	at com.fasterxml.jackson.databind.ser.BeanPropertyWriter.serializeAsField(BeanPropertyWriter.java:693) ~[jackson-databind-2.6.5.jar:2.6.5]
	at com.fasterxml.jackson.databind.ser.std.BeanSerializerBase.serializeFields(BeanSerializerBase.java:675) ~[jackson-databind-2.6.5.jar:2.6.5]
	at com.fasterxml.jackson.databind.ser.BeanSerializer.serialize(BeanSerializer.java:157) ~[jackson-databind-2.6.5.jar:2.6.5]
	at com.fasterxml.jackson.databind.ser.BeanPropertyWriter.serializeAsField(BeanPropertyWriter.java:693) ~[jackson-databind-2.6.5.jar:2.6.5]
	at com.fasterxml.jackson.databind.ser.std.BeanSerializerBase.serializeFields(BeanSerializerBase.java:675) ~[jackson-databind-2.6.5.jar:2.6.5]
	at com.fasterxml.jackson.databind.ser.BeanSerializer.serialize(BeanSerializer.java:157) ~[jackson-databind-2.6.5.jar:2.6.5]
	at com.fasterxml.jackson.databind.ser.std.CollectionSerializer.serializeContents(CollectionSerializer.java:149) ~[jackson-databind-2.6.5.jar:2.6.5]
	at com.fasterxml.jackson.databind.ser.std.CollectionSerializer.serialize(CollectionSerializer.java:111) ~[jackson-databind-2.6.5.jar:2.6.5]
	at com.fasterxml.jackson.databind.ser.std.CollectionSerializer.serialize(CollectionSerializer.java:24) ~[jackson-databind-2.6.5.jar:2.6.5]
	at com.fasterxml.jackson.databind.ser.BeanPropertyWriter.serializeAsField(BeanPropertyWriter.java:693) ~[jackson-databind-2.6.5.jar:2.6.5]
	at com.fasterxml.jackson.databind.ser.std.BeanSerializerBase.serializeFields(BeanSerializerBase.java:675) ~[jackson-databind-2.6.5.jar:2.6.5]
	at com.fasterxml.jackson.databind.ser.BeanSerializer.serialize(BeanSerializer.java:157) ~[jackson-databind-2.6.5.jar:2.6.5]
	at com.fasterxml.jackson.databind.ser.BeanPropertyWriter.serializeAsField(BeanPropertyWriter.java:693) ~[jackson-databind-2.6.5.jar:2.6.5]
	at com.fasterxml.jackson.databind.ser.std.BeanSerializerBase.serializeFields(BeanSerializerBase.java:675) ~[jackson-databind-2.6.5.jar:2.6.5]
	at com.fasterxml.jackson.databind.ser.BeanSerializer.serialize(BeanSerializer.java:157) ~[jackson-databind-2.6.5.jar:2.6.5]
	at com.fasterxml.jackson.databind.ser.std.CollectionSerializer.serializeContents(CollectionSerializer.java:149) ~[jackson-databind-2.6.5.jar:2.6.5]
	at com.fasterxml.jackson.databind.ser.std.CollectionSerializer.serialize(CollectionSerializer.java:111) ~[jackson-databind-2.6.5.jar:2.6.5]
	at com.fasterxml.jackson.databind.ser.std.CollectionSerializer.serialize(CollectionSerializer.java:24) ~[jackson-databind-2.6.5.jar:2.6.5]
	at com.fasterxml.jackson.databind.ser.BeanPropertyWriter.serializeAsField(BeanPropertyWriter.java:693) ~[jackson-databind-2.6.5.jar:2.6.5]
	at com.fasterxml.jackson.databind.ser.std.BeanSerializerBase.serializeFields(BeanSerializerBase.java:675) ~[jackson-databind-2.6.5.jar:2.6.5]
	at com.fasterxml.jackson.databind.ser.BeanSerializer.serialize(BeanSerializer.java:157) ~[jackson-databind-2.6.5.jar:2.6.5]
	at com.fasterxml.jackson.databind.ser.BeanPropertyWriter.serializeAsField(BeanPropertyWriter.java:693) ~[jackson-databind-2.6.5.jar:2.6.5]
	at com.fasterxml.jackson.databind.ser.std.BeanSerializerBase.serializeFields(BeanSerializerBase.java:675) ~[jackson-databind-2.6.5.jar:2.6.5]
	at com.fasterxml.jackson.databind.ser.BeanSerializer.serialize(BeanSerializer.java:157) ~[jackson-databind-2.6.5.jar:2.6.5]
	at com.fasterxml.jackson.databind.ser.std.CollectionSerializer.serializeContents(CollectionSerializer.java:149) ~[jackson-databind-2.6.5.jar:2.6.5]
	at com.fasterxml.jackson.databind.ser.std.CollectionSerializer.serialize(CollectionSerializer.java:111) ~[jackson-databind-2.6.5.jar:2.6.5]
	at com.fasterxml.jackson.databind.ser.std.CollectionSerializer.serialize(CollectionSerializer.java:24) ~[jackson-databind-2.6.5.jar:2.6.5]
	at com.fasterxml.jackson.databind.ser.BeanPropertyWriter.serializeAsField(BeanPropertyWriter.java:693) ~[jackson-databind-2.6.5.jar:2.6.5]
	at com.fasterxml.jackson.databind.ser.std.BeanSerializerBase.serializeFields(BeanSerializerBase.java:675) ~[jackson-databind-2.6.5.jar:2.6.5]
	at com.fasterxml.jackson.databind.ser.BeanSerializer.serialize(BeanSerializer.java:157) ~[jackson-databind-2.6.5.jar:2.6.5]
	at com.fasterxml.jackson.databind.ser.BeanPropertyWriter.serializeAsField(BeanPropertyWriter.java:693) ~[jackson-databind-2.6.5.jar:2.6.5]
	at com.fasterxml.jackson.databind.ser.std.BeanSerializerBase.serializeFields(BeanSerializerBase.java:675) ~[jackson-databind-2.6.5.jar:2.6.5]
	at com.fasterxml.jackson.databind.ser.BeanSerializer.serialize(BeanSerializer.java:157) ~[jackson-databind-2.6.5.jar:2.6.5]
	at com.fasterxml.jackson.databind.ser.std.CollectionSerializer.serializeContents(CollectionSerializer.java:149) ~[jackson-databind-2.6.5.jar:2.6.5]
	at com.fasterxml.jackson.databind.ser.std.CollectionSerializer.serialize(CollectionSerializer.java:111) ~[jackson-databind-2.6.5.jar:2.6.5]
	at com.fasterxml.jackson.databind.ser.std.CollectionSerializer.serialize(CollectionSerializer.java:24) ~[jackson-databind-2.6.5.jar:2.6.5]
	at com.fasterxml.jackson.databind.ser.BeanPropertyWriter.serializeAsField(BeanPropertyWriter.java:693) ~[jackson-databind-2.6.5.jar:2.6.5]
	at com.fasterxml.jackson.databind.ser.std.BeanSerializerBase.serializeFields(BeanSerializerBase.java:675) ~[jackson-databind-2.6.5.jar:2.6.5]
	at com.fasterxml.jackson.databind.ser.BeanSerializer.serialize(BeanSerializer.java:157) ~[jackson-databind-2.6.5.jar:2.6.5]
	at com.fasterxml.jackson.databind.ser.BeanPropertyWriter.serializeAsField(BeanPropertyWriter.java:693) ~[jackson-databind-2.6.5.jar:2.6.5]
	at com.fasterxml.jackson.databind.ser.std.BeanSerializerBase.serializeFields(BeanSerializerBase.java:675) ~[jackson-databind-2.6.5.jar:2.6.5]
	at com.fasterxml.jackson.databind.ser.BeanSerializer.serialize(BeanSerializer.java:157) ~[jackson-databind-2.6.5.jar:2.6.5]
	at com.fasterxml.jackson.databind.ser.std.CollectionSerializer.serializeContents(CollectionSerializer.java:149) ~[jackson-databind-2.6.5.jar:2.6.5]
	at com.fasterxml.jackson.databind.ser.std.CollectionSerializer.serialize(CollectionSerializer.java:111) ~[jackson-databind-2.6.5.jar:2.6.5]
	at com.fasterxml.jackson.databind.ser.std.CollectionSerializer.serialize(CollectionSerializer.java:24) ~[jackson-databind-2.6.5.jar:2.6.5]
	at com.fasterxml.jackson.databind.ser.BeanPropertyWriter.serializeAsField(BeanPropertyWriter.java:693) ~[jackson-databind-2.6.5.jar:2.6.5]
	at com.fasterxml.jackson.databind.ser.std.BeanSerializerBase.serializeFields(BeanSerializerBase.java:675) ~[jackson-databind-2.6.5.jar:2.6.5]
	at com.fasterxml.jackson.databind.ser.BeanSerializer.serialize(BeanSerializer.java:157) ~[jackson-databind-2.6.5.jar:2.6.5]
	at com.fasterxml.jackson.databind.ser.BeanPropertyWriter.serializeAsField(BeanPropertyWriter.java:693) ~[jackson-databind-2.6.5.jar:2.6.5]
	at com.fasterxml.jackson.databind.ser.std.BeanSerializerBase.serializeFields(BeanSerializerBase.java:675) ~[jackson-databind-2.6.5.jar:2.6.5]
	at com.fasterxml.jackson.databind.ser.BeanSerializer.serialize(BeanSerializer.java:157) ~[jackson-databind-2.6.5.jar:2.6.5]
	at com.fasterxml.jackson.databind.ser.std.CollectionSerializer.serializeContents(CollectionSerializer.java:149) ~[jackson-databind-2.6.5.jar:2.6.5]
	at com.fasterxml.jackson.databind.ser.std.CollectionSerializer.serialize(CollectionSerializer.java:111) ~[jackson-databind-2.6.5.jar:2.6.5]
	at com.fasterxml.jackson.databind.ser.std.CollectionSerializer.serialize(CollectionSerializer.java:24) ~[jackson-databind-2.6.5.jar:2.6.5]
	at com.fasterxml.jackson.databind.ser.BeanPropertyWriter.serializeAsField(BeanPropertyWriter.java:693) ~[jackson-databind-2.6.5.jar:2.6.5]
	at com.fasterxml.jackson.databind.ser.std.BeanSerializerBase.serializeFields(BeanSerializerBase.java:675) ~[jackson-databind-2.6.5.jar:2.6.5]
	at com.fasterxml.jackson.databind.ser.BeanSerializer.serialize(BeanSerializer.java:157) ~[jackson-databind-2.6.5.jar:2.6.5]
	at com.fasterxml.jackson.databind.ser.BeanPropertyWriter.serializeAsField(BeanPropertyWriter.java:693) ~[jackson-databind-2.6.5.jar:2.6.5]
	at com.fasterxml.jackson.databind.ser.std.BeanSerializerBase.serializeFields(BeanSerializerBase.java:675) ~[jackson-databind-2.6.5.jar:2.6.5]
	at com.fasterxml.jackson.databind.ser.BeanSerializer.serialize(BeanSerializer.java:157) ~[jackson-databind-2.6.5.jar:2.6.5]
	at com.fasterxml.jackson.databind.ser.std.CollectionSerializer.serializeContents(CollectionSerializer.java:149) ~[jackson-databind-2.6.5.jar:2.6.5]
	at com.fasterxml.jackson.databind.ser.std.CollectionSerializer.serialize(CollectionSerializer.java:111) ~[jackson-databind-2.6.5.jar:2.6.5]
	at com.fasterxml.jackson.databind.ser.std.CollectionSerializer.serialize(CollectionSerializer.java:24) ~[jackson-databind-2.6.5.jar:2.6.5]
	at com.fasterxml.jackson.databind.ser.BeanPropertyWriter.serializeAsField(BeanPropertyWriter.java:693) ~[jackson-databind-2.6.5.jar:2.6.5]
	at com.fasterxml.jackson.databind.ser.std.BeanSerializerBase.serializeFields(BeanSerializerBase.java:675) ~[jackson-databind-2.6.5.jar:2.6.5]
	at com.fasterxml.jackson.databind.ser.BeanSerializer.serialize(BeanSerializer.java:157) ~[jackson-databind-2.6.5.jar:2.6.5]
	at com.fasterxml.jackson.databind.ser.BeanPropertyWriter.serializeAsField(BeanPropertyWriter.java:693) ~[jackson-databind-2.6.5.jar:2.6.5]
	at com.fasterxml.jackson.databind.ser.std.BeanSerializerBase.serializeFields(BeanSerializerBase.java:675) ~[jackson-databind-2.6.5.jar:2.6.5]
	at com.fasterxml.jackson.databind.ser.BeanSerializer.serialize(BeanSerializer.java:157) ~[jackson-databind-2.6.5.jar:2.6.5]
	at com.fasterxml.jackson.databind.ser.std.CollectionSerializer.serializeContents(CollectionSerializer.java:149) ~[jackson-databind-2.6.5.jar:2.6.5]
	at com.fasterxml.jackson.databind.ser.std.CollectionSerializer.serialize(CollectionSerializer.java:111) ~[jackson-databind-2.6.5.jar:2.6.5]
	at com.fasterxml.jackson.databind.ser.std.CollectionSerializer.serialize(CollectionSerializer.java:24) ~[jackson-databind-2.6.5.jar:2.6.5]
	at com.fasterxml.jackson.databind.ser.BeanPropertyWriter.serializeAsField(BeanPropertyWriter.java:693) ~[jackson-databind-2.6.5.jar:2.6.5]
	at com.fasterxml.jackson.databind.ser.std.BeanSerializerBase.serializeFields(BeanSerializerBase.java:675) ~[jackson-databind-2.6.5.jar:2.6.5]
	at com.fasterxml.jackson.databind.ser.BeanSerializer.serialize(BeanSerializer.java:157) ~[jackson-databind-2.6.5.jar:2.6.5]
	at com.fasterxml.jackson.databind.ser.BeanPropertyWriter.serializeAsField(BeanPropertyWriter.java:693) ~[jackson-databind-2.6.5.jar:2.6.5]
	at com.fasterxml.jackson.databind.ser.std.BeanSerializerBase.serializeFields(BeanSerializerBase.java:675) ~[jackson-databind-2.6.5.jar:2.6.5]
	at com.fasterxml.jackson.databind.ser.BeanSerializer.serialize(BeanSerializer.java:157) ~[jackson-databind-2.6.5.jar:2.6.5]
	at com.fasterxml.jackson.databind.ser.std.CollectionSerializer.serializeContents(CollectionSerializer.java:149) ~[jackson-databind-2.6.5.jar:2.6.5]
	at com.fasterxml.jackson.databind.ser.std.CollectionSerializer.serialize(CollectionSerializer.java:111) ~[jackson-databind-2.6.5.jar:2.6.5]
	at com.fasterxml.jackson.databind.ser.std.CollectionSerializer.serialize(CollectionSerializer.java:24) ~[jackson-databind-2.6.5.jar:2.6.5]
	at com.fasterxml.jackson.databind.ser.BeanPropertyWriter.serializeAsField(BeanPropertyWriter.java:693) ~[jackson-databind-2.6.5.jar:2.6.5]
	at com.fasterxml.jackson.databind.ser.std.BeanSerializerBase.serializeFields(BeanSerializerBase.java:675) ~[jackson-databind-2.6.5.jar:2.6.5]
	at com.fasterxml.jackson.databind.ser.BeanSerializer.serialize(BeanSerializer.java:157) ~[jackson-databind-2.6.5.jar:2.6.5]
	at com.fasterxml.jackson.databind.ser.BeanPropertyWriter.serializeAsField(BeanPropertyWriter.java:693) ~[jackson-databind-2.6.5.jar:2.6.5]
	at com.fasterxml.jackson.databind.ser.std.BeanSerializerBase.serializeFields(BeanSerializerBase.java:675) ~[jackson-databind-2.6.5.jar:2.6.5]
	at com.fasterxml.jackson.databind.ser.BeanSerializer.serialize(BeanSerializer.java:157) ~[jackson-databind-2.6.5.jar:2.6.5]
	at com.fasterxml.jackson.databind.ser.std.CollectionSerializer.serializeContents(CollectionSerializer.java:149) ~[jackson-databind-2.6.5.jar:2.6.5]
	at com.fasterxml.jackson.databind.ser.std.CollectionSerializer.serialize(CollectionSerializer.java:111) ~[jackson-databind-2.6.5.jar:2.6.5]
	at com.fasterxml.jackson.databind.ser.std.CollectionSerializer.serialize(CollectionSerializer.java:24) ~[jackson-databind-2.6.5.jar:2.6.5]
	at com.fasterxml.jackson.databind.ser.BeanPropertyWriter.serializeAsField(BeanPropertyWriter.java:693) ~[jackson-databind-2.6.5.jar:2.6.5]
	at com.fasterxml.jackson.databind.ser.std.BeanSerializerBase.serializeFields(BeanSerializerBase.java:675) ~[jackson-databind-2.6.5.jar:2.6.5]
	at com.fasterxml.jackson.databind.ser.BeanSerializer.serialize(BeanSerializer.java:157) ~[jackson-databind-2.6.5.jar:2.6.5]
	at com.fasterxml.jackson.databind.ser.BeanPropertyWriter.serializeAsField(BeanPropertyWriter.java:693) ~[jackson-databind-2.6.5.jar:2.6.5]
	at com.fasterxml.jackson.databind.ser.std.BeanSerializerBase.serializeFields(BeanSerializerBase.java:675) ~[jackson-databind-2.6.5.jar:2.6.5]
	at com.fasterxml.jackson.databind.ser.BeanSerializer.serialize(BeanSerializer.java:157) ~[jackson-databind-2.6.5.jar:2.6.5]
	at com.fasterxml.jackson.databind.ser.std.CollectionSerializer.serializeContents(CollectionSerializer.java:149) ~[jackson-databind-2.6.5.jar:2.6.5]
	at com.fasterxml.jackson.databind.ser.std.CollectionSerializer.serialize(CollectionSerializer.java:111) ~[jackson-databind-2.6.5.jar:2.6.5]
	at com.fasterxml.jackson.databind.ser.std.CollectionSerializer.serialize(CollectionSerializer.java:24) ~[jackson-databind-2.6.5.jar:2.6.5]
	at com.fasterxml.jackson.databind.ser.BeanPropertyWriter.serializeAsField(BeanPropertyWriter.java:693) ~[jackson-databind-2.6.5.jar:2.6.5]
	at com.fasterxml.jackson.databind.ser.std.BeanSerializerBase.serializeFields(BeanSerializerBase.java:675) ~[jackson-databind-2.6.5.jar:2.6.5]
	at com.fasterxml.jackson.databind.ser.BeanSerializer.serialize(BeanSerializer.java:157) ~[jackson-databind-2.6.5.jar:2.6.5]
	at com.fasterxml.jackson.databind.ser.BeanPropertyWriter.serializeAsField(BeanPropertyWriter.java:693) ~[jackson-databind-2.6.5.jar:2.6.5]
	at com.fasterxml.jackson.databind.ser.std.BeanSerializerBase.serializeFields(BeanSerializerBase.java:675) ~[jackson-databind-2.6.5.jar:2.6.5]
	at com.fasterxml.jackson.databind.ser.BeanSerializer.serialize(BeanSerializer.java:157) ~[jackson-databind-2.6.5.jar:2.6.5]
	at com.fasterxml.jackson.databind.ser.std.CollectionSerializer.serializeContents(CollectionSerializer.java:149) ~[jackson-databind-2.6.5.jar:2.6.5]
	at com.fasterxml.jackson.databind.ser.std.CollectionSerializer.serialize(CollectionSerializer.java:111) ~[jackson-databind-2.6.5.jar:2.6.5]
	at com.fasterxml.jackson.databind.ser.std.CollectionSerializer.serialize(CollectionSerializer.java:24) ~[jackson-databind-2.6.5.jar:2.6.5]
	at com.fasterxml.jackson.databind.ser.BeanPropertyWriter.serializeAsField(BeanPropertyWriter.java:693) ~[jackson-databind-2.6.5.jar:2.6.5]
	at com.fasterxml.jackson.databind.ser.std.BeanSerializerBase.serializeFields(BeanSerializerBase.java:675) ~[jackson-databind-2.6.5.jar:2.6.5]
	at com.fasterxml.jackson.databind.ser.BeanSerializer.serialize(BeanSerializer.java:157) ~[jackson-databind-2.6.5.jar:2.6.5]
	at com.fasterxml.jackson.databind.ser.BeanPropertyWriter.serializeAsField(BeanPropertyWriter.java:693) ~[jackson-databind-2.6.5.jar:2.6.5]
	at com.fasterxml.jackson.databind.ser.std.BeanSerializerBase.serializeFields(BeanSerializerBase.java:675) ~[jackson-databind-2.6.5.jar:2.6.5]
	at com.fasterxml.jackson.databind.ser.BeanSerializer.serialize(BeanSerializer.java:157) ~[jackson-databind-2.6.5.jar:2.6.5]
	at com.fasterxml.jackson.databind.ser.std.CollectionSerializer.serializeContents(CollectionSerializer.java:149) ~[jackson-databind-2.6.5.jar:2.6.5]
	at com.fasterxml.jackson.databind.ser.std.CollectionSerializer.serialize(CollectionSerializer.java:111) ~[jackson-databind-2.6.5.jar:2.6.5]
	at com.fasterxml.jackson.databind.ser.std.CollectionSerializer.serialize(CollectionSerializer.java:24) ~[jackson-databind-2.6.5.jar:2.6.5]
	at com.fasterxml.jackson.databind.ser.BeanPropertyWriter.serializeAsField(BeanPropertyWriter.java:693) ~[jackson-databind-2.6.5.jar:2.6.5]
	at com.fasterxml.jackson.databind.ser.std.BeanSerializerBase.serializeFields(BeanSerializerBase.java:675) ~[jackson-databind-2.6.5.jar:2.6.5]
	at com.fasterxml.jackson.databind.ser.BeanSerializer.serialize(BeanSerializer.java:157) ~[jackson-databind-2.6.5.jar:2.6.5]
	at com.fasterxml.jackson.databind.ser.BeanPropertyWriter.serializeAsField(BeanPropertyWriter.java:693) ~[jackson-databind-2.6.5.jar:2.6.5]
	at com.fasterxml.jackson.databind.ser.std.BeanSerializerBase.serializeFields(BeanSerializerBase.java:675) ~[jackson-databind-2.6.5.jar:2.6.5]
	at com.fasterxml.jackson.databind.ser.BeanSerializer.serialize(BeanSerializer.java:157) ~[jackson-databind-2.6.5.jar:2.6.5]
	at com.fasterxml.jackson.databind.ser.std.CollectionSerializer.serializeContents(CollectionSerializer.java:149) ~[jackson-databind-2.6.5.jar:2.6.5]
	at com.fasterxml.jackson.databind.ser.std.CollectionSerializer.serialize(CollectionSerializer.java:111) ~[jackson-databind-2.6.5.jar:2.6.5]
	at com.fasterxml.jackson.databind.ser.std.CollectionSerializer.serialize(CollectionSerializer.java:24) ~[jackson-databind-2.6.5.jar:2.6.5]
	at com.fasterxml.jackson.databind.ser.BeanPropertyWriter.serializeAsField(BeanPropertyWriter.java:693) ~[jackson-databind-2.6.5.jar:2.6.5]
	at com.fasterxml.jackson.databind.ser.std.BeanSerializerBase.serializeFields(BeanSerializerBase.java:675) ~[jackson-databind-2.6.5.jar:2.6.5]
	at com.fasterxml.jackson.databind.ser.BeanSerializer.serialize(BeanSerializer.java:157) ~[jackson-databind-2.6.5.jar:2.6.5]
	at com.fasterxml.jackson.databind.ser.BeanPropertyWriter.serializeAsField(BeanPropertyWriter.java:693) ~[jackson-databind-2.6.5.jar:2.6.5]
	at com.fasterxml.jackson.databind.ser.std.BeanSerializerBase.serializeFields(BeanSerializerBase.java:675) ~[jackson-databind-2.6.5.jar:2.6.5]
	at com.fasterxml.jackson.databind.ser.BeanSerializer.serialize(BeanSerializer.java:157) ~[jackson-databind-2.6.5.jar:2.6.5]
	at com.fasterxml.jackson.databind.ser.std.CollectionSerializer.serializeContents(CollectionSerializer.java:149) ~[jackson-databind-2.6.5.jar:2.6.5]
	at com.fasterxml.jackson.databind.ser.std.CollectionSerializer.serialize(CollectionSerializer.java:111) ~[jackson-databind-2.6.5.jar:2.6.5]
	at com.fasterxml.jackson.databind.ser.std.CollectionSerializer.serialize(CollectionSerializer.java:24) ~[jackson-databind-2.6.5.jar:2.6.5]
	at com.fasterxml.jackson.databind.ser.BeanPropertyWriter.serializeAsField(BeanPropertyWriter.java:693) ~[jackson-databind-2.6.5.jar:2.6.5]
	at com.fasterxml.jackson.databind.ser.std.BeanSerializerBase.serializeFields(BeanSerializerBase.java:675) ~[jackson-databind-2.6.5.jar:2.6.5]
	at com.fasterxml.jackson.databind.ser.BeanSerializer.serialize(BeanSerializer.java:157) ~[jackson-databind-2.6.5.jar:2.6.5]
	at com.fasterxml.jackson.databind.ser.BeanPropertyWriter.serializeAsField(BeanPropertyWriter.java:693) ~[jackson-databind-2.6.5.jar:2.6.5]
	at com.fasterxml.jackson.databind.ser.std.BeanSerializerBase.serializeFields(BeanSerializerBase.java:675) ~[jackson-databind-2.6.5.jar:2.6.5]
	at com.fasterxml.jackson.databind.ser.BeanSerializer.serialize(BeanSerializer.java:157) ~[jackson-databind-2.6.5.jar:2.6.5]
	at com.fasterxml.jackson.databind.ser.std.CollectionSerializer.serializeContents(CollectionSerializer.java:149) ~[jackson-databind-2.6.5.jar:2.6.5]
	at com.fasterxml.jackson.databind.ser.std.CollectionSerializer.serialize(CollectionSerializer.java:111) ~[jackson-databind-2.6.5.jar:2.6.5]
	at com.fasterxml.jackson.databind.ser.std.CollectionSerializer.serialize(CollectionSerializer.java:24) ~[jackson-databind-2.6.5.jar:2.6.5]
	at com.fasterxml.jackson.databind.ser.BeanPropertyWriter.serializeAsField(BeanPropertyWriter.java:693) ~[jackson-databind-2.6.5.jar:2.6.5]
	at com.fasterxml.jackson.databind.ser.std.BeanSerializerBase.serializeFields(BeanSerializerBase.java:675) ~[jackson-databind-2.6.5.jar:2.6.5]
	at com.fasterxml.jackson.databind.ser.BeanSerializer.serialize(BeanSerializer.java:157) ~[jackson-databind-2.6.5.jar:2.6.5]
	at com.fasterxml.jackson.databind.ser.BeanPropertyWriter.serializeAsField(BeanPropertyWriter.java:693) ~[jackson-databind-2.6.5.jar:2.6.5]
	at com.fasterxml.jackson.databind.ser.std.BeanSerializerBase.serializeFields(BeanSerializerBase.java:675) ~[jackson-databind-2.6.5.jar:2.6.5]
	at com.fasterxml.jackson.databind.ser.BeanSerializer.serialize(BeanSerializer.java:157) ~[jackson-databind-2.6.5.jar:2.6.5]
	at com.fasterxml.jackson.databind.ser.std.CollectionSerializer.serializeContents(CollectionSerializer.java:149) ~[jackson-databind-2.6.5.jar:2.6.5]
	at com.fasterxml.jackson.databind.ser.std.CollectionSerializer.serialize(CollectionSerializer.java:111) ~[jackson-databind-2.6.5.jar:2.6.5]
	at com.fasterxml.jackson.databind.ser.std.CollectionSerializer.serialize(CollectionSerializer.java:24) ~[jackson-databind-2.6.5.jar:2.6.5]
	at com.fasterxml.jackson.databind.ser.BeanPropertyWriter.serializeAsField(BeanPropertyWriter.java:693) ~[jackson-databind-2.6.5.jar:2.6.5]
	at com.fasterxml.jackson.databind.ser.std.BeanSerializerBase.serializeFields(BeanSerializerBase.java:675) ~[jackson-databind-2.6.5.jar:2.6.5]
	at com.fasterxml.jackson.databind.ser.BeanSerializer.serialize(BeanSerializer.java:157) ~[jackson-databind-2.6.5.jar:2.6.5]
	at com.fasterxml.jackson.databind.ser.BeanPropertyWriter.serializeAsField(BeanPropertyWriter.java:693) ~[jackson-databind-2.6.5.jar:2.6.5]
	at com.fasterxml.jackson.databind.ser.std.BeanSerializerBase.serializeFields(BeanSerializerBase.java:675) ~[jackson-databind-2.6.5.jar:2.6.5]
	at com.fasterxml.jackson.databind.ser.BeanSerializer.serialize(BeanSerializer.java:157) ~[jackson-databind-2.6.5.jar:2.6.5]
	at com.fasterxml.jackson.databind.ser.std.CollectionSerializer.serializeContents(CollectionSerializer.java:149) ~[jackson-databind-2.6.5.jar:2.6.5]
	at com.fasterxml.jackson.databind.ser.std.CollectionSerializer.serialize(CollectionSerializer.java:111) ~[jackson-databind-2.6.5.jar:2.6.5]
	at com.fasterxml.jackson.databind.ser.std.CollectionSerializer.serialize(CollectionSerializer.java:24) ~[jackson-databind-2.6.5.jar:2.6.5]
	at com.fasterxml.jackson.databind.ser.BeanPropertyWriter.serializeAsField(BeanPropertyWriter.java:693) ~[jackson-databind-2.6.5.jar:2.6.5]
	at com.fasterxml.jackson.databind.ser.std.BeanSerializerBase.serializeFields(BeanSerializerBase.java:675) ~[jackson-databind-2.6.5.jar:2.6.5]
	at com.fasterxml.jackson.databind.ser.BeanSerializer.serialize(BeanSerializer.java:157) ~[jackson-databind-2.6.5.jar:2.6.5]
	at com.fasterxml.jackson.databind.ser.BeanPropertyWriter.serializeAsField(BeanPropertyWriter.java:693) ~[jackson-databind-2.6.5.jar:2.6.5]
	at com.fasterxml.jackson.databind.ser.std.BeanSerializerBase.serializeFields(BeanSerializerBase.java:675) ~[jackson-databind-2.6.5.jar:2.6.5]
	at com.fasterxml.jackson.databind.ser.BeanSerializer.serialize(BeanSerializer.java:157) ~[jackson-databind-2.6.5.jar:2.6.5]
	at com.fasterxml.jackson.databind.ser.std.CollectionSerializer.serializeContents(CollectionSerializer.java:149) ~[jackson-databind-2.6.5.jar:2.6.5]
	at com.fasterxml.jackson.databind.ser.std.CollectionSerializer.serialize(CollectionSerializer.java:111) ~[jackson-databind-2.6.5.jar:2.6.5]
	at com.fasterxml.jackson.databind.ser.std.CollectionSerializer.serialize(CollectionSerializer.java:24) ~[jackson-databind-2.6.5.jar:2.6.5]
	at com.fasterxml.jackson.databind.ser.BeanPropertyWriter.serializeAsField(BeanPropertyWriter.java:693) ~[jackson-databind-2.6.5.jar:2.6.5]
	at com.fasterxml.jackson.databind.ser.std.BeanSerializerBase.serializeFields(BeanSerializerBase.java:675) ~[jackson-databind-2.6.5.jar:2.6.5]
	at com.fasterxml.jackson.databind.ser.BeanSerializer.serialize(BeanSerializer.java:157) ~[jackson-databind-2.6.5.jar:2.6.5]
	at com.fasterxml.jackson.databind.ser.BeanPropertyWriter.serializeAsField(BeanPropertyWriter.java:693) ~[jackson-databind-2.6.5.jar:2.6.5]
	at com.fasterxml.jackson.databind.ser.std.BeanSerializerBase.serializeFields(BeanSerializerBase.java:675) ~[jackson-databind-2.6.5.jar:2.6.5]
	at com.fasterxml.jackson.databind.ser.BeanSerializer.serialize(BeanSerializer.java:157) ~[jackson-databind-2.6.5.jar:2.6.5]
	at com.fasterxml.jackson.databind.ser.std.CollectionSerializer.serializeContents(CollectionSerializer.java:149) ~[jackson-databind-2.6.5.jar:2.6.5]
	at com.fasterxml.jackson.databind.ser.std.CollectionSerializer.serialize(CollectionSerializer.java:111) ~[jackson-databind-2.6.5.jar:2.6.5]
	at com.fasterxml.jackson.databind.ser.std.CollectionSerializer.serialize(CollectionSerializer.java:24) ~[jackson-databind-2.6.5.jar:2.6.5]
	at com.fasterxml.jackson.databind.ser.BeanPropertyWriter.serializeAsField(BeanPropertyWriter.java:693) ~[jackson-databind-2.6.5.jar:2.6.5]
	at com.fasterxml.jackson.databind.ser.std.BeanSerializerBase.serializeFields(BeanSerializerBase.java:675) ~[jackson-databind-2.6.5.jar:2.6.5]
	at com.fasterxml.jackson.databind.ser.BeanSerializer.serialize(BeanSerializer.java:157) ~[jackson-databind-2.6.5.jar:2.6.5]
	at com.fasterxml.jackson.databind.ser.BeanPropertyWriter.serializeAsField(BeanPropertyWriter.java:693) ~[jackson-databind-2.6.5.jar:2.6.5]
	at com.fasterxml.jackson.databind.ser.std.BeanSerializerBase.serializeFields(BeanSerializerBase.java:675) ~[jackson-databind-2.6.5.jar:2.6.5]
	at com.fasterxml.jackson.databind.ser.BeanSerializer.serialize(BeanSerializer.java:157) ~[jackson-databind-2.6.5.jar:2.6.5]
	at com.fasterxml.jackson.databind.ser.std.CollectionSerializer.serializeContents(CollectionSerializer.java:149) ~[jackson-databind-2.6.5.jar:2.6.5]
	at com.fasterxml.jackson.databind.ser.std.CollectionSerializer.serialize(CollectionSerializer.java:111) ~[jackson-databind-2.6.5.jar:2.6.5]
	at com.fasterxml.jackson.databind.ser.std.CollectionSerializer.serialize(CollectionSerializer.java:24) ~[jackson-databind-2.6.5.jar:2.6.5]
	at com.fasterxml.jackson.databind.ser.BeanPropertyWriter.serializeAsField(BeanPropertyWriter.java:693) ~[jackson-databind-2.6.5.jar:2.6.5]
	at com.fasterxml.jackson.databind.ser.std.BeanSerializerBase.serializeFields(BeanSerializerBase.java:675) ~[jackson-databind-2.6.5.jar:2.6.5]
	at com.fasterxml.jackson.databind.ser.BeanSerializer.serialize(BeanSerializer.java:157) ~[jackson-databind-2.6.5.jar:2.6.5]
	at com.fasterxml.jackson.databind.ser.BeanPropertyWriter.serializeAsField(BeanPropertyWriter.java:693) ~[jackson-databind-2.6.5.jar:2.6.5]
	at com.fasterxml.jackson.databind.ser.std.BeanSerializerBase.serializeFields(BeanSerializerBase.java:675) ~[jackson-databind-2.6.5.jar:2.6.5]
	at com.fasterxml.jackson.databind.ser.BeanSerializer.serialize(BeanSerializer.java:157) ~[jackson-databind-2.6.5.jar:2.6.5]
	at com.fasterxml.jackson.databind.ser.std.CollectionSerializer.serializeContents(CollectionSerializer.java:149) ~[jackson-databind-2.6.5.jar:2.6.5]
	at com.fasterxml.jackson.databind.ser.std.CollectionSerializer.serialize(CollectionSerializer.java:111) ~[jackson-databind-2.6.5.jar:2.6.5]
	at com.fasterxml.jackson.databind.ser.std.CollectionSerializer.serialize(CollectionSerializer.java:24) ~[jackson-databind-2.6.5.jar:2.6.5]
	at com.fasterxml.jackson.databind.ser.BeanPropertyWriter.serializeAsField(BeanPropertyWriter.java:693) ~[jackson-databind-2.6.5.jar:2.6.5]
	at com.fasterxml.jackson.databind.ser.std.BeanSerializerBase.serializeFields(BeanSerializerBase.java:675) ~[jackson-databind-2.6.5.jar:2.6.5]
	at com.fasterxml.jackson.databind.ser.BeanSerializer.serialize(BeanSerializer.java:157) ~[jackson-databind-2.6.5.jar:2.6.5]
	at com.fasterxml.jackson.databind.ser.BeanPropertyWriter.serializeAsField(BeanPropertyWriter.java:693) ~[jackson-databind-2.6.5.jar:2.6.5]
	at com.fasterxml.jackson.databind.ser.std.BeanSerializerBase.serializeFields(BeanSerializerBase.java:675) ~[jackson-databind-2.6.5.jar:2.6.5]
	at com.fasterxml.jackson.databind.ser.BeanSerializer.serialize(BeanSerializer.java:157) ~[jackson-databind-2.6.5.jar:2.6.5]
	at com.fasterxml.jackson.databind.ser.std.CollectionSerializer.serializeContents(CollectionSerializer.java:149) ~[jackson-databind-2.6.5.jar:2.6.5]
	at com.fasterxml.jackson.databind.ser.std.CollectionSerializer.serialize(CollectionSerializer.java:111) ~[jackson-databind-2.6.5.jar:2.6.5]
	at com.fasterxml.jackson.databind.ser.std.CollectionSerializer.serialize(CollectionSerializer.java:24) ~[jackson-databind-2.6.5.jar:2.6.5]
	at com.fasterxml.jackson.databind.ser.BeanPropertyWriter.serializeAsField(BeanPropertyWriter.java:693) ~[jackson-databind-2.6.5.jar:2.6.5]
	at com.fasterxml.jackson.databind.ser.std.BeanSerializerBase.serializeFields(BeanSerializerBase.java:675) ~[jackson-databind-2.6.5.jar:2.6.5]
	at com.fasterxml.jackson.databind.ser.BeanSerializer.serialize(BeanSerializer.java:157) ~[jackson-databind-2.6.5.jar:2.6.5]
	at com.fasterxml.jackson.databind.ser.BeanPropertyWriter.serializeAsField(BeanPropertyWriter.java:693) ~[jackson-databind-2.6.5.jar:2.6.5]
	at com.fasterxml.jackson.databind.ser.std.BeanSerializerBase.serializeFields(BeanSerializerBase.java:675) ~[jackson-databind-2.6.5.jar:2.6.5]
	at com.fasterxml.jackson.databind.ser.BeanSerializer.serialize(BeanSerializer.java:157) ~[jackson-databind-2.6.5.jar:2.6.5]
	at com.fasterxml.jackson.databind.ser.std.CollectionSerializer.serializeContents(CollectionSerializer.java:149) ~[jackson-databind-2.6.5.jar:2.6.5]
	at com.fasterxml.jackson.databind.ser.std.CollectionSerializer.serialize(CollectionSerializer.java:111) ~[jackson-databind-2.6.5.jar:2.6.5]
	at com.fasterxml.jackson.databind.ser.std.CollectionSerializer.serialize(CollectionSerializer.java:24) ~[jackson-databind-2.6.5.jar:2.6.5]
	at com.fasterxml.jackson.databind.ser.BeanPropertyWriter.serializeAsField(BeanPropertyWriter.java:693) ~[jackson-databind-2.6.5.jar:2.6.5]
	at com.fasterxml.jackson.databind.ser.std.BeanSerializerBase.serializeFields(BeanSerializerBase.java:675) ~[jackson-databind-2.6.5.jar:2.6.5]
	at com.fasterxml.jackson.databind.ser.BeanSerializer.serialize(BeanSerializer.java:157) ~[jackson-databind-2.6.5.jar:2.6.5]
	at com.fasterxml.jackson.databind.ser.BeanPropertyWriter.serializeAsField(BeanPropertyWriter.java:693) ~[jackson-databind-2.6.5.jar:2.6.5]
	at com.fasterxml.jackson.databind.ser.std.BeanSerializerBase.serializeFields(BeanSerializerBase.java:675) ~[jackson-databind-2.6.5.jar:2.6.5]
	at com.fasterxml.jackson.databind.ser.BeanSerializer.serialize(BeanSerializer.java:157) ~[jackson-databind-2.6.5.jar:2.6.5]
	at com.fasterxml.jackson.databind.ser.std.CollectionSerializer.serializeContents(CollectionSerializer.java:149) ~[jackson-databind-2.6.5.jar:2.6.5]
	at com.fasterxml.jackson.databind.ser.std.CollectionSerializer.serialize(CollectionSerializer.java:111) ~[jackson-databind-2.6.5.jar:2.6.5]
	at com.fasterxml.jackson.databind.ser.std.CollectionSerializer.serialize(CollectionSerializer.java:24) ~[jackson-databind-2.6.5.jar:2.6.5]
	at com.fasterxml.jackson.databind.ser.BeanPropertyWriter.serializeAsField(BeanPropertyWriter.java:693) ~[jackson-databind-2.6.5.jar:2.6.5]
	at com.fasterxml.jackson.databind.ser.std.BeanSerializerBase.serializeFields(BeanSerializerBase.java:675) ~[jackson-databind-2.6.5.jar:2.6.5]
	at com.fasterxml.jackson.databind.ser.BeanSerializer.serialize(BeanSerializer.java:157) ~[jackson-databind-2.6.5.jar:2.6.5]
	at com.fasterxml.jackson.databind.ser.BeanPropertyWriter.serializeAsField(BeanPropertyWriter.java:693) ~[jackson-databind-2.6.5.jar:2.6.5]
	at com.fasterxml.jackson.databind.ser.std.BeanSerializerBase.serializeFields(BeanSerializerBase.java:675) ~[jackson-databind-2.6.5.jar:2.6.5]
	at com.fasterxml.jackson.databind.ser.BeanSerializer.serialize(BeanSerializer.java:157) ~[jackson-databind-2.6.5.jar:2.6.5]
	at com.fasterxml.jackson.databind.ser.std.CollectionSerializer.serializeContents(CollectionSerializer.java:149) ~[jackson-databind-2.6.5.jar:2.6.5]
	at com.fasterxml.jackson.databind.ser.std.CollectionSerializer.serialize(CollectionSerializer.java:111) ~[jackson-databind-2.6.5.jar:2.6.5]
	at com.fasterxml.jackson.databind.ser.std.CollectionSerializer.serialize(CollectionSerializer.java:24) ~[jackson-databind-2.6.5.jar:2.6.5]
	at com.fasterxml.jackson.databind.ser.BeanPropertyWriter.serializeAsField(BeanPropertyWriter.java:693) ~[jackson-databind-2.6.5.jar:2.6.5]
	at com.fasterxml.jackson.databind.ser.std.BeanSerializerBase.serializeFields(BeanSerializerBase.java:675) ~[jackson-databind-2.6.5.jar:2.6.5]
	at com.fasterxml.jackson.databind.ser.BeanSerializer.serialize(BeanSerializer.java:157) ~[jackson-databind-2.6.5.jar:2.6.5]
	at com.fasterxml.jackson.databind.ser.BeanPropertyWriter.serializeAsField(BeanPropertyWriter.java:693) ~[jackson-databind-2.6.5.jar:2.6.5]
	at com.fasterxml.jackson.databind.ser.std.BeanSerializerBase.serializeFields(BeanSerializerBase.java:675) ~[jackson-databind-2.6.5.jar:2.6.5]
	at com.fasterxml.jackson.databind.ser.BeanSerializer.serialize(BeanSerializer.java:157) ~[jackson-databind-2.6.5.jar:2.6.5]
	at com.fasterxml.jackson.databind.ser.std.CollectionSerializer.serializeContents(CollectionSerializer.java:149) ~[jackson-databind-2.6.5.jar:2.6.5]
	at com.fasterxml.jackson.databind.ser.std.CollectionSerializer.serialize(CollectionSerializer.java:111) ~[jackson-databind-2.6.5.jar:2.6.5]
	at com.fasterxml.jackson.databind.ser.std.CollectionSerializer.serialize(CollectionSerializer.java:24) ~[jackson-databind-2.6.5.jar:2.6.5]
	at com.fasterxml.jackson.databind.ser.BeanPropertyWriter.serializeAsField(BeanPropertyWriter.java:693) ~[jackson-databind-2.6.5.jar:2.6.5]
	at com.fasterxml.jackson.databind.ser.std.BeanSerializerBase.serializeFields(BeanSerializerBase.java:675) ~[jackson-databind-2.6.5.jar:2.6.5]
	at com.fasterxml.jackson.databind.ser.BeanSerializer.serialize(BeanSerializer.java:157) ~[jackson-databind-2.6.5.jar:2.6.5]
	at com.fasterxml.jackson.databind.ser.BeanPropertyWriter.serializeAsField(BeanPropertyWriter.java:693) ~[jackson-databind-2.6.5.jar:2.6.5]
	at com.fasterxml.jackson.databind.ser.std.BeanSerializerBase.serializeFields(BeanSerializerBase.java:675) ~[jackson-databind-2.6.5.jar:2.6.5]
	at com.fasterxml.jackson.databind.ser.BeanSerializer.serialize(BeanSerializer.java:157) ~[jackson-databind-2.6.5.jar:2.6.5]
	at com.fasterxml.jackson.databind.ser.std.CollectionSerializer.serializeContents(CollectionSerializer.java:149) ~[jackson-databind-2.6.5.jar:2.6.5]
	at com.fasterxml.jackson.databind.ser.std.CollectionSerializer.serialize(CollectionSerializer.java:111) ~[jackson-databind-2.6.5.jar:2.6.5]
	at com.fasterxml.jackson.databind.ser.std.CollectionSerializer.serialize(CollectionSerializer.java:24) ~[jackson-databind-2.6.5.jar:2.6.5]
	at com.fasterxml.jackson.databind.ser.BeanPropertyWriter.serializeAsField(BeanPropertyWriter.java:693) ~[jackson-databind-2.6.5.jar:2.6.5]
	at com.fasterxml.jackson.databind.ser.std.BeanSerializerBase.serializeFields(BeanSerializerBase.java:675) ~[jackson-databind-2.6.5.jar:2.6.5]
	at com.fasterxml.jackson.databind.ser.BeanSerializer.serialize(BeanSerializer.java:157) ~[jackson-databind-2.6.5.jar:2.6.5]
	at com.fasterxml.jackson.databind.ser.BeanPropertyWriter.serializeAsField(BeanPropertyWriter.java:693) ~[jackson-databind-2.6.5.jar:2.6.5]
	at com.fasterxml.jackson.databind.ser.std.BeanSerializerBase.serializeFields(BeanSerializerBase.java:675) ~[jackson-databind-2.6.5.jar:2.6.5]
	at com.fasterxml.jackson.databind.ser.BeanSerializer.serialize(BeanSerializer.java:157) ~[jackson-databind-2.6.5.jar:2.6.5]
	at com.fasterxml.jackson.databind.ser.std.CollectionSerializer.serializeContents(CollectionSerializer.java:149) ~[jackson-databind-2.6.5.jar:2.6.5]
	at com.fasterxml.jackson.databind.ser.std.CollectionSerializer.serialize(CollectionSerializer.java:111) ~[jackson-databind-2.6.5.jar:2.6.5]
	at com.fasterxml.jackson.databind.ser.std.CollectionSerializer.serialize(CollectionSerializer.java:24) ~[jackson-databind-2.6.5.jar:2.6.5]
	at com.fasterxml.jackson.databind.ser.BeanPropertyWriter.serializeAsField(BeanPropertyWriter.java:693) ~[jackson-databind-2.6.5.jar:2.6.5]
	at com.fasterxml.jackson.databind.ser.std.BeanSerializerBase.serializeFields(BeanSerializerBase.java:675) ~[jackson-databind-2.6.5.jar:2.6.5]
	at com.fasterxml.jackson.databind.ser.BeanSerializer.serialize(BeanSerializer.java:157) ~[jackson-databind-2.6.5.jar:2.6.5]
	at com.fasterxml.jackson.databind.ser.BeanPropertyWriter.serializeAsField(BeanPropertyWriter.java:693) ~[jackson-databind-2.6.5.jar:2.6.5]
	at com.fasterxml.jackson.databind.ser.std.BeanSerializerBase.serializeFields(BeanSerializerBase.java:675) ~[jackson-databind-2.6.5.jar:2.6.5]
	at com.fasterxml.jackson.databind.ser.BeanSerializer.serialize(BeanSerializer.java:157) ~[jackson-databind-2.6.5.jar:2.6.5]
	at com.fasterxml.jackson.databind.ser.std.CollectionSerializer.serializeContents(CollectionSerializer.java:149) ~[jackson-databind-2.6.5.jar:2.6.5]
	at com.fasterxml.jackson.databind.ser.std.CollectionSerializer.serialize(CollectionSerializer.java:111) ~[jackson-databind-2.6.5.jar:2.6.5]
	at com.fasterxml.jackson.databind.ser.std.CollectionSerializer.serialize(CollectionSerializer.java:24) ~[jackson-databind-2.6.5.jar:2.6.5]
	at com.fasterxml.jackson.databind.ser.BeanPropertyWriter.serializeAsField(BeanPropertyWriter.java:693) ~[jackson-databind-2.6.5.jar:2.6.5]
	at com.fasterxml.jackson.databind.ser.std.BeanSerializerBase.serializeFields(BeanSerializerBase.java:675) ~[jackson-databind-2.6.5.jar:2.6.5]
	at com.fasterxml.jackson.databind.ser.BeanSerializer.serialize(BeanSerializer.java:157) ~[jackson-databind-2.6.5.jar:2.6.5]
	at com.fasterxml.jackson.databind.ser.BeanPropertyWriter.serializeAsField(BeanPropertyWriter.java:693) ~[jackson-databind-2.6.5.jar:2.6.5]
	at com.fasterxml.jackson.databind.ser.std.BeanSerializerBase.serializeFields(BeanSerializerBase.java:675) ~[jackson-databind-2.6.5.jar:2.6.5]
	at com.fasterxml.jackson.databind.ser.BeanSerializer.serialize(BeanSerializer.java:157) ~[jackson-databind-2.6.5.jar:2.6.5]
	at com.fasterxml.jackson.databind.ser.std.CollectionSerializer.serializeContents(CollectionSerializer.java:149) ~[jackson-databind-2.6.5.jar:2.6.5]
	at com.fasterxml.jackson.databind.ser.std.CollectionSerializer.serialize(CollectionSerializer.java:111) ~[jackson-databind-2.6.5.jar:2.6.5]
	at com.fasterxml.jackson.databind.ser.std.CollectionSerializer.serialize(CollectionSerializer.java:24) ~[jackson-databind-2.6.5.jar:2.6.5]
	at com.fasterxml.jackson.databind.ser.BeanPropertyWriter.serializeAsField(BeanPropertyWriter.java:693) ~[jackson-databind-2.6.5.jar:2.6.5]
	at com.fasterxml.jackson.databind.ser.std.BeanSerializerBase.serializeFields(BeanSerializerBase.java:675) ~[jackson-databind-2.6.5.jar:2.6.5]
	at com.fasterxml.jackson.databind.ser.BeanSerializer.serialize(BeanSerializer.java:157) ~[jackson-databind-2.6.5.jar:2.6.5]
	at com.fasterxml.jackson.databind.ser.BeanPropertyWriter.serializeAsField(BeanPropertyWriter.java:693) ~[jackson-databind-2.6.5.jar:2.6.5]
	at com.fasterxml.jackson.databind.ser.std.BeanSerializerBase.serializeFields(BeanSerializerBase.java:675) ~[jackson-databind-2.6.5.jar:2.6.5]
	at com.fasterxml.jackson.databind.ser.BeanSerializer.serialize(BeanSerializer.java:157) ~[jackson-databind-2.6.5.jar:2.6.5]
	at com.fasterxml.jackson.databind.ser.std.CollectionSerializer.serializeContents(CollectionSerializer.java:149) ~[jackson-databind-2.6.5.jar:2.6.5]
	at com.fasterxml.jackson.databind.ser.std.CollectionSerializer.serialize(CollectionSerializer.java:111) ~[jackson-databind-2.6.5.jar:2.6.5]
	at com.fasterxml.jackson.databind.ser.std.CollectionSerializer.serialize(CollectionSerializer.java:24) ~[jackson-databind-2.6.5.jar:2.6.5]
	at com.fasterxml.jackson.databind.ser.BeanPropertyWriter.serializeAsField(BeanPropertyWriter.java:693) ~[jackson-databind-2.6.5.jar:2.6.5]
	at com.fasterxml.jackson.databind.ser.std.BeanSerializerBase.serializeFields(BeanSerializerBase.java:675) ~[jackson-databind-2.6.5.jar:2.6.5]
	at com.fasterxml.jackson.databind.ser.BeanSerializer.serialize(BeanSerializer.java:157) ~[jackson-databind-2.6.5.jar:2.6.5]
	at com.fasterxml.jackson.databind.ser.BeanPropertyWriter.serializeAsField(BeanPropertyWriter.java:693) ~[jackson-databind-2.6.5.jar:2.6.5]
	at com.fasterxml.jackson.databind.ser.std.BeanSerializerBase.serializeFields(BeanSerializerBase.java:675) ~[jackson-databind-2.6.5.jar:2.6.5]
	at com.fasterxml.jackson.databind.ser.BeanSerializer.serialize(BeanSerializer.java:157) ~[jackson-databind-2.6.5.jar:2.6.5]
	at com.fasterxml.jackson.databind.ser.std.CollectionSerializer.serializeContents(CollectionSerializer.java:149) ~[jackson-databind-2.6.5.jar:2.6.5]
	at com.fasterxml.jackson.databind.ser.std.CollectionSerializer.serialize(CollectionSerializer.java:111) ~[jackson-databind-2.6.5.jar:2.6.5]
	at com.fasterxml.jackson.databind.ser.std.CollectionSerializer.serialize(CollectionSerializer.java:24) ~[jackson-databind-2.6.5.jar:2.6.5]
	at com.fasterxml.jackson.databind.ser.BeanPropertyWriter.serializeAsField(BeanPropertyWriter.java:693) ~[jackson-databind-2.6.5.jar:2.6.5]
	at com.fasterxml.jackson.databind.ser.std.BeanSerializerBase.serializeFields(BeanSerializerBase.java:675) ~[jackson-databind-2.6.5.jar:2.6.5]
	at com.fasterxml.jackson.databind.ser.BeanSerializer.serialize(BeanSerializer.java:157) ~[jackson-databind-2.6.5.jar:2.6.5]
	at com.fasterxml.jackson.databind.ser.BeanPropertyWriter.serializeAsField(BeanPropertyWriter.java:693) ~[jackson-databind-2.6.5.jar:2.6.5]
	at com.fasterxml.jackson.databind.ser.std.BeanSerializerBase.serializeFields(BeanSerializerBase.java:675) ~[jackson-databind-2.6.5.jar:2.6.5]
	at com.fasterxml.jackson.databind.ser.BeanSerializer.serialize(BeanSerializer.java:157) ~[jackson-databind-2.6.5.jar:2.6.5]
	at com.fasterxml.jackson.databind.ser.std.CollectionSerializer.serializeContents(CollectionSerializer.java:149) ~[jackson-databind-2.6.5.jar:2.6.5]
	at com.fasterxml.jackson.databind.ser.std.CollectionSerializer.serialize(CollectionSerializer.java:111) ~[jackson-databind-2.6.5.jar:2.6.5]
	at com.fasterxml.jackson.databind.ser.std.CollectionSerializer.serialize(CollectionSerializer.java:24) ~[jackson-databind-2.6.5.jar:2.6.5]
	at com.fasterxml.jackson.databind.ser.BeanPropertyWriter.serializeAsField(BeanPropertyWriter.java:693) ~[jackson-databind-2.6.5.jar:2.6.5]
	at com.fasterxml.jackson.databind.ser.std.BeanSerializerBase.serializeFields(BeanSerializerBase.java:675) ~[jackson-databind-2.6.5.jar:2.6.5]
	at com.fasterxml.jackson.databind.ser.BeanSerializer.serialize(BeanSerializer.java:157) ~[jackson-databind-2.6.5.jar:2.6.5]
	at com.fasterxml.jackson.databind.ser.BeanPropertyWriter.serializeAsField(BeanPropertyWriter.java:693) ~[jackson-databind-2.6.5.jar:2.6.5]
	at com.fasterxml.jackson.databind.ser.std.BeanSerializerBase.serializeFields(BeanSerializerBase.java:675) ~[jackson-databind-2.6.5.jar:2.6.5]
	at com.fasterxml.jackson.databind.ser.BeanSerializer.serialize(BeanSerializer.java:157) ~[jackson-databind-2.6.5.jar:2.6.5]
	at com.fasterxml.jackson.databind.ser.std.CollectionSerializer.serializeContents(CollectionSerializer.java:149) ~[jackson-databind-2.6.5.jar:2.6.5]
	at com.fasterxml.jackson.databind.ser.std.CollectionSerializer.serialize(CollectionSerializer.java:111) ~[jackson-databind-2.6.5.jar:2.6.5]
	at com.fasterxml.jackson.databind.ser.std.CollectionSerializer.serialize(CollectionSerializer.java:24) ~[jackson-databind-2.6.5.jar:2.6.5]
	at com.fasterxml.jackson.databind.ser.BeanPropertyWriter.serializeAsField(BeanPropertyWriter.java:693) ~[jackson-databind-2.6.5.jar:2.6.5]
	at com.fasterxml.jackson.databind.ser.std.BeanSerializerBase.serializeFields(BeanSerializerBase.java:675) ~[jackson-databind-2.6.5.jar:2.6.5]
	at com.fasterxml.jackson.databind.ser.BeanSerializer.serialize(BeanSerializer.java:157) ~[jackson-databind-2.6.5.jar:2.6.5]
	at com.fasterxml.jackson.databind.ser.BeanPropertyWriter.serializeAsField(BeanPropertyWriter.java:693) ~[jackson-databind-2.6.5.jar:2.6.5]
	at com.fasterxml.jackson.databind.ser.std.BeanSerializerBase.serializeFields(BeanSerializerBase.java:675) ~[jackson-databind-2.6.5.jar:2.6.5]
	at com.fasterxml.jackson.databind.ser.BeanSerializer.serialize(BeanSerializer.java:157) ~[jackson-databind-2.6.5.jar:2.6.5]
	at com.fasterxml.jackson.databind.ser.std.CollectionSerializer.serializeContents(CollectionSerializer.java:149) ~[jackson-databind-2.6.5.jar:2.6.5]
	at com.fasterxml.jackson.databind.ser.std.CollectionSerializer.serialize(CollectionSerializer.java:111) ~[jackson-databind-2.6.5.jar:2.6.5]
	at com.fasterxml.jackson.databind.ser.std.CollectionSerializer.serialize(CollectionSerializer.java:24) ~[jackson-databind-2.6.5.jar:2.6.5]
	at com.fasterxml.jackson.databind.ser.BeanPropertyWriter.serializeAsField(BeanPropertyWriter.java:693) ~[jackson-databind-2.6.5.jar:2.6.5]
	at com.fasterxml.jackson.databind.ser.std.BeanSerializerBase.serializeFields(BeanSerializerBase.java:675) ~[jackson-databind-2.6.5.jar:2.6.5]
	at com.fasterxml.jackson.databind.ser.BeanSerializer.serialize(BeanSerializer.java:157) ~[jackson-databind-2.6.5.jar:2.6.5]
	at com.fasterxml.jackson.databind.ser.BeanPropertyWriter.serializeAsField(BeanPropertyWriter.java:693) ~[jackson-databind-2.6.5.jar:2.6.5]
	at com.fasterxml.jackson.databind.ser.std.BeanSerializerBase.serializeFields(BeanSerializerBase.java:675) ~[jackson-databind-2.6.5.jar:2.6.5]
	at com.fasterxml.jackson.databind.ser.BeanSerializer.serialize(BeanSerializer.java:157) ~[jackson-databind-2.6.5.jar:2.6.5]
	at com.fasterxml.jackson.databind.ser.std.CollectionSerializer.serializeContents(CollectionSerializer.java:149) ~[jackson-databind-2.6.5.jar:2.6.5]
	at com.fasterxml.jackson.databind.ser.std.CollectionSerializer.serialize(CollectionSerializer.java:111) ~[jackson-databind-2.6.5.jar:2.6.5]
	at com.fasterxml.jackson.databind.ser.std.CollectionSerializer.serialize(CollectionSerializer.java:24) ~[jackson-databind-2.6.5.jar:2.6.5]
	at com.fasterxml.jackson.databind.ser.BeanPropertyWriter.serializeAsField(BeanPropertyWriter.java:693) ~[jackson-databind-2.6.5.jar:2.6.5]
	at com.fasterxml.jackson.databind.ser.std.BeanSerializerBase.serializeFields(BeanSerializerBase.java:675) ~[jackson-databind-2.6.5.jar:2.6.5]
	at com.fasterxml.jackson.databind.ser.BeanSerializer.serialize(BeanSerializer.java:157) ~[jackson-databind-2.6.5.jar:2.6.5]
	at com.fasterxml.jackson.databind.ser.BeanPropertyWriter.serializeAsField(BeanPropertyWriter.java:693) ~[jackson-databind-2.6.5.jar:2.6.5]
	at com.fasterxml.jackson.databind.ser.std.BeanSerializerBase.serializeFields(BeanSerializerBase.java:675) ~[jackson-databind-2.6.5.jar:2.6.5]
	at com.fasterxml.jackson.databind.ser.BeanSerializer.serialize(BeanSerializer.java:157) ~[jackson-databind-2.6.5.jar:2.6.5]
	at com.fasterxml.jackson.databind.ser.std.CollectionSerializer.serializeContents(CollectionSerializer.java:149) ~[jackson-databind-2.6.5.jar:2.6.5]
	at com.fasterxml.jackson.databind.ser.std.CollectionSerializer.serialize(CollectionSerializer.java:111) ~[jackson-databind-2.6.5.jar:2.6.5]
	at com.fasterxml.jackson.databind.ser.std.CollectionSerializer.serialize(CollectionSerializer.java:24) ~[jackson-databind-2.6.5.jar:2.6.5]
	at com.fasterxml.jackson.databind.ser.BeanPropertyWriter.serializeAsField(BeanPropertyWriter.java:693) ~[jackson-databind-2.6.5.jar:2.6.5]
	at com.fasterxml.jackson.databind.ser.std.BeanSerializerBase.serializeFields(BeanSerializerBase.java:675) ~[jackson-databind-2.6.5.jar:2.6.5]
	at com.fasterxml.jackson.databind.ser.BeanSerializer.serialize(BeanSerializer.java:157) ~[jackson-databind-2.6.5.jar:2.6.5]
	at com.fasterxml.jackson.databind.ser.BeanPropertyWriter.serializeAsField(BeanPropertyWriter.java:693) ~[jackson-databind-2.6.5.jar:2.6.5]
	at com.fasterxml.jackson.databind.ser.std.BeanSerializerBase.serializeFields(BeanSerializerBase.java:675) ~[jackson-databind-2.6.5.jar:2.6.5]
	at com.fasterxml.jackson.databind.ser.BeanSerializer.serialize(BeanSerializer.java:157) ~[jackson-databind-2.6.5.jar:2.6.5]
	at com.fasterxml.jackson.databind.ser.std.CollectionSerializer.serializeContents(CollectionSerializer.java:149) ~[jackson-databind-2.6.5.jar:2.6.5]
	at com.fasterxml.jackson.databind.ser.std.CollectionSerializer.serialize(CollectionSerializer.java:111) ~[jackson-databind-2.6.5.jar:2.6.5]
	at com.fasterxml.jackson.databind.ser.std.CollectionSerializer.serialize(CollectionSerializer.java:24) ~[jackson-databind-2.6.5.jar:2.6.5]
	at com.fasterxml.jackson.databind.ser.BeanPropertyWriter.serializeAsField(BeanPropertyWriter.java:693) ~[jackson-databind-2.6.5.jar:2.6.5]
	at com.fasterxml.jackson.databind.ser.std.BeanSerializerBase.serializeFields(BeanSerializerBase.java:675) ~[jackson-databind-2.6.5.jar:2.6.5]
	at com.fasterxml.jackson.databind.ser.BeanSerializer.serialize(BeanSerializer.java:157) ~[jackson-databind-2.6.5.jar:2.6.5]
	at com.fasterxml.jackson.databind.ser.BeanPropertyWriter.serializeAsField(BeanPropertyWriter.java:693) ~[jackson-databind-2.6.5.jar:2.6.5]
	at com.fasterxml.jackson.databind.ser.std.BeanSerializerBase.serializeFields(BeanSerializerBase.java:675) ~[jackson-databind-2.6.5.jar:2.6.5]
	at com.fasterxml.jackson.databind.ser.BeanSerializer.serialize(BeanSerializer.java:157) ~[jackson-databind-2.6.5.jar:2.6.5]
	at com.fasterxml.jackson.databind.ser.std.CollectionSerializer.serializeContents(CollectionSerializer.java:149) ~[jackson-databind-2.6.5.jar:2.6.5]
	at com.fasterxml.jackson.databind.ser.std.CollectionSerializer.serialize(CollectionSerializer.java:111) ~[jackson-databind-2.6.5.jar:2.6.5]
	at com.fasterxml.jackson.databind.ser.std.CollectionSerializer.serialize(CollectionSerializer.java:24) ~[jackson-databind-2.6.5.jar:2.6.5]
	at com.fasterxml.jackson.databind.ser.BeanPropertyWriter.serializeAsField(BeanPropertyWriter.java:693) ~[jackson-databind-2.6.5.jar:2.6.5]
	at com.fasterxml.jackson.databind.ser.std.BeanSerializerBase.serializeFields(BeanSerializerBase.java:675) ~[jackson-databind-2.6.5.jar:2.6.5]
	at com.fasterxml.jackson.databind.ser.BeanSerializer.serialize(BeanSerializer.java:157) ~[jackson-databind-2.6.5.jar:2.6.5]
	at com.fasterxml.jackson.databind.ser.BeanPropertyWriter.serializeAsField(BeanPropertyWriter.java:693) ~[jackson-databind-2.6.5.jar:2.6.5]
	at com.fasterxml.jackson.databind.ser.std.BeanSerializerBase.serializeFields(BeanSerializerBase.java:675) ~[jackson-databind-2.6.5.jar:2.6.5]
	at com.fasterxml.jackson.databind.ser.BeanSerializer.serialize(BeanSerializer.java:157) ~[jackson-databind-2.6.5.jar:2.6.5]
	at com.fasterxml.jackson.databind.ser.std.CollectionSerializer.serializeContents(CollectionSerializer.java:149) ~[jackson-databind-2.6.5.jar:2.6.5]
	at com.fasterxml.jackson.databind.ser.std.CollectionSerializer.serialize(CollectionSerializer.java:111) ~[jackson-databind-2.6.5.jar:2.6.5]
	at com.fasterxml.jackson.databind.ser.std.CollectionSerializer.serialize(CollectionSerializer.java:24) ~[jackson-databind-2.6.5.jar:2.6.5]
	at com.fasterxml.jackson.databind.ser.BeanPropertyWriter.serializeAsField(BeanPropertyWriter.java:693) ~[jackson-databind-2.6.5.jar:2.6.5]
	at com.fasterxml.jackson.databind.ser.std.BeanSerializerBase.serializeFields(BeanSerializerBase.java:675) ~[jackson-databind-2.6.5.jar:2.6.5]
	at com.fasterxml.jackson.databind.ser.BeanSerializer.serialize(BeanSerializer.java:157) ~[jackson-databind-2.6.5.jar:2.6.5]
	at com.fasterxml.jackson.databind.ser.BeanPropertyWriter.serializeAsField(BeanPropertyWriter.java:693) ~[jackson-databind-2.6.5.jar:2.6.5]
	at com.fasterxml.jackson.databind.ser.std.BeanSerializerBase.serializeFields(BeanSerializerBase.java:675) ~[jackson-databind-2.6.5.jar:2.6.5]
	at com.fasterxml.jackson.databind.ser.BeanSerializer.serialize(BeanSerializer.java:157) ~[jackson-databind-2.6.5.jar:2.6.5]
	at com.fasterxml.jackson.databind.ser.std.CollectionSerializer.serializeContents(CollectionSerializer.java:149) ~[jackson-databind-2.6.5.jar:2.6.5]
	at com.fasterxml.jackson.databind.ser.std.CollectionSerializer.serialize(CollectionSerializer.java:111) ~[jackson-databind-2.6.5.jar:2.6.5]
	at com.fasterxml.jackson.databind.ser.std.CollectionSerializer.serialize(CollectionSerializer.java:24) ~[jackson-databind-2.6.5.jar:2.6.5]
	at com.fasterxml.jackson.databind.ser.BeanPropertyWriter.serializeAsField(BeanPropertyWriter.java:693) ~[jackson-databind-2.6.5.jar:2.6.5]
	at com.fasterxml.jackson.databind.ser.std.BeanSerializerBase.serializeFields(BeanSerializerBase.java:675) ~[jackson-databind-2.6.5.jar:2.6.5]
	at com.fasterxml.jackson.databind.ser.BeanSerializer.serialize(BeanSerializer.java:157) ~[jackson-databind-2.6.5.jar:2.6.5]
	at com.fasterxml.jackson.databind.ser.BeanPropertyWriter.serializeAsField(BeanPropertyWriter.java:693) ~[jackson-databind-2.6.5.jar:2.6.5]
	at com.fasterxml.jackson.databind.ser.std.BeanSerializerBase.serializeFields(BeanSerializerBase.java:675) ~[jackson-databind-2.6.5.jar:2.6.5]
	at com.fasterxml.jackson.databind.ser.BeanSerializer.serialize(BeanSerializer.java:157) ~[jackson-databind-2.6.5.jar:2.6.5]
	at com.fasterxml.jackson.databind.ser.std.CollectionSerializer.serializeContents(CollectionSerializer.java:149) ~[jackson-databind-2.6.5.jar:2.6.5]
	at com.fasterxml.jackson.databind.ser.std.CollectionSerializer.serialize(CollectionSerializer.java:111) ~[jackson-databind-2.6.5.jar:2.6.5]
	at com.fasterxml.jackson.databind.ser.std.CollectionSerializer.serialize(CollectionSerializer.java:24) ~[jackson-databind-2.6.5.jar:2.6.5]
	at com.fasterxml.jackson.databind.ser.BeanPropertyWriter.serializeAsField(BeanPropertyWriter.java:693) ~[jackson-databind-2.6.5.jar:2.6.5]
	at com.fasterxml.jackson.databind.ser.std.BeanSerializerBase.serializeFields(BeanSerializerBase.java:675) ~[jackson-databind-2.6.5.jar:2.6.5]
	at com.fasterxml.jackson.databind.ser.BeanSerializer.serialize(BeanSerializer.java:157) ~[jackson-databind-2.6.5.jar:2.6.5]
	at com.fasterxml.jackson.databind.ser.BeanPropertyWriter.serializeAsField(BeanPropertyWriter.java:693) ~[jackson-databind-2.6.5.jar:2.6.5]
	at com.fasterxml.jackson.databind.ser.std.BeanSerializerBase.serializeFields(BeanSerializerBase.java:675) ~[jackson-databind-2.6.5.jar:2.6.5]
	at com.fasterxml.jackson.databind.ser.BeanSerializer.serialize(BeanSerializer.java:157) ~[jackson-databind-2.6.5.jar:2.6.5]
	at com.fasterxml.jackson.databind.ser.std.CollectionSerializer.serializeContents(CollectionSerializer.java:149) ~[jackson-databind-2.6.5.jar:2.6.5]
	at com.fasterxml.jackson.databind.ser.std.CollectionSerializer.serialize(CollectionSerializer.java:111) ~[jackson-databind-2.6.5.jar:2.6.5]
	at com.fasterxml.jackson.databind.ser.std.CollectionSerializer.serialize(CollectionSerializer.java:24) ~[jackson-databind-2.6.5.jar:2.6.5]
	at com.fasterxml.jackson.databind.ser.BeanPropertyWriter.serializeAsField(BeanPropertyWriter.java:693) ~[jackson-databind-2.6.5.jar:2.6.5]
	at com.fasterxml.jackson.databind.ser.std.BeanSerializerBase.serializeFields(BeanSerializerBase.java:675) ~[jackson-databind-2.6.5.jar:2.6.5]
	at com.fasterxml.jackson.databind.ser.BeanSerializer.serialize(BeanSerializer.java:157) ~[jackson-databind-2.6.5.jar:2.6.5]
	at com.fasterxml.jackson.databind.ser.BeanPropertyWriter.serializeAsField(BeanPropertyWriter.java:693) ~[jackson-databind-2.6.5.jar:2.6.5]
	at com.fasterxml.jackson.databind.ser.std.BeanSerializerBase.serializeFields(BeanSerializerBase.java:675) ~[jackson-databind-2.6.5.jar:2.6.5]
	at com.fasterxml.jackson.databind.ser.BeanSerializer.serialize(BeanSerializer.java:157) ~[jackson-databind-2.6.5.jar:2.6.5]
	at com.fasterxml.jackson.databind.ser.std.CollectionSerializer.serializeContents(CollectionSerializer.java:149) ~[jackson-databind-2.6.5.jar:2.6.5]
	at com.fasterxml.jackson.databind.ser.std.CollectionSerializer.serialize(CollectionSerializer.java:111) ~[jackson-databind-2.6.5.jar:2.6.5]
	at com.fasterxml.jackson.databind.ser.std.CollectionSerializer.serialize(CollectionSerializer.java:24) ~[jackson-databind-2.6.5.jar:2.6.5]
	at com.fasterxml.jackson.databind.ser.BeanPropertyWriter.serializeAsField(BeanPropertyWriter.java:693) ~[jackson-databind-2.6.5.jar:2.6.5]
	at com.fasterxml.jackson.databind.ser.std.BeanSerializerBase.serializeFields(BeanSerializerBase.java:675) ~[jackson-databind-2.6.5.jar:2.6.5]
	at com.fasterxml.jackson.databind.ser.BeanSerializer.serialize(BeanSerializer.java:157) ~[jackson-databind-2.6.5.jar:2.6.5]
	at com.fasterxml.jackson.databind.ser.BeanPropertyWriter.serializeAsField(BeanPropertyWriter.java:693) ~[jackson-databind-2.6.5.jar:2.6.5]
	at com.fasterxml.jackson.databind.ser.std.BeanSerializerBase.serializeFields(BeanSerializerBase.java:675) ~[jackson-databind-2.6.5.jar:2.6.5]
	at com.fasterxml.jackson.databind.ser.BeanSerializer.serialize(BeanSerializer.java:157) ~[jackson-databind-2.6.5.jar:2.6.5]
	at com.fasterxml.jackson.databind.ser.std.CollectionSerializer.serializeContents(CollectionSerializer.java:149) ~[jackson-databind-2.6.5.jar:2.6.5]
	at com.fasterxml.jackson.databind.ser.std.CollectionSerializer.serialize(CollectionSerializer.java:111) ~[jackson-databind-2.6.5.jar:2.6.5]
	at com.fasterxml.jackson.databind.ser.std.CollectionSerializer.serialize(CollectionSerializer.java:24) ~[jackson-databind-2.6.5.jar:2.6.5]
	at com.fasterxml.jackson.databind.ser.BeanPropertyWriter.serializeAsField(BeanPropertyWriter.java:693) ~[jackson-databind-2.6.5.jar:2.6.5]
	at com.fasterxml.jackson.databind.ser.std.BeanSerializerBase.serializeFields(BeanSerializerBase.java:675) ~[jackson-databind-2.6.5.jar:2.6.5]
	at com.fasterxml.jackson.databind.ser.BeanSerializer.serialize(BeanSerializer.java:157) ~[jackson-databind-2.6.5.jar:2.6.5]
	at com.fasterxml.jackson.databind.ser.BeanPropertyWriter.serializeAsField(BeanPropertyWriter.java:693) ~[jackson-databind-2.6.5.jar:2.6.5]
	at com.fasterxml.jackson.databind.ser.std.BeanSerializerBase.serializeFields(BeanSerializerBase.java:675) ~[jackson-databind-2.6.5.jar:2.6.5]
	at com.fasterxml.jackson.databind.ser.BeanSerializer.serialize(BeanSerializer.java:157) ~[jackson-databind-2.6.5.jar:2.6.5]
	at com.fasterxml.jackson.databind.ser.std.CollectionSerializer.serializeContents(CollectionSerializer.java:149) ~[jackson-databind-2.6.5.jar:2.6.5]
	at com.fasterxml.jackson.databind.ser.std.CollectionSerializer.serialize(CollectionSerializer.java:111) ~[jackson-databind-2.6.5.jar:2.6.5]
	at com.fasterxml.jackson.databind.ser.std.CollectionSerializer.serialize(CollectionSerializer.java:24) ~[jackson-databind-2.6.5.jar:2.6.5]
	at com.fasterxml.jackson.databind.ser.BeanPropertyWriter.serializeAsField(BeanPropertyWriter.java:693) ~[jackson-databind-2.6.5.jar:2.6.5]
	at com.fasterxml.jackson.databind.ser.std.BeanSerializerBase.serializeFields(BeanSerializerBase.java:675) ~[jackson-databind-2.6.5.jar:2.6.5]
	at com.fasterxml.jackson.databind.ser.BeanSerializer.serialize(BeanSerializer.java:157) ~[jackson-databind-2.6.5.jar:2.6.5]
	at com.fasterxml.jackson.databind.ser.BeanPropertyWriter.serializeAsField(BeanPropertyWriter.java:693) ~[jackson-databind-2.6.5.jar:2.6.5]
	at com.fasterxml.jackson.databind.ser.std.BeanSerializerBase.serializeFields(BeanSerializerBase.java:675) ~[jackson-databind-2.6.5.jar:2.6.5]
	at com.fasterxml.jackson.databind.ser.BeanSerializer.serialize(BeanSerializer.java:157) ~[jackson-databind-2.6.5.jar:2.6.5]
	at com.fasterxml.jackson.databind.ser.std.CollectionSerializer.serializeContents(CollectionSerializer.java:149) ~[jackson-databind-2.6.5.jar:2.6.5]
	at com.fasterxml.jackson.databind.ser.std.CollectionSerializer.serialize(CollectionSerializer.java:111) ~[jackson-databind-2.6.5.jar:2.6.5]
	at com.fasterxml.jackson.databind.ser.std.CollectionSerializer.serialize(CollectionSerializer.java:24) ~[jackson-databind-2.6.5.jar:2.6.5]
	at com.fasterxml.jackson.databind.ser.BeanPropertyWriter.serializeAsField(BeanPropertyWriter.java:693) ~[jackson-databind-2.6.5.jar:2.6.5]
	at com.fasterxml.jackson.databind.ser.std.BeanSerializerBase.serializeFields(BeanSerializerBase.java:675) ~[jackson-databind-2.6.5.jar:2.6.5]
	at com.fasterxml.jackson.databind.ser.BeanSerializer.serialize(BeanSerializer.java:157) ~[jackson-databind-2.6.5.jar:2.6.5]
	at com.fasterxml.jackson.databind.ser.BeanPropertyWriter.serializeAsField(BeanPropertyWriter.java:693) ~[jackson-databind-2.6.5.jar:2.6.5]
	at com.fasterxml.jackson.databind.ser.std.BeanSerializerBase.serializeFields(BeanSerializerBase.java:675) ~[jackson-databind-2.6.5.jar:2.6.5]
	at com.fasterxml.jackson.databind.ser.BeanSerializer.serialize(BeanSerializer.java:157) ~[jackson-databind-2.6.5.jar:2.6.5]
	at com.fasterxml.jackson.databind.ser.std.CollectionSerializer.serializeContents(CollectionSerializer.java:149) ~[jackson-databind-2.6.5.jar:2.6.5]
	at com.fasterxml.jackson.databind.ser.std.CollectionSerializer.serialize(CollectionSerializer.java:111) ~[jackson-databind-2.6.5.jar:2.6.5]
	at com.fasterxml.jackson.databind.ser.std.CollectionSerializer.serialize(CollectionSerializer.java:24) ~[jackson-databind-2.6.5.jar:2.6.5]
	at com.fasterxml.jackson.databind.ser.BeanPropertyWriter.serializeAsField(BeanPropertyWriter.java:693) ~[jackson-databind-2.6.5.jar:2.6.5]
	at com.fasterxml.jackson.databind.ser.std.BeanSerializerBase.serializeFields(BeanSerializerBase.java:675) ~[jackson-databind-2.6.5.jar:2.6.5]
	at com.fasterxml.jackson.databind.ser.BeanSerializer.serialize(BeanSerializer.java:157) ~[jackson-databind-2.6.5.jar:2.6.5]
	at com.fasterxml.jackson.databind.ser.BeanPropertyWriter.serializeAsField(BeanPropertyWriter.java:693) ~[jackson-databind-2.6.5.jar:2.6.5]
	at com.fasterxml.jackson.databind.ser.std.BeanSerializerBase.serializeFields(BeanSerializerBase.java:675) ~[jackson-databind-2.6.5.jar:2.6.5]
	at com.fasterxml.jackson.databind.ser.BeanSerializer.serialize(BeanSerializer.java:157) ~[jackson-databind-2.6.5.jar:2.6.5]
	at com.fasterxml.jackson.databind.ser.std.CollectionSerializer.serializeContents(CollectionSerializer.java:149) ~[jackson-databind-2.6.5.jar:2.6.5]
	at com.fasterxml.jackson.databind.ser.std.CollectionSerializer.serialize(CollectionSerializer.java:111) ~[jackson-databind-2.6.5.jar:2.6.5]
	at com.fasterxml.jackson.databind.ser.std.CollectionSerializer.serialize(CollectionSerializer.java:24) ~[jackson-databind-2.6.5.jar:2.6.5]
	at com.fasterxml.jackson.databind.ser.BeanPropertyWriter.serializeAsField(BeanPropertyWriter.java:693) ~[jackson-databind-2.6.5.jar:2.6.5]
	at com.fasterxml.jackson.databind.ser.std.BeanSerializerBase.serializeFields(BeanSerializerBase.java:675) ~[jackson-databind-2.6.5.jar:2.6.5]
	at com.fasterxml.jackson.databind.ser.BeanSerializer.serialize(BeanSerializer.java:157) ~[jackson-databind-2.6.5.jar:2.6.5]
	at com.fasterxml.jackson.databind.ser.BeanPropertyWriter.serializeAsField(BeanPropertyWriter.java:693) ~[jackson-databind-2.6.5.jar:2.6.5]
	at com.fasterxml.jackson.databind.ser.std.BeanSerializerBase.serializeFields(BeanSerializerBase.java:675) ~[jackson-databind-2.6.5.jar:2.6.5]
	at com.fasterxml.jackson.databind.ser.BeanSerializer.serialize(BeanSerializer.java:157) ~[jackson-databind-2.6.5.jar:2.6.5]
	at com.fasterxml.jackson.databind.ser.std.CollectionSerializer.serializeContents(CollectionSerializer.java:149) ~[jackson-databind-2.6.5.jar:2.6.5]
	at com.fasterxml.jackson.databind.ser.std.CollectionSerializer.serialize(CollectionSerializer.java:111) ~[jackson-databind-2.6.5.jar:2.6.5]
	at com.fasterxml.jackson.databind.ser.std.CollectionSerializer.serialize(CollectionSerializer.java:24) ~[jackson-databind-2.6.5.jar:2.6.5]
	at com.fasterxml.jackson.databind.ser.BeanPropertyWriter.serializeAsField(BeanPropertyWriter.java:693) ~[jackson-databind-2.6.5.jar:2.6.5]
	at com.fasterxml.jackson.databind.ser.std.BeanSerializerBase.serializeFields(BeanSerializerBase.java:675) ~[jackson-databind-2.6.5.jar:2.6.5]
	at com.fasterxml.jackson.databind.ser.BeanSerializer.serialize(BeanSerializer.java:157) ~[jackson-databind-2.6.5.jar:2.6.5]
	at com.fasterxml.jackson.databind.ser.BeanPropertyWriter.serializeAsField(BeanPropertyWriter.java:693) ~[jackson-databind-2.6.5.jar:2.6.5]
	at com.fasterxml.jackson.databind.ser.std.BeanSerializerBase.serializeFields(BeanSerializerBase.java:675) ~[jackson-databind-2.6.5.jar:2.6.5]
	at com.fasterxml.jackson.databind.ser.BeanSerializer.serialize(BeanSerializer.java:157) ~[jackson-databind-2.6.5.jar:2.6.5]
	at com.fasterxml.jackson.databind.ser.std.CollectionSerializer.serializeContents(CollectionSerializer.java:149) ~[jackson-databind-2.6.5.jar:2.6.5]
	at com.fasterxml.jackson.databind.ser.std.CollectionSerializer.serialize(CollectionSerializer.java:111) ~[jackson-databind-2.6.5.jar:2.6.5]
	at com.fasterxml.jackson.databind.ser.std.CollectionSerializer.serialize(CollectionSerializer.java:24) ~[jackson-databind-2.6.5.jar:2.6.5]
	at com.fasterxml.jackson.databind.ser.BeanPropertyWriter.serializeAsField(BeanPropertyWriter.java:693) ~[jackson-databind-2.6.5.jar:2.6.5]
	at com.fasterxml.jackson.databind.ser.std.BeanSerializerBase.serializeFields(BeanSerializerBase.java:675) ~[jackson-databind-2.6.5.jar:2.6.5]
	at com.fasterxml.jackson.databind.ser.BeanSerializer.serialize(BeanSerializer.java:157) ~[jackson-databind-2.6.5.jar:2.6.5]
	at com.fasterxml.jackson.databind.ser.BeanPropertyWriter.serializeAsField(BeanPropertyWriter.java:693) ~[jackson-databind-2.6.5.jar:2.6.5]
	at com.fasterxml.jackson.databind.ser.std.BeanSerializerBase.serializeFields(BeanSerializerBase.java:675) ~[jackson-databind-2.6.5.jar:2.6.5]
	at com.fasterxml.jackson.databind.ser.BeanSerializer.serialize(BeanSerializer.java:157) ~[jackson-databind-2.6.5.jar:2.6.5]
	at com.fasterxml.jackson.databind.ser.std.CollectionSerializer.serializeContents(CollectionSerializer.java:149) ~[jackson-databind-2.6.5.jar:2.6.5]
	at com.fasterxml.jackson.databind.ser.std.CollectionSerializer.serialize(CollectionSerializer.java:111) ~[jackson-databind-2.6.5.jar:2.6.5]
	at com.fasterxml.jackson.databind.ser.std.CollectionSerializer.serialize(CollectionSerializer.java:24) ~[jackson-databind-2.6.5.jar:2.6.5]
	at com.fasterxml.jackson.databind.ser.BeanPropertyWriter.serializeAsField(BeanPropertyWriter.java:693) ~[jackson-databind-2.6.5.jar:2.6.5]
	at com.fasterxml.jackson.databind.ser.std.BeanSerializerBase.serializeFields(BeanSerializerBase.java:675) ~[jackson-databind-2.6.5.jar:2.6.5]
	at com.fasterxml.jackson.databind.ser.BeanSerializer.serialize(BeanSerializer.java:157) ~[jackson-databind-2.6.5.jar:2.6.5]
	at com.fasterxml.jackson.databind.ser.BeanPropertyWriter.serializeAsField(BeanPropertyWriter.java:693) ~[jackson-databind-2.6.5.jar:2.6.5]
	at com.fasterxml.jackson.databind.ser.std.BeanSerializerBase.serializeFields(BeanSerializerBase.java:675) ~[jackson-databind-2.6.5.jar:2.6.5]
	at com.fasterxml.jackson.databind.ser.BeanSerializer.serialize(BeanSerializer.java:157) ~[jackson-databind-2.6.5.jar:2.6.5]
	at com.fasterxml.jackson.databind.ser.std.CollectionSerializer.serializeContents(CollectionSerializer.java:149) ~[jackson-databind-2.6.5.jar:2.6.5]
	at com.fasterxml.jackson.databind.ser.std.CollectionSerializer.serialize(CollectionSerializer.java:111) ~[jackson-databind-2.6.5.jar:2.6.5]
	at com.fasterxml.jackson.databind.ser.std.CollectionSerializer.serialize(CollectionSerializer.java:24) ~[jackson-databind-2.6.5.jar:2.6.5]
	at com.fasterxml.jackson.databind.ser.BeanPropertyWriter.serializeAsField(BeanPropertyWriter.java:693) ~[jackson-databind-2.6.5.jar:2.6.5]
	at com.fasterxml.jackson.databind.ser.std.BeanSerializerBase.serializeFields(BeanSerializerBase.java:675) ~[jackson-databind-2.6.5.jar:2.6.5]
	at com.fasterxml.jackson.databind.ser.BeanSerializer.serialize(BeanSerializer.java:157) ~[jackson-databind-2.6.5.jar:2.6.5]
	at com.fasterxml.jackson.databind.ser.BeanPropertyWriter.serializeAsField(BeanPropertyWriter.java:693) ~[jackson-databind-2.6.5.jar:2.6.5]
	at com.fasterxml.jackson.databind.ser.std.BeanSerializerBase.serializeFields(BeanSerializerBase.java:675) ~[jackson-databind-2.6.5.jar:2.6.5]
	at com.fasterxml.jackson.databind.ser.BeanSerializer.serialize(BeanSerializer.java:157) ~[jackson-databind-2.6.5.jar:2.6.5]
	at com.fasterxml.jackson.databind.ser.std.CollectionSerializer.serializeContents(CollectionSerializer.java:149) ~[jackson-databind-2.6.5.jar:2.6.5]
	at com.fasterxml.jackson.databind.ser.std.CollectionSerializer.serialize(CollectionSerializer.java:111) ~[jackson-databind-2.6.5.jar:2.6.5]
	at com.fasterxml.jackson.databind.ser.std.CollectionSerializer.serialize(CollectionSerializer.java:24) ~[jackson-databind-2.6.5.jar:2.6.5]
	at com.fasterxml.jackson.databind.ser.BeanPropertyWriter.serializeAsField(BeanPropertyWriter.java:693) ~[jackson-databind-2.6.5.jar:2.6.5]
	at com.fasterxml.jackson.databind.ser.std.BeanSerializerBase.serializeFields(BeanSerializerBase.java:675) ~[jackson-databind-2.6.5.jar:2.6.5]
	at com.fasterxml.jackson.databind.ser.BeanSerializer.serialize(BeanSerializer.java:157) ~[jackson-databind-2.6.5.jar:2.6.5]
	at com.fasterxml.jackson.databind.ser.BeanPropertyWriter.serializeAsField(BeanPropertyWriter.java:693) ~[jackson-databind-2.6.5.jar:2.6.5]
	at com.fasterxml.jackson.databind.ser.std.BeanSerializerBase.serializeFields(BeanSerializerBase.java:675) ~[jackson-databind-2.6.5.jar:2.6.5]
	at com.fasterxml.jackson.databind.ser.BeanSerializer.serialize(BeanSerializer.java:157) ~[jackson-databind-2.6.5.jar:2.6.5]
	at com.fasterxml.jackson.databind.ser.std.CollectionSerializer.serializeContents(CollectionSerializer.java:149) ~[jackson-databind-2.6.5.jar:2.6.5]
	at com.fasterxml.jackson.databind.ser.std.CollectionSerializer.serialize(CollectionSerializer.java:111) ~[jackson-databind-2.6.5.jar:2.6.5]
	at com.fasterxml.jackson.databind.ser.std.CollectionSerializer.serialize(CollectionSerializer.java:24) ~[jackson-databind-2.6.5.jar:2.6.5]
	at com.fasterxml.jackson.databind.ser.BeanPropertyWriter.serializeAsField(BeanPropertyWriter.java:693) ~[jackson-databind-2.6.5.jar:2.6.5]
	at com.fasterxml.jackson.databind.ser.std.BeanSerializerBase.serializeFields(BeanSerializerBase.java:675) ~[jackson-databind-2.6.5.jar:2.6.5]
	at com.fasterxml.jackson.databind.ser.BeanSerializer.serialize(BeanSerializer.java:157) ~[jackson-databind-2.6.5.jar:2.6.5]
	at com.fasterxml.jackson.databind.ser.BeanPropertyWriter.serializeAsField(BeanPropertyWriter.java:693) ~[jackson-databind-2.6.5.jar:2.6.5]
	at com.fasterxml.jackson.databind.ser.std.BeanSerializerBase.serializeFields(BeanSerializerBase.java:675) ~[jackson-databind-2.6.5.jar:2.6.5]
	at com.fasterxml.jackson.databind.ser.BeanSerializer.serialize(BeanSerializer.java:157) ~[jackson-databind-2.6.5.jar:2.6.5]
	at com.fasterxml.jackson.databind.ser.std.CollectionSerializer.serializeContents(CollectionSerializer.java:149) ~[jackson-databind-2.6.5.jar:2.6.5]
	at com.fasterxml.jackson.databind.ser.std.CollectionSerializer.serialize(CollectionSerializer.java:111) ~[jackson-databind-2.6.5.jar:2.6.5]
	at com.fasterxml.jackson.databind.ser.std.CollectionSerializer.serialize(CollectionSerializer.java:24) ~[jackson-databind-2.6.5.jar:2.6.5]
	at com.fasterxml.jackson.databind.ser.BeanPropertyWriter.serializeAsField(BeanPropertyWriter.java:693) ~[jackson-databind-2.6.5.jar:2.6.5]
	at com.fasterxml.jackson.databind.ser.std.BeanSerializerBase.serializeFields(BeanSerializerBase.java:675) ~[jackson-databind-2.6.5.jar:2.6.5]
	at com.fasterxml.jackson.databind.ser.BeanSerializer.serialize(BeanSerializer.java:157) ~[jackson-databind-2.6.5.jar:2.6.5]
	at com.fasterxml.jackson.databind.ser.BeanPropertyWriter.serializeAsField(BeanPropertyWriter.java:693) ~[jackson-databind-2.6.5.jar:2.6.5]
	at com.fasterxml.jackson.databind.ser.std.BeanSerializerBase.serializeFields(BeanSerializerBase.java:675) ~[jackson-databind-2.6.5.jar:2.6.5]
	at com.fasterxml.jackson.databind.ser.BeanSerializer.serialize(BeanSerializer.java:157) ~[jackson-databind-2.6.5.jar:2.6.5]
	at com.fasterxml.jackson.databind.ser.std.CollectionSerializer.serializeContents(CollectionSerializer.java:149) ~[jackson-databind-2.6.5.jar:2.6.5]
	at com.fasterxml.jackson.databind.ser.std.CollectionSerializer.serialize(CollectionSerializer.java:111) ~[jackson-databind-2.6.5.jar:2.6.5]
	at com.fasterxml.jackson.databind.ser.std.CollectionSerializer.serialize(CollectionSerializer.java:24) ~[jackson-databind-2.6.5.jar:2.6.5]
	at com.fasterxml.jackson.databind.ser.BeanPropertyWriter.serializeAsField(BeanPropertyWriter.java:693) ~[jackson-databind-2.6.5.jar:2.6.5]
	at com.fasterxml.jackson.databind.ser.std.BeanSerializerBase.serializeFields(BeanSerializerBase.java:675) ~[jackson-databind-2.6.5.jar:2.6.5]
	at com.fasterxml.jackson.databind.ser.BeanSerializer.serialize(BeanSerializer.java:157) ~[jackson-databind-2.6.5.jar:2.6.5]
	at com.fasterxml.jackson.databind.ser.BeanPropertyWriter.serializeAsField(BeanPropertyWriter.java:693) ~[jackson-databind-2.6.5.jar:2.6.5]
	at com.fasterxml.jackson.databind.ser.std.BeanSerializerBase.serializeFields(BeanSerializerBase.java:675) ~[jackson-databind-2.6.5.jar:2.6.5]
	at com.fasterxml.jackson.databind.ser.BeanSerializer.serialize(BeanSerializer.java:157) ~[jackson-databind-2.6.5.jar:2.6.5]
	at com.fasterxml.jackson.databind.ser.std.CollectionSerializer.serializeContents(CollectionSerializer.java:149) ~[jackson-databind-2.6.5.jar:2.6.5]
	at com.fasterxml.jackson.databind.ser.std.CollectionSerializer.serialize(CollectionSerializer.java:111) ~[jackson-databind-2.6.5.jar:2.6.5]
	at com.fasterxml.jackson.databind.ser.std.CollectionSerializer.serialize(CollectionSerializer.java:24) ~[jackson-databind-2.6.5.jar:2.6.5]
	at com.fasterxml.jackson.databind.ser.BeanPropertyWriter.serializeAsField(BeanPropertyWriter.java:693) ~[jackson-databind-2.6.5.jar:2.6.5]
	at com.fasterxml.jackson.databind.ser.std.BeanSerializerBase.serializeFields(BeanSerializerBase.java:675) ~[jackson-databind-2.6.5.jar:2.6.5]
	at com.fasterxml.jackson.databind.ser.BeanSerializer.serialize(BeanSerializer.java:157) ~[jackson-databind-2.6.5.jar:2.6.5]
	at com.fasterxml.jackson.databind.ser.BeanPropertyWriter.serializeAsField(BeanPropertyWriter.java:693) ~[jackson-databind-2.6.5.jar:2.6.5]
	at com.fasterxml.jackson.databind.ser.std.BeanSerializerBase.serializeFields(BeanSerializerBase.java:675) ~[jackson-databind-2.6.5.jar:2.6.5]
	at com.fasterxml.jackson.databind.ser.BeanSerializer.serialize(BeanSerializer.java:157) ~[jackson-databind-2.6.5.jar:2.6.5]
	at com.fasterxml.jackson.databind.ser.std.CollectionSerializer.serializeContents(CollectionSerializer.java:149) ~[jackson-databind-2.6.5.jar:2.6.5]
	at com.fasterxml.jackson.databind.ser.std.CollectionSerializer.serialize(CollectionSerializer.java:111) ~[jackson-databind-2.6.5.jar:2.6.5]
	at com.fasterxml.jackson.databind.ser.std.CollectionSerializer.serialize(CollectionSerializer.java:24) ~[jackson-databind-2.6.5.jar:2.6.5]
	at com.fasterxml.jackson.databind.ser.BeanPropertyWriter.serializeAsField(BeanPropertyWriter.java:693) ~[jackson-databind-2.6.5.jar:2.6.5]
	at com.fasterxml.jackson.databind.ser.std.BeanSerializerBase.serializeFields(BeanSerializerBase.java:675) ~[jackson-databind-2.6.5.jar:2.6.5]
	at com.fasterxml.jackson.databind.ser.BeanSerializer.serialize(BeanSerializer.java:157) ~[jackson-databind-2.6.5.jar:2.6.5]
	at com.fasterxml.jackson.databind.ser.BeanPropertyWriter.serializeAsField(BeanPropertyWriter.java:693) ~[jackson-databind-2.6.5.jar:2.6.5]
	at com.fasterxml.jackson.databind.ser.std.BeanSerializerBase.serializeFields(BeanSerializerBase.java:675) ~[jackson-databind-2.6.5.jar:2.6.5]
	at com.fasterxml.jackson.databind.ser.BeanSerializer.serialize(BeanSerializer.java:157) ~[jackson-databind-2.6.5.jar:2.6.5]
	at com.fasterxml.jackson.databind.ser.std.CollectionSerializer.serializeContents(CollectionSerializer.java:149) ~[jackson-databind-2.6.5.jar:2.6.5]
	at com.fasterxml.jackson.databind.ser.std.CollectionSerializer.serialize(CollectionSerializer.java:111) ~[jackson-databind-2.6.5.jar:2.6.5]
	at com.fasterxml.jackson.databind.ser.std.CollectionSerializer.serialize(CollectionSerializer.java:24) ~[jackson-databind-2.6.5.jar:2.6.5]
	at com.fasterxml.jackson.databind.ser.BeanPropertyWriter.serializeAsField(BeanPropertyWriter.java:693) ~[jackson-databind-2.6.5.jar:2.6.5]
	at com.fasterxml.jackson.databind.ser.std.BeanSerializerBase.serializeFields(BeanSerializerBase.java:675) ~[jackson-databind-2.6.5.jar:2.6.5]
	at com.fasterxml.jackson.databind.ser.BeanSerializer.serialize(BeanSerializer.java:157) ~[jackson-databind-2.6.5.jar:2.6.5]
	at com.fasterxml.jackson.databind.ser.BeanPropertyWriter.serializeAsField(BeanPropertyWriter.java:693) ~[jackson-databind-2.6.5.jar:2.6.5]
	at com.fasterxml.jackson.databind.ser.std.BeanSerializerBase.serializeFields(BeanSerializerBase.java:675) ~[jackson-databind-2.6.5.jar:2.6.5]
	at com.fasterxml.jackson.databind.ser.BeanSerializer.serialize(BeanSerializer.java:157) ~[jackson-databind-2.6.5.jar:2.6.5]
	at com.fasterxml.jackson.databind.ser.std.CollectionSerializer.serializeContents(CollectionSerializer.java:149) ~[jackson-databind-2.6.5.jar:2.6.5]
	at com.fasterxml.jackson.databind.ser.std.CollectionSerializer.serialize(CollectionSerializer.java:111) ~[jackson-databind-2.6.5.jar:2.6.5]
	at com.fasterxml.jackson.databind.ser.std.CollectionSerializer.serialize(CollectionSerializer.java:24) ~[jackson-databind-2.6.5.jar:2.6.5]
	at com.fasterxml.jackson.databind.ser.BeanPropertyWriter.serializeAsField(BeanPropertyWriter.java:693) ~[jackson-databind-2.6.5.jar:2.6.5]
	at com.fasterxml.jackson.databind.ser.std.BeanSerializerBase.serializeFields(BeanSerializerBase.java:675) ~[jackson-databind-2.6.5.jar:2.6.5]
	at com.fasterxml.jackson.databind.ser.BeanSerializer.serialize(BeanSerializer.java:157) ~[jackson-databind-2.6.5.jar:2.6.5]
	at com.fasterxml.jackson.databind.ser.BeanPropertyWriter.serializeAsField(BeanPropertyWriter.java:693) ~[jackson-databind-2.6.5.jar:2.6.5]
	at com.fasterxml.jackson.databind.ser.std.BeanSerializerBase.serializeFields(BeanSerializerBase.java:675) ~[jackson-databind-2.6.5.jar:2.6.5]
	at com.fasterxml.jackson.databind.ser.BeanSerializer.serialize(BeanSerializer.java:157) ~[jackson-databind-2.6.5.jar:2.6.5]
	at com.fasterxml.jackson.databind.ser.std.CollectionSerializer.serializeContents(CollectionSerializer.java:149) ~[jackson-databind-2.6.5.jar:2.6.5]
	at com.fasterxml.jackson.databind.ser.std.CollectionSerializer.serialize(CollectionSerializer.java:111) ~[jackson-databind-2.6.5.jar:2.6.5]
	at com.fasterxml.jackson.databind.ser.std.CollectionSerializer.serialize(CollectionSerializer.java:24) ~[jackson-databind-2.6.5.jar:2.6.5]
	at com.fasterxml.jackson.databind.ser.BeanPropertyWriter.serializeAsField(BeanPropertyWriter.java:693) ~[jackson-databind-2.6.5.jar:2.6.5]
	at com.fasterxml.jackson.databind.ser.std.BeanSerializerBase.serializeFields(BeanSerializerBase.java:675) ~[jackson-databind-2.6.5.jar:2.6.5]
	at com.fasterxml.jackson.databind.ser.BeanSerializer.serialize(BeanSerializer.java:157) ~[jackson-databind-2.6.5.jar:2.6.5]
	at com.fasterxml.jackson.databind.ser.BeanPropertyWriter.serializeAsField(BeanPropertyWriter.java:693) ~[jackson-databind-2.6.5.jar:2.6.5]
	at com.fasterxml.jackson.databind.ser.std.BeanSerializerBase.serializeFields(BeanSerializerBase.java:675) ~[jackson-databind-2.6.5.jar:2.6.5]
	at com.fasterxml.jackson.databind.ser.BeanSerializer.serialize(BeanSerializer.java:157) ~[jackson-databind-2.6.5.jar:2.6.5]
	at com.fasterxml.jackson.databind.ser.std.CollectionSerializer.serializeContents(CollectionSerializer.java:149) ~[jackson-databind-2.6.5.jar:2.6.5]
	at com.fasterxml.jackson.databind.ser.std.CollectionSerializer.serialize(CollectionSerializer.java:111) ~[jackson-databind-2.6.5.jar:2.6.5]
	at com.fasterxml.jackson.databind.ser.std.CollectionSerializer.serialize(CollectionSerializer.java:24) ~[jackson-databind-2.6.5.jar:2.6.5]
	at com.fasterxml.jackson.databind.ser.BeanPropertyWriter.serializeAsField(BeanPropertyWriter.java:693) ~[jackson-databind-2.6.5.jar:2.6.5]
	at com.fasterxml.jackson.databind.ser.std.BeanSerializerBase.serializeFields(BeanSerializerBase.java:675) ~[jackson-databind-2.6.5.jar:2.6.5]
	at com.fasterxml.jackson.databind.ser.BeanSerializer.serialize(BeanSerializer.java:157) ~[jackson-databind-2.6.5.jar:2.6.5]
	at com.fasterxml.jackson.databind.ser.BeanPropertyWriter.serializeAsField(BeanPropertyWriter.java:693) ~[jackson-databind-2.6.5.jar:2.6.5]
	at com.fasterxml.jackson.databind.ser.std.BeanSerializerBase.serializeFields(BeanSerializerBase.java:675) ~[jackson-databind-2.6.5.jar:2.6.5]
	at com.fasterxml.jackson.databind.ser.BeanSerializer.serialize(BeanSerializer.java:157) ~[jackson-databind-2.6.5.jar:2.6.5]
	at com.fasterxml.jackson.databind.ser.std.CollectionSerializer.serializeContents(CollectionSerializer.java:149) ~[jackson-databind-2.6.5.jar:2.6.5]
	at com.fasterxml.jackson.databind.ser.std.CollectionSerializer.serialize(CollectionSerializer.java:111) ~[jackson-databind-2.6.5.jar:2.6.5]
	at com.fasterxml.jackson.databind.ser.std.CollectionSerializer.serialize(CollectionSerializer.java:24) ~[jackson-databind-2.6.5.jar:2.6.5]
	at com.fasterxml.jackson.databind.ser.BeanPropertyWriter.serializeAsField(BeanPropertyWriter.java:693) ~[jackson-databind-2.6.5.jar:2.6.5]
	at com.fasterxml.jackson.databind.ser.std.BeanSerializerBase.serializeFields(BeanSerializerBase.java:675) ~[jackson-databind-2.6.5.jar:2.6.5]
	at com.fasterxml.jackson.databind.ser.BeanSerializer.serialize(BeanSerializer.java:157) ~[jackson-databind-2.6.5.jar:2.6.5]
	at com.fasterxml.jackson.databind.ser.BeanPropertyWriter.serializeAsField(BeanPropertyWriter.java:693) ~[jackson-databind-2.6.5.jar:2.6.5]
	at com.fasterxml.jackson.databind.ser.std.BeanSerializerBase.serializeFields(BeanSerializerBase.java:675) ~[jackson-databind-2.6.5.jar:2.6.5]
	at com.fasterxml.jackson.databind.ser.BeanSerializer.serialize(BeanSerializer.java:157) ~[jackson-databind-2.6.5.jar:2.6.5]
	at com.fasterxml.jackson.databind.ser.std.CollectionSerializer.serializeContents(CollectionSerializer.java:149) ~[jackson-databind-2.6.5.jar:2.6.5]
	at com.fasterxml.jackson.databind.ser.std.CollectionSerializer.serialize(CollectionSerializer.java:111) ~[jackson-databind-2.6.5.jar:2.6.5]
	at com.fasterxml.jackson.databind.ser.std.CollectionSerializer.serialize(CollectionSerializer.java:24) ~[jackson-databind-2.6.5.jar:2.6.5]
	at com.fasterxml.jackson.databind.ser.BeanPropertyWriter.serializeAsField(BeanPropertyWriter.java:693) ~[jackson-databind-2.6.5.jar:2.6.5]
	at com.fasterxml.jackson.databind.ser.std.BeanSerializerBase.serializeFields(BeanSerializerBase.java:675) ~[jackson-databind-2.6.5.jar:2.6.5]
	at com.fasterxml.jackson.databind.ser.BeanSerializer.serialize(BeanSerializer.java:157) ~[jackson-databind-2.6.5.jar:2.6.5]
	at com.fasterxml.jackson.databind.ser.BeanPropertyWriter.serializeAsField(BeanPropertyWriter.java:693) ~[jackson-databind-2.6.5.jar:2.6.5]
	at com.fasterxml.jackson.databind.ser.std.BeanSerializerBase.serializeFields(BeanSerializerBase.java:675) ~[jackson-databind-2.6.5.jar:2.6.5]
	at com.fasterxml.jackson.databind.ser.BeanSerializer.serialize(BeanSerializer.java:157) ~[jackson-databind-2.6.5.jar:2.6.5]
	at com.fasterxml.jackson.databind.ser.std.CollectionSerializer.serializeContents(CollectionSerializer.java:149) ~[jackson-databind-2.6.5.jar:2.6.5]
	at com.fasterxml.jackson.databind.ser.std.CollectionSerializer.serialize(CollectionSerializer.java:111) ~[jackson-databind-2.6.5.jar:2.6.5]
	at com.fasterxml.jackson.databind.ser.std.CollectionSerializer.serialize(CollectionSerializer.java:24) ~[jackson-databind-2.6.5.jar:2.6.5]
	at com.fasterxml.jackson.databind.ser.BeanPropertyWriter.serializeAsField(BeanPropertyWriter.java:693) ~[jackson-databind-2.6.5.jar:2.6.5]
	at com.fasterxml.jackson.databind.ser.std.BeanSerializerBase.serializeFields(BeanSerializerBase.java:675) ~[jackson-databind-2.6.5.jar:2.6.5]
	at com.fasterxml.jackson.databind.ser.BeanSerializer.serialize(BeanSerializer.java:157) ~[jackson-databind-2.6.5.jar:2.6.5]
	at com.fasterxml.jackson.databind.ser.BeanPropertyWriter.serializeAsField(BeanPropertyWriter.java:693) ~[jackson-databind-2.6.5.jar:2.6.5]
	at com.fasterxml.jackson.databind.ser.std.BeanSerializerBase.serializeFields(BeanSerializerBase.java:675) ~[jackson-databind-2.6.5.jar:2.6.5]
	at com.fasterxml.jackson.databind.ser.BeanSerializer.serialize(BeanSerializer.java:157) ~[jackson-databind-2.6.5.jar:2.6.5]
	at com.fasterxml.jackson.databind.ser.std.CollectionSerializer.serializeContents(CollectionSerializer.java:149) ~[jackson-databind-2.6.5.jar:2.6.5]
	at com.fasterxml.jackson.databind.ser.std.CollectionSerializer.serialize(CollectionSerializer.java:111) ~[jackson-databind-2.6.5.jar:2.6.5]
	at com.fasterxml.jackson.databind.ser.std.CollectionSerializer.serialize(CollectionSerializer.java:24) ~[jackson-databind-2.6.5.jar:2.6.5]
	at com.fasterxml.jackson.databind.ser.BeanPropertyWriter.serializeAsField(BeanPropertyWriter.java:693) ~[jackson-databind-2.6.5.jar:2.6.5]
	at com.fasterxml.jackson.databind.ser.std.BeanSerializerBase.serializeFields(BeanSerializerBase.java:675) ~[jackson-databind-2.6.5.jar:2.6.5]
	at com.fasterxml.jackson.databind.ser.BeanSerializer.serialize(BeanSerializer.java:157) ~[jackson-databind-2.6.5.jar:2.6.5]
	at com.fasterxml.jackson.databind.ser.BeanPropertyWriter.serializeAsField(BeanPropertyWriter.java:693) ~[jackson-databind-2.6.5.jar:2.6.5]
	at com.fasterxml.jackson.databind.ser.std.BeanSerializerBase.serializeFields(BeanSerializerBase.java:675) ~[jackson-databind-2.6.5.jar:2.6.5]
	at com.fasterxml.jackson.databind.ser.BeanSerializer.serialize(BeanSerializer.java:157) ~[jackson-databind-2.6.5.jar:2.6.5]
	at com.fasterxml.jackson.databind.ser.std.CollectionSerializer.serializeContents(CollectionSerializer.java:149) ~[jackson-databind-2.6.5.jar:2.6.5]
	at com.fasterxml.jackson.databind.ser.std.CollectionSerializer.serialize(CollectionSerializer.java:111) ~[jackson-databind-2.6.5.jar:2.6.5]
	at com.fasterxml.jackson.databind.ser.std.CollectionSerializer.serialize(CollectionSerializer.java:24) ~[jackson-databind-2.6.5.jar:2.6.5]
	at com.fasterxml.jackson.databind.ser.BeanPropertyWriter.serializeAsField(BeanPropertyWriter.java:693) ~[jackson-databind-2.6.5.jar:2.6.5]
	at com.fasterxml.jackson.databind.ser.std.BeanSerializerBase.serializeFields(BeanSerializerBase.java:675) ~[jackson-databind-2.6.5.jar:2.6.5]
	at com.fasterxml.jackson.databind.ser.BeanSerializer.serialize(BeanSerializer.java:157) ~[jackson-databind-2.6.5.jar:2.6.5]
	at com.fasterxml.jackson.databind.ser.BeanPropertyWriter.serializeAsField(BeanPropertyWriter.java:693) ~[jackson-databind-2.6.5.jar:2.6.5]
	at com.fasterxml.jackson.databind.ser.std.BeanSerializerBase.serializeFields(BeanSerializerBase.java:675) ~[jackson-databind-2.6.5.jar:2.6.5]
	at com.fasterxml.jackson.databind.ser.BeanSerializer.serialize(BeanSerializer.java:157) ~[jackson-databind-2.6.5.jar:2.6.5]
	at com.fasterxml.jackson.databind.ser.std.CollectionSerializer.serializeContents(CollectionSerializer.java:149) ~[jackson-databind-2.6.5.jar:2.6.5]
	at com.fasterxml.jackson.databind.ser.std.CollectionSerializer.serialize(CollectionSerializer.java:111) ~[jackson-databind-2.6.5.jar:2.6.5]
	at com.fasterxml.jackson.databind.ser.std.CollectionSerializer.serialize(CollectionSerializer.java:24) ~[jackson-databind-2.6.5.jar:2.6.5]
	at com.fasterxml.jackson.databind.ser.BeanPropertyWriter.serializeAsField(BeanPropertyWriter.java:693) ~[jackson-databind-2.6.5.jar:2.6.5]
	at com.fasterxml.jackson.databind.ser.std.BeanSerializerBase.serializeFields(BeanSerializerBase.java:675) ~[jackson-databind-2.6.5.jar:2.6.5]
	at com.fasterxml.jackson.databind.ser.BeanSerializer.serialize(BeanSerializer.java:157) ~[jackson-databind-2.6.5.jar:2.6.5]
	at com.fasterxml.jackson.databind.ser.BeanPropertyWriter.serializeAsField(BeanPropertyWriter.java:693) ~[jackson-databind-2.6.5.jar:2.6.5]
	at com.fasterxml.jackson.databind.ser.std.BeanSerializerBase.serializeFields(BeanSerializerBase.java:675) ~[jackson-databind-2.6.5.jar:2.6.5]
	at com.fasterxml.jackson.databind.ser.BeanSerializer.serialize(BeanSerializer.java:157) ~[jackson-databind-2.6.5.jar:2.6.5]
	at com.fasterxml.jackson.databind.ser.std.CollectionSerializer.serializeContents(CollectionSerializer.java:149) ~[jackson-databind-2.6.5.jar:2.6.5]
	at com.fasterxml.jackson.databind.ser.std.CollectionSerializer.serialize(CollectionSerializer.java:111) ~[jackson-databind-2.6.5.jar:2.6.5]
	at com.fasterxml.jackson.databind.ser.std.CollectionSerializer.serialize(CollectionSerializer.java:24) ~[jackson-databind-2.6.5.jar:2.6.5]
	at com.fasterxml.jackson.databind.ser.BeanPropertyWriter.serializeAsField(BeanPropertyWriter.java:693) ~[jackson-databind-2.6.5.jar:2.6.5]
	at com.fasterxml.jackson.databind.ser.std.BeanSerializerBase.serializeFields(BeanSerializerBase.java:675) ~[jackson-databind-2.6.5.jar:2.6.5]
	at com.fasterxml.jackson.databind.ser.BeanSerializer.serialize(BeanSerializer.java:157) ~[jackson-databind-2.6.5.jar:2.6.5]
	at com.fasterxml.jackson.databind.ser.BeanPropertyWriter.serializeAsField(BeanPropertyWriter.java:693) ~[jackson-databind-2.6.5.jar:2.6.5]
	at com.fasterxml.jackson.databind.ser.std.BeanSerializerBase.serializeFields(BeanSerializerBase.java:675) ~[jackson-databind-2.6.5.jar:2.6.5]
	at com.fasterxml.jackson.databind.ser.BeanSerializer.serialize(BeanSerializer.java:157) ~[jackson-databind-2.6.5.jar:2.6.5]
	at com.fasterxml.jackson.databind.ser.std.CollectionSerializer.serializeContents(CollectionSerializer.java:149) ~[jackson-databind-2.6.5.jar:2.6.5]
	at com.fasterxml.jackson.databind.ser.std.CollectionSerializer.serialize(CollectionSerializer.java:111) ~[jackson-databind-2.6.5.jar:2.6.5]
	at com.fasterxml.jackson.databind.ser.std.CollectionSerializer.serialize(CollectionSerializer.java:24) ~[jackson-databind-2.6.5.jar:2.6.5]
	at com.fasterxml.jackson.databind.ser.BeanPropertyWriter.serializeAsField(BeanPropertyWriter.java:693) ~[jackson-databind-2.6.5.jar:2.6.5]
	at com.fasterxml.jackson.databind.ser.std.BeanSerializerBase.serializeFields(BeanSerializerBase.java:675) ~[jackson-databind-2.6.5.jar:2.6.5]
	at com.fasterxml.jackson.databind.ser.BeanSerializer.serialize(BeanSerializer.java:157) ~[jackson-databind-2.6.5.jar:2.6.5]
	at com.fasterxml.jackson.databind.ser.BeanPropertyWriter.serializeAsField(BeanPropertyWriter.java:693) ~[jackson-databind-2.6.5.jar:2.6.5]
	at com.fasterxml.jackson.databind.ser.std.BeanSerializerBase.serializeFields(BeanSerializerBase.java:675) ~[jackson-databind-2.6.5.jar:2.6.5]
	at com.fasterxml.jackson.databind.ser.BeanSerializer.serialize(BeanSerializer.java:157) ~[jackson-databind-2.6.5.jar:2.6.5]
	at com.fasterxml.jackson.databind.ser.std.CollectionSerializer.serializeContents(CollectionSerializer.java:149) ~[jackson-databind-2.6.5.jar:2.6.5]
	at com.fasterxml.jackson.databind.ser.std.CollectionSerializer.serialize(CollectionSerializer.java:111) ~[jackson-databind-2.6.5.jar:2.6.5]
	at com.fasterxml.jackson.databind.ser.std.CollectionSerializer.serialize(CollectionSerializer.java:24) ~[jackson-databind-2.6.5.jar:2.6.5]
	at com.fasterxml.jackson.databind.ser.BeanPropertyWriter.serializeAsField(BeanPropertyWriter.java:693) ~[jackson-databind-2.6.5.jar:2.6.5]
	at com.fasterxml.jackson.databind.ser.std.BeanSerializerBase.serializeFields(BeanSerializerBase.java:675) ~[jackson-databind-2.6.5.jar:2.6.5]
	at com.fasterxml.jackson.databind.ser.BeanSerializer.serialize(BeanSerializer.java:157) ~[jackson-databind-2.6.5.jar:2.6.5]
	at com.fasterxml.jackson.databind.ser.BeanPropertyWriter.serializeAsField(BeanPropertyWriter.java:693) ~[jackson-databind-2.6.5.jar:2.6.5]
	at com.fasterxml.jackson.databind.ser.std.BeanSerializerBase.serializeFields(BeanSerializerBase.java:675) ~[jackson-databind-2.6.5.jar:2.6.5]
	at com.fasterxml.jackson.databind.ser.BeanSerializer.serialize(BeanSerializer.java:157) ~[jackson-databind-2.6.5.jar:2.6.5]
	at com.fasterxml.jackson.databind.ser.std.CollectionSerializer.serializeContents(CollectionSerializer.java:149) ~[jackson-databind-2.6.5.jar:2.6.5]
	at com.fasterxml.jackson.databind.ser.std.CollectionSerializer.serialize(CollectionSerializer.java:111) ~[jackson-databind-2.6.5.jar:2.6.5]
	at com.fasterxml.jackson.databind.ser.std.CollectionSerializer.serialize(CollectionSerializer.java:24) ~[jackson-databind-2.6.5.jar:2.6.5]
	at com.fasterxml.jackson.databind.ser.BeanPropertyWriter.serializeAsField(BeanPropertyWriter.java:693) ~[jackson-databind-2.6.5.jar:2.6.5]
	at com.fasterxml.jackson.databind.ser.std.BeanSerializerBase.serializeFields(BeanSerializerBase.java:675) ~[jackson-databind-2.6.5.jar:2.6.5]
	at com.fasterxml.jackson.databind.ser.BeanSerializer.serialize(BeanSerializer.java:157) ~[jackson-databind-2.6.5.jar:2.6.5]
	at com.fasterxml.jackson.databind.ser.BeanPropertyWriter.serializeAsField(BeanPropertyWriter.java:693) ~[jackson-databind-2.6.5.jar:2.6.5]
	at com.fasterxml.jackson.databind.ser.std.BeanSerializerBase.serializeFields(BeanSerializerBase.java:675) ~[jackson-databind-2.6.5.jar:2.6.5]
	at com.fasterxml.jackson.databind.ser.BeanSerializer.serialize(BeanSerializer.java:157) ~[jackson-databind-2.6.5.jar:2.6.5]
	at com.fasterxml.jackson.databind.ser.std.CollectionSerializer.serializeContents(CollectionSerializer.java:149) ~[jackson-databind-2.6.5.jar:2.6.5]
	at com.fasterxml.jackson.databind.ser.std.CollectionSerializer.serialize(CollectionSerializer.java:111) ~[jackson-databind-2.6.5.jar:2.6.5]
	at com.fasterxml.jackson.databind.ser.std.CollectionSerializer.serialize(CollectionSerializer.java:24) ~[jackson-databind-2.6.5.jar:2.6.5]
	at com.fasterxml.jackson.databind.ser.BeanPropertyWriter.serializeAsField(BeanPropertyWriter.java:693) ~[jackson-databind-2.6.5.jar:2.6.5]
	at com.fasterxml.jackson.databind.ser.std.BeanSerializerBase.serializeFields(BeanSerializerBase.java:675) ~[jackson-databind-2.6.5.jar:2.6.5]
	at com.fasterxml.jackson.databind.ser.BeanSerializer.serialize(BeanSerializer.java:157) ~[jackson-databind-2.6.5.jar:2.6.5]
	at com.fasterxml.jackson.databind.ser.BeanPropertyWriter.serializeAsField(BeanPropertyWriter.java:693) ~[jackson-databind-2.6.5.jar:2.6.5]
	at com.fasterxml.jackson.databind.ser.std.BeanSerializerBase.serializeFields(BeanSerializerBase.java:675) ~[jackson-databind-2.6.5.jar:2.6.5]
	at com.fasterxml.jackson.databind.ser.BeanSerializer.serialize(BeanSerializer.java:157) ~[jackson-databind-2.6.5.jar:2.6.5]
	at com.fasterxml.jackson.databind.ser.std.CollectionSerializer.serializeContents(CollectionSerializer.java:149) ~[jackson-databind-2.6.5.jar:2.6.5]
	at com.fasterxml.jackson.databind.ser.std.CollectionSerializer.serialize(CollectionSerializer.java:111) ~[jackson-databind-2.6.5.jar:2.6.5]
	at com.fasterxml.jackson.databind.ser.std.CollectionSerializer.serialize(CollectionSerializer.java:24) ~[jackson-databind-2.6.5.jar:2.6.5]
	at com.fasterxml.jackson.databind.ser.BeanPropertyWriter.serializeAsField(BeanPropertyWriter.java:693) ~[jackson-databind-2.6.5.jar:2.6.5]
	at com.fasterxml.jackson.databind.ser.std.BeanSerializerBase.serializeFields(BeanSerializerBase.java:675) ~[jackson-databind-2.6.5.jar:2.6.5]
	at com.fasterxml.jackson.databind.ser.BeanSerializer.serialize(BeanSerializer.java:157) ~[jackson-databind-2.6.5.jar:2.6.5]
	at com.fasterxml.jackson.databind.ser.BeanPropertyWriter.serializeAsField(BeanPropertyWriter.java:693) ~[jackson-databind-2.6.5.jar:2.6.5]
	at com.fasterxml.jackson.databind.ser.std.BeanSerializerBase.serializeFields(BeanSerializerBase.java:675) ~[jackson-databind-2.6.5.jar:2.6.5]
	at com.fasterxml.jackson.databind.ser.BeanSerializer.serialize(BeanSerializer.java:157) ~[jackson-databind-2.6.5.jar:2.6.5]
	at com.fasterxml.jackson.databind.ser.std.CollectionSerializer.serializeContents(CollectionSerializer.java:149) ~[jackson-databind-2.6.5.jar:2.6.5]
	at com.fasterxml.jackson.databind.ser.std.CollectionSerializer.serialize(CollectionSerializer.java:111) ~[jackson-databind-2.6.5.jar:2.6.5]
	at com.fasterxml.jackson.databind.ser.std.CollectionSerializer.serialize(CollectionSerializer.java:24) ~[jackson-databind-2.6.5.jar:2.6.5]
	at com.fasterxml.jackson.databind.ser.BeanPropertyWriter.serializeAsField(BeanPropertyWriter.java:693) ~[jackson-databind-2.6.5.jar:2.6.5]
	at com.fasterxml.jackson.databind.ser.std.BeanSerializerBase.serializeFields(BeanSerializerBase.java:675) ~[jackson-databind-2.6.5.jar:2.6.5]
	at com.fasterxml.jackson.databind.ser.BeanSerializer.serialize(BeanSerializer.java:157) ~[jackson-databind-2.6.5.jar:2.6.5]
	at com.fasterxml.jackson.databind.ser.BeanPropertyWriter.serializeAsField(BeanPropertyWriter.java:693) ~[jackson-databind-2.6.5.jar:2.6.5]
	at com.fasterxml.jackson.databind.ser.std.BeanSerializerBase.serializeFields(BeanSerializerBase.java:675) ~[jackson-databind-2.6.5.jar:2.6.5]
	at com.fasterxml.jackson.databind.ser.BeanSerializer.serialize(BeanSerializer.java:157) ~[jackson-databind-2.6.5.jar:2.6.5]
	at com.fasterxml.jackson.databind.ser.std.CollectionSerializer.serializeContents(CollectionSerializer.java:149) ~[jackson-databind-2.6.5.jar:2.6.5]
	at com.fasterxml.jackson.databind.ser.std.CollectionSerializer.serialize(CollectionSerializer.java:111) ~[jackson-databind-2.6.5.jar:2.6.5]
	at com.fasterxml.jackson.databind.ser.std.CollectionSerializer.serialize(CollectionSerializer.java:24) ~[jackson-databind-2.6.5.jar:2.6.5]
	at com.fasterxml.jackson.databind.ser.BeanPropertyWriter.serializeAsField(BeanPropertyWriter.java:693) ~[jackson-databind-2.6.5.jar:2.6.5]
	at com.fasterxml.jackson.databind.ser.std.BeanSerializerBase.serializeFields(BeanSerializerBase.java:675) ~[jackson-databind-2.6.5.jar:2.6.5]
	at com.fasterxml.jackson.databind.ser.BeanSerializer.serialize(BeanSerializer.java:157) ~[jackson-databind-2.6.5.jar:2.6.5]
	at com.fasterxml.jackson.databind.ser.BeanPropertyWriter.serializeAsField(BeanPropertyWriter.java:693) ~[jackson-databind-2.6.5.jar:2.6.5]
	at com.fasterxml.jackson.databind.ser.std.BeanSerializerBase.serializeFields(BeanSerializerBase.java:675) ~[jackson-databind-2.6.5.jar:2.6.5]
	at com.fasterxml.jackson.databind.ser.BeanSerializer.serialize(BeanSerializer.java:157) ~[jackson-databind-2.6.5.jar:2.6.5]
	at com.fasterxml.jackson.databind.ser.std.CollectionSerializer.serializeContents(CollectionSerializer.java:149) ~[jackson-databind-2.6.5.jar:2.6.5]
	at com.fasterxml.jackson.databind.ser.std.CollectionSerializer.serialize(CollectionSerializer.java:111) ~[jackson-databind-2.6.5.jar:2.6.5]
	at com.fasterxml.jackson.databind.ser.std.CollectionSerializer.serialize(CollectionSerializer.java:24) ~[jackson-databind-2.6.5.jar:2.6.5]
	at com.fasterxml.jackson.databind.ser.BeanPropertyWriter.serializeAsField(BeanPropertyWriter.java:693) ~[jackson-databind-2.6.5.jar:2.6.5]
	at com.fasterxml.jackson.databind.ser.std.BeanSerializerBase.serializeFields(BeanSerializerBase.java:675) ~[jackson-databind-2.6.5.jar:2.6.5]
	at com.fasterxml.jackson.databind.ser.BeanSerializer.serialize(BeanSerializer.java:157) ~[jackson-databind-2.6.5.jar:2.6.5]
	at com.fasterxml.jackson.databind.ser.BeanPropertyWriter.serializeAsField(BeanPropertyWriter.java:693) ~[jackson-databind-2.6.5.jar:2.6.5]
	at com.fasterxml.jackson.databind.ser.std.BeanSerializerBase.serializeFields(BeanSerializerBase.java:675) ~[jackson-databind-2.6.5.jar:2.6.5]
	at com.fasterxml.jackson.databind.ser.BeanSerializer.serialize(BeanSerializer.java:157) ~[jackson-databind-2.6.5.jar:2.6.5]
	at com.fasterxml.jackson.databind.ser.std.CollectionSerializer.serializeContents(CollectionSerializer.java:149) ~[jackson-databind-2.6.5.jar:2.6.5]
	at com.fasterxml.jackson.databind.ser.std.CollectionSerializer.serialize(CollectionSerializer.java:111) ~[jackson-databind-2.6.5.jar:2.6.5]
	at com.fasterxml.jackson.databind.ser.std.CollectionSerializer.serialize(CollectionSerializer.java:24) ~[jackson-databind-2.6.5.jar:2.6.5]
	at com.fasterxml.jackson.databind.ser.BeanPropertyWriter.serializeAsField(BeanPropertyWriter.java:693) ~[jackson-databind-2.6.5.jar:2.6.5]
	at com.fasterxml.jackson.databind.ser.std.BeanSerializerBase.serializeFields(BeanSerializerBase.java:675) ~[jackson-databind-2.6.5.jar:2.6.5]
	at com.fasterxml.jackson.databind.ser.BeanSerializer.serialize(BeanSerializer.java:157) ~[jackson-databind-2.6.5.jar:2.6.5]
	at com.fasterxml.jackson.databind.ser.BeanPropertyWriter.serializeAsField(BeanPropertyWriter.java:693) ~[jackson-databind-2.6.5.jar:2.6.5]
	at com.fasterxml.jackson.databind.ser.std.BeanSerializerBase.serializeFields(BeanSerializerBase.java:675) ~[jackson-databind-2.6.5.jar:2.6.5]
	at com.fasterxml.jackson.databind.ser.BeanSerializer.serialize(BeanSerializer.java:157) ~[jackson-databind-2.6.5.jar:2.6.5]
	at com.fasterxml.jackson.databind.ser.std.CollectionSerializer.serializeContents(CollectionSerializer.java:149) ~[jackson-databind-2.6.5.jar:2.6.5]
	at com.fasterxml.jackson.databind.ser.std.CollectionSerializer.serialize(CollectionSerializer.java:111) ~[jackson-databind-2.6.5.jar:2.6.5]
	at com.fasterxml.jackson.databind.ser.std.CollectionSerializer.serialize(CollectionSerializer.java:24) ~[jackson-databind-2.6.5.jar:2.6.5]
	at com.fasterxml.jackson.databind.ser.BeanPropertyWriter.serializeAsField(BeanPropertyWriter.java:693) ~[jackson-databind-2.6.5.jar:2.6.5]
	at com.fasterxml.jackson.databind.ser.std.BeanSerializerBase.serializeFields(BeanSerializerBase.java:675) ~[jackson-databind-2.6.5.jar:2.6.5]
	at com.fasterxml.jackson.databind.ser.BeanSerializer.serialize(BeanSerializer.java:157) ~[jackson-databind-2.6.5.jar:2.6.5]
	at com.fasterxml.jackson.databind.ser.BeanPropertyWriter.serializeAsField(BeanPropertyWriter.java:693) ~[jackson-databind-2.6.5.jar:2.6.5]
	at com.fasterxml.jackson.databind.ser.std.BeanSerializerBase.serializeFields(BeanSerializerBase.java:675) ~[jackson-databind-2.6.5.jar:2.6.5]
	at com.fasterxml.jackson.databind.ser.BeanSerializer.serialize(BeanSerializer.java:157) ~[jackson-databind-2.6.5.jar:2.6.5]
	at com.fasterxml.jackson.databind.ser.std.CollectionSerializer.serializeContents(CollectionSerializer.java:149) ~[jackson-databind-2.6.5.jar:2.6.5]
	at com.fasterxml.jackson.databind.ser.std.CollectionSerializer.serialize(CollectionSerializer.java:111) ~[jackson-databind-2.6.5.jar:2.6.5]
	at com.fasterxml.jackson.databind.ser.std.CollectionSerializer.serialize(CollectionSerializer.java:24) ~[jackson-databind-2.6.5.jar:2.6.5]
	at com.fasterxml.jackson.databind.ser.BeanPropertyWriter.serializeAsField(BeanPropertyWriter.java:693) ~[jackson-databind-2.6.5.jar:2.6.5]
	at com.fasterxml.jackson.databind.ser.std.BeanSerializerBase.serializeFields(BeanSerializerBase.java:675) ~[jackson-databind-2.6.5.jar:2.6.5]
	at com.fasterxml.jackson.databind.ser.BeanSerializer.serialize(BeanSerializer.java:157) ~[jackson-databind-2.6.5.jar:2.6.5]
	at com.fasterxml.jackson.databind.ser.BeanPropertyWriter.serializeAsField(BeanPropertyWriter.java:693) ~[jackson-databind-2.6.5.jar:2.6.5]
	at com.fasterxml.jackson.databind.ser.std.BeanSerializerBase.serializeFields(BeanSerializerBase.java:675) ~[jackson-databind-2.6.5.jar:2.6.5]
	at com.fasterxml.jackson.databind.ser.BeanSerializer.serialize(BeanSerializer.java:157) ~[jackson-databind-2.6.5.jar:2.6.5]
	at com.fasterxml.jackson.databind.ser.std.CollectionSerializer.serializeContents(CollectionSerializer.java:149) ~[jackson-databind-2.6.5.jar:2.6.5]
	at com.fasterxml.jackson.databind.ser.std.CollectionSerializer.serialize(CollectionSerializer.java:111) ~[jackson-databind-2.6.5.jar:2.6.5]
	at com.fasterxml.jackson.databind.ser.std.CollectionSerializer.serialize(CollectionSerializer.java:24) ~[jackson-databind-2.6.5.jar:2.6.5]
	at com.fasterxml.jackson.databind.ser.BeanPropertyWriter.serializeAsField(BeanPropertyWriter.java:693) ~[jackson-databind-2.6.5.jar:2.6.5]
	at com.fasterxml.jackson.databind.ser.std.BeanSerializerBase.serializeFields(BeanSerializerBase.java:675) ~[jackson-databind-2.6.5.jar:2.6.5]
	at com.fasterxml.jackson.databind.ser.BeanSerializer.serialize(BeanSerializer.java:157) ~[jackson-databind-2.6.5.jar:2.6.5]
	at com.fasterxml.jackson.databind.ser.BeanPropertyWriter.serializeAsField(BeanPropertyWriter.java:693) ~[jackson-databind-2.6.5.jar:2.6.5]
	at com.fasterxml.jackson.databind.ser.std.BeanSerializerBase.serializeFields(BeanSerializerBase.java:675) ~[jackson-databind-2.6.5.jar:2.6.5]
	at com.fasterxml.jackson.databind.ser.BeanSerializer.serialize(BeanSerializer.java:157) ~[jackson-databind-2.6.5.jar:2.6.5]
	at com.fasterxml.jackson.databind.ser.std.CollectionSerializer.serializeContents(CollectionSerializer.java:149) ~[jackson-databind-2.6.5.jar:2.6.5]
	at com.fasterxml.jackson.databind.ser.std.CollectionSerializer.serialize(CollectionSerializer.java:111) ~[jackson-databind-2.6.5.jar:2.6.5]

2016-04-28 20:06:38.910 ERROR 67382 --- [o-auto-1-exec-1] o.a.c.c.C.[Tomcat].[localhost]           : Exception Processing ErrorPage[errorCode=0, location=/error]

org.apache.catalina.connector.ClientAbortException: java.io.IOException: Broken pipe
	at org.apache.catalina.connector.OutputBuffer.realWriteBytes(OutputBuffer.java:393) ~[tomcat-embed-core-8.0.32.jar:8.0.32]
	at org.apache.tomcat.util.buf.ByteChunk.flushBuffer(ByteChunk.java:426) ~[tomcat-embed-core-8.0.32.jar:8.0.32]
	at org.apache.tomcat.util.buf.ByteChunk.append(ByteChunk.java:339) ~[tomcat-embed-core-8.0.32.jar:8.0.32]
	at org.apache.catalina.connector.OutputBuffer.writeBytes(OutputBuffer.java:418) ~[tomcat-embed-core-8.0.32.jar:8.0.32]
	at org.apache.catalina.connector.OutputBuffer.write(OutputBuffer.java:406) ~[tomcat-embed-core-8.0.32.jar:8.0.32]
	at org.apache.catalina.connector.CoyoteOutputStream.write(CoyoteOutputStream.java:97) ~[tomcat-embed-core-8.0.32.jar:8.0.32]
	at com.fasterxml.jackson.core.json.UTF8JsonGenerator._flushBuffer(UTF8JsonGenerator.java:2003) ~[jackson-core-2.6.5.jar:2.6.5]
	at com.fasterxml.jackson.core.json.UTF8JsonGenerator._writeStringSegment2(UTF8JsonGenerator.java:1322) ~[jackson-core-2.6.5.jar:2.6.5]
	at com.fasterxml.jackson.core.json.UTF8JsonGenerator._writeStringSegment(UTF8JsonGenerator.java:1269) ~[jackson-core-2.6.5.jar:2.6.5]
	at com.fasterxml.jackson.core.json.UTF8JsonGenerator._writeStringSegments(UTF8JsonGenerator.java:1150) ~[jackson-core-2.6.5.jar:2.6.5]
	at com.fasterxml.jackson.core.json.UTF8JsonGenerator.writeString(UTF8JsonGenerator.java:432) ~[jackson-core-2.6.5.jar:2.6.5]
	at com.fasterxml.jackson.databind.ser.std.StringSerializer.serialize(StringSerializer.java:49) ~[jackson-databind-2.6.5.jar:2.6.5]
	at com.fasterxml.jackson.databind.ser.std.MapSerializer.serializeFields(MapSerializer.java:561) ~[jackson-databind-2.6.5.jar:2.6.5]
	at com.fasterxml.jackson.databind.ser.std.MapSerializer.serialize(MapSerializer.java:469) ~[jackson-databind-2.6.5.jar:2.6.5]
	at com.fasterxml.jackson.databind.ser.std.MapSerializer.serialize(MapSerializer.java:29) ~[jackson-databind-2.6.5.jar:2.6.5]
	at com.fasterxml.jackson.databind.ser.DefaultSerializerProvider.serializeValue(DefaultSerializerProvider.java:253) ~[jackson-databind-2.6.5.jar:2.6.5]
	at com.fasterxml.jackson.databind.ObjectWriter$Prefetch.serialize(ObjectWriter.java:1384) ~[jackson-databind-2.6.5.jar:2.6.5]
	at com.fasterxml.jackson.databind.ObjectWriter.writeValue(ObjectWriter.java:889) ~[jackson-databind-2.6.5.jar:2.6.5]
	at org.springframework.http.converter.json.AbstractJackson2HttpMessageConverter.writeInternal(AbstractJackson2HttpMessageConverter.java:265) ~[spring-web-4.2.5.RELEASE.jar:4.2.5.RELEASE]
	at org.springframework.http.converter.AbstractGenericHttpMessageConverter.write(AbstractGenericHttpMessageConverter.java:100) ~[spring-web-4.2.5.RELEASE.jar:4.2.5.RELEASE]
	at org.springframework.web.servlet.mvc.method.annotation.AbstractMessageConverterMethodProcessor.writeWithMessageConverters(AbstractMessageConverterMethodProcessor.java:222) ~[spring-webmvc-4.2.5.RELEASE.jar:4.2.5.RELEASE]
	at org.springframework.web.servlet.mvc.method.annotation.HttpEntityMethodProcessor.handleReturnValue(HttpEntityMethodProcessor.java:183) ~[spring-webmvc-4.2.5.RELEASE.jar:4.2.5.RELEASE]
	at org.springframework.web.method.support.HandlerMethodReturnValueHandlerComposite.handleReturnValue(HandlerMethodReturnValueHandlerComposite.java:80) ~[spring-web-4.2.5.RELEASE.jar:4.2.5.RELEASE]
	at org.springframework.web.servlet.mvc.method.annotation.ServletInvocableHandlerMethod.invokeAndHandle(ServletInvocableHandlerMethod.java:126) ~[spring-webmvc-4.2.5.RELEASE.jar:4.2.5.RELEASE]
	at org.springframework.web.servlet.mvc.method.annotation.RequestMappingHandlerAdapter.invokeHandlerMethod(RequestMappingHandlerAdapter.java:817) ~[spring-webmvc-4.2.5.RELEASE.jar:4.2.5.RELEASE]
	at org.springframework.web.servlet.mvc.method.annotation.RequestMappingHandlerAdapter.handleInternal(RequestMappingHandlerAdapter.java:731) ~[spring-webmvc-4.2.5.RELEASE.jar:4.2.5.RELEASE]
	at org.springframework.web.servlet.mvc.method.AbstractHandlerMethodAdapter.handle(AbstractHandlerMethodAdapter.java:85) ~[spring-webmvc-4.2.5.RELEASE.jar:4.2.5.RELEASE]
	at org.springframework.web.servlet.DispatcherServlet.doDispatch(DispatcherServlet.java:959) ~[spring-webmvc-4.2.5.RELEASE.jar:4.2.5.RELEASE]
	at org.springframework.web.servlet.DispatcherServlet.doService(DispatcherServlet.java:893) ~[spring-webmvc-4.2.5.RELEASE.jar:4.2.5.RELEASE]
	at org.springframework.web.servlet.FrameworkServlet.processRequest(FrameworkServlet.java:968) ~[spring-webmvc-4.2.5.RELEASE.jar:4.2.5.RELEASE]
	at org.springframework.web.servlet.FrameworkServlet.doGet(FrameworkServlet.java:859) ~[spring-webmvc-4.2.5.RELEASE.jar:4.2.5.RELEASE]
	at javax.servlet.http.HttpServlet.service(HttpServlet.java:622) ~[tomcat-embed-core-8.0.32.jar:8.0.32]
	at org.springframework.web.servlet.FrameworkServlet.service(FrameworkServlet.java:844) ~[spring-webmvc-4.2.5.RELEASE.jar:4.2.5.RELEASE]
	at javax.servlet.http.HttpServlet.service(HttpServlet.java:729) ~[tomcat-embed-core-8.0.32.jar:8.0.32]
	at org.apache.catalina.core.ApplicationFilterChain.internalDoFilter(ApplicationFilterChain.java:292) ~[tomcat-embed-core-8.0.32.jar:8.0.32]
	at org.apache.catalina.core.ApplicationFilterChain.doFilter(ApplicationFilterChain.java:207) ~[tomcat-embed-core-8.0.32.jar:8.0.32]
	at org.springframework.web.filter.RequestContextFilter.doFilterInternal(RequestContextFilter.java:99) ~[spring-web-4.2.5.RELEASE.jar:4.2.5.RELEASE]
	at org.springframework.web.filter.OncePerRequestFilter.doFilter(OncePerRequestFilter.java:107) ~[spring-web-4.2.5.RELEASE.jar:4.2.5.RELEASE]
	at org.apache.catalina.core.ApplicationFilterChain.internalDoFilter(ApplicationFilterChain.java:240) ~[tomcat-embed-core-8.0.32.jar:8.0.32]
	at org.apache.catalina.core.ApplicationFilterChain.doFilter(ApplicationFilterChain.java:207) ~[tomcat-embed-core-8.0.32.jar:8.0.32]
	at org.springframework.web.filter.OncePerRequestFilter.doFilter(OncePerRequestFilter.java:101) ~[spring-web-4.2.5.RELEASE.jar:4.2.5.RELEASE]
	at org.apache.catalina.core.ApplicationFilterChain.internalDoFilter(ApplicationFilterChain.java:240) ~[tomcat-embed-core-8.0.32.jar:8.0.32]
	at org.apache.catalina.core.ApplicationFilterChain.doFilter(ApplicationFilterChain.java:207) ~[tomcat-embed-core-8.0.32.jar:8.0.32]
	at org.springframework.web.filter.OncePerRequestFilter.doFilter(OncePerRequestFilter.java:101) ~[spring-web-4.2.5.RELEASE.jar:4.2.5.RELEASE]
	at org.apache.catalina.core.ApplicationFilterChain.internalDoFilter(ApplicationFilterChain.java:240) ~[tomcat-embed-core-8.0.32.jar:8.0.32]
	at org.apache.catalina.core.ApplicationFilterChain.doFilter(ApplicationFilterChain.java:207) ~[tomcat-embed-core-8.0.32.jar:8.0.32]
	at org.springframework.web.filter.OncePerRequestFilter.doFilter(OncePerRequestFilter.java:101) ~[spring-web-4.2.5.RELEASE.jar:4.2.5.RELEASE]
	at org.apache.catalina.core.ApplicationFilterChain.internalDoFilter(ApplicationFilterChain.java:240) ~[tomcat-embed-core-8.0.32.jar:8.0.32]
	at org.apache.catalina.core.ApplicationFilterChain.doFilter(ApplicationFilterChain.java:207) ~[tomcat-embed-core-8.0.32.jar:8.0.32]
	at org.apache.catalina.core.ApplicationDispatcher.invoke(ApplicationDispatcher.java:720) ~[tomcat-embed-core-8.0.32.jar:8.0.32]
	at org.apache.catalina.core.ApplicationDispatcher.doInclude(ApplicationDispatcher.java:584) ~[tomcat-embed-core-8.0.32.jar:8.0.32]
	at org.apache.catalina.core.ApplicationDispatcher.include(ApplicationDispatcher.java:523) ~[tomcat-embed-core-8.0.32.jar:8.0.32]
	at org.apache.catalina.core.StandardHostValve.custom(StandardHostValve.java:439) [tomcat-embed-core-8.0.32.jar:8.0.32]
	at org.apache.catalina.core.StandardHostValve.status(StandardHostValve.java:304) [tomcat-embed-core-8.0.32.jar:8.0.32]
	at org.apache.catalina.core.StandardHostValve.throwable(StandardHostValve.java:399) [tomcat-embed-core-8.0.32.jar:8.0.32]
	at org.apache.catalina.core.StandardHostValve.invoke(StandardHostValve.java:179) [tomcat-embed-core-8.0.32.jar:8.0.32]
	at org.apache.catalina.valves.ErrorReportValve.invoke(ErrorReportValve.java:79) [tomcat-embed-core-8.0.32.jar:8.0.32]
	at org.apache.catalina.core.StandardEngineValve.invoke(StandardEngineValve.java:88) [tomcat-embed-core-8.0.32.jar:8.0.32]
	at org.apache.catalina.connector.CoyoteAdapter.service(CoyoteAdapter.java:522) [tomcat-embed-core-8.0.32.jar:8.0.32]
	at org.apache.coyote.http11.AbstractHttp11Processor.process(AbstractHttp11Processor.java:1095) [tomcat-embed-core-8.0.32.jar:8.0.32]
	at org.apache.coyote.AbstractProtocol$AbstractConnectionHandler.process(AbstractProtocol.java:672) [tomcat-embed-core-8.0.32.jar:8.0.32]
	at org.apache.tomcat.util.net.NioEndpoint$SocketProcessor.doRun(NioEndpoint.java:1500) [tomcat-embed-core-8.0.32.jar:8.0.32]
	at org.apache.tomcat.util.net.NioEndpoint$SocketProcessor.run(NioEndpoint.java:1456) [tomcat-embed-core-8.0.32.jar:8.0.32]
	at java.util.concurrent.ThreadPoolExecutor.runWorker(ThreadPoolExecutor.java:1142) [na:1.8.0_92]
	at java.util.concurrent.ThreadPoolExecutor$Worker.run(ThreadPoolExecutor.java:617) [na:1.8.0_92]
	at org.apache.tomcat.util.threads.TaskThread$WrappingRunnable.run(TaskThread.java:61) [tomcat-embed-core-8.0.32.jar:8.0.32]
	at java.lang.Thread.run(Thread.java:745) [na:1.8.0_92]
Caused by: java.io.IOException: Broken pipe
	at sun.nio.ch.FileDispatcherImpl.write0(Native Method) ~[na:1.8.0_92]
	at sun.nio.ch.SocketDispatcher.write(SocketDispatcher.java:47) ~[na:1.8.0_92]
	at sun.nio.ch.IOUtil.writeFromNativeBuffer(IOUtil.java:93) ~[na:1.8.0_92]
	at sun.nio.ch.IOUtil.write(IOUtil.java:65) ~[na:1.8.0_92]
	at sun.nio.ch.SocketChannelImpl.write(SocketChannelImpl.java:471) ~[na:1.8.0_92]
	at org.apache.tomcat.util.net.NioChannel.write(NioChannel.java:124) ~[tomcat-embed-core-8.0.32.jar:8.0.32]
	at org.apache.tomcat.util.net.NioBlockingSelector.write(NioBlockingSelector.java:101) ~[tomcat-embed-core-8.0.32.jar:8.0.32]
	at org.apache.tomcat.util.net.NioSelectorPool.write(NioSelectorPool.java:172) ~[tomcat-embed-core-8.0.32.jar:8.0.32]
	at org.apache.coyote.http11.InternalNioOutputBuffer.writeToSocket(InternalNioOutputBuffer.java:139) ~[tomcat-embed-core-8.0.32.jar:8.0.32]
	at org.apache.coyote.http11.InternalNioOutputBuffer.addToBB(InternalNioOutputBuffer.java:197) ~[tomcat-embed-core-8.0.32.jar:8.0.32]
	at org.apache.coyote.http11.InternalNioOutputBuffer.access$000(InternalNioOutputBuffer.java:41) ~[tomcat-embed-core-8.0.32.jar:8.0.32]
	at org.apache.coyote.http11.InternalNioOutputBuffer$SocketOutputBuffer.doWrite(InternalNioOutputBuffer.java:320) ~[tomcat-embed-core-8.0.32.jar:8.0.32]
	at org.apache.coyote.http11.filters.ChunkedOutputFilter.doWrite(ChunkedOutputFilter.java:118) ~[tomcat-embed-core-8.0.32.jar:8.0.32]
	at org.apache.coyote.http11.AbstractOutputBuffer.doWrite(AbstractOutputBuffer.java:256) ~[tomcat-embed-core-8.0.32.jar:8.0.32]
	at org.apache.coyote.Response.doWrite(Response.java:501) ~[tomcat-embed-core-8.0.32.jar:8.0.32]
	at org.apache.catalina.connector.OutputBuffer.realWriteBytes(OutputBuffer.java:388) ~[tomcat-embed-core-8.0.32.jar:8.0.32]
	... 66 common frames omitted

]]></system-out>
  </testcase>
  <testcase name="contextLoads" classname="com.example.BookPubApplicationTests" time="0.005"/>
  <testcase name="webappPublisherApi" classname="com.example.BookPubApplicationTests" time="0.183"/>
</testsuite>